Determining if the include file pthread.h exists failed with the following output:
Change Dir: C:/Project/PlusB-bin/vtk-bin/CMakeFiles/CMakeTmp

Run Build Command(s):C:/Program Files (x86)/Microsoft Visual Studio/2019/Community/MSBuild/Current/Bin/MSBuild.exe cmTC_81ccb.vcxproj /p:Configuration=Debug /p:Platform=x64 /p:VisualStudioVersion=16.0 /v:m && Microsoft (R) Build Engine version 16.7.0+b89cb5fde for .NET Framework
Copyright (C) Microsoft Corporation. All rights reserved.

  Microsoft (R) C/C++ Optimizing Compiler Version 19.00.24245 for x64
  Copyright (C) Microsoft Corporation.  All rights reserved.
  
  cl /c /Zi /W1 /WX- /MP /Od /Ob0 /D WIN32 /D _WINDOWS /D "CMAKE_INTDIR=\"Debug\"" /D _MBCS /Gm- /RTC1 /MDd /GS /fp:precise /Zc:wchar_t /Zc:forScope /Zc:inline /Fo"cmTC_81ccb.dir\Debug\\" /Fd"cmTC_81ccb.dir\Debug\vc140.pdb" /Gd /TC /errorReport:queue "C:\Project\PlusB-bin\vtk-bin\CMakeFiles\CMakeTmp\CheckIncludeFile.c"
  CheckIncludeFile.c
  
C:\Project\PlusB-bin\vtk-bin\CMakeFiles\CMakeTmp\CheckIncludeFile.c(1): fatal error C1083: Cannot open include file: 'pthread.h': No such file or directory [C:\Project\PlusB-bin\vtk-bin\CMakeFiles\CMakeTmp\cmTC_81ccb.vcxproj]



Performing Test VTK_UNDEFINED_SYMBOLS_ALLOWED failed with the following output:
Change Dir: C:/Project/PlusB-bin/vtk-bin/CMakeFiles/CMakeTmp

Run Build Command(s):C:/Program Files (x86)/Microsoft Visual Studio/2019/Community/MSBuild/Current/Bin/MSBuild.exe cmTC_81ccb.vcxproj /p:Configuration=Debug /p:Platform=x64 /p:VisualStudioVersion=16.0 /v:m && Microsoft (R) Build Engine version 16.7.0+b89cb5fde for .NET Framework
Copyright (C) Microsoft Corporation. All rights reserved.

  Microsoft (R) C/C++ Optimizing Compiler Version 19.00.24245 for x64
  Copyright (C) Microsoft Corporation.  All rights reserved.
  
  cl /c /Zi /W1 /WX- /MP /Od /Ob0 /D WIN32 /D _WINDOWS /D "CMAKE_INTDIR=\"Debug\"" /D _MBCS /Gm- /RTC1 /MDd /GS /fp:precise /Zc:wchar_t /Zc:forScope /Zc:inline /Fo"cmTC_81ccb.dir\Debug\\" /Fd"cmTC_81ccb.dir\Debug\vc140.pdb" /Gd /TC /errorReport:queue "C:\Project\PlusB-bin\vtk-bin\CMakeFiles\CMakeTmp\CheckIncludeFile.c"
  CheckIncludeFile.c
  
C:\Project\PlusB-bin\vtk-bin\CMakeFiles\CMakeTmp\CheckIncludeFile.c(1): fatal error C1083: Cannot open include file: 'pthread.h': No such file or directory [C:\Project\PlusB-bin\vtk-bin\CMakeFiles\CMakeTmp\cmTC_81ccb.vcxproj]


Performing C++ SOURCE FILE Test Support for 64 bit file systems failed with the following output:
Change Dir: C:/Project/PlusB-bin/vtk-bin/CMakeFiles/CMakeTmp

Run Build Command(s):C:/Program Files (x86)/Microsoft Visual Studio/2019/Community/MSBuild/Current/Bin/MSBuild.exe cmTC_8e415.vcxproj /p:Configuration=Debug /p:Platform=x64 /p:VisualStudioVersion=16.0 /v:m && Microsoft (R) Build Engine version 16.7.0+b89cb5fde for .NET Framework
Copyright (C) Microsoft Corporation. All rights reserved.

  Microsoft (R) C/C++ Optimizing Compiler Version 19.00.24245 for x64
  Copyright (C) Microsoft Corporation.  All rights reserved.
  
  cl /c /Zi /W4 /WX- /MP /Od /Ob0 /D WIN32 /D _WINDOWS /D CMAKE_REQUIRE_LARGE_FILE_SUPPORT /D "CMAKE_INTDIR=\"Debug\"" /D _MBCS /Gm- /EHsc /RTC1 /MDd /GS /fp:precise /Zc:wchar_t /Zc:forScope /Zc:inline /GR /Fo"cmTC_8e415.dir\Debug\\" /Fd"cmTC_8e415.dir\Debug\vc140.pdb" /Gd /TP /errorReport:queue "C:\Project\PlusB-bin\vtk-bin\CMakeFiles\CMakeTmp\src.cxx"
  src.cxx
  
C:\Project\PlusB-bin\vtk-bin\CMakeFiles\CMakeTmp\src.cxx(13): warning C4293: '<<': shift count negative or too big, undefined behavior [C:\Project\PlusB-bin\vtk-bin\CMakeFiles\CMakeTmp\cmTC_8e415.vcxproj]
C:\Project\PlusB-bin\vtk-bin\CMakeFiles\CMakeTmp\src.cxx(13): warning C4127: conditional expression is constant [C:\Project\PlusB-bin\vtk-bin\CMakeFiles\CMakeTmp\cmTC_8e415.vcxproj]
C:\Project\PlusB-bin\vtk-bin\CMakeFiles\CMakeTmp\src.cxx(19): error C3861: 'S_ISREG': identifier not found [C:\Project\PlusB-bin\vtk-bin\CMakeFiles\CMakeTmp\cmTC_8e415.vcxproj]
C:\Project\PlusB-bin\vtk-bin\CMakeFiles\CMakeTmp\src.cxx(23): error C3861: 'ftello': identifier not found [C:\Project\PlusB-bin\vtk-bin\CMakeFiles\CMakeTmp\cmTC_8e415.vcxproj]
C:\Project\PlusB-bin\vtk-bin\CMakeFiles\CMakeTmp\src.cxx(22): warning C4996: 'fopen': This function or variable may be unsafe. Consider using fopen_s instead. To disable deprecation, use _CRT_SECURE_NO_WARNINGS. See online help for details. [C:\Project\PlusB-bin\vtk-bin\CMakeFiles\CMakeTmp\cmTC_8e415.vcxproj]
  C:\Program Files (x86)\Windows Kits\10\Include\10.0.18362.0\ucrt\stdio.h(208): note: see declaration of 'fopen'


Source file was:
#define _LARGEFILE_SOURCE
#define _LARGE_FILES
#define _FILE_OFFSET_BITS 64
#include <sys/types.h>
#include <sys/stat.h>
#include <cassert>
#include <cstdio>

int main( int, char **argv )
{
  // check that off_t can hold 2^63 - 1 and perform basic operations...
#define OFF_T_64 (((off_t) 1 << 62) - 1 + ((off_t) 1 << 62))
  if (OFF_T_64 % 2147483647 != 1)
    return 1;

  // stat breaks on SCO OpenServer
  struct stat buf;
  stat( argv[0], &buf );
  if (!S_ISREG(buf.st_mode))
    return 2;

  FILE *file = fopen( argv[0], "r" );
  off_t offset = ftello( file );
  fseek( file, offset, SEEK_CUR );
  fclose( file );
  return 0;
}

Checking for Large File Support failed to compile with the following output:
Change Dir: C:/Project/PlusB-bin/vtk-bin/Utilities/KWSys/vtksys/CMakeFiles/CMakeTmp

Run Build Command(s):C:/Program Files (x86)/Microsoft Visual Studio/2019/Community/MSBuild/Current/Bin/MSBuild.exe cmTC_f11d7.vcxproj /p:Configuration=Debug /p:Platform=x64 /p:VisualStudioVersion=16.0 /v:m && Microsoft (R) Build Engine version 16.7.0+b89cb5fde for .NET Framework
Copyright (C) Microsoft Corporation. All rights reserved.

  Microsoft (R) C/C++ Optimizing Compiler Version 19.00.24245 for x64
  Copyright (C) Microsoft Corporation.  All rights reserved.
  
  cl /c /Zi /W4 /WX- /MP /Od /Ob0 /D WIN32 /D _WINDOWS /D TEST_KWSYS_LFS_WORKS /D KWSYS_CXX_HAS_CSTDIO=1 /D "CMAKE_INTDIR=\"Debug\"" /D _MBCS /Gm- /EHsc /RTC1 /MDd /GS /fp:precise /Zc:wchar_t /Zc:forScope /Zc:inline /GR /Fo"cmTC_f11d7.dir\Debug\\" /Fd"cmTC_f11d7.dir\Debug\vc140.pdb" /Gd /TP /errorReport:queue "C:\Project\PlusB-bin\vtk\Utilities\KWSys\vtksys\kwsysPlatformTestsCXX.cxx"
  kwsysPlatformTestsCXX.cxx
  
C:\Project\PlusB-bin\vtk\Utilities\KWSys\vtksys\kwsysPlatformTestsCXX.cxx(158): warning C4293: '<<': shift count negative or too big, undefined behavior [C:\Project\PlusB-bin\vtk-bin\Utilities\KWSys\vtksys\CMakeFiles\CMakeTmp\cmTC_f11d7.vcxproj]
C:\Project\PlusB-bin\vtk\Utilities\KWSys\vtksys\kwsysPlatformTestsCXX.cxx(158): warning C4127: conditional expression is constant [C:\Project\PlusB-bin\vtk-bin\Utilities\KWSys\vtksys\CMakeFiles\CMakeTmp\cmTC_f11d7.vcxproj]
C:\Project\PlusB-bin\vtk\Utilities\KWSys\vtksys\kwsysPlatformTestsCXX.cxx(164): error C3861: 'S_ISREG': identifier not found [C:\Project\PlusB-bin\vtk-bin\Utilities\KWSys\vtksys\CMakeFiles\CMakeTmp\cmTC_f11d7.vcxproj]
C:\Project\PlusB-bin\vtk\Utilities\KWSys\vtksys\kwsysPlatformTestsCXX.cxx(168): error C3861: 'ftello': identifier not found [C:\Project\PlusB-bin\vtk-bin\Utilities\KWSys\vtksys\CMakeFiles\CMakeTmp\cmTC_f11d7.vcxproj]
C:\Project\PlusB-bin\vtk\Utilities\KWSys\vtksys\kwsysPlatformTestsCXX.cxx(167): warning C4996: 'fopen': This function or variable may be unsafe. Consider using fopen_s instead. To disable deprecation, use _CRT_SECURE_NO_WARNINGS. See online help for details. [C:\Project\PlusB-bin\vtk-bin\Utilities\KWSys\vtksys\CMakeFiles\CMakeTmp\cmTC_f11d7.vcxproj]
  C:\Program Files (x86)\Windows Kits\10\Include\10.0.18362.0\ucrt\stdio.h(208): note: see declaration of 'fopen'



Checking whether long and __int64 are the same type failed to compile with the following output:
Change Dir: C:/Project/PlusB-bin/vtk-bin/Utilities/KWSys/vtksys/CMakeFiles/CMakeTmp

Run Build Command(s):C:/Program Files (x86)/Microsoft Visual Studio/2019/Community/MSBuild/Current/Bin/MSBuild.exe cmTC_7155c.vcxproj /p:Configuration=Debug /p:Platform=x64 /p:VisualStudioVersion=16.0 /v:m && Microsoft (R) Build Engine version 16.7.0+b89cb5fde for .NET Framework
Copyright (C) Microsoft Corporation. All rights reserved.

  Microsoft (R) C/C++ Optimizing Compiler Version 19.00.24245 for x64
  Copyright (C) Microsoft Corporation.  All rights reserved.
  
  cl /c /Zi /W4 /WX- /MP /Od /Ob0 /D WIN32 /D _WINDOWS /D TEST_KWSYS_CXX_SAME_LONG_AND___INT64 /D "CMAKE_INTDIR=\"Debug\"" /D _MBCS /Gm- /EHsc /RTC1 /MDd /GS /fp:precise /Zc:wchar_t /Zc:forScope /Zc:inline /GR /Fo"cmTC_7155c.dir\Debug\\" /Fd"cmTC_7155c.dir\Debug\vc140.pdb" /Gd /TP /errorReport:queue "C:\Project\PlusB-bin\vtk\Utilities\KWSys\vtksys\kwsysPlatformTestsCXX.cxx"
  kwsysPlatformTestsCXX.cxx
  
C:\Project\PlusB-bin\vtk\Utilities\KWSys\vtksys\kwsysPlatformTestsCXX.cxx(70): error C2664: 'void function(long **)': cannot convert argument 1 from '__int64 **' to 'long **' [C:\Project\PlusB-bin\vtk-bin\Utilities\KWSys\vtksys\CMakeFiles\CMakeTmp\cmTC_7155c.vcxproj]
  C:\Project\PlusB-bin\vtk\Utilities\KWSys\vtksys\kwsysPlatformTestsCXX.cxx(70): note: Types pointed to are unrelated; conversion requires reinterpret_cast, C-style cast or function-style cast



Checking whether C compiler has ssize_t in unistd.h failed to compile with the following output:
Change Dir: C:/Project/PlusB-bin/vtk-bin/Utilities/KWSys/vtksys/CMakeFiles/CMakeTmp

Run Build Command(s):C:/Program Files (x86)/Microsoft Visual Studio/2019/Community/MSBuild/Current/Bin/MSBuild.exe cmTC_970a9.vcxproj /p:Configuration=Debug /p:Platform=x64 /p:VisualStudioVersion=16.0 /v:m && Microsoft (R) Build Engine version 16.7.0+b89cb5fde for .NET Framework
Copyright (C) Microsoft Corporation. All rights reserved.

  Microsoft (R) C/C++ Optimizing Compiler Version 19.00.24245 for x64
  Copyright (C) Microsoft Corporation.  All rights reserved.
  
  cl /c /Zi /W1 /WX- /MP /Od /Ob0 /D WIN32 /D _WINDOWS /D TEST_KWSYS_C_HAS_SSIZE_T /D "CMAKE_INTDIR=\"Debug\"" /D _MBCS /Gm- /RTC1 /MDd /GS /fp:precise /Zc:wchar_t /Zc:forScope /Zc:inline /Fo"cmTC_970a9.dir\Debug\\" /Fd"cmTC_970a9.dir\Debug\vc140.pdb" /Gd /TC /errorReport:queue "C:\Project\PlusB-bin\vtk\Utilities\KWSys\vtksys\kwsysPlatformTestsC.c"
  kwsysPlatformTestsC.c
  
C:\Project\PlusB-bin\vtk\Utilities\KWSys\vtksys\kwsysPlatformTestsC.c(46): fatal error C1083: Cannot open include file: 'unistd.h': No such file or directory [C:\Project\PlusB-bin\vtk-bin\Utilities\KWSys\vtksys\CMakeFiles\CMakeTmp\cmTC_970a9.vcxproj]



Checking whether C compiler has clock_gettime failed to compile with the following output:
Change Dir: C:/Project/PlusB-bin/vtk-bin/Utilities/KWSys/vtksys/CMakeFiles/CMakeTmp

Run Build Command(s):C:/Program Files (x86)/Microsoft Visual Studio/2019/Community/MSBuild/Current/Bin/MSBuild.exe cmTC_4ae54.vcxproj /p:Configuration=Debug /p:Platform=x64 /p:VisualStudioVersion=16.0 /v:m && Microsoft (R) Build Engine version 16.7.0+b89cb5fde for .NET Framework
Copyright (C) Microsoft Corporation. All rights reserved.

  Microsoft (R) C/C++ Optimizing Compiler Version 19.00.24245 for x64
  Copyright (C) Microsoft Corporation.  All rights reserved.
  
  cl /c /Zi /W1 /WX- /MP /Od /Ob0 /D WIN32 /D _WINDOWS /D TEST_KWSYS_C_HAS_CLOCK_GETTIME_MONOTONIC /D "CMAKE_INTDIR=\"Debug\"" /D _MBCS /Gm- /RTC1 /MDd /GS /fp:precise /Zc:wchar_t /Zc:forScope /Zc:inline /Fo"cmTC_4ae54.dir\Debug\\" /Fd"cmTC_4ae54.dir\Debug\vc140.pdb" /Gd /TC /errorReport:queue "C:\Project\PlusB-bin\vtk\Utilities\KWSys\vtksys\kwsysPlatformTestsC.c"
  kwsysPlatformTestsC.c
  
C:\Project\PlusB-bin\vtk\Utilities\KWSys\vtksys\kwsysPlatformTestsC.c(69): error C2065: 'CLOCK_MONOTONIC': undeclared identifier [C:\Project\PlusB-bin\vtk-bin\Utilities\KWSys\vtksys\CMakeFiles\CMakeTmp\cmTC_4ae54.vcxproj]



Checking whether CXX compiler has setenv failed to compile with the following output:
Change Dir: C:/Project/PlusB-bin/vtk-bin/Utilities/KWSys/vtksys/CMakeFiles/CMakeTmp

Run Build Command(s):C:/Program Files (x86)/Microsoft Visual Studio/2019/Community/MSBuild/Current/Bin/MSBuild.exe cmTC_d8e46.vcxproj /p:Configuration=Debug /p:Platform=x64 /p:VisualStudioVersion=16.0 /v:m && Microsoft (R) Build Engine version 16.7.0+b89cb5fde for .NET Framework
Copyright (C) Microsoft Corporation. All rights reserved.

  Microsoft (R) C/C++ Optimizing Compiler Version 19.00.24245 for x64
  Copyright (C) Microsoft Corporation.  All rights reserved.
  
  cl /c /Zi /W4 /WX- /MP /Od /Ob0 /D WIN32 /D _WINDOWS /D TEST_KWSYS_CXX_HAS_SETENV /D "CMAKE_INTDIR=\"Debug\"" /D _MBCS /Gm- /EHsc /RTC1 /MDd /GS /fp:precise /Zc:wchar_t /Zc:forScope /Zc:inline /GR /Fo"cmTC_d8e46.dir\Debug\\" /Fd"cmTC_d8e46.dir\Debug\vc140.pdb" /Gd /TP /errorReport:queue "C:\Project\PlusB-bin\vtk\Utilities\KWSys\vtksys\kwsysPlatformTestsCXX.cxx"
  kwsysPlatformTestsCXX.cxx
  
C:\Project\PlusB-bin\vtk\Utilities\KWSys\vtksys\kwsysPlatformTestsCXX.cxx(179): error C3861: 'setenv': identifier not found [C:\Project\PlusB-bin\vtk-bin\Utilities\KWSys\vtksys\CMakeFiles\CMakeTmp\cmTC_d8e46.vcxproj]



Checking whether CXX compiler has unsetenv failed to compile with the following output:
Change Dir: C:/Project/PlusB-bin/vtk-bin/Utilities/KWSys/vtksys/CMakeFiles/CMakeTmp

Run Build Command(s):C:/Program Files (x86)/Microsoft Visual Studio/2019/Community/MSBuild/Current/Bin/MSBuild.exe cmTC_32b7e.vcxproj /p:Configuration=Debug /p:Platform=x64 /p:VisualStudioVersion=16.0 /v:m && Microsoft (R) Build Engine version 16.7.0+b89cb5fde for .NET Framework
Copyright (C) Microsoft Corporation. All rights reserved.

  Microsoft (R) C/C++ Optimizing Compiler Version 19.00.24245 for x64
  Copyright (C) Microsoft Corporation.  All rights reserved.
  
  cl /c /Zi /W4 /WX- /MP /Od /Ob0 /D WIN32 /D _WINDOWS /D TEST_KWSYS_CXX_HAS_UNSETENV /D "CMAKE_INTDIR=\"Debug\"" /D _MBCS /Gm- /EHsc /RTC1 /MDd /GS /fp:precise /Zc:wchar_t /Zc:forScope /Zc:inline /GR /Fo"cmTC_32b7e.dir\Debug\\" /Fd"cmTC_32b7e.dir\Debug\vc140.pdb" /Gd /TP /errorReport:queue "C:\Project\PlusB-bin\vtk\Utilities\KWSys\vtksys\kwsysPlatformTestsCXX.cxx"
  kwsysPlatformTestsCXX.cxx
  
C:\Project\PlusB-bin\vtk\Utilities\KWSys\vtksys\kwsysPlatformTestsCXX.cxx(187): error C3861: 'unsetenv': identifier not found [C:\Project\PlusB-bin\vtk-bin\Utilities\KWSys\vtksys\CMakeFiles\CMakeTmp\cmTC_32b7e.vcxproj]



Checking whether CXX compiler has utimes failed to compile with the following output:
Change Dir: C:/Project/PlusB-bin/vtk-bin/Utilities/KWSys/vtksys/CMakeFiles/CMakeTmp

Run Build Command(s):C:/Program Files (x86)/Microsoft Visual Studio/2019/Community/MSBuild/Current/Bin/MSBuild.exe cmTC_d7cb6.vcxproj /p:Configuration=Debug /p:Platform=x64 /p:VisualStudioVersion=16.0 /v:m && Microsoft (R) Build Engine version 16.7.0+b89cb5fde for .NET Framework
Copyright (C) Microsoft Corporation. All rights reserved.

  Microsoft (R) C/C++ Optimizing Compiler Version 19.00.24245 for x64
  Copyright (C) Microsoft Corporation.  All rights reserved.
  
  cl /c /Zi /W4 /WX- /MP /Od /Ob0 /D WIN32 /D _WINDOWS /D TEST_KWSYS_CXX_HAS_UTIMES /D "CMAKE_INTDIR=\"Debug\"" /D _MBCS /Gm- /EHsc /RTC1 /MDd /GS /fp:precise /Zc:wchar_t /Zc:forScope /Zc:inline /GR /Fo"cmTC_d7cb6.dir\Debug\\" /Fd"cmTC_d7cb6.dir\Debug\vc140.pdb" /Gd /TP /errorReport:queue "C:\Project\PlusB-bin\vtk\Utilities\KWSys\vtksys\kwsysPlatformTestsCXX.cxx"
  kwsysPlatformTestsCXX.cxx
  
C:\Project\PlusB-bin\vtk\Utilities\KWSys\vtksys\kwsysPlatformTestsCXX.cxx(257): fatal error C1083: Cannot open include file: 'sys/time.h': No such file or directory [C:\Project\PlusB-bin\vtk-bin\Utilities\KWSys\vtksys\CMakeFiles\CMakeTmp\cmTC_d7cb6.vcxproj]



Checking whether CXX compiler has utimensat failed to compile with the following output:
Change Dir: C:/Project/PlusB-bin/vtk-bin/Utilities/KWSys/vtksys/CMakeFiles/CMakeTmp

Run Build Command(s):C:/Program Files (x86)/Microsoft Visual Studio/2019/Community/MSBuild/Current/Bin/MSBuild.exe cmTC_c1608.vcxproj /p:Configuration=Debug /p:Platform=x64 /p:VisualStudioVersion=16.0 /v:m && Microsoft (R) Build Engine version 16.7.0+b89cb5fde for .NET Framework
Copyright (C) Microsoft Corporation. All rights reserved.

  Microsoft (R) C/C++ Optimizing Compiler Version 19.00.24245 for x64
  Copyright (C) Microsoft Corporation.  All rights reserved.
  
  cl /c /Zi /W4 /WX- /MP /Od /Ob0 /D WIN32 /D _WINDOWS /D TEST_KWSYS_CXX_HAS_UTIMENSAT /D "CMAKE_INTDIR=\"Debug\"" /D _MBCS /Gm- /EHsc /RTC1 /MDd /GS /fp:precise /Zc:wchar_t /Zc:forScope /Zc:inline /GR /Fo"cmTC_c1608.dir\Debug\\" /Fd"cmTC_c1608.dir\Debug\vc140.pdb" /Gd /TP /errorReport:queue "C:\Project\PlusB-bin\vtk\Utilities\KWSys\vtksys\kwsysPlatformTestsCXX.cxx"
  kwsysPlatformTestsCXX.cxx
  
C:\Project\PlusB-bin\vtk\Utilities\KWSys\vtksys\kwsysPlatformTestsCXX.cxx(276): error C2065: 'UTIME_OMIT': undeclared identifier [C:\Project\PlusB-bin\vtk-bin\Utilities\KWSys\vtksys\CMakeFiles\CMakeTmp\cmTC_c1608.vcxproj]
C:\Project\PlusB-bin\vtk\Utilities\KWSys\vtksys\kwsysPlatformTestsCXX.cxx(276): error C2065: 'UTIME_NOW': undeclared identifier [C:\Project\PlusB-bin\vtk-bin\Utilities\KWSys\vtksys\CMakeFiles\CMakeTmp\cmTC_c1608.vcxproj]
C:\Project\PlusB-bin\vtk\Utilities\KWSys\vtksys\kwsysPlatformTestsCXX.cxx(276): error C2079: 'times' uses undefined struct 'times' [C:\Project\PlusB-bin\vtk-bin\Utilities\KWSys\vtksys\CMakeFiles\CMakeTmp\cmTC_c1608.vcxproj]
C:\Project\PlusB-bin\vtk\Utilities\KWSys\vtksys\kwsysPlatformTestsCXX.cxx(276): error C2078: too many initializers [C:\Project\PlusB-bin\vtk-bin\Utilities\KWSys\vtksys\CMakeFiles\CMakeTmp\cmTC_c1608.vcxproj]
C:\Project\PlusB-bin\vtk\Utilities\KWSys\vtksys\kwsysPlatformTestsCXX.cxx(277): error C2065: 'AT_FDCWD': undeclared identifier [C:\Project\PlusB-bin\vtk-bin\Utilities\KWSys\vtksys\CMakeFiles\CMakeTmp\cmTC_c1608.vcxproj]
C:\Project\PlusB-bin\vtk\Utilities\KWSys\vtksys\kwsysPlatformTestsCXX.cxx(277): error C2065: 'AT_SYMLINK_NOFOLLOW': undeclared identifier [C:\Project\PlusB-bin\vtk-bin\Utilities\KWSys\vtksys\CMakeFiles\CMakeTmp\cmTC_c1608.vcxproj]
C:\Project\PlusB-bin\vtk\Utilities\KWSys\vtksys\kwsysPlatformTestsCXX.cxx(277): error C3861: 'utimensat': identifier not found [C:\Project\PlusB-bin\vtk-bin\Utilities\KWSys\vtksys\CMakeFiles\CMakeTmp\cmTC_c1608.vcxproj]



Checking whether CXX compiler struct stat has st_mtim member failed to compile with the following output:
Change Dir: C:/Project/PlusB-bin/vtk-bin/Utilities/KWSys/vtksys/CMakeFiles/CMakeTmp

Run Build Command(s):C:/Program Files (x86)/Microsoft Visual Studio/2019/Community/MSBuild/Current/Bin/MSBuild.exe cmTC_8d739.vcxproj /p:Configuration=Debug /p:Platform=x64 /p:VisualStudioVersion=16.0 /v:m && Microsoft (R) Build Engine version 16.7.0+b89cb5fde for .NET Framework
Copyright (C) Microsoft Corporation. All rights reserved.

  Microsoft (R) C/C++ Optimizing Compiler Version 19.00.24245 for x64
  Copyright (C) Microsoft Corporation.  All rights reserved.
  
  cl /c /Zi /W4 /WX- /MP /Od /Ob0 /D WIN32 /D _WINDOWS /D TEST_KWSYS_CXX_STAT_HAS_ST_MTIM /D "CMAKE_INTDIR=\"Debug\"" /D _MBCS /Gm- /EHsc /RTC1 /MDd /GS /fp:precise /Zc:wchar_t /Zc:forScope /Zc:inline /GR /Fo"cmTC_8d739.dir\Debug\\" /Fd"cmTC_8d739.dir\Debug\vc140.pdb" /Gd /TP /errorReport:queue "C:\Project\PlusB-bin\vtk\Utilities\KWSys\vtksys\kwsysPlatformTestsCXX.cxx"
  kwsysPlatformTestsCXX.cxx
  
C:\Project\PlusB-bin\vtk\Utilities\KWSys\vtksys\kwsysPlatformTestsCXX.cxx(39): fatal error C1083: Cannot open include file: 'unistd.h': No such file or directory [C:\Project\PlusB-bin\vtk-bin\Utilities\KWSys\vtksys\CMakeFiles\CMakeTmp\cmTC_8d739.vcxproj]



Checking whether CXX compiler struct stat has st_mtimespec member failed to compile with the following output:
Change Dir: C:/Project/PlusB-bin/vtk-bin/Utilities/KWSys/vtksys/CMakeFiles/CMakeTmp

Run Build Command(s):C:/Program Files (x86)/Microsoft Visual Studio/2019/Community/MSBuild/Current/Bin/MSBuild.exe cmTC_f6537.vcxproj /p:Configuration=Debug /p:Platform=x64 /p:VisualStudioVersion=16.0 /v:m && Microsoft (R) Build Engine version 16.7.0+b89cb5fde for .NET Framework
Copyright (C) Microsoft Corporation. All rights reserved.

  Microsoft (R) C/C++ Optimizing Compiler Version 19.00.24245 for x64
  Copyright (C) Microsoft Corporation.  All rights reserved.
  
  cl /c /Zi /W4 /WX- /MP /Od /Ob0 /D WIN32 /D _WINDOWS /D TEST_KWSYS_CXX_STAT_HAS_ST_MTIMESPEC /D "CMAKE_INTDIR=\"Debug\"" /D _MBCS /Gm- /EHsc /RTC1 /MDd /GS /fp:precise /Zc:wchar_t /Zc:forScope /Zc:inline /GR /Fo"cmTC_f6537.dir\Debug\\" /Fd"cmTC_f6537.dir\Debug\vc140.pdb" /Gd /TP /errorReport:queue "C:\Project\PlusB-bin\vtk\Utilities\KWSys\vtksys\kwsysPlatformTestsCXX.cxx"
  kwsysPlatformTestsCXX.cxx
  
C:\Project\PlusB-bin\vtk\Utilities\KWSys\vtksys\kwsysPlatformTestsCXX.cxx(53): fatal error C1083: Cannot open include file: 'unistd.h': No such file or directory [C:\Project\PlusB-bin\vtk-bin\Utilities\KWSys\vtksys\CMakeFiles\CMakeTmp\cmTC_f6537.vcxproj]



Determining if files sys/types.h;ifaddrs.h exist failed with the following output:
Change Dir: C:/Project/PlusB-bin/vtk-bin/CMakeFiles/CMakeTmp

Run Build Command(s):C:/Program Files (x86)/Microsoft Visual Studio/2019/Community/MSBuild/Current/Bin/MSBuild.exe cmTC_5b0d5.vcxproj /p:Configuration=Debug /p:Platform=x64 /p:VisualStudioVersion=16.0 /v:m && Microsoft (R) Build Engine version 16.7.0+b89cb5fde for .NET Framework
Copyright (C) Microsoft Corporation. All rights reserved.

  Microsoft (R) C/C++ Optimizing Compiler Version 19.00.24245 for x64
  Copyright (C) Microsoft Corporation.  All rights reserved.
  
  cl /c /Zi /W1 /WX- /MP /Od /Ob0 /D WIN32 /D _WINDOWS /D "CMAKE_INTDIR=\"Debug\"" /D _MBCS /Gm- /RTC1 /MDd /GS /fp:precise /Zc:wchar_t /Zc:forScope /Zc:inline /Fo"cmTC_5b0d5.dir\Debug\\" /Fd"cmTC_5b0d5.dir\Debug\vc140.pdb" /Gd /TC /errorReport:queue "C:\Project\PlusB-bin\vtk-bin\CMakeFiles\CheckIncludeFiles\KWSYS_SYS_HAS_IFADDRS_H.c"
  KWSYS_SYS_HAS_IFADDRS_H.c
  
C:\Project\PlusB-bin\vtk-bin\CMakeFiles\CheckIncludeFiles\KWSYS_SYS_HAS_IFADDRS_H.c(3): fatal error C1083: Cannot open include file: 'ifaddrs.h': No such file or directory [C:\Project\PlusB-bin\vtk-bin\CMakeFiles\CMakeTmp\cmTC_5b0d5.vcxproj]


Source:
/* */
#include <sys/types.h>
#include <ifaddrs.h>


int main(void){return 0;}

Checking whether CXX compiler has rlimit64 failed to compile with the following output:
Change Dir: C:/Project/PlusB-bin/vtk-bin/Utilities/KWSys/vtksys/CMakeFiles/CMakeTmp

Run Build Command(s):C:/Program Files (x86)/Microsoft Visual Studio/2019/Community/MSBuild/Current/Bin/MSBuild.exe cmTC_34c22.vcxproj /p:Configuration=Debug /p:Platform=x64 /p:VisualStudioVersion=16.0 /v:m && Microsoft (R) Build Engine version 16.7.0+b89cb5fde for .NET Framework
Copyright (C) Microsoft Corporation. All rights reserved.

  Microsoft (R) C/C++ Optimizing Compiler Version 19.00.24245 for x64
  Copyright (C) Microsoft Corporation.  All rights reserved.
  
  cl /c /Zi /W4 /WX- /MP /Od /Ob0 /D WIN32 /D _WINDOWS /D TEST_KWSYS_CXX_HAS_RLIMIT64 /D "CMAKE_INTDIR=\"Debug\"" /D _MBCS /Gm- /EHsc /RTC1 /MDd /GS /fp:precise /Zc:wchar_t /Zc:forScope /Zc:inline /GR /Fo"cmTC_34c22.dir\Debug\\" /Fd"cmTC_34c22.dir\Debug\vc140.pdb" /Gd /TP /errorReport:queue "C:\Project\PlusB-bin\vtk\Utilities\KWSys\vtksys\kwsysPlatformTestsCXX.cxx"
  kwsysPlatformTestsCXX.cxx
  
C:\Project\PlusB-bin\vtk\Utilities\KWSys\vtksys\kwsysPlatformTestsCXX.cxx(221): fatal error C1083: Cannot open include file: 'sys/resource.h': No such file or directory [C:\Project\PlusB-bin\vtk-bin\Utilities\KWSys\vtksys\CMakeFiles\CMakeTmp\cmTC_34c22.vcxproj]



Checking whether <ext/stdio_filebuf.h> is available failed to compile with the following output:
Change Dir: C:/Project/PlusB-bin/vtk-bin/Utilities/KWSys/vtksys/CMakeFiles/CMakeTmp

Run Build Command(s):C:/Program Files (x86)/Microsoft Visual Studio/2019/Community/MSBuild/Current/Bin/MSBuild.exe cmTC_b3b73.vcxproj /p:Configuration=Debug /p:Platform=x64 /p:VisualStudioVersion=16.0 /v:m && Microsoft (R) Build Engine version 16.7.0+b89cb5fde for .NET Framework
Copyright (C) Microsoft Corporation. All rights reserved.

  Microsoft (R) C/C++ Optimizing Compiler Version 19.00.24245 for x64
  Copyright (C) Microsoft Corporation.  All rights reserved.
  
  cl /c /Zi /W4 /WX- /MP /Od /Ob0 /D WIN32 /D _WINDOWS /D TEST_KWSYS_CXX_HAS_EXT_STDIO_FILEBUF_H /D "CMAKE_INTDIR=\"Debug\"" /D _MBCS /Gm- /EHsc /RTC1 /MDd /GS /fp:precise /Zc:wchar_t /Zc:forScope /Zc:inline /GR /Fo"cmTC_b3b73.dir\Debug\\" /Fd"cmTC_b3b73.dir\Debug\vc140.pdb" /Gd /TP /errorReport:queue "C:\Project\PlusB-bin\vtk\Utilities\KWSys\vtksys\kwsysPlatformTestsCXX.cxx"
  kwsysPlatformTestsCXX.cxx
  
C:\Project\PlusB-bin\vtk\Utilities\KWSys\vtksys\kwsysPlatformTestsCXX.cxx(372): fatal error C1083: Cannot open include file: 'ext/stdio_filebuf.h': No such file or directory [C:\Project\PlusB-bin\vtk-bin\Utilities\KWSys\vtksys\CMakeFiles\CMakeTmp\cmTC_b3b73.vcxproj]



Determining if the finite exist failed with the following output:
Change Dir: C:/Project/PlusB-bin/vtk-bin/CMakeFiles/CMakeTmp

Run Build Command(s):C:/Program Files (x86)/Microsoft Visual Studio/2019/Community/MSBuild/Current/Bin/MSBuild.exe cmTC_522f7.vcxproj /p:Configuration=Debug /p:Platform=x64 /p:VisualStudioVersion=16.0 /v:m && Microsoft (R) Build Engine version 16.7.0+b89cb5fde for .NET Framework
Copyright (C) Microsoft Corporation. All rights reserved.

  Microsoft (R) C/C++ Optimizing Compiler Version 19.00.24245 for x64
  Copyright (C) Microsoft Corporation.  All rights reserved.
  
  cl /c /Zi /W1 /WX- /MP /Od /Ob0 /D WIN32 /D _WINDOWS /D "CMAKE_INTDIR=\"Debug\"" /D _MBCS /Gm- /RTC1 /MDd /GS /fp:precise /Zc:wchar_t /Zc:forScope /Zc:inline /Fo"cmTC_522f7.dir\Debug\\" /Fd"cmTC_522f7.dir\Debug\vc140.pdb" /Gd /TC /errorReport:queue "C:\Project\PlusB-bin\vtk-bin\CMakeFiles\CMakeTmp\CheckSymbolExists.c"
  CheckSymbolExists.c
  
C:\Project\PlusB-bin\vtk-bin\CMakeFiles\CMakeTmp\CheckSymbolExists.c(8): error C2065: 'finite': undeclared identifier [C:\Project\PlusB-bin\vtk-bin\CMakeFiles\CMakeTmp\cmTC_522f7.vcxproj]


File C:/Project/PlusB-bin/vtk-bin/CMakeFiles/CMakeTmp/CheckSymbolExists.c:
/* */
#include <math.h>

int main(int argc, char** argv)
{
  (void)argv;
#ifndef finite
  return ((int*)(&finite))[argc];
#else
  (void)argc;
  return 0;
#endif
}
Determining if the feenableexcept exist failed with the following output:
Change Dir: C:/Project/PlusB-bin/vtk-bin/CMakeFiles/CMakeTmp

Run Build Command(s):C:/Program Files (x86)/Microsoft Visual Studio/2019/Community/MSBuild/Current/Bin/MSBuild.exe cmTC_c09c7.vcxproj /p:Configuration=Debug /p:Platform=x64 /p:VisualStudioVersion=16.0 /v:m && Microsoft (R) Build Engine version 16.7.0+b89cb5fde for .NET Framework
Copyright (C) Microsoft Corporation. All rights reserved.

  Microsoft (R) C/C++ Optimizing Compiler Version 19.00.24245 for x64
  Copyright (C) Microsoft Corporation.  All rights reserved.
  
  cl /c /Zi /W1 /WX- /MP /Od /Ob0 /D WIN32 /D _WINDOWS /D _GNU_SOURCE /D "CMAKE_INTDIR=\"Debug\"" /D _MBCS /Gm- /RTC1 /MDd /GS /fp:precise /Zc:wchar_t /Zc:forScope /Zc:inline /Fo"cmTC_c09c7.dir\Debug\\" /Fd"cmTC_c09c7.dir\Debug\vc140.pdb" /Gd /TC /errorReport:queue "C:\Project\PlusB-bin\vtk-bin\CMakeFiles\CMakeTmp\CheckSymbolExists.c"
  CheckSymbolExists.c
  
C:\Project\PlusB-bin\vtk-bin\CMakeFiles\CMakeTmp\CheckSymbolExists.c(8): error C2065: 'feenableexcept': undeclared identifier [C:\Project\PlusB-bin\vtk-bin\CMakeFiles\CMakeTmp\cmTC_c09c7.vcxproj]


File C:/Project/PlusB-bin/vtk-bin/CMakeFiles/CMakeTmp/CheckSymbolExists.c:
/* */
#include <fenv.h>

int main(int argc, char** argv)
{
  (void)argv;
#ifndef feenableexcept
  return ((int*)(&feenableexcept))[argc];
#else
  (void)argc;
  return 0;
#endif
}
Performing C++ SOURCE FILE Test COMPILER_HAS_DEPRECATED_ATTR failed with the following output:
Change Dir: C:/Project/PlusB-bin/vtk-bin/CMakeFiles/CMakeTmp

Run Build Command(s):C:/Program Files (x86)/Microsoft Visual Studio/2019/Community/MSBuild/Current/Bin/MSBuild.exe cmTC_97ba9.vcxproj /p:Configuration=Debug /p:Platform=x64 /p:VisualStudioVersion=16.0 /v:m && Microsoft (R) Build Engine version 16.7.0+b89cb5fde for .NET Framework
Copyright (C) Microsoft Corporation. All rights reserved.

  Microsoft (R) C/C++ Optimizing Compiler Version 19.00.24245 for x64
  Copyright (C) Microsoft Corporation.  All rights reserved.
  
  cl /c /Zi /W4 /WX- /MP /Od /Ob0 /D WIN32 /D _WINDOWS /D COMPILER_HAS_DEPRECATED_ATTR /D _GNU_SOURCE /D "CMAKE_INTDIR=\"Debug\"" /D _MBCS /Gm- /EHsc /RTC1 /MDd /GS /fp:precise /Zc:wchar_t /Zc:forScope /Zc:inline /GR /Fo"cmTC_97ba9.dir\Debug\\" /Fd"cmTC_97ba9.dir\Debug\vc140.pdb" /Gd /TP /errorReport:queue "C:\Project\PlusB-bin\vtk-bin\CMakeFiles\CMakeTmp\src.cxx"
  src.cxx
  
C:\Project\PlusB-bin\vtk-bin\CMakeFiles\CMakeTmp\src.cxx(1): error C2065: '__deprecated__': undeclared identifier [C:\Project\PlusB-bin\vtk-bin\CMakeFiles\CMakeTmp\cmTC_97ba9.vcxproj]
C:\Project\PlusB-bin\vtk-bin\CMakeFiles\CMakeTmp\src.cxx(1): error C4430: missing type specifier - int assumed. Note: C++ does not support default-int [C:\Project\PlusB-bin\vtk-bin\CMakeFiles\CMakeTmp\cmTC_97ba9.vcxproj]
C:\Project\PlusB-bin\vtk-bin\CMakeFiles\CMakeTmp\src.cxx(1): error C2448: '__attribute__': function-style initializer appears to be a function definition [C:\Project\PlusB-bin\vtk-bin\CMakeFiles\CMakeTmp\cmTC_97ba9.vcxproj]


Source file was:
__attribute__((__deprecated__)) int somefunc() { return 0; }
    int main() { return somefunc();}
Determining if the function getsockname exists in the socket failed with the following output:
Change Dir: C:/Project/PlusB-bin/vtk-bin/CMakeFiles/CMakeTmp

Run Build Command(s):C:/Program Files (x86)/Microsoft Visual Studio/2019/Community/MSBuild/Current/Bin/MSBuild.exe cmTC_cb89b.vcxproj /p:Configuration=Debug /p:Platform=x64 /p:VisualStudioVersion=16.0 /v:m && Microsoft (R) Build Engine version 16.7.0+b89cb5fde for .NET Framework
Copyright (C) Microsoft Corporation. All rights reserved.

  Microsoft (R) C/C++ Optimizing Compiler Version 19.00.24245 for x64
  Copyright (C) Microsoft Corporation.  All rights reserved.
  
  cl /c /Zi /W1 /WX- /MP /Od /Ob0 /D WIN32 /D _WINDOWS /D CHECK_FUNCTION_EXISTS=getsockname /D "CMAKE_INTDIR=\"Debug\"" /D _MBCS /Gm- /RTC1 /MDd /GS /fp:precise /Zc:wchar_t /Zc:forScope /Zc:inline /Fo"cmTC_cb89b.dir\Debug\\" /Fd"cmTC_cb89b.dir\Debug\vc140.pdb" /Gd /TC /errorReport:queue "C:\Program Files\CMake\share\cmake-3.19\Modules\CheckFunctionExists.c"
  CheckFunctionExists.c
  
LINK : fatal error LNK1104: cannot open file 'socket.lib' [C:\Project\PlusB-bin\vtk-bin\CMakeFiles\CMakeTmp\cmTC_cb89b.vcxproj]



Determining if the SO_REUSEADDR exist failed with the following output:
Change Dir: C:/Project/PlusB-bin/vtk-bin/CMakeFiles/CMakeTmp

Run Build Command(s):C:/Program Files (x86)/Microsoft Visual Studio/2019/Community/MSBuild/Current/Bin/MSBuild.exe cmTC_5c43e.vcxproj /p:Configuration=Debug /p:Platform=x64 /p:VisualStudioVersion=16.0 /v:m && Microsoft (R) Build Engine version 16.7.0+b89cb5fde for .NET Framework
Copyright (C) Microsoft Corporation. All rights reserved.

  Microsoft (R) C/C++ Optimizing Compiler Version 19.00.24245 for x64
  Copyright (C) Microsoft Corporation.  All rights reserved.
  
  cl /c /Zi /W1 /WX- /MP /Od /Ob0 /D WIN32 /D _WINDOWS /D "CMAKE_INTDIR=\"Debug\"" /D _MBCS /Gm- /RTC1 /MDd /GS /fp:precise /Zc:wchar_t /Zc:forScope /Zc:inline /Fo"cmTC_5c43e.dir\Debug\\" /Fd"cmTC_5c43e.dir\Debug\vc140.pdb" /Gd /TC /errorReport:queue "C:\Project\PlusB-bin\vtk-bin\CMakeFiles\CMakeTmp\CheckSymbolExists.c"
  CheckSymbolExists.c
  
C:\Project\PlusB-bin\vtk-bin\CMakeFiles\CMakeTmp\CheckSymbolExists.c(3): fatal error C1083: Cannot open include file: 'sys/socket.h': No such file or directory [C:\Project\PlusB-bin\vtk-bin\CMakeFiles\CMakeTmp\cmTC_5c43e.vcxproj]


File C:/Project/PlusB-bin/vtk-bin/CMakeFiles/CMakeTmp/CheckSymbolExists.c:
/* */
#include <sys/types.h>
#include <sys/socket.h>

int main(int argc, char** argv)
{
  (void)argv;
#ifndef SO_REUSEADDR
  return ((int*)(&SO_REUSEADDR))[argc];
#else
  (void)argc;
  return 0;
#endif
}
Determining size of off64_t failed with the following output:
Change Dir: C:/Project/PlusB-bin/vtk-bin/CMakeFiles/CMakeTmp

Run Build Command(s):C:/Program Files (x86)/Microsoft Visual Studio/2019/Community/MSBuild/Current/Bin/MSBuild.exe cmTC_c085e.vcxproj /p:Configuration=Debug /p:Platform=x64 /p:VisualStudioVersion=16.0 /v:m && Microsoft (R) Build Engine version 16.7.0+b89cb5fde for .NET Framework
Copyright (C) Microsoft Corporation. All rights reserved.

  Microsoft (R) C/C++ Optimizing Compiler Version 19.00.24245 for x64
  Copyright (C) Microsoft Corporation.  All rights reserved.
  
  cl /c /Zi /W0 /WX- /MP /Od /Ob0 /D WIN32 /D _WINDOWS /D _LARGEFILE64_SOURCE=1 /D "CMAKE_INTDIR=\"Debug\"" /D _MBCS /Gm- /RTC1 /MDd /GS /fp:precise /Zc:wchar_t /Zc:forScope /Zc:inline /Fo"cmTC_c085e.dir\Debug\\" /Fd"cmTC_c085e.dir\Debug\vc140.pdb" /Gd /TC /errorReport:queue "C:\Project\PlusB-bin\vtk-bin\CMakeFiles\CheckTypeSize\OFF64_T.c"
  OFF64_T.c
  
C:\Project\PlusB-bin\vtk-bin\CMakeFiles\CheckTypeSize\OFF64_T.c(29): error C2065: 'off64_t': undeclared identifier [C:\Project\PlusB-bin\vtk-bin\CMakeFiles\CMakeTmp\cmTC_c085e.vcxproj]
C:\Project\PlusB-bin\vtk-bin\CMakeFiles\CheckTypeSize\OFF64_T.c(30): error C2065: 'off64_t': undeclared identifier [C:\Project\PlusB-bin\vtk-bin\CMakeFiles\CMakeTmp\cmTC_c085e.vcxproj]
C:\Project\PlusB-bin\vtk-bin\CMakeFiles\CheckTypeSize\OFF64_T.c(31): error C2065: 'off64_t': undeclared identifier [C:\Project\PlusB-bin\vtk-bin\CMakeFiles\CMakeTmp\cmTC_c085e.vcxproj]
C:\Project\PlusB-bin\vtk-bin\CMakeFiles\CheckTypeSize\OFF64_T.c(32): error C2065: 'off64_t': undeclared identifier [C:\Project\PlusB-bin\vtk-bin\CMakeFiles\CMakeTmp\cmTC_c085e.vcxproj]
C:\Project\PlusB-bin\vtk-bin\CMakeFiles\CheckTypeSize\OFF64_T.c(33): error C2065: 'off64_t': undeclared identifier [C:\Project\PlusB-bin\vtk-bin\CMakeFiles\CMakeTmp\cmTC_c085e.vcxproj]


C:/Project/PlusB-bin/vtk-bin/CMakeFiles/CheckTypeSize/OFF64_T.c:
#include <sys/types.h>
#include <stdint.h>
#include <stddef.h>


#undef KEY
#if defined(__i386)
# define KEY '_','_','i','3','8','6'
#elif defined(__x86_64)
# define KEY '_','_','x','8','6','_','6','4'
#elif defined(__PPC64__)
# define KEY '_','_','P','P','C','6','4','_','_'
#elif defined(__ppc64__)
# define KEY '_','_','p','p','c','6','4','_','_'
#elif defined(__PPC__)
# define KEY '_','_','P','P','C','_','_'
#elif defined(__ppc__)
# define KEY '_','_','p','p','c','_','_'
#elif defined(__aarch64__)
# define KEY '_','_','a','a','r','c','h','6','4','_','_'
#elif defined(__ARM_ARCH_7A__)
# define KEY '_','_','A','R','M','_','A','R','C','H','_','7','A','_','_'
#elif defined(__ARM_ARCH_7S__)
# define KEY '_','_','A','R','M','_','A','R','C','H','_','7','S','_','_'
#endif

#define SIZE (sizeof(off64_t))
static char info_size[] =  {'I', 'N', 'F', 'O', ':', 's','i','z','e','[',
  ('0' + ((SIZE / 10000)%10)),
  ('0' + ((SIZE / 1000)%10)),
  ('0' + ((SIZE / 100)%10)),
  ('0' + ((SIZE / 10)%10)),
  ('0' +  (SIZE    % 10)),
  ']',
#ifdef KEY
  ' ','k','e','y','[', KEY, ']',
#endif
  '\0'};

#ifdef __CLASSIC_C__
int main(argc, argv) int argc; char *argv[];
#else
int main(int argc, char *argv[])
#endif
{
  int require = 0;
  require += info_size[argc];
  (void)argv;
  return require;
}


Determining if the include file unistd.h exists failed with the following output:
Change Dir: C:/Project/PlusB-bin/vtk-bin/CMakeFiles/CMakeTmp

Run Build Command(s):C:/Program Files (x86)/Microsoft Visual Studio/2019/Community/MSBuild/Current/Bin/MSBuild.exe cmTC_a97ab.vcxproj /p:Configuration=Debug /p:Platform=x64 /p:VisualStudioVersion=16.0 /v:m && Microsoft (R) Build Engine version 16.7.0+b89cb5fde for .NET Framework
Copyright (C) Microsoft Corporation. All rights reserved.

  Microsoft (R) C/C++ Optimizing Compiler Version 19.00.24245 for x64
  Copyright (C) Microsoft Corporation.  All rights reserved.
  
  cl /c /Zi /W0 /WX- /MP /Od /Ob0 /D WIN32 /D _WINDOWS /D "CMAKE_INTDIR=\"Debug\"" /D _MBCS /Gm- /RTC1 /MDd /GS /fp:precise /Zc:wchar_t /Zc:forScope /Zc:inline /Fo"cmTC_a97ab.dir\Debug\\" /Fd"cmTC_a97ab.dir\Debug\vc140.pdb" /Gd /TC /errorReport:queue "C:\Project\PlusB-bin\vtk-bin\CMakeFiles\CMakeTmp\CheckIncludeFile.c"
  CheckIncludeFile.c
  
C:\Project\PlusB-bin\vtk-bin\CMakeFiles\CMakeTmp\CheckIncludeFile.c(1): fatal error C1083: Cannot open include file: 'unistd.h': No such file or directory [C:\Project\PlusB-bin\vtk-bin\CMakeFiles\CMakeTmp\cmTC_a97ab.vcxproj]



Determining if the include file strings.h exists failed with the following output:
Change Dir: C:/Project/PlusB-bin/vtk-bin/CMakeFiles/CMakeTmp

Run Build Command(s):C:/Program Files (x86)/Microsoft Visual Studio/2019/Community/MSBuild/Current/Bin/MSBuild.exe cmTC_6ca03.vcxproj /p:Configuration=Debug /p:Platform=x64 /p:VisualStudioVersion=16.0 /v:m && Microsoft (R) Build Engine version 16.7.0+b89cb5fde for .NET Framework
Copyright (C) Microsoft Corporation. All rights reserved.

  Microsoft (R) C/C++ Optimizing Compiler Version 19.00.24245 for x64
  Copyright (C) Microsoft Corporation.  All rights reserved.
  
  cl /c /Zi /W0 /WX- /MP /Od /Ob0 /D WIN32 /D _WINDOWS /D "CMAKE_INTDIR=\"Debug\"" /D _MBCS /Gm- /RTC1 /MDd /GS /fp:precise /Zc:wchar_t /Zc:forScope /Zc:inline /Fo"cmTC_6ca03.dir\Debug\\" /Fd"cmTC_6ca03.dir\Debug\vc140.pdb" /Gd /TC /errorReport:queue "C:\Project\PlusB-bin\vtk-bin\CMakeFiles\CMakeTmp\CheckIncludeFile.c"
  CheckIncludeFile.c
  
C:\Project\PlusB-bin\vtk-bin\CMakeFiles\CMakeTmp\CheckIncludeFile.c(1): fatal error C1083: Cannot open include file: 'strings.h': No such file or directory [C:\Project\PlusB-bin\vtk-bin\CMakeFiles\CMakeTmp\cmTC_6ca03.vcxproj]



Determining if the include file byteswap.h exists failed with the following output:
Change Dir: C:/Project/PlusB-bin/vtk-bin/CMakeFiles/CMakeTmp

Run Build Command(s):C:/Program Files (x86)/Microsoft Visual Studio/2019/Community/MSBuild/Current/Bin/MSBuild.exe cmTC_5b2fb.vcxproj /p:Configuration=Debug /p:Platform=x64 /p:VisualStudioVersion=16.0 /v:m && Microsoft (R) Build Engine version 16.7.0+b89cb5fde for .NET Framework
Copyright (C) Microsoft Corporation. All rights reserved.

  Microsoft (R) C/C++ Optimizing Compiler Version 19.00.24245 for x64
  Copyright (C) Microsoft Corporation.  All rights reserved.
  
  cl /c /Zi /W0 /WX- /MP /Od /Ob0 /D WIN32 /D _WINDOWS /D "CMAKE_INTDIR=\"Debug\"" /D _MBCS /Gm- /RTC1 /MDd /GS /fp:precise /Zc:wchar_t /Zc:forScope /Zc:inline /Fo"cmTC_5b2fb.dir\Debug\\" /Fd"cmTC_5b2fb.dir\Debug\vc140.pdb" /Gd /TC /errorReport:queue "C:\Project\PlusB-bin\vtk-bin\CMakeFiles\CMakeTmp\CheckIncludeFile.c"
  CheckIncludeFile.c
  
C:\Project\PlusB-bin\vtk-bin\CMakeFiles\CMakeTmp\CheckIncludeFile.c(1): fatal error C1083: Cannot open include file: 'byteswap.h': No such file or directory [C:\Project\PlusB-bin\vtk-bin\CMakeFiles\CMakeTmp\cmTC_5b2fb.vcxproj]



Determining if the include file sys/endian.h exists failed with the following output:
Change Dir: C:/Project/PlusB-bin/vtk-bin/CMakeFiles/CMakeTmp

Run Build Command(s):C:/Program Files (x86)/Microsoft Visual Studio/2019/Community/MSBuild/Current/Bin/MSBuild.exe cmTC_8c5e2.vcxproj /p:Configuration=Debug /p:Platform=x64 /p:VisualStudioVersion=16.0 /v:m && Microsoft (R) Build Engine version 16.7.0+b89cb5fde for .NET Framework
Copyright (C) Microsoft Corporation. All rights reserved.

  Microsoft (R) C/C++ Optimizing Compiler Version 19.00.24245 for x64
  Copyright (C) Microsoft Corporation.  All rights reserved.
  
  cl /c /Zi /W0 /WX- /MP /Od /Ob0 /D WIN32 /D _WINDOWS /D "CMAKE_INTDIR=\"Debug\"" /D _MBCS /Gm- /RTC1 /MDd /GS /fp:precise /Zc:wchar_t /Zc:forScope /Zc:inline /Fo"cmTC_8c5e2.dir\Debug\\" /Fd"cmTC_8c5e2.dir\Debug\vc140.pdb" /Gd /TC /errorReport:queue "C:\Project\PlusB-bin\vtk-bin\CMakeFiles\CMakeTmp\CheckIncludeFile.c"
  CheckIncludeFile.c
  
C:\Project\PlusB-bin\vtk-bin\CMakeFiles\CMakeTmp\CheckIncludeFile.c(1): fatal error C1083: Cannot open include file: 'sys/endian.h': No such file or directory [C:\Project\PlusB-bin\vtk-bin\CMakeFiles\CMakeTmp\cmTC_8c5e2.vcxproj]



Determining if the include file dlfcn.h exists failed with the following output:
Change Dir: C:/Project/PlusB-bin/vtk-bin/CMakeFiles/CMakeTmp

Run Build Command(s):C:/Program Files (x86)/Microsoft Visual Studio/2019/Community/MSBuild/Current/Bin/MSBuild.exe cmTC_598f4.vcxproj /p:Configuration=Debug /p:Platform=x64 /p:VisualStudioVersion=16.0 /v:m && Microsoft (R) Build Engine version 16.7.0+b89cb5fde for .NET Framework
Copyright (C) Microsoft Corporation. All rights reserved.

  Microsoft (R) C/C++ Optimizing Compiler Version 19.00.24245 for x64
  Copyright (C) Microsoft Corporation.  All rights reserved.
  
  cl /c /Zi /W0 /WX- /MP /Od /Ob0 /D WIN32 /D _WINDOWS /D "CMAKE_INTDIR=\"Debug\"" /D _MBCS /Gm- /RTC1 /MDd /GS /fp:precise /Zc:wchar_t /Zc:forScope /Zc:inline /Fo"cmTC_598f4.dir\Debug\\" /Fd"cmTC_598f4.dir\Debug\vc140.pdb" /Gd /TC /errorReport:queue "C:\Project\PlusB-bin\vtk-bin\CMakeFiles\CMakeTmp\CheckIncludeFile.c"
  CheckIncludeFile.c
  
C:\Project\PlusB-bin\vtk-bin\CMakeFiles\CMakeTmp\CheckIncludeFile.c(1): fatal error C1083: Cannot open include file: 'dlfcn.h': No such file or directory [C:\Project\PlusB-bin\vtk-bin\CMakeFiles\CMakeTmp\cmTC_598f4.vcxproj]



Determining if the include file unistd.h exists failed with the following output:
Change Dir: C:/Project/PlusB-bin/vtk-bin/CMakeFiles/CMakeTmp

Run Build Command(s):C:/Program Files (x86)/Microsoft Visual Studio/2019/Community/MSBuild/Current/Bin/MSBuild.exe cmTC_1146d.vcxproj /p:Configuration=Debug /p:Platform=x64 /p:VisualStudioVersion=16.0 /v:m && Microsoft (R) Build Engine version 16.7.0+b89cb5fde for .NET Framework
Copyright (C) Microsoft Corporation. All rights reserved.

  Microsoft (R) C/C++ Optimizing Compiler Version 19.00.24245 for x64
  Copyright (C) Microsoft Corporation.  All rights reserved.
  
  cl /c /Zi /W0 /WX- /MP /Od /Ob0 /D WIN32 /D _WINDOWS /D "CMAKE_INTDIR=\"Debug\"" /D _MBCS /Gm- /RTC1 /MDd /GS /fp:precise /Zc:wchar_t /Zc:forScope /Zc:inline /Fo"cmTC_1146d.dir\Debug\\" /Fd"cmTC_1146d.dir\Debug\vc140.pdb" /Gd /TC /errorReport:queue "C:\Project\PlusB-bin\vtk-bin\CMakeFiles\CMakeTmp\CheckIncludeFile.c"
  CheckIncludeFile.c
  
C:\Project\PlusB-bin\vtk-bin\CMakeFiles\CMakeTmp\CheckIncludeFile.c(1): fatal error C1083: Cannot open include file: 'unistd.h': No such file or directory [C:\Project\PlusB-bin\vtk-bin\CMakeFiles\CMakeTmp\cmTC_1146d.vcxproj]



Determining if the getpagesize exist failed with the following output:
Change Dir: C:/Project/PlusB-bin/vtk-bin/CMakeFiles/CMakeTmp

Run Build Command(s):C:/Program Files (x86)/Microsoft Visual Studio/2019/Community/MSBuild/Current/Bin/MSBuild.exe cmTC_65b26.vcxproj /p:Configuration=Debug /p:Platform=x64 /p:VisualStudioVersion=16.0 /v:m && Microsoft (R) Build Engine version 16.7.0+b89cb5fde for .NET Framework
Copyright (C) Microsoft Corporation. All rights reserved.

  Microsoft (R) C/C++ Optimizing Compiler Version 19.00.24245 for x64
  Copyright (C) Microsoft Corporation.  All rights reserved.
  
  cl /c /Zi /W0 /WX- /MP /Od /Ob0 /D WIN32 /D _WINDOWS /D "CMAKE_INTDIR=\"Debug\"" /D _MBCS /Gm- /RTC1 /MDd /GS /fp:precise /Zc:wchar_t /Zc:forScope /Zc:inline /Fo"cmTC_65b26.dir\Debug\\" /Fd"cmTC_65b26.dir\Debug\vc140.pdb" /Gd /TC /errorReport:queue "C:\Project\PlusB-bin\vtk-bin\CMakeFiles\CMakeTmp\CheckSymbolExists.c"
  CheckSymbolExists.c
  
C:\Project\PlusB-bin\vtk-bin\CMakeFiles\CMakeTmp\CheckSymbolExists.c(2): fatal error C1083: Cannot open include file: 'unistd.h': No such file or directory [C:\Project\PlusB-bin\vtk-bin\CMakeFiles\CMakeTmp\cmTC_65b26.vcxproj]


File C:/Project/PlusB-bin/vtk-bin/CMakeFiles/CMakeTmp/CheckSymbolExists.c:
/* */
#include <unistd.h>

int main(int argc, char** argv)
{
  (void)argv;
#ifndef getpagesize
  return ((int*)(&getpagesize))[argc];
#else
  (void)argc;
  return 0;
#endif
}
Determining if the getrandom exist failed with the following output:
Change Dir: C:/Project/PlusB-bin/vtk-bin/CMakeFiles/CMakeTmp

Run Build Command(s):C:/Program Files (x86)/Microsoft Visual Studio/2019/Community/MSBuild/Current/Bin/MSBuild.exe cmTC_ddb96.vcxproj /p:Configuration=Debug /p:Platform=x64 /p:VisualStudioVersion=16.0 /v:m && Microsoft (R) Build Engine version 16.7.0+b89cb5fde for .NET Framework
Copyright (C) Microsoft Corporation. All rights reserved.

  Microsoft (R) C/C++ Optimizing Compiler Version 19.00.24245 for x64
  Copyright (C) Microsoft Corporation.  All rights reserved.
  
  cl /c /Zi /W0 /WX- /MP /Od /Ob0 /D WIN32 /D _WINDOWS /D "CMAKE_INTDIR=\"Debug\"" /D _MBCS /Gm- /RTC1 /MDd /GS /fp:precise /Zc:wchar_t /Zc:forScope /Zc:inline /Fo"cmTC_ddb96.dir\Debug\\" /Fd"cmTC_ddb96.dir\Debug\vc140.pdb" /Gd /TC /errorReport:queue "C:\Project\PlusB-bin\vtk-bin\CMakeFiles\CMakeTmp\CheckSymbolExists.c"
  CheckSymbolExists.c
  
C:\Project\PlusB-bin\vtk-bin\CMakeFiles\CMakeTmp\CheckSymbolExists.c(2): fatal error C1083: Cannot open include file: 'sys/random.h': No such file or directory [C:\Project\PlusB-bin\vtk-bin\CMakeFiles\CMakeTmp\cmTC_ddb96.vcxproj]


File C:/Project/PlusB-bin/vtk-bin/CMakeFiles/CMakeTmp/CheckSymbolExists.c:
/* */
#include <sys/random.h>

int main(int argc, char** argv)
{
  (void)argv;
#ifndef getrandom
  return ((int*)(&getrandom))[argc];
#else
  (void)argc;
  return 0;
#endif
}
Determining if the bcopy exist failed with the following output:
Change Dir: C:/Project/PlusB-bin/vtk-bin/CMakeFiles/CMakeTmp

Run Build Command(s):C:/Program Files (x86)/Microsoft Visual Studio/2019/Community/MSBuild/Current/Bin/MSBuild.exe cmTC_545aa.vcxproj /p:Configuration=Debug /p:Platform=x64 /p:VisualStudioVersion=16.0 /v:m && Microsoft (R) Build Engine version 16.7.0+b89cb5fde for .NET Framework
Copyright (C) Microsoft Corporation. All rights reserved.

  Microsoft (R) C/C++ Optimizing Compiler Version 19.00.24245 for x64
  Copyright (C) Microsoft Corporation.  All rights reserved.
  
  cl /c /Zi /W0 /WX- /MP /Od /Ob0 /D WIN32 /D _WINDOWS /D "CMAKE_INTDIR=\"Debug\"" /D _MBCS /Gm- /RTC1 /MDd /GS /fp:precise /Zc:wchar_t /Zc:forScope /Zc:inline /Fo"cmTC_545aa.dir\Debug\\" /Fd"cmTC_545aa.dir\Debug\vc140.pdb" /Gd /TC /errorReport:queue "C:\Project\PlusB-bin\vtk-bin\CMakeFiles\CMakeTmp\CheckSymbolExists.c"
  CheckSymbolExists.c
  
C:\Project\PlusB-bin\vtk-bin\CMakeFiles\CMakeTmp\CheckSymbolExists.c(2): fatal error C1083: Cannot open include file: 'strings.h': No such file or directory [C:\Project\PlusB-bin\vtk-bin\CMakeFiles\CMakeTmp\cmTC_545aa.vcxproj]


File C:/Project/PlusB-bin/vtk-bin/CMakeFiles/CMakeTmp/CheckSymbolExists.c:
/* */
#include <strings.h>

int main(int argc, char** argv)
{
  (void)argv;
#ifndef bcopy
  return ((int*)(&bcopy))[argc];
#else
  (void)argc;
  return 0;
#endif
}
Determining if the mmap exist failed with the following output:
Change Dir: C:/Project/PlusB-bin/vtk-bin/CMakeFiles/CMakeTmp

Run Build Command(s):C:/Program Files (x86)/Microsoft Visual Studio/2019/Community/MSBuild/Current/Bin/MSBuild.exe cmTC_34f82.vcxproj /p:Configuration=Debug /p:Platform=x64 /p:VisualStudioVersion=16.0 /v:m && Microsoft (R) Build Engine version 16.7.0+b89cb5fde for .NET Framework
Copyright (C) Microsoft Corporation. All rights reserved.

  Microsoft (R) C/C++ Optimizing Compiler Version 19.00.24245 for x64
  Copyright (C) Microsoft Corporation.  All rights reserved.
  
  cl /c /Zi /W0 /WX- /MP /Od /Ob0 /D WIN32 /D _WINDOWS /D "CMAKE_INTDIR=\"Debug\"" /D _MBCS /Gm- /RTC1 /MDd /GS /fp:precise /Zc:wchar_t /Zc:forScope /Zc:inline /Fo"cmTC_34f82.dir\Debug\\" /Fd"cmTC_34f82.dir\Debug\vc140.pdb" /Gd /TC /errorReport:queue "C:\Project\PlusB-bin\vtk-bin\CMakeFiles\CMakeTmp\CheckSymbolExists.c"
  CheckSymbolExists.c
  
C:\Project\PlusB-bin\vtk-bin\CMakeFiles\CMakeTmp\CheckSymbolExists.c(2): fatal error C1083: Cannot open include file: 'sys/mman.h': No such file or directory [C:\Project\PlusB-bin\vtk-bin\CMakeFiles\CMakeTmp\cmTC_34f82.vcxproj]


File C:/Project/PlusB-bin/vtk-bin/CMakeFiles/CMakeTmp/CheckSymbolExists.c:
/* */
#include <sys/mman.h>

int main(int argc, char** argv)
{
  (void)argv;
#ifndef mmap
  return ((int*)(&mmap))[argc];
#else
  (void)argc;
  return 0;
#endif
}
Determining if the arc4random_buf exist failed with the following output:
Change Dir: C:/Project/PlusB-bin/vtk-bin/CMakeFiles/CMakeTmp

Run Build Command(s):C:/Program Files (x86)/Microsoft Visual Studio/2019/Community/MSBuild/Current/Bin/MSBuild.exe cmTC_f94a2.vcxproj /p:Configuration=Debug /p:Platform=x64 /p:VisualStudioVersion=16.0 /v:m && Microsoft (R) Build Engine version 16.7.0+b89cb5fde for .NET Framework
Copyright (C) Microsoft Corporation. All rights reserved.

  Microsoft (R) C/C++ Optimizing Compiler Version 19.00.24245 for x64
  Copyright (C) Microsoft Corporation.  All rights reserved.
  
  cl /c /Zi /W0 /WX- /MP /Od /Ob0 /D WIN32 /D _WINDOWS /D "CMAKE_INTDIR=\"Debug\"" /D _MBCS /Gm- /RTC1 /MDd /GS /fp:precise /Zc:wchar_t /Zc:forScope /Zc:inline /Fo"cmTC_f94a2.dir\Debug\\" /Fd"cmTC_f94a2.dir\Debug\vc140.pdb" /Gd /TC /errorReport:queue "C:\Project\PlusB-bin\vtk-bin\CMakeFiles\CMakeTmp\CheckSymbolExists.c"
  CheckSymbolExists.c
  
C:\Project\PlusB-bin\vtk-bin\CMakeFiles\CMakeTmp\CheckSymbolExists.c(8): error C2065: 'arc4random_buf': undeclared identifier [C:\Project\PlusB-bin\vtk-bin\CMakeFiles\CMakeTmp\cmTC_f94a2.vcxproj]


File C:/Project/PlusB-bin/vtk-bin/CMakeFiles/CMakeTmp/CheckSymbolExists.c:
/* */
#include <stdlib.h>

int main(int argc, char** argv)
{
  (void)argv;
#ifndef arc4random_buf
  return ((int*)(&arc4random_buf))[argc];
#else
  (void)argc;
  return 0;
#endif
}
Determining if the arc4random exist failed with the following output:
Change Dir: C:/Project/PlusB-bin/vtk-bin/CMakeFiles/CMakeTmp

Run Build Command(s):C:/Program Files (x86)/Microsoft Visual Studio/2019/Community/MSBuild/Current/Bin/MSBuild.exe cmTC_5fa79.vcxproj /p:Configuration=Debug /p:Platform=x64 /p:VisualStudioVersion=16.0 /v:m && Microsoft (R) Build Engine version 16.7.0+b89cb5fde for .NET Framework
Copyright (C) Microsoft Corporation. All rights reserved.

  Microsoft (R) C/C++ Optimizing Compiler Version 19.00.24245 for x64
  Copyright (C) Microsoft Corporation.  All rights reserved.
  
  cl /c /Zi /W0 /WX- /MP /Od /Ob0 /D WIN32 /D _WINDOWS /D "CMAKE_INTDIR=\"Debug\"" /D _MBCS /Gm- /RTC1 /MDd /GS /fp:precise /Zc:wchar_t /Zc:forScope /Zc:inline /Fo"cmTC_5fa79.dir\Debug\\" /Fd"cmTC_5fa79.dir\Debug\vc140.pdb" /Gd /TC /errorReport:queue "C:\Project\PlusB-bin\vtk-bin\CMakeFiles\CMakeTmp\CheckSymbolExists.c"
  CheckSymbolExists.c
  
C:\Project\PlusB-bin\vtk-bin\CMakeFiles\CMakeTmp\CheckSymbolExists.c(8): error C2065: 'arc4random': undeclared identifier [C:\Project\PlusB-bin\vtk-bin\CMakeFiles\CMakeTmp\cmTC_5fa79.vcxproj]


File C:/Project/PlusB-bin/vtk-bin/CMakeFiles/CMakeTmp/CheckSymbolExists.c:
/* */
#include <stdlib.h>

int main(int argc, char** argv)
{
  (void)argv;
#ifndef arc4random
  return ((int*)(&arc4random))[argc];
#else
  (void)argc;
  return 0;
#endif
}
Determining if the off_t exist failed with the following output:
Change Dir: C:/Project/PlusB-bin/vtk-bin/CMakeFiles/CMakeTmp

Run Build Command(s):C:/Program Files (x86)/Microsoft Visual Studio/2019/Community/MSBuild/Current/Bin/MSBuild.exe cmTC_fe138.vcxproj /p:Configuration=Debug /p:Platform=x64 /p:VisualStudioVersion=16.0 /v:m && Microsoft (R) Build Engine version 16.7.0+b89cb5fde for .NET Framework
Copyright (C) Microsoft Corporation. All rights reserved.

  Microsoft (R) C/C++ Optimizing Compiler Version 19.00.24245 for x64
  Copyright (C) Microsoft Corporation.  All rights reserved.
  
  cl /c /Zi /W0 /WX- /MP /Od /Ob0 /D WIN32 /D _WINDOWS /D "CMAKE_INTDIR=\"Debug\"" /D _MBCS /Gm- /RTC1 /MDd /GS /fp:precise /Zc:wchar_t /Zc:forScope /Zc:inline /Fo"cmTC_fe138.dir\Debug\\" /Fd"cmTC_fe138.dir\Debug\vc140.pdb" /Gd /TC /errorReport:queue "C:\Project\PlusB-bin\vtk-bin\CMakeFiles\CMakeTmp\CheckSymbolExists.c"
  CheckSymbolExists.c
  
C:\Project\PlusB-bin\vtk-bin\CMakeFiles\CMakeTmp\CheckSymbolExists.c(8): error C2275: 'off_t': illegal use of this type as an expression [C:\Project\PlusB-bin\vtk-bin\CMakeFiles\CMakeTmp\cmTC_fe138.vcxproj]
  C:\Program Files (x86)\Windows Kits\10\Include\10.0.18362.0\ucrt\sys/types.h(42): note: see declaration of 'off_t'


File C:/Project/PlusB-bin/vtk-bin/CMakeFiles/CMakeTmp/CheckSymbolExists.c:
/* */
#include <sys/types.h>

int main(int argc, char** argv)
{
  (void)argv;
#ifndef off_t
  return ((int*)(&off_t))[argc];
#else
  (void)argc;
  return 0;
#endif
}
Determining if the size_t exist failed with the following output:
Change Dir: C:/Project/PlusB-bin/vtk-bin/CMakeFiles/CMakeTmp

Run Build Command(s):C:/Program Files (x86)/Microsoft Visual Studio/2019/Community/MSBuild/Current/Bin/MSBuild.exe cmTC_14f30.vcxproj /p:Configuration=Debug /p:Platform=x64 /p:VisualStudioVersion=16.0 /v:m && Microsoft (R) Build Engine version 16.7.0+b89cb5fde for .NET Framework
Copyright (C) Microsoft Corporation. All rights reserved.

  Microsoft (R) C/C++ Optimizing Compiler Version 19.00.24245 for x64
  Copyright (C) Microsoft Corporation.  All rights reserved.
  
  cl /c /Zi /W0 /WX- /MP /Od /Ob0 /D WIN32 /D _WINDOWS /D "CMAKE_INTDIR=\"Debug\"" /D _MBCS /Gm- /RTC1 /MDd /GS /fp:precise /Zc:wchar_t /Zc:forScope /Zc:inline /Fo"cmTC_14f30.dir\Debug\\" /Fd"cmTC_14f30.dir\Debug\vc140.pdb" /Gd /TC /errorReport:queue "C:\Project\PlusB-bin\vtk-bin\CMakeFiles\CMakeTmp\CheckSymbolExists.c"
  CheckSymbolExists.c
  
C:\Project\PlusB-bin\vtk-bin\CMakeFiles\CMakeTmp\CheckSymbolExists.c(8): error C2275: 'size_t': illegal use of this type as an expression [C:\Project\PlusB-bin\vtk-bin\CMakeFiles\CMakeTmp\cmTC_14f30.vcxproj]
  C:\Project\PlusB-bin\vtk-bin\CMakeFiles\CMakeTmp\CheckSymbolExists.c: note: see declaration of 'size_t'


File C:/Project/PlusB-bin/vtk-bin/CMakeFiles/CMakeTmp/CheckSymbolExists.c:
/* */
#include <sys/types.h>

int main(int argc, char** argv)
{
  (void)argv;
#ifndef size_t
  return ((int*)(&size_t))[argc];
#else
  (void)argc;
  return 0;
#endif
}
Performing C SOURCE FILE Test HAVE_SYSCALL_GETRANDOM failed with the following output:
Change Dir: C:/Project/PlusB-bin/vtk-bin/CMakeFiles/CMakeTmp

Run Build Command(s):C:/Program Files (x86)/Microsoft Visual Studio/2019/Community/MSBuild/Current/Bin/MSBuild.exe cmTC_2a7b7.vcxproj /p:Configuration=Debug /p:Platform=x64 /p:VisualStudioVersion=16.0 /v:m && Microsoft (R) Build Engine version 16.7.0+b89cb5fde for .NET Framework
Copyright (C) Microsoft Corporation. All rights reserved.

  Microsoft (R) C/C++ Optimizing Compiler Version 19.00.24245 for x64
  Copyright (C) Microsoft Corporation.  All rights reserved.
  
  cl /c /Zi /W0 /WX- /MP /Od /Ob0 /D WIN32 /D _WINDOWS /D HAVE_SYSCALL_GETRANDOM /D "CMAKE_INTDIR=\"Debug\"" /D _MBCS /Gm- /RTC1 /MDd /GS /fp:precise /Zc:wchar_t /Zc:forScope /Zc:inline /Fo"cmTC_2a7b7.dir\Debug\\" /Fd"cmTC_2a7b7.dir\Debug\vc140.pdb" /Gd /TC /errorReport:queue "C:\Project\PlusB-bin\vtk-bin\CMakeFiles\CMakeTmp\src.c"
  src.c
  
C:\Project\PlusB-bin\vtk-bin\CMakeFiles\CMakeTmp\src.c(3): fatal error C1083: Cannot open include file: 'unistd.h': No such file or directory [C:\Project\PlusB-bin\vtk-bin\CMakeFiles\CMakeTmp\cmTC_2a7b7.vcxproj]


Source file was:

        #include <stdlib.h>  /* for NULL */
        #include <unistd.h>  /* for syscall */
        #include <sys/syscall.h>  /* for SYS_getrandom */
        int main() {
            syscall(SYS_getrandom, NULL, 0, 0);
            return 0;
        }
Performing C SOURCE FILE Test FLAG_NO_STRICT_ALIASING failed with the following output:
Change Dir: C:/Project/PlusB-bin/vtk-bin/CMakeFiles/CMakeTmp

Run Build Command(s):C:/Program Files (x86)/Microsoft Visual Studio/2019/Community/MSBuild/Current/Bin/MSBuild.exe cmTC_81412.vcxproj /p:Configuration=Debug /p:Platform=x64 /p:VisualStudioVersion=16.0 /v:m && Microsoft (R) Build Engine version 16.7.0+b89cb5fde for .NET Framework
Copyright (C) Microsoft Corporation. All rights reserved.

  Microsoft (R) C/C++ Optimizing Compiler Version 19.00.24245 for x64
  Copyright (C) Microsoft Corporation.  All rights reserved.
  
  cl /c /Zi /W0 /WX- /MP /Od /Ob0 /D WIN32 /D _WINDOWS /D FLAG_NO_STRICT_ALIASING /D "CMAKE_INTDIR=\"Debug\"" /D _MBCS /Gm- /RTC1 /MDd /GS /fp:precise /Zc:wchar_t /Zc:forScope /Zc:inline /Fo"cmTC_81412.dir\Debug\\" /Fd"cmTC_81412.dir\Debug\vc140.pdb" /Gd /TC /errorReport:queue  -fno-strict-aliasing "C:\Project\PlusB-bin\vtk-bin\CMakeFiles\CMakeTmp\src.c"
  src.c
  
cl : Command line warning D9002: ignoring unknown option '-fno-strict-aliasing' [C:\Project\PlusB-bin\vtk-bin\CMakeFiles\CMakeTmp\cmTC_81412.vcxproj]
  cmTC_81412.vcxproj -> C:\Project\PlusB-bin\vtk-bin\CMakeFiles\CMakeTmp\Debug\cmTC_81412.exe
  cmTC_81412.vcxproj -> C:/Project/PlusB-bin/vtk-bin/CMakeFiles/CMakeTmp/Debug/cmTC_81412.pdb (Full PDB)


Source file was:
int main(void) { return 0; }
Performing C SOURCE FILE Test HAVE_LD_VERSION_SCRIPT failed with the following output:
Change Dir: C:/Project/PlusB-bin/vtk-bin/CMakeFiles/CMakeTmp

Run Build Command(s):C:/Program Files (x86)/Microsoft Visual Studio/2019/Community/MSBuild/Current/Bin/MSBuild.exe cmTC_c3c4b.vcxproj /p:Configuration=Debug /p:Platform=x64 /p:VisualStudioVersion=16.0 /v:m && Microsoft (R) Build Engine version 16.7.0+b89cb5fde for .NET Framework
Copyright (C) Microsoft Corporation. All rights reserved.

  Microsoft (R) C/C++ Optimizing Compiler Version 19.00.24245 for x64
  Copyright (C) Microsoft Corporation.  All rights reserved.
  
  cl /c /Zi /W0 /WX- /MP /Od /Ob0 /D WIN32 /D _WINDOWS /D HAVE_LD_VERSION_SCRIPT /D "CMAKE_INTDIR=\"Debug\"" /D _MBCS /Gm- /RTC1 /MDd /GS /fp:precise /Zc:wchar_t /Zc:forScope /Zc:inline /Fo"cmTC_c3c4b.dir\Debug\\" /Fd"cmTC_c3c4b.dir\Debug\vc140.pdb" /Gd /TC /errorReport:queue  -Wl,--version-script=C:/Project/PlusB-bin/vtk-bin/ThirdParty/tiff/vtktiff/conftest.map "C:\Project\PlusB-bin\vtk-bin\CMakeFiles\CMakeTmp\src.c"
cl : Command line error D8021: invalid numeric argument '/Wl,--version-script=C:/Project/PlusB-bin/vtk-bin/ThirdParty/tiff/vtktiff/conftest.map' [C:\Project\PlusB-bin\vtk-bin\CMakeFiles\CMakeTmp\cmTC_c3c4b.vcxproj]


Source file was:
int main(void){return 0;}
Performing C SOURCE FILE Test TIME_WITH_SYS_TIME failed with the following output:
Change Dir: C:/Project/PlusB-bin/vtk-bin/CMakeFiles/CMakeTmp

Run Build Command(s):C:/Program Files (x86)/Microsoft Visual Studio/2019/Community/MSBuild/Current/Bin/MSBuild.exe cmTC_c8101.vcxproj /p:Configuration=Debug /p:Platform=x64 /p:VisualStudioVersion=16.0 /v:m && Microsoft (R) Build Engine version 16.7.0+b89cb5fde for .NET Framework
Copyright (C) Microsoft Corporation. All rights reserved.

  Microsoft (R) C/C++ Optimizing Compiler Version 19.00.24245 for x64
  Copyright (C) Microsoft Corporation.  All rights reserved.
  
  cl /c /Zi /W0 /WX- /MP /Od /Ob0 /D WIN32 /D _WINDOWS /D TIME_WITH_SYS_TIME /D "CMAKE_INTDIR=\"Debug\"" /D _MBCS /Gm- /RTC1 /MDd /GS /fp:precise /Zc:wchar_t /Zc:forScope /Zc:inline /Fo"cmTC_c8101.dir\Debug\\" /Fd"cmTC_c8101.dir\Debug\vc140.pdb" /Gd /TC /errorReport:queue "C:\Project\PlusB-bin\vtk-bin\CMakeFiles\CMakeTmp\src.c"
  src.c
  
C:\Project\PlusB-bin\vtk-bin\CMakeFiles\CMakeTmp\src.c(2): fatal error C1083: Cannot open include file: 'sys/time.h': No such file or directory [C:\Project\PlusB-bin\vtk-bin\CMakeFiles\CMakeTmp\cmTC_c8101.vcxproj]


Source file was:

#include <sys/time.h>
#include <time.h>
int main(void){return 0;}
Determining if the strcasecmp exist failed with the following output:
Change Dir: C:/Project/PlusB-bin/vtk-bin/CMakeFiles/CMakeTmp

Run Build Command(s):C:/Program Files (x86)/Microsoft Visual Studio/2019/Community/MSBuild/Current/Bin/MSBuild.exe cmTC_20599.vcxproj /p:Configuration=Debug /p:Platform=x64 /p:VisualStudioVersion=16.0 /v:m && Microsoft (R) Build Engine version 16.7.0+b89cb5fde for .NET Framework
Copyright (C) Microsoft Corporation. All rights reserved.

  Microsoft (R) C/C++ Optimizing Compiler Version 19.00.24245 for x64
  Copyright (C) Microsoft Corporation.  All rights reserved.
  
  cl /c /Zi /W0 /WX- /MP /Od /Ob0 /D WIN32 /D _WINDOWS /D "CMAKE_INTDIR=\"Debug\"" /D _MBCS /Gm- /RTC1 /MDd /GS /fp:precise /Zc:wchar_t /Zc:forScope /Zc:inline /Fo"cmTC_20599.dir\Debug\\" /Fd"cmTC_20599.dir\Debug\vc140.pdb" /Gd /TC /errorReport:queue "C:\Project\PlusB-bin\vtk-bin\CMakeFiles\CMakeTmp\CheckSymbolExists.c"
  CheckSymbolExists.c
  
C:\Project\PlusB-bin\vtk-bin\CMakeFiles\CMakeTmp\CheckSymbolExists.c(2): fatal error C1083: Cannot open include file: 'strings.h': No such file or directory [C:\Project\PlusB-bin\vtk-bin\CMakeFiles\CMakeTmp\cmTC_20599.vcxproj]


File C:/Project/PlusB-bin/vtk-bin/CMakeFiles/CMakeTmp/CheckSymbolExists.c:
/* */
#include <strings.h>

int main(int argc, char** argv)
{
  (void)argv;
#ifndef strcasecmp
  return ((int*)(&strcasecmp))[argc];
#else
  (void)argc;
  return 0;
#endif
}
Determining if the PTHREAD_MUTEX_RECURSIVE exist failed with the following output:
Change Dir: C:/Project/PlusB-bin/vtk-bin/CMakeFiles/CMakeTmp

Run Build Command(s):C:/Program Files (x86)/Microsoft Visual Studio/2019/Community/MSBuild/Current/Bin/MSBuild.exe cmTC_58a4c.vcxproj /p:Configuration=Debug /p:Platform=x64 /p:VisualStudioVersion=16.0 /v:m && Microsoft (R) Build Engine version 16.7.0+b89cb5fde for .NET Framework
Copyright (C) Microsoft Corporation. All rights reserved.

  Microsoft (R) C/C++ Optimizing Compiler Version 19.00.24245 for x64
  Copyright (C) Microsoft Corporation.  All rights reserved.
  
  cl /c /Zi /W0 /WX- /MP /Od /Ob0 /D WIN32 /D _WINDOWS /D "CMAKE_INTDIR=\"Debug\"" /D _MBCS /Gm- /RTC1 /MDd /GS /fp:precise /Zc:wchar_t /Zc:forScope /Zc:inline /Fo"cmTC_58a4c.dir\Debug\\" /Fd"cmTC_58a4c.dir\Debug\vc140.pdb" /Gd /TC /errorReport:queue "C:\Project\PlusB-bin\vtk-bin\CMakeFiles\CMakeTmp\CheckSymbolExists.c"
  CheckSymbolExists.c
  
C:\Project\PlusB-bin\vtk-bin\CMakeFiles\CMakeTmp\CheckSymbolExists.c(2): fatal error C1083: Cannot open include file: 'pthread.h': No such file or directory [C:\Project\PlusB-bin\vtk-bin\CMakeFiles\CMakeTmp\cmTC_58a4c.vcxproj]


File C:/Project/PlusB-bin/vtk-bin/CMakeFiles/CMakeTmp/CheckSymbolExists.c:
/* */
#include <pthread.h>

int main(int argc, char** argv)
{
  (void)argv;
#ifndef PTHREAD_MUTEX_RECURSIVE
  return ((int*)(&PTHREAD_MUTEX_RECURSIVE))[argc];
#else
  (void)argc;
  return 0;
#endif
}
Determining if files windows.h;sys/file.h exist failed with the following output:
Change Dir: C:/Project/PlusB-bin/vtk-bin/CMakeFiles/CMakeTmp

Run Build Command(s):C:/Program Files (x86)/Microsoft Visual Studio/2019/Community/MSBuild/Current/Bin/MSBuild.exe cmTC_711a5.vcxproj /p:Configuration=Debug /p:Platform=x64 /p:VisualStudioVersion=16.0 /v:m && Microsoft (R) Build Engine version 16.7.0+b89cb5fde for .NET Framework
Copyright (C) Microsoft Corporation. All rights reserved.

  Microsoft (R) C/C++ Optimizing Compiler Version 19.00.24245 for x64
  Copyright (C) Microsoft Corporation.  All rights reserved.
  
  cl /c /Zi /W0 /WX- /MP /Od /Ob0 /D WIN32 /D _WINDOWS /D WIN32_LEAN_AND_MEAN=1 /D NOGDI=1 /D "CMAKE_INTDIR=\"Debug\"" /D _MBCS /Gm- /RTC1 /MDd /GS /fp:precise /Zc:wchar_t /Zc:forScope /Zc:inline /Fo"cmTC_711a5.dir\Debug\\" /Fd"cmTC_711a5.dir\Debug\vc140.pdb" /Gd /TC /errorReport:queue "C:\Project\PlusB-bin\vtk-bin\CMakeFiles\CheckIncludeFiles\H5_HAVE_SYS_FILE_H.c"
  H5_HAVE_SYS_FILE_H.c
  
C:\Project\PlusB-bin\vtk-bin\CMakeFiles\CheckIncludeFiles\H5_HAVE_SYS_FILE_H.c(3): fatal error C1083: Cannot open include file: 'sys/file.h': No such file or directory [C:\Project\PlusB-bin\vtk-bin\CMakeFiles\CMakeTmp\cmTC_711a5.vcxproj]


Source:
/* */
#include <windows.h>
#include <sys/file.h>


int main(void){return 0;}

Determining if files windows.h;sys/ioctl.h exist failed with the following output:
Change Dir: C:/Project/PlusB-bin/vtk-bin/CMakeFiles/CMakeTmp

Run Build Command(s):C:/Program Files (x86)/Microsoft Visual Studio/2019/Community/MSBuild/Current/Bin/MSBuild.exe cmTC_dc0fa.vcxproj /p:Configuration=Debug /p:Platform=x64 /p:VisualStudioVersion=16.0 /v:m && Microsoft (R) Build Engine version 16.7.0+b89cb5fde for .NET Framework
Copyright (C) Microsoft Corporation. All rights reserved.

  Microsoft (R) C/C++ Optimizing Compiler Version 19.00.24245 for x64
  Copyright (C) Microsoft Corporation.  All rights reserved.
  
  cl /c /Zi /W0 /WX- /MP /Od /Ob0 /D WIN32 /D _WINDOWS /D WIN32_LEAN_AND_MEAN=1 /D NOGDI=1 /D "CMAKE_INTDIR=\"Debug\"" /D _MBCS /Gm- /RTC1 /MDd /GS /fp:precise /Zc:wchar_t /Zc:forScope /Zc:inline /Fo"cmTC_dc0fa.dir\Debug\\" /Fd"cmTC_dc0fa.dir\Debug\vc140.pdb" /Gd /TC /errorReport:queue "C:\Project\PlusB-bin\vtk-bin\CMakeFiles\CheckIncludeFiles\H5_HAVE_SYS_IOCTL_H.c"
  H5_HAVE_SYS_IOCTL_H.c
  
C:\Project\PlusB-bin\vtk-bin\CMakeFiles\CheckIncludeFiles\H5_HAVE_SYS_IOCTL_H.c(3): fatal error C1083: Cannot open include file: 'sys/ioctl.h': No such file or directory [C:\Project\PlusB-bin\vtk-bin\CMakeFiles\CMakeTmp\cmTC_dc0fa.vcxproj]


Source:
/* */
#include <windows.h>
#include <sys/ioctl.h>


int main(void){return 0;}

Determining if files windows.h;sys/resource.h exist failed with the following output:
Change Dir: C:/Project/PlusB-bin/vtk-bin/CMakeFiles/CMakeTmp

Run Build Command(s):C:/Program Files (x86)/Microsoft Visual Studio/2019/Community/MSBuild/Current/Bin/MSBuild.exe cmTC_4084b.vcxproj /p:Configuration=Debug /p:Platform=x64 /p:VisualStudioVersion=16.0 /v:m && Microsoft (R) Build Engine version 16.7.0+b89cb5fde for .NET Framework
Copyright (C) Microsoft Corporation. All rights reserved.

  Microsoft (R) C/C++ Optimizing Compiler Version 19.00.24245 for x64
  Copyright (C) Microsoft Corporation.  All rights reserved.
  
  cl /c /Zi /W0 /WX- /MP /Od /Ob0 /D WIN32 /D _WINDOWS /D WIN32_LEAN_AND_MEAN=1 /D NOGDI=1 /D "CMAKE_INTDIR=\"Debug\"" /D _MBCS /Gm- /RTC1 /MDd /GS /fp:precise /Zc:wchar_t /Zc:forScope /Zc:inline /Fo"cmTC_4084b.dir\Debug\\" /Fd"cmTC_4084b.dir\Debug\vc140.pdb" /Gd /TC /errorReport:queue "C:\Project\PlusB-bin\vtk-bin\CMakeFiles\CheckIncludeFiles\H5_HAVE_SYS_RESOURCE_H.c"
  H5_HAVE_SYS_RESOURCE_H.c
  
C:\Project\PlusB-bin\vtk-bin\CMakeFiles\CheckIncludeFiles\H5_HAVE_SYS_RESOURCE_H.c(3): fatal error C1083: Cannot open include file: 'sys/resource.h': No such file or directory [C:\Project\PlusB-bin\vtk-bin\CMakeFiles\CMakeTmp\cmTC_4084b.vcxproj]


Source:
/* */
#include <windows.h>
#include <sys/resource.h>


int main(void){return 0;}

Determining if files windows.h;sys/stat.h;sys/time.h exist failed with the following output:
Change Dir: C:/Project/PlusB-bin/vtk-bin/CMakeFiles/CMakeTmp

Run Build Command(s):C:/Program Files (x86)/Microsoft Visual Studio/2019/Community/MSBuild/Current/Bin/MSBuild.exe cmTC_1d35b.vcxproj /p:Configuration=Debug /p:Platform=x64 /p:VisualStudioVersion=16.0 /v:m && Microsoft (R) Build Engine version 16.7.0+b89cb5fde for .NET Framework
Copyright (C) Microsoft Corporation. All rights reserved.

  Microsoft (R) C/C++ Optimizing Compiler Version 19.00.24245 for x64
  Copyright (C) Microsoft Corporation.  All rights reserved.
  
  cl /c /Zi /W0 /WX- /MP /Od /Ob0 /D WIN32 /D _WINDOWS /D WIN32_LEAN_AND_MEAN=1 /D NOGDI=1 /D "CMAKE_INTDIR=\"Debug\"" /D _MBCS /Gm- /RTC1 /MDd /GS /fp:precise /Zc:wchar_t /Zc:forScope /Zc:inline /Fo"cmTC_1d35b.dir\Debug\\" /Fd"cmTC_1d35b.dir\Debug\vc140.pdb" /Gd /TC /errorReport:queue "C:\Project\PlusB-bin\vtk-bin\CMakeFiles\CheckIncludeFiles\H5_HAVE_SYS_TIME_H.c"
  H5_HAVE_SYS_TIME_H.c
  
C:\Project\PlusB-bin\vtk-bin\CMakeFiles\CheckIncludeFiles\H5_HAVE_SYS_TIME_H.c(4): fatal error C1083: Cannot open include file: 'sys/time.h': No such file or directory [C:\Project\PlusB-bin\vtk-bin\CMakeFiles\CMakeTmp\cmTC_1d35b.vcxproj]


Source:
/* */
#include <windows.h>
#include <sys/stat.h>
#include <sys/time.h>


int main(void){return 0;}

Determining if files windows.h;sys/stat.h;sys/types.h;features.h exist failed with the following output:
Change Dir: C:/Project/PlusB-bin/vtk-bin/CMakeFiles/CMakeTmp

Run Build Command(s):C:/Program Files (x86)/Microsoft Visual Studio/2019/Community/MSBuild/Current/Bin/MSBuild.exe cmTC_77e80.vcxproj /p:Configuration=Debug /p:Platform=x64 /p:VisualStudioVersion=16.0 /v:m && Microsoft (R) Build Engine version 16.7.0+b89cb5fde for .NET Framework
Copyright (C) Microsoft Corporation. All rights reserved.

  Microsoft (R) C/C++ Optimizing Compiler Version 19.00.24245 for x64
  Copyright (C) Microsoft Corporation.  All rights reserved.
  
  cl /c /Zi /W0 /WX- /MP /Od /Ob0 /D WIN32 /D _WINDOWS /D WIN32_LEAN_AND_MEAN=1 /D NOGDI=1 /D "CMAKE_INTDIR=\"Debug\"" /D _MBCS /Gm- /RTC1 /MDd /GS /fp:precise /Zc:wchar_t /Zc:forScope /Zc:inline /Fo"cmTC_77e80.dir\Debug\\" /Fd"cmTC_77e80.dir\Debug\vc140.pdb" /Gd /TC /errorReport:queue "C:\Project\PlusB-bin\vtk-bin\CMakeFiles\CheckIncludeFiles\H5_HAVE_FEATURES_H.c"
  H5_HAVE_FEATURES_H.c
  
C:\Project\PlusB-bin\vtk-bin\CMakeFiles\CheckIncludeFiles\H5_HAVE_FEATURES_H.c(5): fatal error C1083: Cannot open include file: 'features.h': No such file or directory [C:\Project\PlusB-bin\vtk-bin\CMakeFiles\CMakeTmp\cmTC_77e80.vcxproj]


Source:
/* */
#include <windows.h>
#include <sys/stat.h>
#include <sys/types.h>
#include <features.h>


int main(void){return 0;}

Determining if files windows.h;sys/stat.h;sys/types.h;dirent.h exist failed with the following output:
Change Dir: C:/Project/PlusB-bin/vtk-bin/CMakeFiles/CMakeTmp

Run Build Command(s):C:/Program Files (x86)/Microsoft Visual Studio/2019/Community/MSBuild/Current/Bin/MSBuild.exe cmTC_f7039.vcxproj /p:Configuration=Debug /p:Platform=x64 /p:VisualStudioVersion=16.0 /v:m && Microsoft (R) Build Engine version 16.7.0+b89cb5fde for .NET Framework
Copyright (C) Microsoft Corporation. All rights reserved.

  Microsoft (R) C/C++ Optimizing Compiler Version 19.00.24245 for x64
  Copyright (C) Microsoft Corporation.  All rights reserved.
  
  cl /c /Zi /W0 /WX- /MP /Od /Ob0 /D WIN32 /D _WINDOWS /D WIN32_LEAN_AND_MEAN=1 /D NOGDI=1 /D "CMAKE_INTDIR=\"Debug\"" /D _MBCS /Gm- /RTC1 /MDd /GS /fp:precise /Zc:wchar_t /Zc:forScope /Zc:inline /Fo"cmTC_f7039.dir\Debug\\" /Fd"cmTC_f7039.dir\Debug\vc140.pdb" /Gd /TC /errorReport:queue "C:\Project\PlusB-bin\vtk-bin\CMakeFiles\CheckIncludeFiles\H5_HAVE_DIRENT_H.c"
  H5_HAVE_DIRENT_H.c
  
C:\Project\PlusB-bin\vtk-bin\CMakeFiles\CheckIncludeFiles\H5_HAVE_DIRENT_H.c(5): fatal error C1083: Cannot open include file: 'dirent.h': No such file or directory [C:\Project\PlusB-bin\vtk-bin\CMakeFiles\CMakeTmp\cmTC_f7039.vcxproj]


Source:
/* */
#include <windows.h>
#include <sys/stat.h>
#include <sys/types.h>
#include <dirent.h>


int main(void){return 0;}

Determining if files windows.h;sys/stat.h;sys/types.h;setjmp.h;stddef.h;stdint.h;unistd.h exist failed with the following output:
Change Dir: C:/Project/PlusB-bin/vtk-bin/CMakeFiles/CMakeTmp

Run Build Command(s):C:/Program Files (x86)/Microsoft Visual Studio/2019/Community/MSBuild/Current/Bin/MSBuild.exe cmTC_a1f96.vcxproj /p:Configuration=Debug /p:Platform=x64 /p:VisualStudioVersion=16.0 /v:m && Microsoft (R) Build Engine version 16.7.0+b89cb5fde for .NET Framework
Copyright (C) Microsoft Corporation. All rights reserved.

  Microsoft (R) C/C++ Optimizing Compiler Version 19.00.24245 for x64
  Copyright (C) Microsoft Corporation.  All rights reserved.
  
  cl /c /Zi /W0 /WX- /MP /Od /Ob0 /D WIN32 /D _WINDOWS /D WIN32_LEAN_AND_MEAN=1 /D NOGDI=1 /D "CMAKE_INTDIR=\"Debug\"" /D _MBCS /Gm- /RTC1 /MDd /GS /fp:precise /Zc:wchar_t /Zc:forScope /Zc:inline /Fo"cmTC_a1f96.dir\Debug\\" /Fd"cmTC_a1f96.dir\Debug\vc140.pdb" /Gd /TC /errorReport:queue "C:\Project\PlusB-bin\vtk-bin\CMakeFiles\CheckIncludeFiles\H5_HAVE_UNISTD_H.c"
  H5_HAVE_UNISTD_H.c
  
C:\Project\PlusB-bin\vtk-bin\CMakeFiles\CheckIncludeFiles\H5_HAVE_UNISTD_H.c(8): fatal error C1083: Cannot open include file: 'unistd.h': No such file or directory [C:\Project\PlusB-bin\vtk-bin\CMakeFiles\CMakeTmp\cmTC_a1f96.vcxproj]


Source:
/* */
#include <windows.h>
#include <sys/stat.h>
#include <sys/types.h>
#include <setjmp.h>
#include <stddef.h>
#include <stdint.h>
#include <unistd.h>


int main(void){return 0;}

Determining if files windows.h;sys/stat.h;sys/types.h;setjmp.h;stddef.h;stdint.h;io.h;winsock2.h;pthread.h exist failed with the following output:
Change Dir: C:/Project/PlusB-bin/vtk-bin/CMakeFiles/CMakeTmp

Run Build Command(s):C:/Program Files (x86)/Microsoft Visual Studio/2019/Community/MSBuild/Current/Bin/MSBuild.exe cmTC_39c0c.vcxproj /p:Configuration=Debug /p:Platform=x64 /p:VisualStudioVersion=16.0 /v:m && Microsoft (R) Build Engine version 16.7.0+b89cb5fde for .NET Framework
Copyright (C) Microsoft Corporation. All rights reserved.

  Microsoft (R) C/C++ Optimizing Compiler Version 19.00.24245 for x64
  Copyright (C) Microsoft Corporation.  All rights reserved.
  
  cl /c /Zi /W0 /WX- /MP /Od /Ob0 /D WIN32 /D _WINDOWS /D WIN32_LEAN_AND_MEAN=1 /D NOGDI=1 /D "CMAKE_INTDIR=\"Debug\"" /D _MBCS /Gm- /RTC1 /MDd /GS /fp:precise /Zc:wchar_t /Zc:forScope /Zc:inline /Fo"cmTC_39c0c.dir\Debug\\" /Fd"cmTC_39c0c.dir\Debug\vc140.pdb" /Gd /TC /errorReport:queue "C:\Project\PlusB-bin\vtk-bin\CMakeFiles\CheckIncludeFiles\H5_HAVE_PTHREAD_H.c"
  H5_HAVE_PTHREAD_H.c
  
C:\Project\PlusB-bin\vtk-bin\CMakeFiles\CheckIncludeFiles\H5_HAVE_PTHREAD_H.c(10): fatal error C1083: Cannot open include file: 'pthread.h': No such file or directory [C:\Project\PlusB-bin\vtk-bin\CMakeFiles\CMakeTmp\cmTC_39c0c.vcxproj]


Source:
/* */
#include <windows.h>
#include <sys/stat.h>
#include <sys/types.h>
#include <setjmp.h>
#include <stddef.h>
#include <stdint.h>
#include <io.h>
#include <winsock2.h>
#include <pthread.h>


int main(void){return 0;}

Determining if files windows.h;sys/stat.h;sys/types.h;setjmp.h;stddef.h;stdint.h;io.h;winsock2.h;dlfcn.h exist failed with the following output:
Change Dir: C:/Project/PlusB-bin/vtk-bin/CMakeFiles/CMakeTmp

Run Build Command(s):C:/Program Files (x86)/Microsoft Visual Studio/2019/Community/MSBuild/Current/Bin/MSBuild.exe cmTC_33645.vcxproj /p:Configuration=Debug /p:Platform=x64 /p:VisualStudioVersion=16.0 /v:m && Microsoft (R) Build Engine version 16.7.0+b89cb5fde for .NET Framework
Copyright (C) Microsoft Corporation. All rights reserved.

  Microsoft (R) C/C++ Optimizing Compiler Version 19.00.24245 for x64
  Copyright (C) Microsoft Corporation.  All rights reserved.
  
  cl /c /Zi /W0 /WX- /MP /Od /Ob0 /D WIN32 /D _WINDOWS /D WIN32_LEAN_AND_MEAN=1 /D NOGDI=1 /D "CMAKE_INTDIR=\"Debug\"" /D _MBCS /Gm- /RTC1 /MDd /GS /fp:precise /Zc:wchar_t /Zc:forScope /Zc:inline /Fo"cmTC_33645.dir\Debug\\" /Fd"cmTC_33645.dir\Debug\vc140.pdb" /Gd /TC /errorReport:queue "C:\Project\PlusB-bin\vtk-bin\CMakeFiles\CheckIncludeFiles\H5_HAVE_DLFCN_H.c"
  H5_HAVE_DLFCN_H.c
  
C:\Project\PlusB-bin\vtk-bin\CMakeFiles\CheckIncludeFiles\H5_HAVE_DLFCN_H.c(10): fatal error C1083: Cannot open include file: 'dlfcn.h': No such file or directory [C:\Project\PlusB-bin\vtk-bin\CMakeFiles\CMakeTmp\cmTC_33645.vcxproj]


Source:
/* */
#include <windows.h>
#include <sys/stat.h>
#include <sys/types.h>
#include <setjmp.h>
#include <stddef.h>
#include <stdint.h>
#include <io.h>
#include <winsock2.h>
#include <dlfcn.h>


int main(void){return 0;}

Determining size of ssize_t failed with the following output:
Change Dir: C:/Project/PlusB-bin/vtk-bin/CMakeFiles/CMakeTmp

Run Build Command(s):C:/Program Files (x86)/Microsoft Visual Studio/2019/Community/MSBuild/Current/Bin/MSBuild.exe cmTC_91f3f.vcxproj /p:Configuration=Debug /p:Platform=x64 /p:VisualStudioVersion=16.0 /v:m && Microsoft (R) Build Engine version 16.7.0+b89cb5fde for .NET Framework
Copyright (C) Microsoft Corporation. All rights reserved.

  Microsoft (R) C/C++ Optimizing Compiler Version 19.00.24245 for x64
  Copyright (C) Microsoft Corporation.  All rights reserved.
  
  cl /c /Zi /W0 /WX- /MP /Od /Ob0 /D WIN32 /D _WINDOWS /D WIN32_LEAN_AND_MEAN=1 /D NOGDI=1 /D "CMAKE_INTDIR=\"Debug\"" /D _MBCS /Gm- /RTC1 /MDd /GS /fp:precise /Zc:wchar_t /Zc:forScope /Zc:inline /Fo"cmTC_91f3f.dir\Debug\\" /Fd"cmTC_91f3f.dir\Debug\vc140.pdb" /Gd /TC /errorReport:queue "C:\Project\PlusB-bin\vtk-bin\CMakeFiles\CheckTypeSize\H5_SIZEOF_SSIZE_T.c"
  H5_SIZEOF_SSIZE_T.c
  
C:\Project\PlusB-bin\vtk-bin\CMakeFiles\CheckTypeSize\H5_SIZEOF_SSIZE_T.c(29): error C2065: 'ssize_t': undeclared identifier [C:\Project\PlusB-bin\vtk-bin\CMakeFiles\CMakeTmp\cmTC_91f3f.vcxproj]
C:\Project\PlusB-bin\vtk-bin\CMakeFiles\CheckTypeSize\H5_SIZEOF_SSIZE_T.c(30): error C2065: 'ssize_t': undeclared identifier [C:\Project\PlusB-bin\vtk-bin\CMakeFiles\CMakeTmp\cmTC_91f3f.vcxproj]
C:\Project\PlusB-bin\vtk-bin\CMakeFiles\CheckTypeSize\H5_SIZEOF_SSIZE_T.c(31): error C2065: 'ssize_t': undeclared identifier [C:\Project\PlusB-bin\vtk-bin\CMakeFiles\CMakeTmp\cmTC_91f3f.vcxproj]
C:\Project\PlusB-bin\vtk-bin\CMakeFiles\CheckTypeSize\H5_SIZEOF_SSIZE_T.c(32): error C2065: 'ssize_t': undeclared identifier [C:\Project\PlusB-bin\vtk-bin\CMakeFiles\CMakeTmp\cmTC_91f3f.vcxproj]
C:\Project\PlusB-bin\vtk-bin\CMakeFiles\CheckTypeSize\H5_SIZEOF_SSIZE_T.c(33): error C2065: 'ssize_t': undeclared identifier [C:\Project\PlusB-bin\vtk-bin\CMakeFiles\CMakeTmp\cmTC_91f3f.vcxproj]


C:/Project/PlusB-bin/vtk-bin/CMakeFiles/CheckTypeSize/H5_SIZEOF_SSIZE_T.c:
#include <sys/types.h>
#include <stdint.h>
#include <stddef.h>


#undef KEY
#if defined(__i386)
# define KEY '_','_','i','3','8','6'
#elif defined(__x86_64)
# define KEY '_','_','x','8','6','_','6','4'
#elif defined(__PPC64__)
# define KEY '_','_','P','P','C','6','4','_','_'
#elif defined(__ppc64__)
# define KEY '_','_','p','p','c','6','4','_','_'
#elif defined(__PPC__)
# define KEY '_','_','P','P','C','_','_'
#elif defined(__ppc__)
# define KEY '_','_','p','p','c','_','_'
#elif defined(__aarch64__)
# define KEY '_','_','a','a','r','c','h','6','4','_','_'
#elif defined(__ARM_ARCH_7A__)
# define KEY '_','_','A','R','M','_','A','R','C','H','_','7','A','_','_'
#elif defined(__ARM_ARCH_7S__)
# define KEY '_','_','A','R','M','_','A','R','C','H','_','7','S','_','_'
#endif

#define SIZE (sizeof(ssize_t))
static char info_size[] =  {'I', 'N', 'F', 'O', ':', 's','i','z','e','[',
  ('0' + ((SIZE / 10000)%10)),
  ('0' + ((SIZE / 1000)%10)),
  ('0' + ((SIZE / 100)%10)),
  ('0' + ((SIZE / 10)%10)),
  ('0' +  (SIZE    % 10)),
  ']',
#ifdef KEY
  ' ','k','e','y','[', KEY, ']',
#endif
  '\0'};

#ifdef __CLASSIC_C__
int main(argc, argv) int argc; char *argv[];
#else
int main(int argc, char *argv[])
#endif
{
  int require = 0;
  require += info_size[argc];
  (void)argv;
  return require;
}


Determining size of off64_t failed with the following output:
Change Dir: C:/Project/PlusB-bin/vtk-bin/CMakeFiles/CMakeTmp

Run Build Command(s):C:/Program Files (x86)/Microsoft Visual Studio/2019/Community/MSBuild/Current/Bin/MSBuild.exe cmTC_fe0ab.vcxproj /p:Configuration=Debug /p:Platform=x64 /p:VisualStudioVersion=16.0 /v:m && Microsoft (R) Build Engine version 16.7.0+b89cb5fde for .NET Framework
Copyright (C) Microsoft Corporation. All rights reserved.

  Microsoft (R) C/C++ Optimizing Compiler Version 19.00.24245 for x64
  Copyright (C) Microsoft Corporation.  All rights reserved.
  
  cl /c /Zi /W0 /WX- /MP /Od /Ob0 /D WIN32 /D _WINDOWS /D WIN32_LEAN_AND_MEAN=1 /D NOGDI=1 /D "CMAKE_INTDIR=\"Debug\"" /D _MBCS /Gm- /RTC1 /MDd /GS /fp:precise /Zc:wchar_t /Zc:forScope /Zc:inline /Fo"cmTC_fe0ab.dir\Debug\\" /Fd"cmTC_fe0ab.dir\Debug\vc140.pdb" /Gd /TC /errorReport:queue "C:\Project\PlusB-bin\vtk-bin\CMakeFiles\CheckTypeSize\H5_SIZEOF_OFF64_T.c"
  H5_SIZEOF_OFF64_T.c
  
C:\Project\PlusB-bin\vtk-bin\CMakeFiles\CheckTypeSize\H5_SIZEOF_OFF64_T.c(29): error C2065: 'off64_t': undeclared identifier [C:\Project\PlusB-bin\vtk-bin\CMakeFiles\CMakeTmp\cmTC_fe0ab.vcxproj]
C:\Project\PlusB-bin\vtk-bin\CMakeFiles\CheckTypeSize\H5_SIZEOF_OFF64_T.c(30): error C2065: 'off64_t': undeclared identifier [C:\Project\PlusB-bin\vtk-bin\CMakeFiles\CMakeTmp\cmTC_fe0ab.vcxproj]
C:\Project\PlusB-bin\vtk-bin\CMakeFiles\CheckTypeSize\H5_SIZEOF_OFF64_T.c(31): error C2065: 'off64_t': undeclared identifier [C:\Project\PlusB-bin\vtk-bin\CMakeFiles\CMakeTmp\cmTC_fe0ab.vcxproj]
C:\Project\PlusB-bin\vtk-bin\CMakeFiles\CheckTypeSize\H5_SIZEOF_OFF64_T.c(32): error C2065: 'off64_t': undeclared identifier [C:\Project\PlusB-bin\vtk-bin\CMakeFiles\CMakeTmp\cmTC_fe0ab.vcxproj]
C:\Project\PlusB-bin\vtk-bin\CMakeFiles\CheckTypeSize\H5_SIZEOF_OFF64_T.c(33): error C2065: 'off64_t': undeclared identifier [C:\Project\PlusB-bin\vtk-bin\CMakeFiles\CMakeTmp\cmTC_fe0ab.vcxproj]


C:/Project/PlusB-bin/vtk-bin/CMakeFiles/CheckTypeSize/H5_SIZEOF_OFF64_T.c:
#include <sys/types.h>
#include <stdint.h>
#include <stddef.h>


#undef KEY
#if defined(__i386)
# define KEY '_','_','i','3','8','6'
#elif defined(__x86_64)
# define KEY '_','_','x','8','6','_','6','4'
#elif defined(__PPC64__)
# define KEY '_','_','P','P','C','6','4','_','_'
#elif defined(__ppc64__)
# define KEY '_','_','p','p','c','6','4','_','_'
#elif defined(__PPC__)
# define KEY '_','_','P','P','C','_','_'
#elif defined(__ppc__)
# define KEY '_','_','p','p','c','_','_'
#elif defined(__aarch64__)
# define KEY '_','_','a','a','r','c','h','6','4','_','_'
#elif defined(__ARM_ARCH_7A__)
# define KEY '_','_','A','R','M','_','A','R','C','H','_','7','A','_','_'
#elif defined(__ARM_ARCH_7S__)
# define KEY '_','_','A','R','M','_','A','R','C','H','_','7','S','_','_'
#endif

#define SIZE (sizeof(off64_t))
static char info_size[] =  {'I', 'N', 'F', 'O', ':', 's','i','z','e','[',
  ('0' + ((SIZE / 10000)%10)),
  ('0' + ((SIZE / 1000)%10)),
  ('0' + ((SIZE / 100)%10)),
  ('0' + ((SIZE / 10)%10)),
  ('0' +  (SIZE    % 10)),
  ']',
#ifdef KEY
  ' ','k','e','y','[', KEY, ']',
#endif
  '\0'};

#ifdef __CLASSIC_C__
int main(argc, argv) int argc; char *argv[];
#else
int main(int argc, char *argv[])
#endif
{
  int require = 0;
  require += info_size[argc];
  (void)argv;
  return require;
}


Determining if the function alarm exists failed with the following output:
Change Dir: C:/Project/PlusB-bin/vtk-bin/CMakeFiles/CMakeTmp

Run Build Command(s):C:/Program Files (x86)/Microsoft Visual Studio/2019/Community/MSBuild/Current/Bin/MSBuild.exe cmTC_a7c9c.vcxproj /p:Configuration=Debug /p:Platform=x64 /p:VisualStudioVersion=16.0 /v:m && Microsoft (R) Build Engine version 16.7.0+b89cb5fde for .NET Framework
Copyright (C) Microsoft Corporation. All rights reserved.

  Microsoft (R) C/C++ Optimizing Compiler Version 19.00.24245 for x64
  Copyright (C) Microsoft Corporation.  All rights reserved.
  
  cl /c /Zi /W0 /WX- /MP /Od /Ob0 /D WIN32 /D _WINDOWS /D CHECK_FUNCTION_EXISTS=alarm /D WIN32_LEAN_AND_MEAN=1 /D NOGDI=1 /D "CMAKE_INTDIR=\"Debug\"" /D _MBCS /Gm- /RTC1 /MDd /GS /fp:precise /Zc:wchar_t /Zc:forScope /Zc:inline /Fo"cmTC_a7c9c.dir\Debug\\" /Fd"cmTC_a7c9c.dir\Debug\vc140.pdb" /Gd /TC /errorReport:queue "C:\Program Files\CMake\share\cmake-3.19\Modules\CheckFunctionExists.c"
  CheckFunctionExists.c
  
CheckFunctionExists.obj : error LNK2019: unresolved external symbol alarm referenced in function main [C:\Project\PlusB-bin\vtk-bin\CMakeFiles\CMakeTmp\cmTC_a7c9c.vcxproj]
C:\Project\PlusB-bin\vtk-bin\CMakeFiles\CMakeTmp\Debug\cmTC_a7c9c.exe : fatal error LNK1120: 1 unresolved externals [C:\Project\PlusB-bin\vtk-bin\CMakeFiles\CMakeTmp\cmTC_a7c9c.vcxproj]



Determining if the function fcntl exists failed with the following output:
Change Dir: C:/Project/PlusB-bin/vtk-bin/CMakeFiles/CMakeTmp

Run Build Command(s):C:/Program Files (x86)/Microsoft Visual Studio/2019/Community/MSBuild/Current/Bin/MSBuild.exe cmTC_1f58c.vcxproj /p:Configuration=Debug /p:Platform=x64 /p:VisualStudioVersion=16.0 /v:m && Microsoft (R) Build Engine version 16.7.0+b89cb5fde for .NET Framework
Copyright (C) Microsoft Corporation. All rights reserved.

  Microsoft (R) C/C++ Optimizing Compiler Version 19.00.24245 for x64
  Copyright (C) Microsoft Corporation.  All rights reserved.
  
  cl /c /Zi /W0 /WX- /MP /Od /Ob0 /D WIN32 /D _WINDOWS /D CHECK_FUNCTION_EXISTS=fcntl /D WIN32_LEAN_AND_MEAN=1 /D NOGDI=1 /D "CMAKE_INTDIR=\"Debug\"" /D _MBCS /Gm- /RTC1 /MDd /GS /fp:precise /Zc:wchar_t /Zc:forScope /Zc:inline /Fo"cmTC_1f58c.dir\Debug\\" /Fd"cmTC_1f58c.dir\Debug\vc140.pdb" /Gd /TC /errorReport:queue "C:\Program Files\CMake\share\cmake-3.19\Modules\CheckFunctionExists.c"
  CheckFunctionExists.c
  
CheckFunctionExists.obj : error LNK2019: unresolved external symbol fcntl referenced in function main [C:\Project\PlusB-bin\vtk-bin\CMakeFiles\CMakeTmp\cmTC_1f58c.vcxproj]
C:\Project\PlusB-bin\vtk-bin\CMakeFiles\CMakeTmp\Debug\cmTC_1f58c.exe : fatal error LNK1120: 1 unresolved externals [C:\Project\PlusB-bin\vtk-bin\CMakeFiles\CMakeTmp\cmTC_1f58c.vcxproj]



Determining if the function flock exists failed with the following output:
Change Dir: C:/Project/PlusB-bin/vtk-bin/CMakeFiles/CMakeTmp

Run Build Command(s):C:/Program Files (x86)/Microsoft Visual Studio/2019/Community/MSBuild/Current/Bin/MSBuild.exe cmTC_9cd17.vcxproj /p:Configuration=Debug /p:Platform=x64 /p:VisualStudioVersion=16.0 /v:m && Microsoft (R) Build Engine version 16.7.0+b89cb5fde for .NET Framework
Copyright (C) Microsoft Corporation. All rights reserved.

  Microsoft (R) C/C++ Optimizing Compiler Version 19.00.24245 for x64
  Copyright (C) Microsoft Corporation.  All rights reserved.
  
  cl /c /Zi /W0 /WX- /MP /Od /Ob0 /D WIN32 /D _WINDOWS /D CHECK_FUNCTION_EXISTS=flock /D WIN32_LEAN_AND_MEAN=1 /D NOGDI=1 /D "CMAKE_INTDIR=\"Debug\"" /D _MBCS /Gm- /RTC1 /MDd /GS /fp:precise /Zc:wchar_t /Zc:forScope /Zc:inline /Fo"cmTC_9cd17.dir\Debug\\" /Fd"cmTC_9cd17.dir\Debug\vc140.pdb" /Gd /TC /errorReport:queue "C:\Program Files\CMake\share\cmake-3.19\Modules\CheckFunctionExists.c"
  CheckFunctionExists.c
  
CheckFunctionExists.obj : error LNK2019: unresolved external symbol flock referenced in function main [C:\Project\PlusB-bin\vtk-bin\CMakeFiles\CMakeTmp\cmTC_9cd17.vcxproj]
C:\Project\PlusB-bin\vtk-bin\CMakeFiles\CMakeTmp\Debug\cmTC_9cd17.exe : fatal error LNK1120: 1 unresolved externals [C:\Project\PlusB-bin\vtk-bin\CMakeFiles\CMakeTmp\cmTC_9cd17.vcxproj]



Determining if the function fork exists failed with the following output:
Change Dir: C:/Project/PlusB-bin/vtk-bin/CMakeFiles/CMakeTmp

Run Build Command(s):C:/Program Files (x86)/Microsoft Visual Studio/2019/Community/MSBuild/Current/Bin/MSBuild.exe cmTC_4e78f.vcxproj /p:Configuration=Debug /p:Platform=x64 /p:VisualStudioVersion=16.0 /v:m && Microsoft (R) Build Engine version 16.7.0+b89cb5fde for .NET Framework
Copyright (C) Microsoft Corporation. All rights reserved.

  Microsoft (R) C/C++ Optimizing Compiler Version 19.00.24245 for x64
  Copyright (C) Microsoft Corporation.  All rights reserved.
  
  cl /c /Zi /W0 /WX- /MP /Od /Ob0 /D WIN32 /D _WINDOWS /D CHECK_FUNCTION_EXISTS=fork /D WIN32_LEAN_AND_MEAN=1 /D NOGDI=1 /D "CMAKE_INTDIR=\"Debug\"" /D _MBCS /Gm- /RTC1 /MDd /GS /fp:precise /Zc:wchar_t /Zc:forScope /Zc:inline /Fo"cmTC_4e78f.dir\Debug\\" /Fd"cmTC_4e78f.dir\Debug\vc140.pdb" /Gd /TC /errorReport:queue "C:\Program Files\CMake\share\cmake-3.19\Modules\CheckFunctionExists.c"
  CheckFunctionExists.c
  
CheckFunctionExists.obj : error LNK2019: unresolved external symbol fork referenced in function main [C:\Project\PlusB-bin\vtk-bin\CMakeFiles\CMakeTmp\cmTC_4e78f.vcxproj]
C:\Project\PlusB-bin\vtk-bin\CMakeFiles\CMakeTmp\Debug\cmTC_4e78f.exe : fatal error LNK1120: 1 unresolved externals [C:\Project\PlusB-bin\vtk-bin\CMakeFiles\CMakeTmp\cmTC_4e78f.vcxproj]



Determining if the function frexpf exists failed with the following output:
Change Dir: C:/Project/PlusB-bin/vtk-bin/CMakeFiles/CMakeTmp

Run Build Command(s):C:/Program Files (x86)/Microsoft Visual Studio/2019/Community/MSBuild/Current/Bin/MSBuild.exe cmTC_1df9d.vcxproj /p:Configuration=Debug /p:Platform=x64 /p:VisualStudioVersion=16.0 /v:m && Microsoft (R) Build Engine version 16.7.0+b89cb5fde for .NET Framework
Copyright (C) Microsoft Corporation. All rights reserved.

  Microsoft (R) C/C++ Optimizing Compiler Version 19.00.24245 for x64
  Copyright (C) Microsoft Corporation.  All rights reserved.
  
  cl /c /Zi /W0 /WX- /MP /Od /Ob0 /D WIN32 /D _WINDOWS /D CHECK_FUNCTION_EXISTS=frexpf /D WIN32_LEAN_AND_MEAN=1 /D NOGDI=1 /D "CMAKE_INTDIR=\"Debug\"" /D _MBCS /Gm- /RTC1 /MDd /GS /fp:precise /Zc:wchar_t /Zc:forScope /Zc:inline /Fo"cmTC_1df9d.dir\Debug\\" /Fd"cmTC_1df9d.dir\Debug\vc140.pdb" /Gd /TC /errorReport:queue "C:\Program Files\CMake\share\cmake-3.19\Modules\CheckFunctionExists.c"
  CheckFunctionExists.c
  
CheckFunctionExists.obj : error LNK2019: unresolved external symbol frexpf referenced in function main [C:\Project\PlusB-bin\vtk-bin\CMakeFiles\CMakeTmp\cmTC_1df9d.vcxproj]
C:\Project\PlusB-bin\vtk-bin\CMakeFiles\CMakeTmp\Debug\cmTC_1df9d.exe : fatal error LNK1120: 1 unresolved externals [C:\Project\PlusB-bin\vtk-bin\CMakeFiles\CMakeTmp\cmTC_1df9d.vcxproj]



Determining if the function frexpl exists failed with the following output:
Change Dir: C:/Project/PlusB-bin/vtk-bin/CMakeFiles/CMakeTmp

Run Build Command(s):C:/Program Files (x86)/Microsoft Visual Studio/2019/Community/MSBuild/Current/Bin/MSBuild.exe cmTC_c8df5.vcxproj /p:Configuration=Debug /p:Platform=x64 /p:VisualStudioVersion=16.0 /v:m && Microsoft (R) Build Engine version 16.7.0+b89cb5fde for .NET Framework
Copyright (C) Microsoft Corporation. All rights reserved.

  Microsoft (R) C/C++ Optimizing Compiler Version 19.00.24245 for x64
  Copyright (C) Microsoft Corporation.  All rights reserved.
  
  cl /c /Zi /W0 /WX- /MP /Od /Ob0 /D WIN32 /D _WINDOWS /D CHECK_FUNCTION_EXISTS=frexpl /D WIN32_LEAN_AND_MEAN=1 /D NOGDI=1 /D "CMAKE_INTDIR=\"Debug\"" /D _MBCS /Gm- /RTC1 /MDd /GS /fp:precise /Zc:wchar_t /Zc:forScope /Zc:inline /Fo"cmTC_c8df5.dir\Debug\\" /Fd"cmTC_c8df5.dir\Debug\vc140.pdb" /Gd /TC /errorReport:queue "C:\Program Files\CMake\share\cmake-3.19\Modules\CheckFunctionExists.c"
  CheckFunctionExists.c
  
CheckFunctionExists.obj : error LNK2019: unresolved external symbol frexpl referenced in function main [C:\Project\PlusB-bin\vtk-bin\CMakeFiles\CMakeTmp\cmTC_c8df5.vcxproj]
C:\Project\PlusB-bin\vtk-bin\CMakeFiles\CMakeTmp\Debug\cmTC_c8df5.exe : fatal error LNK1120: 1 unresolved externals [C:\Project\PlusB-bin\vtk-bin\CMakeFiles\CMakeTmp\cmTC_c8df5.vcxproj]



Determining if the function getrusage exists failed with the following output:
Change Dir: C:/Project/PlusB-bin/vtk-bin/CMakeFiles/CMakeTmp

Run Build Command(s):C:/Program Files (x86)/Microsoft Visual Studio/2019/Community/MSBuild/Current/Bin/MSBuild.exe cmTC_aea46.vcxproj /p:Configuration=Debug /p:Platform=x64 /p:VisualStudioVersion=16.0 /v:m && Microsoft (R) Build Engine version 16.7.0+b89cb5fde for .NET Framework
Copyright (C) Microsoft Corporation. All rights reserved.

  Microsoft (R) C/C++ Optimizing Compiler Version 19.00.24245 for x64
  Copyright (C) Microsoft Corporation.  All rights reserved.
  
  cl /c /Zi /W0 /WX- /MP /Od /Ob0 /D WIN32 /D _WINDOWS /D CHECK_FUNCTION_EXISTS=getrusage /D WIN32_LEAN_AND_MEAN=1 /D NOGDI=1 /D "CMAKE_INTDIR=\"Debug\"" /D _MBCS /Gm- /RTC1 /MDd /GS /fp:precise /Zc:wchar_t /Zc:forScope /Zc:inline /Fo"cmTC_aea46.dir\Debug\\" /Fd"cmTC_aea46.dir\Debug\vc140.pdb" /Gd /TC /errorReport:queue "C:\Program Files\CMake\share\cmake-3.19\Modules\CheckFunctionExists.c"
  CheckFunctionExists.c
  
CheckFunctionExists.obj : error LNK2019: unresolved external symbol getrusage referenced in function main [C:\Project\PlusB-bin\vtk-bin\CMakeFiles\CMakeTmp\cmTC_aea46.vcxproj]
C:\Project\PlusB-bin\vtk-bin\CMakeFiles\CMakeTmp\Debug\cmTC_aea46.exe : fatal error LNK1120: 1 unresolved externals [C:\Project\PlusB-bin\vtk-bin\CMakeFiles\CMakeTmp\cmTC_aea46.vcxproj]



Determining if the function rand_r exists failed with the following output:
Change Dir: C:/Project/PlusB-bin/vtk-bin/CMakeFiles/CMakeTmp

Run Build Command(s):C:/Program Files (x86)/Microsoft Visual Studio/2019/Community/MSBuild/Current/Bin/MSBuild.exe cmTC_af567.vcxproj /p:Configuration=Debug /p:Platform=x64 /p:VisualStudioVersion=16.0 /v:m && Microsoft (R) Build Engine version 16.7.0+b89cb5fde for .NET Framework
Copyright (C) Microsoft Corporation. All rights reserved.

  Microsoft (R) C/C++ Optimizing Compiler Version 19.00.24245 for x64
  Copyright (C) Microsoft Corporation.  All rights reserved.
  
  cl /c /Zi /W0 /WX- /MP /Od /Ob0 /D WIN32 /D _WINDOWS /D CHECK_FUNCTION_EXISTS=rand_r /D WIN32_LEAN_AND_MEAN=1 /D NOGDI=1 /D "CMAKE_INTDIR=\"Debug\"" /D _MBCS /Gm- /RTC1 /MDd /GS /fp:precise /Zc:wchar_t /Zc:forScope /Zc:inline /Fo"cmTC_af567.dir\Debug\\" /Fd"cmTC_af567.dir\Debug\vc140.pdb" /Gd /TC /errorReport:queue "C:\Program Files\CMake\share\cmake-3.19\Modules\CheckFunctionExists.c"
  CheckFunctionExists.c
  
CheckFunctionExists.obj : error LNK2019: unresolved external symbol rand_r referenced in function main [C:\Project\PlusB-bin\vtk-bin\CMakeFiles\CMakeTmp\cmTC_af567.vcxproj]
C:\Project\PlusB-bin\vtk-bin\CMakeFiles\CMakeTmp\Debug\cmTC_af567.exe : fatal error LNK1120: 1 unresolved externals [C:\Project\PlusB-bin\vtk-bin\CMakeFiles\CMakeTmp\cmTC_af567.vcxproj]



Determining if the function random exists failed with the following output:
Change Dir: C:/Project/PlusB-bin/vtk-bin/CMakeFiles/CMakeTmp

Run Build Command(s):C:/Program Files (x86)/Microsoft Visual Studio/2019/Community/MSBuild/Current/Bin/MSBuild.exe cmTC_53250.vcxproj /p:Configuration=Debug /p:Platform=x64 /p:VisualStudioVersion=16.0 /v:m && Microsoft (R) Build Engine version 16.7.0+b89cb5fde for .NET Framework
Copyright (C) Microsoft Corporation. All rights reserved.

  Microsoft (R) C/C++ Optimizing Compiler Version 19.00.24245 for x64
  Copyright (C) Microsoft Corporation.  All rights reserved.
  
  cl /c /Zi /W0 /WX- /MP /Od /Ob0 /D WIN32 /D _WINDOWS /D CHECK_FUNCTION_EXISTS=random /D WIN32_LEAN_AND_MEAN=1 /D NOGDI=1 /D "CMAKE_INTDIR=\"Debug\"" /D _MBCS /Gm- /RTC1 /MDd /GS /fp:precise /Zc:wchar_t /Zc:forScope /Zc:inline /Fo"cmTC_53250.dir\Debug\\" /Fd"cmTC_53250.dir\Debug\vc140.pdb" /Gd /TC /errorReport:queue "C:\Program Files\CMake\share\cmake-3.19\Modules\CheckFunctionExists.c"
  CheckFunctionExists.c
  
CheckFunctionExists.obj : error LNK2019: unresolved external symbol random referenced in function main [C:\Project\PlusB-bin\vtk-bin\CMakeFiles\CMakeTmp\cmTC_53250.vcxproj]
C:\Project\PlusB-bin\vtk-bin\CMakeFiles\CMakeTmp\Debug\cmTC_53250.exe : fatal error LNK1120: 1 unresolved externals [C:\Project\PlusB-bin\vtk-bin\CMakeFiles\CMakeTmp\cmTC_53250.vcxproj]



Determining if the function setsysinfo exists failed with the following output:
Change Dir: C:/Project/PlusB-bin/vtk-bin/CMakeFiles/CMakeTmp

Run Build Command(s):C:/Program Files (x86)/Microsoft Visual Studio/2019/Community/MSBuild/Current/Bin/MSBuild.exe cmTC_56506.vcxproj /p:Configuration=Debug /p:Platform=x64 /p:VisualStudioVersion=16.0 /v:m && Microsoft (R) Build Engine version 16.7.0+b89cb5fde for .NET Framework
Copyright (C) Microsoft Corporation. All rights reserved.

  Microsoft (R) C/C++ Optimizing Compiler Version 19.00.24245 for x64
  Copyright (C) Microsoft Corporation.  All rights reserved.
  
  cl /c /Zi /W0 /WX- /MP /Od /Ob0 /D WIN32 /D _WINDOWS /D CHECK_FUNCTION_EXISTS=setsysinfo /D WIN32_LEAN_AND_MEAN=1 /D NOGDI=1 /D "CMAKE_INTDIR=\"Debug\"" /D _MBCS /Gm- /RTC1 /MDd /GS /fp:precise /Zc:wchar_t /Zc:forScope /Zc:inline /Fo"cmTC_56506.dir\Debug\\" /Fd"cmTC_56506.dir\Debug\vc140.pdb" /Gd /TC /errorReport:queue "C:\Program Files\CMake\share\cmake-3.19\Modules\CheckFunctionExists.c"
  CheckFunctionExists.c
  
CheckFunctionExists.obj : error LNK2019: unresolved external symbol setsysinfo referenced in function main [C:\Project\PlusB-bin\vtk-bin\CMakeFiles\CMakeTmp\cmTC_56506.vcxproj]
C:\Project\PlusB-bin\vtk-bin\CMakeFiles\CMakeTmp\Debug\cmTC_56506.exe : fatal error LNK1120: 1 unresolved externals [C:\Project\PlusB-bin\vtk-bin\CMakeFiles\CMakeTmp\cmTC_56506.vcxproj]



Determining if the function siglongjmp exists failed with the following output:
Change Dir: C:/Project/PlusB-bin/vtk-bin/CMakeFiles/CMakeTmp

Run Build Command(s):C:/Program Files (x86)/Microsoft Visual Studio/2019/Community/MSBuild/Current/Bin/MSBuild.exe cmTC_eaeb9.vcxproj /p:Configuration=Debug /p:Platform=x64 /p:VisualStudioVersion=16.0 /v:m && Microsoft (R) Build Engine version 16.7.0+b89cb5fde for .NET Framework
Copyright (C) Microsoft Corporation. All rights reserved.

  Microsoft (R) C/C++ Optimizing Compiler Version 19.00.24245 for x64
  Copyright (C) Microsoft Corporation.  All rights reserved.
  
  cl /c /Zi /W0 /WX- /MP /Od /Ob0 /D WIN32 /D _WINDOWS /D CHECK_FUNCTION_EXISTS=siglongjmp /D WIN32_LEAN_AND_MEAN=1 /D NOGDI=1 /D "CMAKE_INTDIR=\"Debug\"" /D _MBCS /Gm- /RTC1 /MDd /GS /fp:precise /Zc:wchar_t /Zc:forScope /Zc:inline /Fo"cmTC_eaeb9.dir\Debug\\" /Fd"cmTC_eaeb9.dir\Debug\vc140.pdb" /Gd /TC /errorReport:queue "C:\Program Files\CMake\share\cmake-3.19\Modules\CheckFunctionExists.c"
  CheckFunctionExists.c
  
CheckFunctionExists.obj : error LNK2019: unresolved external symbol siglongjmp referenced in function main [C:\Project\PlusB-bin\vtk-bin\CMakeFiles\CMakeTmp\cmTC_eaeb9.vcxproj]
C:\Project\PlusB-bin\vtk-bin\CMakeFiles\CMakeTmp\Debug\cmTC_eaeb9.exe : fatal error LNK1120: 1 unresolved externals [C:\Project\PlusB-bin\vtk-bin\CMakeFiles\CMakeTmp\cmTC_eaeb9.vcxproj]



Determining if the function sigsetjmp exists failed with the following output:
Change Dir: C:/Project/PlusB-bin/vtk-bin/CMakeFiles/CMakeTmp

Run Build Command(s):C:/Program Files (x86)/Microsoft Visual Studio/2019/Community/MSBuild/Current/Bin/MSBuild.exe cmTC_e12eb.vcxproj /p:Configuration=Debug /p:Platform=x64 /p:VisualStudioVersion=16.0 /v:m && Microsoft (R) Build Engine version 16.7.0+b89cb5fde for .NET Framework
Copyright (C) Microsoft Corporation. All rights reserved.

  Microsoft (R) C/C++ Optimizing Compiler Version 19.00.24245 for x64
  Copyright (C) Microsoft Corporation.  All rights reserved.
  
  cl /c /Zi /W0 /WX- /MP /Od /Ob0 /D WIN32 /D _WINDOWS /D CHECK_FUNCTION_EXISTS=sigsetjmp /D WIN32_LEAN_AND_MEAN=1 /D NOGDI=1 /D "CMAKE_INTDIR=\"Debug\"" /D _MBCS /Gm- /RTC1 /MDd /GS /fp:precise /Zc:wchar_t /Zc:forScope /Zc:inline /Fo"cmTC_e12eb.dir\Debug\\" /Fd"cmTC_e12eb.dir\Debug\vc140.pdb" /Gd /TC /errorReport:queue "C:\Program Files\CMake\share\cmake-3.19\Modules\CheckFunctionExists.c"
  CheckFunctionExists.c
  
CheckFunctionExists.obj : error LNK2019: unresolved external symbol sigsetjmp referenced in function main [C:\Project\PlusB-bin\vtk-bin\CMakeFiles\CMakeTmp\cmTC_e12eb.vcxproj]
C:\Project\PlusB-bin\vtk-bin\CMakeFiles\CMakeTmp\Debug\cmTC_e12eb.exe : fatal error LNK1120: 1 unresolved externals [C:\Project\PlusB-bin\vtk-bin\CMakeFiles\CMakeTmp\cmTC_e12eb.vcxproj]



Determining if the function sigprocmask exists failed with the following output:
Change Dir: C:/Project/PlusB-bin/vtk-bin/CMakeFiles/CMakeTmp

Run Build Command(s):C:/Program Files (x86)/Microsoft Visual Studio/2019/Community/MSBuild/Current/Bin/MSBuild.exe cmTC_758fa.vcxproj /p:Configuration=Debug /p:Platform=x64 /p:VisualStudioVersion=16.0 /v:m && Microsoft (R) Build Engine version 16.7.0+b89cb5fde for .NET Framework
Copyright (C) Microsoft Corporation. All rights reserved.

  Microsoft (R) C/C++ Optimizing Compiler Version 19.00.24245 for x64
  Copyright (C) Microsoft Corporation.  All rights reserved.
  
  cl /c /Zi /W0 /WX- /MP /Od /Ob0 /D WIN32 /D _WINDOWS /D CHECK_FUNCTION_EXISTS=sigprocmask /D WIN32_LEAN_AND_MEAN=1 /D NOGDI=1 /D "CMAKE_INTDIR=\"Debug\"" /D _MBCS /Gm- /RTC1 /MDd /GS /fp:precise /Zc:wchar_t /Zc:forScope /Zc:inline /Fo"cmTC_758fa.dir\Debug\\" /Fd"cmTC_758fa.dir\Debug\vc140.pdb" /Gd /TC /errorReport:queue "C:\Program Files\CMake\share\cmake-3.19\Modules\CheckFunctionExists.c"
  CheckFunctionExists.c
  
CheckFunctionExists.obj : error LNK2019: unresolved external symbol sigprocmask referenced in function main [C:\Project\PlusB-bin\vtk-bin\CMakeFiles\CMakeTmp\cmTC_758fa.vcxproj]
C:\Project\PlusB-bin\vtk-bin\CMakeFiles\CMakeTmp\Debug\cmTC_758fa.exe : fatal error LNK1120: 1 unresolved externals [C:\Project\PlusB-bin\vtk-bin\CMakeFiles\CMakeTmp\cmTC_758fa.vcxproj]



Determining if the function symlink exists failed with the following output:
Change Dir: C:/Project/PlusB-bin/vtk-bin/CMakeFiles/CMakeTmp

Run Build Command(s):C:/Program Files (x86)/Microsoft Visual Studio/2019/Community/MSBuild/Current/Bin/MSBuild.exe cmTC_69786.vcxproj /p:Configuration=Debug /p:Platform=x64 /p:VisualStudioVersion=16.0 /v:m && Microsoft (R) Build Engine version 16.7.0+b89cb5fde for .NET Framework
Copyright (C) Microsoft Corporation. All rights reserved.

  Microsoft (R) C/C++ Optimizing Compiler Version 19.00.24245 for x64
  Copyright (C) Microsoft Corporation.  All rights reserved.
  
  cl /c /Zi /W0 /WX- /MP /Od /Ob0 /D WIN32 /D _WINDOWS /D CHECK_FUNCTION_EXISTS=symlink /D WIN32_LEAN_AND_MEAN=1 /D NOGDI=1 /D "CMAKE_INTDIR=\"Debug\"" /D _MBCS /Gm- /RTC1 /MDd /GS /fp:precise /Zc:wchar_t /Zc:forScope /Zc:inline /Fo"cmTC_69786.dir\Debug\\" /Fd"cmTC_69786.dir\Debug\vc140.pdb" /Gd /TC /errorReport:queue "C:\Program Files\CMake\share\cmake-3.19\Modules\CheckFunctionExists.c"
  CheckFunctionExists.c
  
CheckFunctionExists.obj : error LNK2019: unresolved external symbol symlink referenced in function main [C:\Project\PlusB-bin\vtk-bin\CMakeFiles\CMakeTmp\cmTC_69786.vcxproj]
C:\Project\PlusB-bin\vtk-bin\CMakeFiles\CMakeTmp\Debug\cmTC_69786.exe : fatal error LNK1120: 1 unresolved externals [C:\Project\PlusB-bin\vtk-bin\CMakeFiles\CMakeTmp\cmTC_69786.vcxproj]



Determining if the function asprintf exists failed with the following output:
Change Dir: C:/Project/PlusB-bin/vtk-bin/CMakeFiles/CMakeTmp

Run Build Command(s):C:/Program Files (x86)/Microsoft Visual Studio/2019/Community/MSBuild/Current/Bin/MSBuild.exe cmTC_b6ecf.vcxproj /p:Configuration=Debug /p:Platform=x64 /p:VisualStudioVersion=16.0 /v:m && Microsoft (R) Build Engine version 16.7.0+b89cb5fde for .NET Framework
Copyright (C) Microsoft Corporation. All rights reserved.

  Microsoft (R) C/C++ Optimizing Compiler Version 19.00.24245 for x64
  Copyright (C) Microsoft Corporation.  All rights reserved.
  
  cl /c /Zi /W0 /WX- /MP /Od /Ob0 /D WIN32 /D _WINDOWS /D CHECK_FUNCTION_EXISTS=asprintf /D WIN32_LEAN_AND_MEAN=1 /D NOGDI=1 /D "CMAKE_INTDIR=\"Debug\"" /D _MBCS /Gm- /RTC1 /MDd /GS /fp:precise /Zc:wchar_t /Zc:forScope /Zc:inline /Fo"cmTC_b6ecf.dir\Debug\\" /Fd"cmTC_b6ecf.dir\Debug\vc140.pdb" /Gd /TC /errorReport:queue "C:\Program Files\CMake\share\cmake-3.19\Modules\CheckFunctionExists.c"
  CheckFunctionExists.c
  
CheckFunctionExists.obj : error LNK2019: unresolved external symbol asprintf referenced in function main [C:\Project\PlusB-bin\vtk-bin\CMakeFiles\CMakeTmp\cmTC_b6ecf.vcxproj]
C:\Project\PlusB-bin\vtk-bin\CMakeFiles\CMakeTmp\Debug\cmTC_b6ecf.exe : fatal error LNK1120: 1 unresolved externals [C:\Project\PlusB-bin\vtk-bin\CMakeFiles\CMakeTmp\cmTC_b6ecf.vcxproj]



Determining if the function vasprintf exists failed with the following output:
Change Dir: C:/Project/PlusB-bin/vtk-bin/CMakeFiles/CMakeTmp

Run Build Command(s):C:/Program Files (x86)/Microsoft Visual Studio/2019/Community/MSBuild/Current/Bin/MSBuild.exe cmTC_8bc3e.vcxproj /p:Configuration=Debug /p:Platform=x64 /p:VisualStudioVersion=16.0 /v:m && Microsoft (R) Build Engine version 16.7.0+b89cb5fde for .NET Framework
Copyright (C) Microsoft Corporation. All rights reserved.

  Microsoft (R) C/C++ Optimizing Compiler Version 19.00.24245 for x64
  Copyright (C) Microsoft Corporation.  All rights reserved.
  
  cl /c /Zi /W0 /WX- /MP /Od /Ob0 /D WIN32 /D _WINDOWS /D CHECK_FUNCTION_EXISTS=vasprintf /D WIN32_LEAN_AND_MEAN=1 /D NOGDI=1 /D "CMAKE_INTDIR=\"Debug\"" /D _MBCS /Gm- /RTC1 /MDd /GS /fp:precise /Zc:wchar_t /Zc:forScope /Zc:inline /Fo"cmTC_8bc3e.dir\Debug\\" /Fd"cmTC_8bc3e.dir\Debug\vc140.pdb" /Gd /TC /errorReport:queue "C:\Program Files\CMake\share\cmake-3.19\Modules\CheckFunctionExists.c"
  CheckFunctionExists.c
  
CheckFunctionExists.obj : error LNK2019: unresolved external symbol vasprintf referenced in function main [C:\Project\PlusB-bin\vtk-bin\CMakeFiles\CMakeTmp\cmTC_8bc3e.vcxproj]
C:\Project\PlusB-bin\vtk-bin\CMakeFiles\CMakeTmp\Debug\cmTC_8bc3e.exe : fatal error LNK1120: 1 unresolved externals [C:\Project\PlusB-bin\vtk-bin\CMakeFiles\CMakeTmp\cmTC_8bc3e.vcxproj]



Determining if the function waitpid exists failed with the following output:
Change Dir: C:/Project/PlusB-bin/vtk-bin/CMakeFiles/CMakeTmp

Run Build Command(s):C:/Program Files (x86)/Microsoft Visual Studio/2019/Community/MSBuild/Current/Bin/MSBuild.exe cmTC_334bd.vcxproj /p:Configuration=Debug /p:Platform=x64 /p:VisualStudioVersion=16.0 /v:m && Microsoft (R) Build Engine version 16.7.0+b89cb5fde for .NET Framework
Copyright (C) Microsoft Corporation. All rights reserved.

  Microsoft (R) C/C++ Optimizing Compiler Version 19.00.24245 for x64
  Copyright (C) Microsoft Corporation.  All rights reserved.
  
  cl /c /Zi /W0 /WX- /MP /Od /Ob0 /D WIN32 /D _WINDOWS /D CHECK_FUNCTION_EXISTS=waitpid /D WIN32_LEAN_AND_MEAN=1 /D NOGDI=1 /D "CMAKE_INTDIR=\"Debug\"" /D _MBCS /Gm- /RTC1 /MDd /GS /fp:precise /Zc:wchar_t /Zc:forScope /Zc:inline /Fo"cmTC_334bd.dir\Debug\\" /Fd"cmTC_334bd.dir\Debug\vc140.pdb" /Gd /TC /errorReport:queue "C:\Program Files\CMake\share\cmake-3.19\Modules\CheckFunctionExists.c"
  CheckFunctionExists.c
  
CheckFunctionExists.obj : error LNK2019: unresolved external symbol waitpid referenced in function main [C:\Project\PlusB-bin\vtk-bin\CMakeFiles\CMakeTmp\cmTC_334bd.vcxproj]
C:\Project\PlusB-bin\vtk-bin\CMakeFiles\CMakeTmp\Debug\cmTC_334bd.exe : fatal error LNK1120: 1 unresolved externals [C:\Project\PlusB-bin\vtk-bin\CMakeFiles\CMakeTmp\cmTC_334bd.vcxproj]



Determining if the sigsetjmp exist failed with the following output:
Change Dir: C:/Project/PlusB-bin/vtk-bin/CMakeFiles/CMakeTmp

Run Build Command(s):C:/Program Files (x86)/Microsoft Visual Studio/2019/Community/MSBuild/Current/Bin/MSBuild.exe cmTC_ef505.vcxproj /p:Configuration=Debug /p:Platform=x64 /p:VisualStudioVersion=16.0 /v:m && Microsoft (R) Build Engine version 16.7.0+b89cb5fde for .NET Framework
Copyright (C) Microsoft Corporation. All rights reserved.

  Microsoft (R) C/C++ Optimizing Compiler Version 19.00.24245 for x64
  Copyright (C) Microsoft Corporation.  All rights reserved.
  
  cl /c /Zi /W0 /WX- /MP /Od /Ob0 /D WIN32 /D _WINDOWS /D WIN32_LEAN_AND_MEAN=1 /D NOGDI=1 /D "CMAKE_INTDIR=\"Debug\"" /D _MBCS /Gm- /RTC1 /MDd /GS /fp:precise /Zc:wchar_t /Zc:forScope /Zc:inline /Fo"cmTC_ef505.dir\Debug\\" /Fd"cmTC_ef505.dir\Debug\vc140.pdb" /Gd /TC /errorReport:queue "C:\Project\PlusB-bin\vtk-bin\CMakeFiles\CMakeTmp\CheckSymbolExists.c"
  CheckSymbolExists.c
  
C:\Project\PlusB-bin\vtk-bin\CMakeFiles\CMakeTmp\CheckSymbolExists.c(8): error C2065: 'sigsetjmp': undeclared identifier [C:\Project\PlusB-bin\vtk-bin\CMakeFiles\CMakeTmp\cmTC_ef505.vcxproj]


File C:/Project/PlusB-bin/vtk-bin/CMakeFiles/CMakeTmp/CheckSymbolExists.c:
/* */
#include <setjmp.h>

int main(int argc, char** argv)
{
  (void)argv;
#ifndef sigsetjmp
  return ((int*)(&sigsetjmp))[argc];
#else
  (void)argc;
  return 0;
#endif
}
Performing Other Test HAVE___INLINE__ failed with the following output:
Change Dir: C:/Project/PlusB-bin/vtk-bin/CMakeFiles/CMakeTmp

Run Build Command(s):C:/Program Files (x86)/Microsoft Visual Studio/2019/Community/MSBuild/Current/Bin/MSBuild.exe cmTC_a6d79.vcxproj /p:Configuration=Debug /p:Platform=x64 /p:VisualStudioVersion=16.0 /v:m && Microsoft (R) Build Engine version 16.7.0+b89cb5fde for .NET Framework
Copyright (C) Microsoft Corporation. All rights reserved.

  Microsoft (R) C/C++ Optimizing Compiler Version 19.00.24245 for x64
  Copyright (C) Microsoft Corporation.  All rights reserved.
  
  cl /c /Zi /W0 /WX- /MP /Od /Ob0 /D WIN32 /D _WINDOWS /D HAVE___INLINE__ /D WIN32_LEAN_AND_MEAN=1 /D NOGDI=1 /D HAVE_SYS_TYPES_H /D "CMAKE_INTDIR=\"Debug\"" /D _MBCS /Gm- /RTC1 /MDd /GS /fp:precise /Zc:wchar_t /Zc:forScope /Zc:inline /Fo"cmTC_a6d79.dir\Debug\\" /Fd"cmTC_a6d79.dir\Debug\vc140.pdb" /Gd /TC /errorReport:queue "C:\Project\PlusB-bin\vtk\ThirdParty\hdf5\vtkhdf5\config\cmake_ext_mod\HDFTests.c"
  HDFTests.c
  
C:\Project\PlusB-bin\vtk\ThirdParty\hdf5\vtkhdf5\config\cmake_ext_mod\HDFTests.c(432): error C2054: expected '(' to follow '__inline__' [C:\Project\PlusB-bin\vtk-bin\CMakeFiles\CMakeTmp\cmTC_a6d79.vcxproj]
C:\Project\PlusB-bin\vtk\ThirdParty\hdf5\vtkhdf5\config\cmake_ext_mod\HDFTests.c(432): error C2085: 'static_foo': not in formal parameter list [C:\Project\PlusB-bin\vtk-bin\CMakeFiles\CMakeTmp\cmTC_a6d79.vcxproj]
C:\Project\PlusB-bin\vtk\ThirdParty\hdf5\vtkhdf5\config\cmake_ext_mod\HDFTests.c(432): error C2143: syntax error: missing ';' before '{' [C:\Project\PlusB-bin\vtk-bin\CMakeFiles\CMakeTmp\cmTC_a6d79.vcxproj]
C:\Project\PlusB-bin\vtk\ThirdParty\hdf5\vtkhdf5\config\cmake_ext_mod\HDFTests.c(433): error C2054: expected '(' to follow '__inline__' [C:\Project\PlusB-bin\vtk-bin\CMakeFiles\CMakeTmp\cmTC_a6d79.vcxproj]
C:\Project\PlusB-bin\vtk\ThirdParty\hdf5\vtkhdf5\config\cmake_ext_mod\HDFTests.c(433): error C2085: 'foo': not in formal parameter list [C:\Project\PlusB-bin\vtk-bin\CMakeFiles\CMakeTmp\cmTC_a6d79.vcxproj]
C:\Project\PlusB-bin\vtk\ThirdParty\hdf5\vtkhdf5\config\cmake_ext_mod\HDFTests.c(433): error C2143: syntax error: missing ';' before '{' [C:\Project\PlusB-bin\vtk-bin\CMakeFiles\CMakeTmp\cmTC_a6d79.vcxproj]


Determining size of __float128 failed with the following output:
Change Dir: C:/Project/PlusB-bin/vtk-bin/CMakeFiles/CMakeTmp

Run Build Command(s):C:/Program Files (x86)/Microsoft Visual Studio/2019/Community/MSBuild/Current/Bin/MSBuild.exe cmTC_a71a8.vcxproj /p:Configuration=Debug /p:Platform=x64 /p:VisualStudioVersion=16.0 /v:m && Microsoft (R) Build Engine version 16.7.0+b89cb5fde for .NET Framework
Copyright (C) Microsoft Corporation. All rights reserved.

  Microsoft (R) C/C++ Optimizing Compiler Version 19.00.24245 for x64
  Copyright (C) Microsoft Corporation.  All rights reserved.
  
  cl /c /Zi /W0 /WX- /MP /Od /Ob0 /D WIN32 /D _WINDOWS /D WIN32_LEAN_AND_MEAN=1 /D NOGDI=1 /D "CMAKE_INTDIR=\"Debug\"" /D _MBCS /Gm- /RTC1 /MDd /GS /fp:precise /Zc:wchar_t /Zc:forScope /Zc:inline /Fo"cmTC_a71a8.dir\Debug\\" /Fd"cmTC_a71a8.dir\Debug\vc140.pdb" /Gd /TC /errorReport:queue "C:\Project\PlusB-bin\vtk-bin\CMakeFiles\CheckTypeSize\SIZEOF___FLOAT128.c"
  SIZEOF___FLOAT128.c
  
C:\Project\PlusB-bin\vtk-bin\CMakeFiles\CheckTypeSize\SIZEOF___FLOAT128.c(30): error C2065: '__float128': undeclared identifier [C:\Project\PlusB-bin\vtk-bin\CMakeFiles\CMakeTmp\cmTC_a71a8.vcxproj]
C:\Project\PlusB-bin\vtk-bin\CMakeFiles\CheckTypeSize\SIZEOF___FLOAT128.c(31): error C2065: '__float128': undeclared identifier [C:\Project\PlusB-bin\vtk-bin\CMakeFiles\CMakeTmp\cmTC_a71a8.vcxproj]
C:\Project\PlusB-bin\vtk-bin\CMakeFiles\CheckTypeSize\SIZEOF___FLOAT128.c(32): error C2065: '__float128': undeclared identifier [C:\Project\PlusB-bin\vtk-bin\CMakeFiles\CMakeTmp\cmTC_a71a8.vcxproj]
C:\Project\PlusB-bin\vtk-bin\CMakeFiles\CheckTypeSize\SIZEOF___FLOAT128.c(33): error C2065: '__float128': undeclared identifier [C:\Project\PlusB-bin\vtk-bin\CMakeFiles\CMakeTmp\cmTC_a71a8.vcxproj]
C:\Project\PlusB-bin\vtk-bin\CMakeFiles\CheckTypeSize\SIZEOF___FLOAT128.c(34): error C2065: '__float128': undeclared identifier [C:\Project\PlusB-bin\vtk-bin\CMakeFiles\CMakeTmp\cmTC_a71a8.vcxproj]


C:/Project/PlusB-bin/vtk-bin/CMakeFiles/CheckTypeSize/SIZEOF___FLOAT128.c:
#include <sys/types.h>
#include <stdint.h>
#include <stddef.h>
#include "stdbool.h"


#undef KEY
#if defined(__i386)
# define KEY '_','_','i','3','8','6'
#elif defined(__x86_64)
# define KEY '_','_','x','8','6','_','6','4'
#elif defined(__PPC64__)
# define KEY '_','_','P','P','C','6','4','_','_'
#elif defined(__ppc64__)
# define KEY '_','_','p','p','c','6','4','_','_'
#elif defined(__PPC__)
# define KEY '_','_','P','P','C','_','_'
#elif defined(__ppc__)
# define KEY '_','_','p','p','c','_','_'
#elif defined(__aarch64__)
# define KEY '_','_','a','a','r','c','h','6','4','_','_'
#elif defined(__ARM_ARCH_7A__)
# define KEY '_','_','A','R','M','_','A','R','C','H','_','7','A','_','_'
#elif defined(__ARM_ARCH_7S__)
# define KEY '_','_','A','R','M','_','A','R','C','H','_','7','S','_','_'
#endif

#define SIZE (sizeof(__float128))
static char info_size[] =  {'I', 'N', 'F', 'O', ':', 's','i','z','e','[',
  ('0' + ((SIZE / 10000)%10)),
  ('0' + ((SIZE / 1000)%10)),
  ('0' + ((SIZE / 100)%10)),
  ('0' + ((SIZE / 10)%10)),
  ('0' +  (SIZE    % 10)),
  ']',
#ifdef KEY
  ' ','k','e','y','[', KEY, ']',
#endif
  '\0'};

#ifdef __CLASSIC_C__
int main(argc, argv) int argc; char *argv[];
#else
int main(int argc, char *argv[])
#endif
{
  int require = 0;
  require += info_size[argc];
  (void)argv;
  return require;
}


Test H5_LDOUBLE_TO_LONG_SPECIAL Run failed with the following output and exit code:
 Change Dir: C:/Project/PlusB-bin/vtk-bin/CMakeFiles/CMakeTmp

Run Build Command(s):C:/Program Files (x86)/Microsoft Visual Studio/2019/Community/MSBuild/Current/Bin/MSBuild.exe cmTC_ee221.vcxproj /p:Configuration=Debug /p:Platform=x64 /p:VisualStudioVersion=16.0 /v:m && Microsoft (R) Build Engine version 16.7.0+b89cb5fde for .NET Framework
Copyright (C) Microsoft Corporation. All rights reserved.

  Microsoft (R) C/C++ Optimizing Compiler Version 19.00.24245 for x64
  Copyright (C) Microsoft Corporation.  All rights reserved.
  
  cl /c /Zi /W0 /WX- /MP /Od /Ob0 /D WIN32 /D _WINDOWS /D H5_LDOUBLE_TO_LONG_SPECIAL_TEST /D "CMAKE_INTDIR=\"Debug\"" /D _MBCS /Gm- /RTC1 /MDd /GS /fp:precise /Zc:wchar_t /Zc:forScope /Zc:inline /Fo"cmTC_ee221.dir\Debug\\" /Fd"cmTC_ee221.dir\Debug\vc140.pdb" /Gd /TC /errorReport:queue "C:\Project\PlusB-bin\vtk\ThirdParty\hdf5\vtkhdf5\config\cmake\ConversionTests.c"
  ConversionTests.c
  
  cmTC_ee221.vcxproj -> C:\Project\PlusB-bin\vtk-bin\CMakeFiles\CMakeTmp\Debug\cmTC_ee221.exe
  cmTC_ee221.vcxproj -> C:/Project/PlusB-bin/vtk-bin/CMakeFiles/CMakeTmp/Debug/cmTC_ee221.pdb (Full PDB)


Test H5_LONG_TO_LDOUBLE_SPECIAL Run failed with the following output and exit code:
 Change Dir: C:/Project/PlusB-bin/vtk-bin/CMakeFiles/CMakeTmp

Run Build Command(s):C:/Program Files (x86)/Microsoft Visual Studio/2019/Community/MSBuild/Current/Bin/MSBuild.exe cmTC_70587.vcxproj /p:Configuration=Debug /p:Platform=x64 /p:VisualStudioVersion=16.0 /v:m && Microsoft (R) Build Engine version 16.7.0+b89cb5fde for .NET Framework
Copyright (C) Microsoft Corporation. All rights reserved.

  Microsoft (R) C/C++ Optimizing Compiler Version 19.00.24245 for x64
  Copyright (C) Microsoft Corporation.  All rights reserved.
  
  cl /c /Zi /W0 /WX- /MP /Od /Ob0 /D WIN32 /D _WINDOWS /D H5_LONG_TO_LDOUBLE_SPECIAL_TEST /D "CMAKE_INTDIR=\"Debug\"" /D _MBCS /Gm- /RTC1 /MDd /GS /fp:precise /Zc:wchar_t /Zc:forScope /Zc:inline /Fo"cmTC_70587.dir\Debug\\" /Fd"cmTC_70587.dir\Debug\vc140.pdb" /Gd /TC /errorReport:queue "C:\Project\PlusB-bin\vtk\ThirdParty\hdf5\vtkhdf5\config\cmake\ConversionTests.c"
  ConversionTests.c
  
  cmTC_70587.vcxproj -> C:\Project\PlusB-bin\vtk-bin\CMakeFiles\CMakeTmp\Debug\cmTC_70587.exe
  cmTC_70587.vcxproj -> C:/Project/PlusB-bin/vtk-bin/CMakeFiles/CMakeTmp/Debug/cmTC_70587.pdb (Full PDB)


Determining if the alloca exist failed with the following output:
Change Dir: C:/Project/PlusB-bin/vtk-bin/CMakeFiles/CMakeTmp

Run Build Command(s):C:/Program Files (x86)/Microsoft Visual Studio/2019/Community/MSBuild/Current/Bin/MSBuild.exe cmTC_4521b.vcxproj /p:Configuration=Debug /p:Platform=x64 /p:VisualStudioVersion=16.0 /v:m && Microsoft (R) Build Engine version 16.7.0+b89cb5fde for .NET Framework
Copyright (C) Microsoft Corporation. All rights reserved.

  Microsoft (R) C/C++ Optimizing Compiler Version 19.00.24245 for x64
  Copyright (C) Microsoft Corporation.  All rights reserved.
  
  cl /c /Zi /W0 /WX- /MP /Od /Ob0 /D WIN32 /D _WINDOWS /D "CMAKE_INTDIR=\"Debug\"" /D _MBCS /Gm- /RTC1 /MDd /GS /fp:precise /Zc:wchar_t /Zc:forScope /Zc:inline /Fo"cmTC_4521b.dir\Debug\\" /Fd"cmTC_4521b.dir\Debug\vc140.pdb" /Gd /TC /errorReport:queue "C:\Project\PlusB-bin\vtk-bin\CMakeFiles\CMakeTmp\CheckSymbolExists.c"
  CheckSymbolExists.c
  
C:\Project\PlusB-bin\vtk-bin\CMakeFiles\CMakeTmp\CheckSymbolExists.c(2): fatal error C1083: Cannot open include file: 'alloca.h': No such file or directory [C:\Project\PlusB-bin\vtk-bin\CMakeFiles\CMakeTmp\cmTC_4521b.vcxproj]


File C:/Project/PlusB-bin/vtk-bin/CMakeFiles/CMakeTmp/CheckSymbolExists.c:
/* */
#include <alloca.h>

int main(int argc, char** argv)
{
  (void)argv;
#ifndef alloca
  return ((int*)(&alloca))[argc];
#else
  (void)argc;
  return 0;
#endif
}
Determining if the fsync exist failed with the following output:
Change Dir: C:/Project/PlusB-bin/vtk-bin/CMakeFiles/CMakeTmp

Run Build Command(s):C:/Program Files (x86)/Microsoft Visual Studio/2019/Community/MSBuild/Current/Bin/MSBuild.exe cmTC_1f0d2.vcxproj /p:Configuration=Debug /p:Platform=x64 /p:VisualStudioVersion=16.0 /v:m && Microsoft (R) Build Engine version 16.7.0+b89cb5fde for .NET Framework
Copyright (C) Microsoft Corporation. All rights reserved.

  Microsoft (R) C/C++ Optimizing Compiler Version 19.00.24245 for x64
  Copyright (C) Microsoft Corporation.  All rights reserved.
  
  cl /c /Zi /W0 /WX- /MP /Od /Ob0 /D WIN32 /D _WINDOWS /D "CMAKE_INTDIR=\"Debug\"" /D _MBCS /Gm- /RTC1 /MDd /GS /fp:precise /Zc:wchar_t /Zc:forScope /Zc:inline /Fo"cmTC_1f0d2.dir\Debug\\" /Fd"cmTC_1f0d2.dir\Debug\vc140.pdb" /Gd /TC /errorReport:queue "C:\Project\PlusB-bin\vtk-bin\CMakeFiles\CMakeTmp\CheckSymbolExists.c"
  CheckSymbolExists.c
  
C:\Project\PlusB-bin\vtk-bin\CMakeFiles\CMakeTmp\CheckSymbolExists.c(2): fatal error C1083: Cannot open include file: 'unistd.h': No such file or directory [C:\Project\PlusB-bin\vtk-bin\CMakeFiles\CMakeTmp\cmTC_1f0d2.vcxproj]


File C:/Project/PlusB-bin/vtk-bin/CMakeFiles/CMakeTmp/CheckSymbolExists.c:
/* */
#include <unistd.h>

int main(int argc, char** argv)
{
  (void)argv;
#ifndef fsync
  return ((int*)(&fsync))[argc];
#else
  (void)argc;
  return 0;
#endif
}
Determining if the getrlimit exist failed with the following output:
Change Dir: C:/Project/PlusB-bin/vtk-bin/CMakeFiles/CMakeTmp

Run Build Command(s):C:/Program Files (x86)/Microsoft Visual Studio/2019/Community/MSBuild/Current/Bin/MSBuild.exe cmTC_2b7af.vcxproj /p:Configuration=Debug /p:Platform=x64 /p:VisualStudioVersion=16.0 /v:m && Microsoft (R) Build Engine version 16.7.0+b89cb5fde for .NET Framework
Copyright (C) Microsoft Corporation. All rights reserved.

  Microsoft (R) C/C++ Optimizing Compiler Version 19.00.24245 for x64
  Copyright (C) Microsoft Corporation.  All rights reserved.
  
  cl /c /Zi /W0 /WX- /MP /Od /Ob0 /D WIN32 /D _WINDOWS /D "CMAKE_INTDIR=\"Debug\"" /D _MBCS /Gm- /RTC1 /MDd /GS /fp:precise /Zc:wchar_t /Zc:forScope /Zc:inline /Fo"cmTC_2b7af.dir\Debug\\" /Fd"cmTC_2b7af.dir\Debug\vc140.pdb" /Gd /TC /errorReport:queue "C:\Project\PlusB-bin\vtk-bin\CMakeFiles\CMakeTmp\CheckSymbolExists.c"
  CheckSymbolExists.c
  
C:\Project\PlusB-bin\vtk-bin\CMakeFiles\CMakeTmp\CheckSymbolExists.c(2): fatal error C1083: Cannot open include file: 'sys/time.h': No such file or directory [C:\Project\PlusB-bin\vtk-bin\CMakeFiles\CMakeTmp\cmTC_2b7af.vcxproj]


File C:/Project/PlusB-bin/vtk-bin/CMakeFiles/CMakeTmp/CheckSymbolExists.c:
/* */
#include <sys/time.h>
#include <sys/resource.h>

int main(int argc, char** argv)
{
  (void)argv;
#ifndef getrlimit
  return ((int*)(&getrlimit))[argc];
#else
  (void)argc;
  return 0;
#endif
}
Determining if the random exist failed with the following output:
Change Dir: C:/Project/PlusB-bin/vtk-bin/CMakeFiles/CMakeTmp

Run Build Command(s):C:/Program Files (x86)/Microsoft Visual Studio/2019/Community/MSBuild/Current/Bin/MSBuild.exe cmTC_48605.vcxproj /p:Configuration=Debug /p:Platform=x64 /p:VisualStudioVersion=16.0 /v:m && Microsoft (R) Build Engine version 16.7.0+b89cb5fde for .NET Framework
Copyright (C) Microsoft Corporation. All rights reserved.

  Microsoft (R) C/C++ Optimizing Compiler Version 19.00.24245 for x64
  Copyright (C) Microsoft Corporation.  All rights reserved.
  
  cl /c /Zi /W0 /WX- /MP /Od /Ob0 /D WIN32 /D _WINDOWS /D "CMAKE_INTDIR=\"Debug\"" /D _MBCS /Gm- /RTC1 /MDd /GS /fp:precise /Zc:wchar_t /Zc:forScope /Zc:inline /Fo"cmTC_48605.dir\Debug\\" /Fd"cmTC_48605.dir\Debug\vc140.pdb" /Gd /TC /errorReport:queue "C:\Project\PlusB-bin\vtk-bin\CMakeFiles\CMakeTmp\CheckSymbolExists.c"
  CheckSymbolExists.c
  
C:\Project\PlusB-bin\vtk-bin\CMakeFiles\CMakeTmp\CheckSymbolExists.c(8): error C2065: 'random': undeclared identifier [C:\Project\PlusB-bin\vtk-bin\CMakeFiles\CMakeTmp\cmTC_48605.vcxproj]


File C:/Project/PlusB-bin/vtk-bin/CMakeFiles/CMakeTmp/CheckSymbolExists.c:
/* */
#include <stdlib.h>

int main(int argc, char** argv)
{
  (void)argv;
#ifndef random
  return ((int*)(&random))[argc];
#else
  (void)argc;
  return 0;
#endif
}
Determining if the strlcat exist failed with the following output:
Change Dir: C:/Project/PlusB-bin/vtk-bin/CMakeFiles/CMakeTmp

Run Build Command(s):C:/Program Files (x86)/Microsoft Visual Studio/2019/Community/MSBuild/Current/Bin/MSBuild.exe cmTC_5bee0.vcxproj /p:Configuration=Debug /p:Platform=x64 /p:VisualStudioVersion=16.0 /v:m && Microsoft (R) Build Engine version 16.7.0+b89cb5fde for .NET Framework
Copyright (C) Microsoft Corporation. All rights reserved.

  Microsoft (R) C/C++ Optimizing Compiler Version 19.00.24245 for x64
  Copyright (C) Microsoft Corporation.  All rights reserved.
  
  cl /c /Zi /W0 /WX- /MP /Od /Ob0 /D WIN32 /D _WINDOWS /D "CMAKE_INTDIR=\"Debug\"" /D _MBCS /Gm- /RTC1 /MDd /GS /fp:precise /Zc:wchar_t /Zc:forScope /Zc:inline /Fo"cmTC_5bee0.dir\Debug\\" /Fd"cmTC_5bee0.dir\Debug\vc140.pdb" /Gd /TC /errorReport:queue "C:\Project\PlusB-bin\vtk-bin\CMakeFiles\CMakeTmp\CheckSymbolExists.c"
  CheckSymbolExists.c
  
C:\Project\PlusB-bin\vtk-bin\CMakeFiles\CMakeTmp\CheckSymbolExists.c(8): error C2065: 'strlcat': undeclared identifier [C:\Project\PlusB-bin\vtk-bin\CMakeFiles\CMakeTmp\cmTC_5bee0.vcxproj]


File C:/Project/PlusB-bin/vtk-bin/CMakeFiles/CMakeTmp/CheckSymbolExists.c:
/* */
#include <string.h>

int main(int argc, char** argv)
{
  (void)argv;
#ifndef strlcat
  return ((int*)(&strlcat))[argc];
#else
  (void)argc;
  return 0;
#endif
}
Determining if the st_blocksize exist failed with the following output:
Change Dir: C:/Project/PlusB-bin/vtk-bin/CMakeFiles/CMakeTmp

Run Build Command(s):C:/Program Files (x86)/Microsoft Visual Studio/2019/Community/MSBuild/Current/Bin/MSBuild.exe cmTC_a6797.vcxproj /p:Configuration=Debug /p:Platform=x64 /p:VisualStudioVersion=16.0 /v:m && Microsoft (R) Build Engine version 16.7.0+b89cb5fde for .NET Framework
Copyright (C) Microsoft Corporation. All rights reserved.

  Microsoft (R) C/C++ Optimizing Compiler Version 19.00.24245 for x64
  Copyright (C) Microsoft Corporation.  All rights reserved.
  
  cl /c /Zi /W0 /WX- /MP /Od /Ob0 /D WIN32 /D _WINDOWS /D "CMAKE_INTDIR=\"Debug\"" /D _MBCS /Gm- /RTC1 /MDd /GS /fp:precise /Zc:wchar_t /Zc:forScope /Zc:inline /Fo"cmTC_a6797.dir\Debug\\" /Fd"cmTC_a6797.dir\Debug\vc140.pdb" /Gd /TC /errorReport:queue "C:\Project\PlusB-bin\vtk-bin\CMakeFiles\CMakeTmp\CheckSymbolExists.c"
  CheckSymbolExists.c
  
C:\Project\PlusB-bin\vtk-bin\CMakeFiles\CMakeTmp\CheckSymbolExists.c(8): error C2065: 'st_blocksize': undeclared identifier [C:\Project\PlusB-bin\vtk-bin\CMakeFiles\CMakeTmp\cmTC_a6797.vcxproj]


File C:/Project/PlusB-bin/vtk-bin/CMakeFiles/CMakeTmp/CheckSymbolExists.c:
/* */
#include <sys/stat.h>

int main(int argc, char** argv)
{
  (void)argv;
#ifndef st_blocksize
  return ((int*)(&st_blocksize))[argc];
#else
  (void)argc;
  return 0;
#endif
}
Determining if the sysconf exist failed with the following output:
Change Dir: C:/Project/PlusB-bin/vtk-bin/CMakeFiles/CMakeTmp

Run Build Command(s):C:/Program Files (x86)/Microsoft Visual Studio/2019/Community/MSBuild/Current/Bin/MSBuild.exe cmTC_d8b95.vcxproj /p:Configuration=Debug /p:Platform=x64 /p:VisualStudioVersion=16.0 /v:m && Microsoft (R) Build Engine version 16.7.0+b89cb5fde for .NET Framework
Copyright (C) Microsoft Corporation. All rights reserved.

  Microsoft (R) C/C++ Optimizing Compiler Version 19.00.24245 for x64
  Copyright (C) Microsoft Corporation.  All rights reserved.
  
  cl /c /Zi /W0 /WX- /MP /Od /Ob0 /D WIN32 /D _WINDOWS /D "CMAKE_INTDIR=\"Debug\"" /D _MBCS /Gm- /RTC1 /MDd /GS /fp:precise /Zc:wchar_t /Zc:forScope /Zc:inline /Fo"cmTC_d8b95.dir\Debug\\" /Fd"cmTC_d8b95.dir\Debug\vc140.pdb" /Gd /TC /errorReport:queue "C:\Project\PlusB-bin\vtk-bin\CMakeFiles\CMakeTmp\CheckSymbolExists.c"
  CheckSymbolExists.c
  
C:\Project\PlusB-bin\vtk-bin\CMakeFiles\CMakeTmp\CheckSymbolExists.c(2): fatal error C1083: Cannot open include file: 'unistd.h': No such file or directory [C:\Project\PlusB-bin\vtk-bin\CMakeFiles\CMakeTmp\cmTC_d8b95.vcxproj]


File C:/Project/PlusB-bin/vtk-bin/CMakeFiles/CMakeTmp/CheckSymbolExists.c:
/* */
#include <unistd.h>

int main(int argc, char** argv)
{
  (void)argv;
#ifndef sysconf
  return ((int*)(&sysconf))[argc];
#else
  (void)argc;
  return 0;
#endif
}
Determining if the H5free_memory exist failed with the following output:
Change Dir: C:/Project/PlusB-bin/vtk-bin/CMakeFiles/CMakeTmp

Run Build Command(s):C:/Program Files (x86)/Microsoft Visual Studio/2019/Community/MSBuild/Current/Bin/MSBuild.exe cmTC_86a1d.vcxproj /p:Configuration=Debug /p:Platform=x64 /p:VisualStudioVersion=16.0 /v:m && Microsoft (R) Build Engine version 16.7.0+b89cb5fde for .NET Framework
Copyright (C) Microsoft Corporation. All rights reserved.

  Microsoft (R) C/C++ Optimizing Compiler Version 19.00.24245 for x64
  Copyright (C) Microsoft Corporation.  All rights reserved.
  
  cl /c /Zi /W0 /WX- /MP /Od /Ob0 /D WIN32 /D _WINDOWS /D "CMAKE_INTDIR=\"Debug\"" /D _MBCS /Gm- /RTC1 /MDd /GS /fp:precise /Zc:wchar_t /Zc:forScope /Zc:inline /Fo"cmTC_86a1d.dir\Debug\\" /Fd"cmTC_86a1d.dir\Debug\vc140.pdb" /Gd /TC /errorReport:queue "C:\Project\PlusB-bin\vtk-bin\CMakeFiles\CMakeTmp\CheckSymbolExists.c"
  CheckSymbolExists.c
  
C:\Project\PlusB-bin\vtk-bin\CMakeFiles\CMakeTmp\CheckSymbolExists.c(2): fatal error C1083: Cannot open include file: 'vtk_hdf5.h': No such file or directory [C:\Project\PlusB-bin\vtk-bin\CMakeFiles\CMakeTmp\cmTC_86a1d.vcxproj]


File C:/Project/PlusB-bin/vtk-bin/CMakeFiles/CMakeTmp/CheckSymbolExists.c:
/* */
#include <vtk_hdf5.h>

int main(int argc, char** argv)
{
  (void)argv;
#ifndef H5free_memory
  return ((int*)(&H5free_memory))[argc];
#else
  (void)argc;
  return 0;
#endif
}
Determining if the H5Pset_all_coll_metadata_ops exist failed with the following output:
Change Dir: C:/Project/PlusB-bin/vtk-bin/CMakeFiles/CMakeTmp

Run Build Command(s):C:/Program Files (x86)/Microsoft Visual Studio/2019/Community/MSBuild/Current/Bin/MSBuild.exe cmTC_310f1.vcxproj /p:Configuration=Debug /p:Platform=x64 /p:VisualStudioVersion=16.0 /v:m && Microsoft (R) Build Engine version 16.7.0+b89cb5fde for .NET Framework
Copyright (C) Microsoft Corporation. All rights reserved.

  Microsoft (R) C/C++ Optimizing Compiler Version 19.00.24245 for x64
  Copyright (C) Microsoft Corporation.  All rights reserved.
  
  cl /c /Zi /W0 /WX- /MP /Od /Ob0 /D WIN32 /D _WINDOWS /D "CMAKE_INTDIR=\"Debug\"" /D _MBCS /Gm- /RTC1 /MDd /GS /fp:precise /Zc:wchar_t /Zc:forScope /Zc:inline /Fo"cmTC_310f1.dir\Debug\\" /Fd"cmTC_310f1.dir\Debug\vc140.pdb" /Gd /TC /errorReport:queue "C:\Project\PlusB-bin\vtk-bin\CMakeFiles\CMakeTmp\CheckSymbolExists.c"
  CheckSymbolExists.c
  
C:\Project\PlusB-bin\vtk-bin\CMakeFiles\CMakeTmp\CheckSymbolExists.c(2): fatal error C1083: Cannot open include file: 'vtk_hdf5.h': No such file or directory [C:\Project\PlusB-bin\vtk-bin\CMakeFiles\CMakeTmp\cmTC_310f1.vcxproj]


File C:/Project/PlusB-bin/vtk-bin/CMakeFiles/CMakeTmp/CheckSymbolExists.c:
/* */
#include <vtk_hdf5.h>

int main(int argc, char** argv)
{
  (void)argv;
#ifndef H5Pset_all_coll_metadata_ops
  return ((int*)(&H5Pset_all_coll_metadata_ops))[argc];
#else
  (void)argc;
  return 0;
#endif
}
Determining if the H5Pset_libver_bounds exist failed with the following output:
Change Dir: C:/Project/PlusB-bin/vtk-bin/CMakeFiles/CMakeTmp

Run Build Command(s):C:/Program Files (x86)/Microsoft Visual Studio/2019/Community/MSBuild/Current/Bin/MSBuild.exe cmTC_b816f.vcxproj /p:Configuration=Debug /p:Platform=x64 /p:VisualStudioVersion=16.0 /v:m && Microsoft (R) Build Engine version 16.7.0+b89cb5fde for .NET Framework
Copyright (C) Microsoft Corporation. All rights reserved.

  Microsoft (R) C/C++ Optimizing Compiler Version 19.00.24245 for x64
  Copyright (C) Microsoft Corporation.  All rights reserved.
  
  cl /c /Zi /W0 /WX- /MP /Od /Ob0 /D WIN32 /D _WINDOWS /D "CMAKE_INTDIR=\"Debug\"" /D _MBCS /Gm- /RTC1 /MDd /GS /fp:precise /Zc:wchar_t /Zc:forScope /Zc:inline /Fo"cmTC_b816f.dir\Debug\\" /Fd"cmTC_b816f.dir\Debug\vc140.pdb" /Gd /TC /errorReport:queue "C:\Project\PlusB-bin\vtk-bin\CMakeFiles\CMakeTmp\CheckSymbolExists.c"
  CheckSymbolExists.c
  
C:\Project\PlusB-bin\vtk-bin\CMakeFiles\CMakeTmp\CheckSymbolExists.c(2): fatal error C1083: Cannot open include file: 'vtk_hdf5.h': No such file or directory [C:\Project\PlusB-bin\vtk-bin\CMakeFiles\CMakeTmp\cmTC_b816f.vcxproj]


File C:/Project/PlusB-bin/vtk-bin/CMakeFiles/CMakeTmp/CheckSymbolExists.c:
/* */
#include <vtk_hdf5.h>

int main(int argc, char** argv)
{
  (void)argv;
#ifndef H5Pset_libver_bounds
  return ((int*)(&H5Pset_libver_bounds))[argc];
#else
  (void)argc;
  return 0;
#endif
}
Determining if the HDF5_PARALLEL exist failed with the following output:
Change Dir: C:/Project/PlusB-bin/vtk-bin/CMakeFiles/CMakeTmp

Run Build Command(s):C:/Program Files (x86)/Microsoft Visual Studio/2019/Community/MSBuild/Current/Bin/MSBuild.exe cmTC_a1258.vcxproj /p:Configuration=Debug /p:Platform=x64 /p:VisualStudioVersion=16.0 /v:m && Microsoft (R) Build Engine version 16.7.0+b89cb5fde for .NET Framework
Copyright (C) Microsoft Corporation. All rights reserved.

  Microsoft (R) C/C++ Optimizing Compiler Version 19.00.24245 for x64
  Copyright (C) Microsoft Corporation.  All rights reserved.
  
  cl /c /Zi /W0 /WX- /MP /Od /Ob0 /D WIN32 /D _WINDOWS /D "CMAKE_INTDIR=\"Debug\"" /D _MBCS /Gm- /RTC1 /MDd /GS /fp:precise /Zc:wchar_t /Zc:forScope /Zc:inline /Fo"cmTC_a1258.dir\Debug\\" /Fd"cmTC_a1258.dir\Debug\vc140.pdb" /Gd /TC /errorReport:queue "C:\Project\PlusB-bin\vtk-bin\CMakeFiles\CMakeTmp\CheckSymbolExists.c"
  CheckSymbolExists.c
  
C:\Project\PlusB-bin\vtk-bin\CMakeFiles\CMakeTmp\CheckSymbolExists.c(2): fatal error C1083: Cannot open include file: 'vtk_hdf5.h': No such file or directory [C:\Project\PlusB-bin\vtk-bin\CMakeFiles\CMakeTmp\cmTC_a1258.vcxproj]


File C:/Project/PlusB-bin/vtk-bin/CMakeFiles/CMakeTmp/CheckSymbolExists.c:
/* */
#include <vtk_hdf5.h>

int main(int argc, char** argv)
{
  (void)argv;
#ifndef HDF5_PARALLEL
  return ((int*)(&HDF5_PARALLEL))[argc];
#else
  (void)argc;
  return 0;
#endif
}
Determining if the include file alloca.h exists failed with the following output:
Change Dir: C:/Project/PlusB-bin/vtk-bin/CMakeFiles/CMakeTmp

Run Build Command(s):C:/Program Files (x86)/Microsoft Visual Studio/2019/Community/MSBuild/Current/Bin/MSBuild.exe cmTC_db505.vcxproj /p:Configuration=Debug /p:Platform=x64 /p:VisualStudioVersion=16.0 /v:m && Microsoft (R) Build Engine version 16.7.0+b89cb5fde for .NET Framework
Copyright (C) Microsoft Corporation. All rights reserved.

  Microsoft (R) C/C++ Optimizing Compiler Version 19.00.24245 for x64
  Copyright (C) Microsoft Corporation.  All rights reserved.
  
  cl /c /Zi /W0 /WX- /MP /Od /Ob0 /D WIN32 /D _WINDOWS /D "CMAKE_INTDIR=\"Debug\"" /D _MBCS /Gm- /RTC1 /MDd /GS /fp:precise /Zc:wchar_t /Zc:forScope /Zc:inline /Fo"cmTC_db505.dir\Debug\\" /Fd"cmTC_db505.dir\Debug\vc140.pdb" /Gd /TC /errorReport:queue "C:\Project\PlusB-bin\vtk-bin\CMakeFiles\CMakeTmp\CheckIncludeFile.c"
  CheckIncludeFile.c
  
C:\Project\PlusB-bin\vtk-bin\CMakeFiles\CMakeTmp\CheckIncludeFile.c(1): fatal error C1083: Cannot open include file: 'alloca.h': No such file or directory [C:\Project\PlusB-bin\vtk-bin\CMakeFiles\CMakeTmp\cmTC_db505.vcxproj]



Determining if the include file sys/param.h exists failed with the following output:
Change Dir: C:/Project/PlusB-bin/vtk-bin/CMakeFiles/CMakeTmp

Run Build Command(s):C:/Program Files (x86)/Microsoft Visual Studio/2019/Community/MSBuild/Current/Bin/MSBuild.exe cmTC_c1770.vcxproj /p:Configuration=Debug /p:Platform=x64 /p:VisualStudioVersion=16.0 /v:m && Microsoft (R) Build Engine version 16.7.0+b89cb5fde for .NET Framework
Copyright (C) Microsoft Corporation. All rights reserved.

  Microsoft (R) C/C++ Optimizing Compiler Version 19.00.24245 for x64
  Copyright (C) Microsoft Corporation.  All rights reserved.
  
  cl /c /Zi /W0 /WX- /MP /Od /Ob0 /D WIN32 /D _WINDOWS /D "CMAKE_INTDIR=\"Debug\"" /D _MBCS /Gm- /RTC1 /MDd /GS /fp:precise /Zc:wchar_t /Zc:forScope /Zc:inline /Fo"cmTC_c1770.dir\Debug\\" /Fd"cmTC_c1770.dir\Debug\vc140.pdb" /Gd /TC /errorReport:queue "C:\Project\PlusB-bin\vtk-bin\CMakeFiles\CMakeTmp\CheckIncludeFile.c"
  CheckIncludeFile.c
  
C:\Project\PlusB-bin\vtk-bin\CMakeFiles\CMakeTmp\CheckIncludeFile.c(1): fatal error C1083: Cannot open include file: 'sys/param.h': No such file or directory [C:\Project\PlusB-bin\vtk-bin\CMakeFiles\CMakeTmp\cmTC_c1770.vcxproj]



Determining if the include file sys/resource.h exists failed with the following output:
Change Dir: C:/Project/PlusB-bin/vtk-bin/CMakeFiles/CMakeTmp

Run Build Command(s):C:/Program Files (x86)/Microsoft Visual Studio/2019/Community/MSBuild/Current/Bin/MSBuild.exe cmTC_4f506.vcxproj /p:Configuration=Debug /p:Platform=x64 /p:VisualStudioVersion=16.0 /v:m && Microsoft (R) Build Engine version 16.7.0+b89cb5fde for .NET Framework
Copyright (C) Microsoft Corporation. All rights reserved.

  Microsoft (R) C/C++ Optimizing Compiler Version 19.00.24245 for x64
  Copyright (C) Microsoft Corporation.  All rights reserved.
  
  cl /c /Zi /W0 /WX- /MP /Od /Ob0 /D WIN32 /D _WINDOWS /D "CMAKE_INTDIR=\"Debug\"" /D _MBCS /Gm- /RTC1 /MDd /GS /fp:precise /Zc:wchar_t /Zc:forScope /Zc:inline /Fo"cmTC_4f506.dir\Debug\\" /Fd"cmTC_4f506.dir\Debug\vc140.pdb" /Gd /TC /errorReport:queue "C:\Project\PlusB-bin\vtk-bin\CMakeFiles\CMakeTmp\CheckIncludeFile.c"
  CheckIncludeFile.c
  
C:\Project\PlusB-bin\vtk-bin\CMakeFiles\CMakeTmp\CheckIncludeFile.c(1): fatal error C1083: Cannot open include file: 'sys/resource.h': No such file or directory [C:\Project\PlusB-bin\vtk-bin\CMakeFiles\CMakeTmp\cmTC_4f506.vcxproj]



Determining size of longlong failed with the following output:
Change Dir: C:/Project/PlusB-bin/vtk-bin/CMakeFiles/CMakeTmp

Run Build Command(s):C:/Program Files (x86)/Microsoft Visual Studio/2019/Community/MSBuild/Current/Bin/MSBuild.exe cmTC_b45b5.vcxproj /p:Configuration=Debug /p:Platform=x64 /p:VisualStudioVersion=16.0 /v:m && Microsoft (R) Build Engine version 16.7.0+b89cb5fde for .NET Framework
Copyright (C) Microsoft Corporation. All rights reserved.

  Microsoft (R) C/C++ Optimizing Compiler Version 19.00.24245 for x64
  Copyright (C) Microsoft Corporation.  All rights reserved.
  
  cl /c /Zi /W0 /WX- /MP /Od /Ob0 /D WIN32 /D _WINDOWS /D "CMAKE_INTDIR=\"Debug\"" /D _MBCS /Gm- /RTC1 /MDd /GS /fp:precise /Zc:wchar_t /Zc:forScope /Zc:inline /Fo"cmTC_b45b5.dir\Debug\\" /Fd"cmTC_b45b5.dir\Debug\vc140.pdb" /Gd /TC /errorReport:queue "C:\Project\PlusB-bin\vtk-bin\CMakeFiles\CheckTypeSize\HAVE_LONGLONG.c"
  HAVE_LONGLONG.c
  
C:\Project\PlusB-bin\vtk-bin\CMakeFiles\CheckTypeSize\HAVE_LONGLONG.c(29): error C2065: 'longlong': undeclared identifier [C:\Project\PlusB-bin\vtk-bin\CMakeFiles\CMakeTmp\cmTC_b45b5.vcxproj]
C:\Project\PlusB-bin\vtk-bin\CMakeFiles\CheckTypeSize\HAVE_LONGLONG.c(30): error C2065: 'longlong': undeclared identifier [C:\Project\PlusB-bin\vtk-bin\CMakeFiles\CMakeTmp\cmTC_b45b5.vcxproj]
C:\Project\PlusB-bin\vtk-bin\CMakeFiles\CheckTypeSize\HAVE_LONGLONG.c(31): error C2065: 'longlong': undeclared identifier [C:\Project\PlusB-bin\vtk-bin\CMakeFiles\CMakeTmp\cmTC_b45b5.vcxproj]
C:\Project\PlusB-bin\vtk-bin\CMakeFiles\CheckTypeSize\HAVE_LONGLONG.c(32): error C2065: 'longlong': undeclared identifier [C:\Project\PlusB-bin\vtk-bin\CMakeFiles\CMakeTmp\cmTC_b45b5.vcxproj]
C:\Project\PlusB-bin\vtk-bin\CMakeFiles\CheckTypeSize\HAVE_LONGLONG.c(33): error C2065: 'longlong': undeclared identifier [C:\Project\PlusB-bin\vtk-bin\CMakeFiles\CMakeTmp\cmTC_b45b5.vcxproj]


C:/Project/PlusB-bin/vtk-bin/CMakeFiles/CheckTypeSize/HAVE_LONGLONG.c:
#include <sys/types.h>
#include <stdint.h>
#include <stddef.h>


#undef KEY
#if defined(__i386)
# define KEY '_','_','i','3','8','6'
#elif defined(__x86_64)
# define KEY '_','_','x','8','6','_','6','4'
#elif defined(__PPC64__)
# define KEY '_','_','P','P','C','6','4','_','_'
#elif defined(__ppc64__)
# define KEY '_','_','p','p','c','6','4','_','_'
#elif defined(__PPC__)
# define KEY '_','_','P','P','C','_','_'
#elif defined(__ppc__)
# define KEY '_','_','p','p','c','_','_'
#elif defined(__aarch64__)
# define KEY '_','_','a','a','r','c','h','6','4','_','_'
#elif defined(__ARM_ARCH_7A__)
# define KEY '_','_','A','R','M','_','A','R','C','H','_','7','A','_','_'
#elif defined(__ARM_ARCH_7S__)
# define KEY '_','_','A','R','M','_','A','R','C','H','_','7','S','_','_'
#endif

#define SIZE (sizeof(longlong))
static char info_size[] =  {'I', 'N', 'F', 'O', ':', 's','i','z','e','[',
  ('0' + ((SIZE / 10000)%10)),
  ('0' + ((SIZE / 1000)%10)),
  ('0' + ((SIZE / 100)%10)),
  ('0' + ((SIZE / 10)%10)),
  ('0' +  (SIZE    % 10)),
  ']',
#ifdef KEY
  ' ','k','e','y','[', KEY, ']',
#endif
  '\0'};

#ifdef __CLASSIC_C__
int main(argc, argv) int argc; char *argv[];
#else
int main(int argc, char *argv[])
#endif
{
  int require = 0;
  require += info_size[argc];
  (void)argv;
  return require;
}


Determining size of ssize_t failed with the following output:
Change Dir: C:/Project/PlusB-bin/vtk-bin/CMakeFiles/CMakeTmp

Run Build Command(s):C:/Program Files (x86)/Microsoft Visual Studio/2019/Community/MSBuild/Current/Bin/MSBuild.exe cmTC_c056f.vcxproj /p:Configuration=Debug /p:Platform=x64 /p:VisualStudioVersion=16.0 /v:m && Microsoft (R) Build Engine version 16.7.0+b89cb5fde for .NET Framework
Copyright (C) Microsoft Corporation. All rights reserved.

  Microsoft (R) C/C++ Optimizing Compiler Version 19.00.24245 for x64
  Copyright (C) Microsoft Corporation.  All rights reserved.
  
  cl /c /Zi /W0 /WX- /MP /Od /Ob0 /D WIN32 /D _WINDOWS /D "CMAKE_INTDIR=\"Debug\"" /D _MBCS /Gm- /RTC1 /MDd /GS /fp:precise /Zc:wchar_t /Zc:forScope /Zc:inline /Fo"cmTC_c056f.dir\Debug\\" /Fd"cmTC_c056f.dir\Debug\vc140.pdb" /Gd /TC /errorReport:queue "C:\Project\PlusB-bin\vtk-bin\CMakeFiles\CheckTypeSize\HAVE_SSIZE_T.c"
  HAVE_SSIZE_T.c
  
C:\Project\PlusB-bin\vtk-bin\CMakeFiles\CheckTypeSize\HAVE_SSIZE_T.c(29): error C2065: 'ssize_t': undeclared identifier [C:\Project\PlusB-bin\vtk-bin\CMakeFiles\CMakeTmp\cmTC_c056f.vcxproj]
C:\Project\PlusB-bin\vtk-bin\CMakeFiles\CheckTypeSize\HAVE_SSIZE_T.c(30): error C2065: 'ssize_t': undeclared identifier [C:\Project\PlusB-bin\vtk-bin\CMakeFiles\CMakeTmp\cmTC_c056f.vcxproj]
C:\Project\PlusB-bin\vtk-bin\CMakeFiles\CheckTypeSize\HAVE_SSIZE_T.c(31): error C2065: 'ssize_t': undeclared identifier [C:\Project\PlusB-bin\vtk-bin\CMakeFiles\CMakeTmp\cmTC_c056f.vcxproj]
C:\Project\PlusB-bin\vtk-bin\CMakeFiles\CheckTypeSize\HAVE_SSIZE_T.c(32): error C2065: 'ssize_t': undeclared identifier [C:\Project\PlusB-bin\vtk-bin\CMakeFiles\CMakeTmp\cmTC_c056f.vcxproj]
C:\Project\PlusB-bin\vtk-bin\CMakeFiles\CheckTypeSize\HAVE_SSIZE_T.c(33): error C2065: 'ssize_t': undeclared identifier [C:\Project\PlusB-bin\vtk-bin\CMakeFiles\CMakeTmp\cmTC_c056f.vcxproj]


C:/Project/PlusB-bin/vtk-bin/CMakeFiles/CheckTypeSize/HAVE_SSIZE_T.c:
#include <sys/types.h>
#include <stdint.h>
#include <stddef.h>


#undef KEY
#if defined(__i386)
# define KEY '_','_','i','3','8','6'
#elif defined(__x86_64)
# define KEY '_','_','x','8','6','_','6','4'
#elif defined(__PPC64__)
# define KEY '_','_','P','P','C','6','4','_','_'
#elif defined(__ppc64__)
# define KEY '_','_','p','p','c','6','4','_','_'
#elif defined(__PPC__)
# define KEY '_','_','P','P','C','_','_'
#elif defined(__ppc__)
# define KEY '_','_','p','p','c','_','_'
#elif defined(__aarch64__)
# define KEY '_','_','a','a','r','c','h','6','4','_','_'
#elif defined(__ARM_ARCH_7A__)
# define KEY '_','_','A','R','M','_','A','R','C','H','_','7','A','_','_'
#elif defined(__ARM_ARCH_7S__)
# define KEY '_','_','A','R','M','_','A','R','C','H','_','7','S','_','_'
#endif

#define SIZE (sizeof(ssize_t))
static char info_size[] =  {'I', 'N', 'F', 'O', ':', 's','i','z','e','[',
  ('0' + ((SIZE / 10000)%10)),
  ('0' + ((SIZE / 1000)%10)),
  ('0' + ((SIZE / 100)%10)),
  ('0' + ((SIZE / 10)%10)),
  ('0' +  (SIZE    % 10)),
  ']',
#ifdef KEY
  ' ','k','e','y','[', KEY, ']',
#endif
  '\0'};

#ifdef __CLASSIC_C__
int main(argc, argv) int argc; char *argv[];
#else
int main(int argc, char *argv[])
#endif
{
  int require = 0;
  require += info_size[argc];
  (void)argv;
  return require;
}


Determining size of uchar failed with the following output:
Change Dir: C:/Project/PlusB-bin/vtk-bin/CMakeFiles/CMakeTmp

Run Build Command(s):C:/Program Files (x86)/Microsoft Visual Studio/2019/Community/MSBuild/Current/Bin/MSBuild.exe cmTC_305cf.vcxproj /p:Configuration=Debug /p:Platform=x64 /p:VisualStudioVersion=16.0 /v:m && Microsoft (R) Build Engine version 16.7.0+b89cb5fde for .NET Framework
Copyright (C) Microsoft Corporation. All rights reserved.

  Microsoft (R) C/C++ Optimizing Compiler Version 19.00.24245 for x64
  Copyright (C) Microsoft Corporation.  All rights reserved.
  
  cl /c /Zi /W0 /WX- /MP /Od /Ob0 /D WIN32 /D _WINDOWS /D "CMAKE_INTDIR=\"Debug\"" /D _MBCS /Gm- /RTC1 /MDd /GS /fp:precise /Zc:wchar_t /Zc:forScope /Zc:inline /Fo"cmTC_305cf.dir\Debug\\" /Fd"cmTC_305cf.dir\Debug\vc140.pdb" /Gd /TC /errorReport:queue "C:\Project\PlusB-bin\vtk-bin\CMakeFiles\CheckTypeSize\HAVE_UCHAR.c"
  HAVE_UCHAR.c
  
C:\Project\PlusB-bin\vtk-bin\CMakeFiles\CheckTypeSize\HAVE_UCHAR.c(29): error C2065: 'uchar': undeclared identifier [C:\Project\PlusB-bin\vtk-bin\CMakeFiles\CMakeTmp\cmTC_305cf.vcxproj]
C:\Project\PlusB-bin\vtk-bin\CMakeFiles\CheckTypeSize\HAVE_UCHAR.c(30): error C2065: 'uchar': undeclared identifier [C:\Project\PlusB-bin\vtk-bin\CMakeFiles\CMakeTmp\cmTC_305cf.vcxproj]
C:\Project\PlusB-bin\vtk-bin\CMakeFiles\CheckTypeSize\HAVE_UCHAR.c(31): error C2065: 'uchar': undeclared identifier [C:\Project\PlusB-bin\vtk-bin\CMakeFiles\CMakeTmp\cmTC_305cf.vcxproj]
C:\Project\PlusB-bin\vtk-bin\CMakeFiles\CheckTypeSize\HAVE_UCHAR.c(32): error C2065: 'uchar': undeclared identifier [C:\Project\PlusB-bin\vtk-bin\CMakeFiles\CMakeTmp\cmTC_305cf.vcxproj]
C:\Project\PlusB-bin\vtk-bin\CMakeFiles\CheckTypeSize\HAVE_UCHAR.c(33): error C2065: 'uchar': undeclared identifier [C:\Project\PlusB-bin\vtk-bin\CMakeFiles\CMakeTmp\cmTC_305cf.vcxproj]


C:/Project/PlusB-bin/vtk-bin/CMakeFiles/CheckTypeSize/HAVE_UCHAR.c:
#include <sys/types.h>
#include <stdint.h>
#include <stddef.h>


#undef KEY
#if defined(__i386)
# define KEY '_','_','i','3','8','6'
#elif defined(__x86_64)
# define KEY '_','_','x','8','6','_','6','4'
#elif defined(__PPC64__)
# define KEY '_','_','P','P','C','6','4','_','_'
#elif defined(__ppc64__)
# define KEY '_','_','p','p','c','6','4','_','_'
#elif defined(__PPC__)
# define KEY '_','_','P','P','C','_','_'
#elif defined(__ppc__)
# define KEY '_','_','p','p','c','_','_'
#elif defined(__aarch64__)
# define KEY '_','_','a','a','r','c','h','6','4','_','_'
#elif defined(__ARM_ARCH_7A__)
# define KEY '_','_','A','R','M','_','A','R','C','H','_','7','A','_','_'
#elif defined(__ARM_ARCH_7S__)
# define KEY '_','_','A','R','M','_','A','R','C','H','_','7','S','_','_'
#endif

#define SIZE (sizeof(uchar))
static char info_size[] =  {'I', 'N', 'F', 'O', ':', 's','i','z','e','[',
  ('0' + ((SIZE / 10000)%10)),
  ('0' + ((SIZE / 1000)%10)),
  ('0' + ((SIZE / 100)%10)),
  ('0' + ((SIZE / 10)%10)),
  ('0' +  (SIZE    % 10)),
  ']',
#ifdef KEY
  ' ','k','e','y','[', KEY, ']',
#endif
  '\0'};

#ifdef __CLASSIC_C__
int main(argc, argv) int argc; char *argv[];
#else
int main(int argc, char *argv[])
#endif
{
  int require = 0;
  require += info_size[argc];
  (void)argv;
  return require;
}


Determining size of uint failed with the following output:
Change Dir: C:/Project/PlusB-bin/vtk-bin/CMakeFiles/CMakeTmp

Run Build Command(s):C:/Program Files (x86)/Microsoft Visual Studio/2019/Community/MSBuild/Current/Bin/MSBuild.exe cmTC_21a8f.vcxproj /p:Configuration=Debug /p:Platform=x64 /p:VisualStudioVersion=16.0 /v:m && Microsoft (R) Build Engine version 16.7.0+b89cb5fde for .NET Framework
Copyright (C) Microsoft Corporation. All rights reserved.

  Microsoft (R) C/C++ Optimizing Compiler Version 19.00.24245 for x64
  Copyright (C) Microsoft Corporation.  All rights reserved.
  
  cl /c /Zi /W0 /WX- /MP /Od /Ob0 /D WIN32 /D _WINDOWS /D "CMAKE_INTDIR=\"Debug\"" /D _MBCS /Gm- /RTC1 /MDd /GS /fp:precise /Zc:wchar_t /Zc:forScope /Zc:inline /Fo"cmTC_21a8f.dir\Debug\\" /Fd"cmTC_21a8f.dir\Debug\vc140.pdb" /Gd /TC /errorReport:queue "C:\Project\PlusB-bin\vtk-bin\CMakeFiles\CheckTypeSize\HAVE_UINT.c"
  HAVE_UINT.c
  
C:\Project\PlusB-bin\vtk-bin\CMakeFiles\CheckTypeSize\HAVE_UINT.c(29): error C2065: 'uint': undeclared identifier [C:\Project\PlusB-bin\vtk-bin\CMakeFiles\CMakeTmp\cmTC_21a8f.vcxproj]
C:\Project\PlusB-bin\vtk-bin\CMakeFiles\CheckTypeSize\HAVE_UINT.c(30): error C2065: 'uint': undeclared identifier [C:\Project\PlusB-bin\vtk-bin\CMakeFiles\CMakeTmp\cmTC_21a8f.vcxproj]
C:\Project\PlusB-bin\vtk-bin\CMakeFiles\CheckTypeSize\HAVE_UINT.c(31): error C2065: 'uint': undeclared identifier [C:\Project\PlusB-bin\vtk-bin\CMakeFiles\CMakeTmp\cmTC_21a8f.vcxproj]
C:\Project\PlusB-bin\vtk-bin\CMakeFiles\CheckTypeSize\HAVE_UINT.c(32): error C2065: 'uint': undeclared identifier [C:\Project\PlusB-bin\vtk-bin\CMakeFiles\CMakeTmp\cmTC_21a8f.vcxproj]
C:\Project\PlusB-bin\vtk-bin\CMakeFiles\CheckTypeSize\HAVE_UINT.c(33): error C2065: 'uint': undeclared identifier [C:\Project\PlusB-bin\vtk-bin\CMakeFiles\CMakeTmp\cmTC_21a8f.vcxproj]


C:/Project/PlusB-bin/vtk-bin/CMakeFiles/CheckTypeSize/HAVE_UINT.c:
#include <sys/types.h>
#include <stdint.h>
#include <stddef.h>


#undef KEY
#if defined(__i386)
# define KEY '_','_','i','3','8','6'
#elif defined(__x86_64)
# define KEY '_','_','x','8','6','_','6','4'
#elif defined(__PPC64__)
# define KEY '_','_','P','P','C','6','4','_','_'
#elif defined(__ppc64__)
# define KEY '_','_','p','p','c','6','4','_','_'
#elif defined(__PPC__)
# define KEY '_','_','P','P','C','_','_'
#elif defined(__ppc__)
# define KEY '_','_','p','p','c','_','_'
#elif defined(__aarch64__)
# define KEY '_','_','a','a','r','c','h','6','4','_','_'
#elif defined(__ARM_ARCH_7A__)
# define KEY '_','_','A','R','M','_','A','R','C','H','_','7','A','_','_'
#elif defined(__ARM_ARCH_7S__)
# define KEY '_','_','A','R','M','_','A','R','C','H','_','7','S','_','_'
#endif

#define SIZE (sizeof(uint))
static char info_size[] =  {'I', 'N', 'F', 'O', ':', 's','i','z','e','[',
  ('0' + ((SIZE / 10000)%10)),
  ('0' + ((SIZE / 1000)%10)),
  ('0' + ((SIZE / 100)%10)),
  ('0' + ((SIZE / 10)%10)),
  ('0' +  (SIZE    % 10)),
  ']',
#ifdef KEY
  ' ','k','e','y','[', KEY, ']',
#endif
  '\0'};

#ifdef __CLASSIC_C__
int main(argc, argv) int argc; char *argv[];
#else
int main(int argc, char *argv[])
#endif
{
  int require = 0;
  require += info_size[argc];
  (void)argv;
  return require;
}


Determining size of ushort failed with the following output:
Change Dir: C:/Project/PlusB-bin/vtk-bin/CMakeFiles/CMakeTmp

Run Build Command(s):C:/Program Files (x86)/Microsoft Visual Studio/2019/Community/MSBuild/Current/Bin/MSBuild.exe cmTC_708fd.vcxproj /p:Configuration=Debug /p:Platform=x64 /p:VisualStudioVersion=16.0 /v:m && Microsoft (R) Build Engine version 16.7.0+b89cb5fde for .NET Framework
Copyright (C) Microsoft Corporation. All rights reserved.

  Microsoft (R) C/C++ Optimizing Compiler Version 19.00.24245 for x64
  Copyright (C) Microsoft Corporation.  All rights reserved.
  
  cl /c /Zi /W0 /WX- /MP /Od /Ob0 /D WIN32 /D _WINDOWS /D "CMAKE_INTDIR=\"Debug\"" /D _MBCS /Gm- /RTC1 /MDd /GS /fp:precise /Zc:wchar_t /Zc:forScope /Zc:inline /Fo"cmTC_708fd.dir\Debug\\" /Fd"cmTC_708fd.dir\Debug\vc140.pdb" /Gd /TC /errorReport:queue "C:\Project\PlusB-bin\vtk-bin\CMakeFiles\CheckTypeSize\HAVE_USHORT.c"
  HAVE_USHORT.c
  
C:\Project\PlusB-bin\vtk-bin\CMakeFiles\CheckTypeSize\HAVE_USHORT.c(29): error C2065: 'ushort': undeclared identifier [C:\Project\PlusB-bin\vtk-bin\CMakeFiles\CMakeTmp\cmTC_708fd.vcxproj]
C:\Project\PlusB-bin\vtk-bin\CMakeFiles\CheckTypeSize\HAVE_USHORT.c(30): error C2065: 'ushort': undeclared identifier [C:\Project\PlusB-bin\vtk-bin\CMakeFiles\CMakeTmp\cmTC_708fd.vcxproj]
C:\Project\PlusB-bin\vtk-bin\CMakeFiles\CheckTypeSize\HAVE_USHORT.c(31): error C2065: 'ushort': undeclared identifier [C:\Project\PlusB-bin\vtk-bin\CMakeFiles\CMakeTmp\cmTC_708fd.vcxproj]
C:\Project\PlusB-bin\vtk-bin\CMakeFiles\CheckTypeSize\HAVE_USHORT.c(32): error C2065: 'ushort': undeclared identifier [C:\Project\PlusB-bin\vtk-bin\CMakeFiles\CMakeTmp\cmTC_708fd.vcxproj]
C:\Project\PlusB-bin\vtk-bin\CMakeFiles\CheckTypeSize\HAVE_USHORT.c(33): error C2065: 'ushort': undeclared identifier [C:\Project\PlusB-bin\vtk-bin\CMakeFiles\CMakeTmp\cmTC_708fd.vcxproj]


C:/Project/PlusB-bin/vtk-bin/CMakeFiles/CheckTypeSize/HAVE_USHORT.c:
#include <sys/types.h>
#include <stdint.h>
#include <stddef.h>


#undef KEY
#if defined(__i386)
# define KEY '_','_','i','3','8','6'
#elif defined(__x86_64)
# define KEY '_','_','x','8','6','_','6','4'
#elif defined(__PPC64__)
# define KEY '_','_','P','P','C','6','4','_','_'
#elif defined(__ppc64__)
# define KEY '_','_','p','p','c','6','4','_','_'
#elif defined(__PPC__)
# define KEY '_','_','P','P','C','_','_'
#elif defined(__ppc__)
# define KEY '_','_','p','p','c','_','_'
#elif defined(__aarch64__)
# define KEY '_','_','a','a','r','c','h','6','4','_','_'
#elif defined(__ARM_ARCH_7A__)
# define KEY '_','_','A','R','M','_','A','R','C','H','_','7','A','_','_'
#elif defined(__ARM_ARCH_7S__)
# define KEY '_','_','A','R','M','_','A','R','C','H','_','7','S','_','_'
#endif

#define SIZE (sizeof(ushort))
static char info_size[] =  {'I', 'N', 'F', 'O', ':', 's','i','z','e','[',
  ('0' + ((SIZE / 10000)%10)),
  ('0' + ((SIZE / 1000)%10)),
  ('0' + ((SIZE / 100)%10)),
  ('0' + ((SIZE / 10)%10)),
  ('0' +  (SIZE    % 10)),
  ']',
#ifdef KEY
  ' ','k','e','y','[', KEY, ']',
#endif
  '\0'};

#ifdef __CLASSIC_C__
int main(argc, argv) int argc; char *argv[];
#else
int main(int argc, char *argv[])
#endif
{
  int require = 0;
  require += info_size[argc];
  (void)argv;
  return require;
}


Determining if the function dlopen exists in the dl; failed with the following output:
Change Dir: C:/Project/PlusB-bin/vtk-bin/CMakeFiles/CMakeTmp

Run Build Command(s):C:/Program Files (x86)/Microsoft Visual Studio/2019/Community/MSBuild/Current/Bin/MSBuild.exe cmTC_bd0e2.vcxproj /p:Configuration=Debug /p:Platform=x64 /p:VisualStudioVersion=16.0 /v:m && Microsoft (R) Build Engine version 16.7.0+b89cb5fde for .NET Framework
Copyright (C) Microsoft Corporation. All rights reserved.

  Microsoft (R) C/C++ Optimizing Compiler Version 19.00.24245 for x64
  Copyright (C) Microsoft Corporation.  All rights reserved.
  
  cl /c /Zi /W0 /WX- /MP /Od /Ob0 /D WIN32 /D _WINDOWS /D CHECK_FUNCTION_EXISTS=dlopen /D "CMAKE_INTDIR=\"Debug\"" /D _MBCS /Gm- /RTC1 /MDd /GS /fp:precise /Zc:wchar_t /Zc:forScope /Zc:inline /Fo"cmTC_bd0e2.dir\Debug\\" /Fd"cmTC_bd0e2.dir\Debug\vc140.pdb" /Gd /TC /errorReport:queue "C:\Program Files\CMake\share\cmake-3.19\Modules\CheckFunctionExists.c"
  CheckFunctionExists.c
  
LINK : fatal error LNK1104: cannot open file 'dl.lib' [C:\Project\PlusB-bin\vtk-bin\CMakeFiles\CMakeTmp\cmTC_bd0e2.vcxproj]



Determining if the function shl_load exists in the dld; failed with the following output:
Change Dir: C:/Project/PlusB-bin/vtk-bin/CMakeFiles/CMakeTmp

Run Build Command(s):C:/Program Files (x86)/Microsoft Visual Studio/2019/Community/MSBuild/Current/Bin/MSBuild.exe cmTC_9b81f.vcxproj /p:Configuration=Debug /p:Platform=x64 /p:VisualStudioVersion=16.0 /v:m && Microsoft (R) Build Engine version 16.7.0+b89cb5fde for .NET Framework
Copyright (C) Microsoft Corporation. All rights reserved.

  Microsoft (R) C/C++ Optimizing Compiler Version 19.00.24245 for x64
  Copyright (C) Microsoft Corporation.  All rights reserved.
  
  cl /c /Zi /W0 /WX- /MP /Od /Ob0 /D WIN32 /D _WINDOWS /D CHECK_FUNCTION_EXISTS=shl_load /D "CMAKE_INTDIR=\"Debug\"" /D _MBCS /Gm- /RTC1 /MDd /GS /fp:precise /Zc:wchar_t /Zc:forScope /Zc:inline /Fo"cmTC_9b81f.dir\Debug\\" /Fd"cmTC_9b81f.dir\Debug\vc140.pdb" /Gd /TC /errorReport:queue "C:\Program Files\CMake\share\cmake-3.19\Modules\CheckFunctionExists.c"
  CheckFunctionExists.c
  
LINK : fatal error LNK1104: cannot open file 'dld.lib' [C:\Project\PlusB-bin\vtk-bin\CMakeFiles\CMakeTmp\cmTC_9b81f.vcxproj]



Determining if the function dlopen exists in the  failed with the following output:
Change Dir: C:/Project/PlusB-bin/vtk-bin/CMakeFiles/CMakeTmp

Run Build Command(s):C:/Program Files (x86)/Microsoft Visual Studio/2019/Community/MSBuild/Current/Bin/MSBuild.exe cmTC_2ef3e.vcxproj /p:Configuration=Debug /p:Platform=x64 /p:VisualStudioVersion=16.0 /v:m && Microsoft (R) Build Engine version 16.7.0+b89cb5fde for .NET Framework
Copyright (C) Microsoft Corporation. All rights reserved.

  Microsoft (R) C/C++ Optimizing Compiler Version 19.00.24245 for x64
  Copyright (C) Microsoft Corporation.  All rights reserved.
  
  cl /c /Zi /W0 /WX- /MP /Od /Ob0 /D WIN32 /D _WINDOWS /D CHECK_FUNCTION_EXISTS=dlopen /D "CMAKE_INTDIR=\"Debug\"" /D _MBCS /Gm- /RTC1 /MDd /GS /fp:precise /Zc:wchar_t /Zc:forScope /Zc:inline /Fo"cmTC_2ef3e.dir\Debug\\" /Fd"cmTC_2ef3e.dir\Debug\vc140.pdb" /Gd /TC /errorReport:queue "C:\Program Files\CMake\share\cmake-3.19\Modules\CheckFunctionExists.c"
  CheckFunctionExists.c
  
CheckFunctionExists.obj : error LNK2019: unresolved external symbol dlopen referenced in function main [C:\Project\PlusB-bin\vtk-bin\CMakeFiles\CMakeTmp\cmTC_2ef3e.vcxproj]
C:\Project\PlusB-bin\vtk-bin\CMakeFiles\CMakeTmp\Debug\cmTC_2ef3e.exe : fatal error LNK1120: 1 unresolved externals [C:\Project\PlusB-bin\vtk-bin\CMakeFiles\CMakeTmp\cmTC_2ef3e.vcxproj]



Determining if files stdio.h;stddef.h;sys/types.h;inttypes.h;fcntl.h;malloc.h;memory.h;netdb.h exist failed with the following output:
Change Dir: C:/Project/PlusB-bin/vtk-bin/CMakeFiles/CMakeTmp

Run Build Command(s):C:/Program Files (x86)/Microsoft Visual Studio/2019/Community/MSBuild/Current/Bin/MSBuild.exe cmTC_801bd.vcxproj /p:Configuration=Debug /p:Platform=x64 /p:VisualStudioVersion=16.0 /v:m && Microsoft (R) Build Engine version 16.7.0+b89cb5fde for .NET Framework
Copyright (C) Microsoft Corporation. All rights reserved.

  Microsoft (R) C/C++ Optimizing Compiler Version 19.00.24245 for x64
  Copyright (C) Microsoft Corporation.  All rights reserved.
  
  cl /c /Zi /W0 /WX- /MP /Od /Ob0 /D WIN32 /D _WINDOWS /D _GNU_SOURCE /D "CMAKE_INTDIR=\"Debug\"" /D _MBCS /Gm- /RTC1 /MDd /GS /fp:precise /Zc:wchar_t /Zc:forScope /Zc:inline /Fo"cmTC_801bd.dir\Debug\\" /Fd"cmTC_801bd.dir\Debug\vc140.pdb" /Gd /TC /errorReport:queue "C:\Project\PlusB-bin\vtk-bin\CMakeFiles\CheckIncludeFiles\HAVE_NETDB_H.c"
  HAVE_NETDB_H.c
  
C:\Project\PlusB-bin\vtk-bin\CMakeFiles\CheckIncludeFiles\HAVE_NETDB_H.c(9): fatal error C1083: Cannot open include file: 'netdb.h': No such file or directory [C:\Project\PlusB-bin\vtk-bin\CMakeFiles\CMakeTmp\cmTC_801bd.vcxproj]


Source:
/* */
#include <stdio.h>
#include <stddef.h>
#include <sys/types.h>
#include <inttypes.h>
#include <fcntl.h>
#include <malloc.h>
#include <memory.h>
#include <netdb.h>


int main(void){return 0;}

Determining if files stdio.h;stddef.h;sys/types.h;inttypes.h;fcntl.h;malloc.h;memory.h;limits.h;sys/socket.h exist failed with the following output:
Change Dir: C:/Project/PlusB-bin/vtk-bin/CMakeFiles/CMakeTmp

Run Build Command(s):C:/Program Files (x86)/Microsoft Visual Studio/2019/Community/MSBuild/Current/Bin/MSBuild.exe cmTC_d9188.vcxproj /p:Configuration=Debug /p:Platform=x64 /p:VisualStudioVersion=16.0 /v:m && Microsoft (R) Build Engine version 16.7.0+b89cb5fde for .NET Framework
Copyright (C) Microsoft Corporation. All rights reserved.

  Microsoft (R) C/C++ Optimizing Compiler Version 19.00.24245 for x64
  Copyright (C) Microsoft Corporation.  All rights reserved.
  
  cl /c /Zi /W0 /WX- /MP /Od /Ob0 /D WIN32 /D _WINDOWS /D _GNU_SOURCE /D "CMAKE_INTDIR=\"Debug\"" /D _MBCS /Gm- /RTC1 /MDd /GS /fp:precise /Zc:wchar_t /Zc:forScope /Zc:inline /Fo"cmTC_d9188.dir\Debug\\" /Fd"cmTC_d9188.dir\Debug\vc140.pdb" /Gd /TC /errorReport:queue "C:\Project\PlusB-bin\vtk-bin\CMakeFiles\CheckIncludeFiles\HAVE_SYS_SOCKET_H.c"
  HAVE_SYS_SOCKET_H.c
  
C:\Project\PlusB-bin\vtk-bin\CMakeFiles\CheckIncludeFiles\HAVE_SYS_SOCKET_H.c(10): fatal error C1083: Cannot open include file: 'sys/socket.h': No such file or directory [C:\Project\PlusB-bin\vtk-bin\CMakeFiles\CMakeTmp\cmTC_d9188.vcxproj]


Source:
/* */
#include <stdio.h>
#include <stddef.h>
#include <sys/types.h>
#include <inttypes.h>
#include <fcntl.h>
#include <malloc.h>
#include <memory.h>
#include <limits.h>
#include <sys/socket.h>


int main(void){return 0;}

Determining if files stdio.h;stddef.h;sys/types.h;inttypes.h;fcntl.h;malloc.h;memory.h;limits.h;netinet/in.h exist failed with the following output:
Change Dir: C:/Project/PlusB-bin/vtk-bin/CMakeFiles/CMakeTmp

Run Build Command(s):C:/Program Files (x86)/Microsoft Visual Studio/2019/Community/MSBuild/Current/Bin/MSBuild.exe cmTC_e18ae.vcxproj /p:Configuration=Debug /p:Platform=x64 /p:VisualStudioVersion=16.0 /v:m && Microsoft (R) Build Engine version 16.7.0+b89cb5fde for .NET Framework
Copyright (C) Microsoft Corporation. All rights reserved.

  Microsoft (R) C/C++ Optimizing Compiler Version 19.00.24245 for x64
  Copyright (C) Microsoft Corporation.  All rights reserved.
  
  cl /c /Zi /W0 /WX- /MP /Od /Ob0 /D WIN32 /D _WINDOWS /D _GNU_SOURCE /D "CMAKE_INTDIR=\"Debug\"" /D _MBCS /Gm- /RTC1 /MDd /GS /fp:precise /Zc:wchar_t /Zc:forScope /Zc:inline /Fo"cmTC_e18ae.dir\Debug\\" /Fd"cmTC_e18ae.dir\Debug\vc140.pdb" /Gd /TC /errorReport:queue "C:\Project\PlusB-bin\vtk-bin\CMakeFiles\CheckIncludeFiles\HAVE_NETINET_IN_H.c"
  HAVE_NETINET_IN_H.c
  
C:\Project\PlusB-bin\vtk-bin\CMakeFiles\CheckIncludeFiles\HAVE_NETINET_IN_H.c(10): fatal error C1083: Cannot open include file: 'netinet/in.h': No such file or directory [C:\Project\PlusB-bin\vtk-bin\CMakeFiles\CMakeTmp\cmTC_e18ae.vcxproj]


Source:
/* */
#include <stdio.h>
#include <stddef.h>
#include <sys/types.h>
#include <inttypes.h>
#include <fcntl.h>
#include <malloc.h>
#include <memory.h>
#include <limits.h>
#include <netinet/in.h>


int main(void){return 0;}

Determining if files stdio.h;stddef.h;sys/types.h;inttypes.h;fcntl.h;malloc.h;memory.h;limits.h;sys/select.h exist failed with the following output:
Change Dir: C:/Project/PlusB-bin/vtk-bin/CMakeFiles/CMakeTmp

Run Build Command(s):C:/Program Files (x86)/Microsoft Visual Studio/2019/Community/MSBuild/Current/Bin/MSBuild.exe cmTC_285b2.vcxproj /p:Configuration=Debug /p:Platform=x64 /p:VisualStudioVersion=16.0 /v:m && Microsoft (R) Build Engine version 16.7.0+b89cb5fde for .NET Framework
Copyright (C) Microsoft Corporation. All rights reserved.

  Microsoft (R) C/C++ Optimizing Compiler Version 19.00.24245 for x64
  Copyright (C) Microsoft Corporation.  All rights reserved.
  
  cl /c /Zi /W0 /WX- /MP /Od /Ob0 /D WIN32 /D _WINDOWS /D _GNU_SOURCE /D "CMAKE_INTDIR=\"Debug\"" /D _MBCS /Gm- /RTC1 /MDd /GS /fp:precise /Zc:wchar_t /Zc:forScope /Zc:inline /Fo"cmTC_285b2.dir\Debug\\" /Fd"cmTC_285b2.dir\Debug\vc140.pdb" /Gd /TC /errorReport:queue "C:\Project\PlusB-bin\vtk-bin\CMakeFiles\CheckIncludeFiles\HAVE_SYS_SELECT_H.c"
  HAVE_SYS_SELECT_H.c
  
C:\Project\PlusB-bin\vtk-bin\CMakeFiles\CheckIncludeFiles\HAVE_SYS_SELECT_H.c(10): fatal error C1083: Cannot open include file: 'sys/select.h': No such file or directory [C:\Project\PlusB-bin\vtk-bin\CMakeFiles\CMakeTmp\cmTC_285b2.vcxproj]


Source:
/* */
#include <stdio.h>
#include <stddef.h>
#include <sys/types.h>
#include <inttypes.h>
#include <fcntl.h>
#include <malloc.h>
#include <memory.h>
#include <limits.h>
#include <sys/select.h>


int main(void){return 0;}

Determining if files stdio.h;stddef.h;sys/types.h;inttypes.h;fcntl.h;malloc.h;memory.h;limits.h;stdint.h;stdlib.h;string.h;sys/stat.h;sys/time.h exist failed with the following output:
Change Dir: C:/Project/PlusB-bin/vtk-bin/CMakeFiles/CMakeTmp

Run Build Command(s):C:/Program Files (x86)/Microsoft Visual Studio/2019/Community/MSBuild/Current/Bin/MSBuild.exe cmTC_b12a1.vcxproj /p:Configuration=Debug /p:Platform=x64 /p:VisualStudioVersion=16.0 /v:m && Microsoft (R) Build Engine version 16.7.0+b89cb5fde for .NET Framework
Copyright (C) Microsoft Corporation. All rights reserved.

  Microsoft (R) C/C++ Optimizing Compiler Version 19.00.24245 for x64
  Copyright (C) Microsoft Corporation.  All rights reserved.
  
  cl /c /Zi /W0 /WX- /MP /Od /Ob0 /D WIN32 /D _WINDOWS /D _GNU_SOURCE /D "CMAKE_INTDIR=\"Debug\"" /D _MBCS /Gm- /RTC1 /MDd /GS /fp:precise /Zc:wchar_t /Zc:forScope /Zc:inline /Fo"cmTC_b12a1.dir\Debug\\" /Fd"cmTC_b12a1.dir\Debug\vc140.pdb" /Gd /TC /errorReport:queue "C:\Project\PlusB-bin\vtk-bin\CMakeFiles\CheckIncludeFiles\HAVE_SYS_TIME_H.c"
  HAVE_SYS_TIME_H.c
  
C:\Project\PlusB-bin\vtk-bin\CMakeFiles\CheckIncludeFiles\HAVE_SYS_TIME_H.c(14): fatal error C1083: Cannot open include file: 'sys/time.h': No such file or directory [C:\Project\PlusB-bin\vtk-bin\CMakeFiles\CMakeTmp\cmTC_b12a1.vcxproj]


Source:
/* */
#include <stdio.h>
#include <stddef.h>
#include <sys/types.h>
#include <inttypes.h>
#include <fcntl.h>
#include <malloc.h>
#include <memory.h>
#include <limits.h>
#include <stdint.h>
#include <stdlib.h>
#include <string.h>
#include <sys/stat.h>
#include <sys/time.h>


int main(void){return 0;}

Determining if files stdio.h;stddef.h;sys/types.h;inttypes.h;fcntl.h;malloc.h;memory.h;limits.h;stdint.h;stdlib.h;string.h;sys/stat.h;time.h;signal.h;errno.h;ansidecl.h exist failed with the following output:
Change Dir: C:/Project/PlusB-bin/vtk-bin/CMakeFiles/CMakeTmp

Run Build Command(s):C:/Program Files (x86)/Microsoft Visual Studio/2019/Community/MSBuild/Current/Bin/MSBuild.exe cmTC_cb977.vcxproj /p:Configuration=Debug /p:Platform=x64 /p:VisualStudioVersion=16.0 /v:m && Microsoft (R) Build Engine version 16.7.0+b89cb5fde for .NET Framework
Copyright (C) Microsoft Corporation. All rights reserved.

  Microsoft (R) C/C++ Optimizing Compiler Version 19.00.24245 for x64
  Copyright (C) Microsoft Corporation.  All rights reserved.
  
  cl /c /Zi /W0 /WX- /MP /Od /Ob0 /D WIN32 /D _WINDOWS /D _GNU_SOURCE /D "CMAKE_INTDIR=\"Debug\"" /D _MBCS /Gm- /RTC1 /MDd /GS /fp:precise /Zc:wchar_t /Zc:forScope /Zc:inline /Fo"cmTC_cb977.dir\Debug\\" /Fd"cmTC_cb977.dir\Debug\vc140.pdb" /Gd /TC /errorReport:queue "C:\Project\PlusB-bin\vtk-bin\CMakeFiles\CheckIncludeFiles\HAVE_ANSIDECL_H.c"
  HAVE_ANSIDECL_H.c
  
C:\Project\PlusB-bin\vtk-bin\CMakeFiles\CheckIncludeFiles\HAVE_ANSIDECL_H.c(17): fatal error C1083: Cannot open include file: 'ansidecl.h': No such file or directory [C:\Project\PlusB-bin\vtk-bin\CMakeFiles\CMakeTmp\cmTC_cb977.vcxproj]


Source:
/* */
#include <stdio.h>
#include <stddef.h>
#include <sys/types.h>
#include <inttypes.h>
#include <fcntl.h>
#include <malloc.h>
#include <memory.h>
#include <limits.h>
#include <stdint.h>
#include <stdlib.h>
#include <string.h>
#include <sys/stat.h>
#include <time.h>
#include <signal.h>
#include <errno.h>
#include <ansidecl.h>


int main(void){return 0;}

Determining if files stdio.h;stddef.h;sys/types.h;inttypes.h;fcntl.h;malloc.h;memory.h;limits.h;stdint.h;stdlib.h;string.h;sys/stat.h;time.h;signal.h;errno.h;arpa/inet.h exist failed with the following output:
Change Dir: C:/Project/PlusB-bin/vtk-bin/CMakeFiles/CMakeTmp

Run Build Command(s):C:/Program Files (x86)/Microsoft Visual Studio/2019/Community/MSBuild/Current/Bin/MSBuild.exe cmTC_7d93a.vcxproj /p:Configuration=Debug /p:Platform=x64 /p:VisualStudioVersion=16.0 /v:m && Microsoft (R) Build Engine version 16.7.0+b89cb5fde for .NET Framework
Copyright (C) Microsoft Corporation. All rights reserved.

  Microsoft (R) C/C++ Optimizing Compiler Version 19.00.24245 for x64
  Copyright (C) Microsoft Corporation.  All rights reserved.
  
  cl /c /Zi /W0 /WX- /MP /Od /Ob0 /D WIN32 /D _WINDOWS /D _GNU_SOURCE /D "CMAKE_INTDIR=\"Debug\"" /D _MBCS /Gm- /RTC1 /MDd /GS /fp:precise /Zc:wchar_t /Zc:forScope /Zc:inline /Fo"cmTC_7d93a.dir\Debug\\" /Fd"cmTC_7d93a.dir\Debug\vc140.pdb" /Gd /TC /errorReport:queue "C:\Project\PlusB-bin\vtk-bin\CMakeFiles\CheckIncludeFiles\HAVE_ARPA_INET_H.c"
  HAVE_ARPA_INET_H.c
  
C:\Project\PlusB-bin\vtk-bin\CMakeFiles\CheckIncludeFiles\HAVE_ARPA_INET_H.c(17): fatal error C1083: Cannot open include file: 'arpa/inet.h': No such file or directory [C:\Project\PlusB-bin\vtk-bin\CMakeFiles\CMakeTmp\cmTC_7d93a.vcxproj]


Source:
/* */
#include <stdio.h>
#include <stddef.h>
#include <sys/types.h>
#include <inttypes.h>
#include <fcntl.h>
#include <malloc.h>
#include <memory.h>
#include <limits.h>
#include <stdint.h>
#include <stdlib.h>
#include <string.h>
#include <sys/stat.h>
#include <time.h>
#include <signal.h>
#include <errno.h>
#include <arpa/inet.h>


int main(void){return 0;}

Determining if files stdio.h;stddef.h;sys/types.h;inttypes.h;fcntl.h;malloc.h;memory.h;limits.h;stdint.h;stdlib.h;string.h;sys/stat.h;time.h;signal.h;errno.h;arpa/nameser.h exist failed with the following output:
Change Dir: C:/Project/PlusB-bin/vtk-bin/CMakeFiles/CMakeTmp

Run Build Command(s):C:/Program Files (x86)/Microsoft Visual Studio/2019/Community/MSBuild/Current/Bin/MSBuild.exe cmTC_076bd.vcxproj /p:Configuration=Debug /p:Platform=x64 /p:VisualStudioVersion=16.0 /v:m && Microsoft (R) Build Engine version 16.7.0+b89cb5fde for .NET Framework
Copyright (C) Microsoft Corporation. All rights reserved.

  Microsoft (R) C/C++ Optimizing Compiler Version 19.00.24245 for x64
  Copyright (C) Microsoft Corporation.  All rights reserved.
  
  cl /c /Zi /W0 /WX- /MP /Od /Ob0 /D WIN32 /D _WINDOWS /D _GNU_SOURCE /D "CMAKE_INTDIR=\"Debug\"" /D _MBCS /Gm- /RTC1 /MDd /GS /fp:precise /Zc:wchar_t /Zc:forScope /Zc:inline /Fo"cmTC_076bd.dir\Debug\\" /Fd"cmTC_076bd.dir\Debug\vc140.pdb" /Gd /TC /errorReport:queue "C:\Project\PlusB-bin\vtk-bin\CMakeFiles\CheckIncludeFiles\HAVE_ARPA_NAMESER_H.c"
  HAVE_ARPA_NAMESER_H.c
  
C:\Project\PlusB-bin\vtk-bin\CMakeFiles\CheckIncludeFiles\HAVE_ARPA_NAMESER_H.c(17): fatal error C1083: Cannot open include file: 'arpa/nameser.h': No such file or directory [C:\Project\PlusB-bin\vtk-bin\CMakeFiles\CMakeTmp\cmTC_076bd.vcxproj]


Source:
/* */
#include <stdio.h>
#include <stddef.h>
#include <sys/types.h>
#include <inttypes.h>
#include <fcntl.h>
#include <malloc.h>
#include <memory.h>
#include <limits.h>
#include <stdint.h>
#include <stdlib.h>
#include <string.h>
#include <sys/stat.h>
#include <time.h>
#include <signal.h>
#include <errno.h>
#include <arpa/nameser.h>


int main(void){return 0;}

Determining if files stdio.h;stddef.h;sys/types.h;inttypes.h;fcntl.h;malloc.h;memory.h;limits.h;stdint.h;stdlib.h;string.h;sys/stat.h;time.h;signal.h;errno.h;ctype.h;dirent.h exist failed with the following output:
Change Dir: C:/Project/PlusB-bin/vtk-bin/CMakeFiles/CMakeTmp

Run Build Command(s):C:/Program Files (x86)/Microsoft Visual Studio/2019/Community/MSBuild/Current/Bin/MSBuild.exe cmTC_96849.vcxproj /p:Configuration=Debug /p:Platform=x64 /p:VisualStudioVersion=16.0 /v:m && Microsoft (R) Build Engine version 16.7.0+b89cb5fde for .NET Framework
Copyright (C) Microsoft Corporation. All rights reserved.

  Microsoft (R) C/C++ Optimizing Compiler Version 19.00.24245 for x64
  Copyright (C) Microsoft Corporation.  All rights reserved.
  
  cl /c /Zi /W0 /WX- /MP /Od /Ob0 /D WIN32 /D _WINDOWS /D _GNU_SOURCE /D "CMAKE_INTDIR=\"Debug\"" /D _MBCS /Gm- /RTC1 /MDd /GS /fp:precise /Zc:wchar_t /Zc:forScope /Zc:inline /Fo"cmTC_96849.dir\Debug\\" /Fd"cmTC_96849.dir\Debug\vc140.pdb" /Gd /TC /errorReport:queue "C:\Project\PlusB-bin\vtk-bin\CMakeFiles\CheckIncludeFiles\HAVE_DIRENT_H.c"
  HAVE_DIRENT_H.c
  
C:\Project\PlusB-bin\vtk-bin\CMakeFiles\CheckIncludeFiles\HAVE_DIRENT_H.c(18): fatal error C1083: Cannot open include file: 'dirent.h': No such file or directory [C:\Project\PlusB-bin\vtk-bin\CMakeFiles\CMakeTmp\cmTC_96849.vcxproj]


Source:
/* */
#include <stdio.h>
#include <stddef.h>
#include <sys/types.h>
#include <inttypes.h>
#include <fcntl.h>
#include <malloc.h>
#include <memory.h>
#include <limits.h>
#include <stdint.h>
#include <stdlib.h>
#include <string.h>
#include <sys/stat.h>
#include <time.h>
#include <signal.h>
#include <errno.h>
#include <ctype.h>
#include <dirent.h>


int main(void){return 0;}

Determining if files stdio.h;stddef.h;sys/types.h;inttypes.h;fcntl.h;malloc.h;memory.h;limits.h;stdint.h;stdlib.h;string.h;sys/stat.h;time.h;signal.h;errno.h;ctype.h;dl.h exist failed with the following output:
Change Dir: C:/Project/PlusB-bin/vtk-bin/CMakeFiles/CMakeTmp

Run Build Command(s):C:/Program Files (x86)/Microsoft Visual Studio/2019/Community/MSBuild/Current/Bin/MSBuild.exe cmTC_7b5c2.vcxproj /p:Configuration=Debug /p:Platform=x64 /p:VisualStudioVersion=16.0 /v:m && Microsoft (R) Build Engine version 16.7.0+b89cb5fde for .NET Framework
Copyright (C) Microsoft Corporation. All rights reserved.

  Microsoft (R) C/C++ Optimizing Compiler Version 19.00.24245 for x64
  Copyright (C) Microsoft Corporation.  All rights reserved.
  
  cl /c /Zi /W0 /WX- /MP /Od /Ob0 /D WIN32 /D _WINDOWS /D _GNU_SOURCE /D "CMAKE_INTDIR=\"Debug\"" /D _MBCS /Gm- /RTC1 /MDd /GS /fp:precise /Zc:wchar_t /Zc:forScope /Zc:inline /Fo"cmTC_7b5c2.dir\Debug\\" /Fd"cmTC_7b5c2.dir\Debug\vc140.pdb" /Gd /TC /errorReport:queue "C:\Project\PlusB-bin\vtk-bin\CMakeFiles\CheckIncludeFiles\HAVE_DL_H.c"
  HAVE_DL_H.c
  
C:\Project\PlusB-bin\vtk-bin\CMakeFiles\CheckIncludeFiles\HAVE_DL_H.c(18): fatal error C1083: Cannot open include file: 'dl.h': No such file or directory [C:\Project\PlusB-bin\vtk-bin\CMakeFiles\CMakeTmp\cmTC_7b5c2.vcxproj]


Source:
/* */
#include <stdio.h>
#include <stddef.h>
#include <sys/types.h>
#include <inttypes.h>
#include <fcntl.h>
#include <malloc.h>
#include <memory.h>
#include <limits.h>
#include <stdint.h>
#include <stdlib.h>
#include <string.h>
#include <sys/stat.h>
#include <time.h>
#include <signal.h>
#include <errno.h>
#include <ctype.h>
#include <dl.h>


int main(void){return 0;}

Determining if files stdio.h;stddef.h;sys/types.h;inttypes.h;fcntl.h;malloc.h;memory.h;limits.h;stdint.h;stdlib.h;string.h;sys/stat.h;time.h;signal.h;errno.h;ctype.h;float.h;fp_class.h exist failed with the following output:
Change Dir: C:/Project/PlusB-bin/vtk-bin/CMakeFiles/CMakeTmp

Run Build Command(s):C:/Program Files (x86)/Microsoft Visual Studio/2019/Community/MSBuild/Current/Bin/MSBuild.exe cmTC_d1fc3.vcxproj /p:Configuration=Debug /p:Platform=x64 /p:VisualStudioVersion=16.0 /v:m && Microsoft (R) Build Engine version 16.7.0+b89cb5fde for .NET Framework
Copyright (C) Microsoft Corporation. All rights reserved.

  Microsoft (R) C/C++ Optimizing Compiler Version 19.00.24245 for x64
  Copyright (C) Microsoft Corporation.  All rights reserved.
  
  cl /c /Zi /W0 /WX- /MP /Od /Ob0 /D WIN32 /D _WINDOWS /D _GNU_SOURCE /D "CMAKE_INTDIR=\"Debug\"" /D _MBCS /Gm- /RTC1 /MDd /GS /fp:precise /Zc:wchar_t /Zc:forScope /Zc:inline /Fo"cmTC_d1fc3.dir\Debug\\" /Fd"cmTC_d1fc3.dir\Debug\vc140.pdb" /Gd /TC /errorReport:queue "C:\Project\PlusB-bin\vtk-bin\CMakeFiles\CheckIncludeFiles\HAVE_FP_CLASS_H.c"
  HAVE_FP_CLASS_H.c
  
C:\Project\PlusB-bin\vtk-bin\CMakeFiles\CheckIncludeFiles\HAVE_FP_CLASS_H.c(19): fatal error C1083: Cannot open include file: 'fp_class.h': No such file or directory [C:\Project\PlusB-bin\vtk-bin\CMakeFiles\CMakeTmp\cmTC_d1fc3.vcxproj]


Source:
/* */
#include <stdio.h>
#include <stddef.h>
#include <sys/types.h>
#include <inttypes.h>
#include <fcntl.h>
#include <malloc.h>
#include <memory.h>
#include <limits.h>
#include <stdint.h>
#include <stdlib.h>
#include <string.h>
#include <sys/stat.h>
#include <time.h>
#include <signal.h>
#include <errno.h>
#include <ctype.h>
#include <float.h>
#include <fp_class.h>


int main(void){return 0;}

Determining if files stdio.h;stddef.h;sys/types.h;inttypes.h;fcntl.h;malloc.h;memory.h;limits.h;stdint.h;stdlib.h;string.h;sys/stat.h;time.h;signal.h;errno.h;ctype.h;float.h;ieeefp.h exist failed with the following output:
Change Dir: C:/Project/PlusB-bin/vtk-bin/CMakeFiles/CMakeTmp

Run Build Command(s):C:/Program Files (x86)/Microsoft Visual Studio/2019/Community/MSBuild/Current/Bin/MSBuild.exe cmTC_ed35a.vcxproj /p:Configuration=Debug /p:Platform=x64 /p:VisualStudioVersion=16.0 /v:m && Microsoft (R) Build Engine version 16.7.0+b89cb5fde for .NET Framework
Copyright (C) Microsoft Corporation. All rights reserved.

  Microsoft (R) C/C++ Optimizing Compiler Version 19.00.24245 for x64
  Copyright (C) Microsoft Corporation.  All rights reserved.
  
  cl /c /Zi /W0 /WX- /MP /Od /Ob0 /D WIN32 /D _WINDOWS /D _GNU_SOURCE /D "CMAKE_INTDIR=\"Debug\"" /D _MBCS /Gm- /RTC1 /MDd /GS /fp:precise /Zc:wchar_t /Zc:forScope /Zc:inline /Fo"cmTC_ed35a.dir\Debug\\" /Fd"cmTC_ed35a.dir\Debug\vc140.pdb" /Gd /TC /errorReport:queue "C:\Project\PlusB-bin\vtk-bin\CMakeFiles\CheckIncludeFiles\HAVE_IEEEFP_H.c"
  HAVE_IEEEFP_H.c
  
C:\Project\PlusB-bin\vtk-bin\CMakeFiles\CheckIncludeFiles\HAVE_IEEEFP_H.c(19): fatal error C1083: Cannot open include file: 'ieeefp.h': No such file or directory [C:\Project\PlusB-bin\vtk-bin\CMakeFiles\CMakeTmp\cmTC_ed35a.vcxproj]


Source:
/* */
#include <stdio.h>
#include <stddef.h>
#include <sys/types.h>
#include <inttypes.h>
#include <fcntl.h>
#include <malloc.h>
#include <memory.h>
#include <limits.h>
#include <stdint.h>
#include <stdlib.h>
#include <string.h>
#include <sys/stat.h>
#include <time.h>
#include <signal.h>
#include <errno.h>
#include <ctype.h>
#include <float.h>
#include <ieeefp.h>


int main(void){return 0;}

Determining if files stdio.h;stddef.h;sys/types.h;inttypes.h;fcntl.h;malloc.h;memory.h;limits.h;stdint.h;stdlib.h;string.h;sys/stat.h;time.h;signal.h;errno.h;ctype.h;float.h;math.h;nan.h exist failed with the following output:
Change Dir: C:/Project/PlusB-bin/vtk-bin/CMakeFiles/CMakeTmp

Run Build Command(s):C:/Program Files (x86)/Microsoft Visual Studio/2019/Community/MSBuild/Current/Bin/MSBuild.exe cmTC_3ff49.vcxproj /p:Configuration=Debug /p:Platform=x64 /p:VisualStudioVersion=16.0 /v:m && Microsoft (R) Build Engine version 16.7.0+b89cb5fde for .NET Framework
Copyright (C) Microsoft Corporation. All rights reserved.

  Microsoft (R) C/C++ Optimizing Compiler Version 19.00.24245 for x64
  Copyright (C) Microsoft Corporation.  All rights reserved.
  
  cl /c /Zi /W0 /WX- /MP /Od /Ob0 /D WIN32 /D _WINDOWS /D _GNU_SOURCE /D "CMAKE_INTDIR=\"Debug\"" /D _MBCS /Gm- /RTC1 /MDd /GS /fp:precise /Zc:wchar_t /Zc:forScope /Zc:inline /Fo"cmTC_3ff49.dir\Debug\\" /Fd"cmTC_3ff49.dir\Debug\vc140.pdb" /Gd /TC /errorReport:queue "C:\Project\PlusB-bin\vtk-bin\CMakeFiles\CheckIncludeFiles\HAVE_NAN_H.c"
  HAVE_NAN_H.c
  
C:\Project\PlusB-bin\vtk-bin\CMakeFiles\CheckIncludeFiles\HAVE_NAN_H.c(20): fatal error C1083: Cannot open include file: 'nan.h': No such file or directory [C:\Project\PlusB-bin\vtk-bin\CMakeFiles\CMakeTmp\cmTC_3ff49.vcxproj]


Source:
/* */
#include <stdio.h>
#include <stddef.h>
#include <sys/types.h>
#include <inttypes.h>
#include <fcntl.h>
#include <malloc.h>
#include <memory.h>
#include <limits.h>
#include <stdint.h>
#include <stdlib.h>
#include <string.h>
#include <sys/stat.h>
#include <time.h>
#include <signal.h>
#include <errno.h>
#include <ctype.h>
#include <float.h>
#include <math.h>
#include <nan.h>


int main(void){return 0;}

Determining if files stdio.h;stddef.h;sys/types.h;inttypes.h;fcntl.h;malloc.h;memory.h;limits.h;stdint.h;stdlib.h;string.h;sys/stat.h;time.h;signal.h;errno.h;ctype.h;float.h;math.h;ndir.h exist failed with the following output:
Change Dir: C:/Project/PlusB-bin/vtk-bin/CMakeFiles/CMakeTmp

Run Build Command(s):C:/Program Files (x86)/Microsoft Visual Studio/2019/Community/MSBuild/Current/Bin/MSBuild.exe cmTC_543c7.vcxproj /p:Configuration=Debug /p:Platform=x64 /p:VisualStudioVersion=16.0 /v:m && Microsoft (R) Build Engine version 16.7.0+b89cb5fde for .NET Framework
Copyright (C) Microsoft Corporation. All rights reserved.

  Microsoft (R) C/C++ Optimizing Compiler Version 19.00.24245 for x64
  Copyright (C) Microsoft Corporation.  All rights reserved.
  
  cl /c /Zi /W0 /WX- /MP /Od /Ob0 /D WIN32 /D _WINDOWS /D _GNU_SOURCE /D "CMAKE_INTDIR=\"Debug\"" /D _MBCS /Gm- /RTC1 /MDd /GS /fp:precise /Zc:wchar_t /Zc:forScope /Zc:inline /Fo"cmTC_543c7.dir\Debug\\" /Fd"cmTC_543c7.dir\Debug\vc140.pdb" /Gd /TC /errorReport:queue "C:\Project\PlusB-bin\vtk-bin\CMakeFiles\CheckIncludeFiles\HAVE_NDIR_H.c"
  HAVE_NDIR_H.c
  
C:\Project\PlusB-bin\vtk-bin\CMakeFiles\CheckIncludeFiles\HAVE_NDIR_H.c(20): fatal error C1083: Cannot open include file: 'ndir.h': No such file or directory [C:\Project\PlusB-bin\vtk-bin\CMakeFiles\CMakeTmp\cmTC_543c7.vcxproj]


Source:
/* */
#include <stdio.h>
#include <stddef.h>
#include <sys/types.h>
#include <inttypes.h>
#include <fcntl.h>
#include <malloc.h>
#include <memory.h>
#include <limits.h>
#include <stdint.h>
#include <stdlib.h>
#include <string.h>
#include <sys/stat.h>
#include <time.h>
#include <signal.h>
#include <errno.h>
#include <ctype.h>
#include <float.h>
#include <math.h>
#include <ndir.h>


int main(void){return 0;}

Determining if files stdio.h;stddef.h;sys/types.h;inttypes.h;fcntl.h;malloc.h;memory.h;limits.h;stdint.h;stdlib.h;string.h;sys/stat.h;time.h;signal.h;errno.h;ctype.h;float.h;math.h;pthread.h exist failed with the following output:
Change Dir: C:/Project/PlusB-bin/vtk-bin/CMakeFiles/CMakeTmp

Run Build Command(s):C:/Program Files (x86)/Microsoft Visual Studio/2019/Community/MSBuild/Current/Bin/MSBuild.exe cmTC_973d7.vcxproj /p:Configuration=Debug /p:Platform=x64 /p:VisualStudioVersion=16.0 /v:m && Microsoft (R) Build Engine version 16.7.0+b89cb5fde for .NET Framework
Copyright (C) Microsoft Corporation. All rights reserved.

  Microsoft (R) C/C++ Optimizing Compiler Version 19.00.24245 for x64
  Copyright (C) Microsoft Corporation.  All rights reserved.
  
  cl /c /Zi /W0 /WX- /MP /Od /Ob0 /D WIN32 /D _WINDOWS /D _GNU_SOURCE /D "CMAKE_INTDIR=\"Debug\"" /D _MBCS /Gm- /RTC1 /MDd /GS /fp:precise /Zc:wchar_t /Zc:forScope /Zc:inline /Fo"cmTC_973d7.dir\Debug\\" /Fd"cmTC_973d7.dir\Debug\vc140.pdb" /Gd /TC /errorReport:queue "C:\Project\PlusB-bin\vtk-bin\CMakeFiles\CheckIncludeFiles\HAVE_PTHREAD_H.c"
  HAVE_PTHREAD_H.c
  
C:\Project\PlusB-bin\vtk-bin\CMakeFiles\CheckIncludeFiles\HAVE_PTHREAD_H.c(20): fatal error C1083: Cannot open include file: 'pthread.h': No such file or directory [C:\Project\PlusB-bin\vtk-bin\CMakeFiles\CMakeTmp\cmTC_973d7.vcxproj]


Source:
/* */
#include <stdio.h>
#include <stddef.h>
#include <sys/types.h>
#include <inttypes.h>
#include <fcntl.h>
#include <malloc.h>
#include <memory.h>
#include <limits.h>
#include <stdint.h>
#include <stdlib.h>
#include <string.h>
#include <sys/stat.h>
#include <time.h>
#include <signal.h>
#include <errno.h>
#include <ctype.h>
#include <float.h>
#include <math.h>
#include <pthread.h>


int main(void){return 0;}

Determining if files stdio.h;stddef.h;sys/types.h;inttypes.h;fcntl.h;malloc.h;memory.h;limits.h;stdint.h;stdlib.h;string.h;sys/stat.h;time.h;signal.h;errno.h;ctype.h;float.h;math.h;resolv.h exist failed with the following output:
Change Dir: C:/Project/PlusB-bin/vtk-bin/CMakeFiles/CMakeTmp

Run Build Command(s):C:/Program Files (x86)/Microsoft Visual Studio/2019/Community/MSBuild/Current/Bin/MSBuild.exe cmTC_59093.vcxproj /p:Configuration=Debug /p:Platform=x64 /p:VisualStudioVersion=16.0 /v:m && Microsoft (R) Build Engine version 16.7.0+b89cb5fde for .NET Framework
Copyright (C) Microsoft Corporation. All rights reserved.

  Microsoft (R) C/C++ Optimizing Compiler Version 19.00.24245 for x64
  Copyright (C) Microsoft Corporation.  All rights reserved.
  
  cl /c /Zi /W0 /WX- /MP /Od /Ob0 /D WIN32 /D _WINDOWS /D _GNU_SOURCE /D "CMAKE_INTDIR=\"Debug\"" /D _MBCS /Gm- /RTC1 /MDd /GS /fp:precise /Zc:wchar_t /Zc:forScope /Zc:inline /Fo"cmTC_59093.dir\Debug\\" /Fd"cmTC_59093.dir\Debug\vc140.pdb" /Gd /TC /errorReport:queue "C:\Project\PlusB-bin\vtk-bin\CMakeFiles\CheckIncludeFiles\HAVE_RESOLV_H.c"
  HAVE_RESOLV_H.c
  
C:\Project\PlusB-bin\vtk-bin\CMakeFiles\CheckIncludeFiles\HAVE_RESOLV_H.c(20): fatal error C1083: Cannot open include file: 'resolv.h': No such file or directory [C:\Project\PlusB-bin\vtk-bin\CMakeFiles\CMakeTmp\cmTC_59093.vcxproj]


Source:
/* */
#include <stdio.h>
#include <stddef.h>
#include <sys/types.h>
#include <inttypes.h>
#include <fcntl.h>
#include <malloc.h>
#include <memory.h>
#include <limits.h>
#include <stdint.h>
#include <stdlib.h>
#include <string.h>
#include <sys/stat.h>
#include <time.h>
#include <signal.h>
#include <errno.h>
#include <ctype.h>
#include <float.h>
#include <math.h>
#include <resolv.h>


int main(void){return 0;}

Determining if files stdio.h;stddef.h;sys/types.h;inttypes.h;fcntl.h;malloc.h;memory.h;limits.h;stdint.h;stdlib.h;string.h;sys/stat.h;time.h;signal.h;errno.h;ctype.h;float.h;math.h;stdarg.h;sys/mman.h exist failed with the following output:
Change Dir: C:/Project/PlusB-bin/vtk-bin/CMakeFiles/CMakeTmp

Run Build Command(s):C:/Program Files (x86)/Microsoft Visual Studio/2019/Community/MSBuild/Current/Bin/MSBuild.exe cmTC_7ead7.vcxproj /p:Configuration=Debug /p:Platform=x64 /p:VisualStudioVersion=16.0 /v:m && Microsoft (R) Build Engine version 16.7.0+b89cb5fde for .NET Framework
Copyright (C) Microsoft Corporation. All rights reserved.

  Microsoft (R) C/C++ Optimizing Compiler Version 19.00.24245 for x64
  Copyright (C) Microsoft Corporation.  All rights reserved.
  
  cl /c /Zi /W0 /WX- /MP /Od /Ob0 /D WIN32 /D _WINDOWS /D _GNU_SOURCE /D "CMAKE_INTDIR=\"Debug\"" /D _MBCS /Gm- /RTC1 /MDd /GS /fp:precise /Zc:wchar_t /Zc:forScope /Zc:inline /Fo"cmTC_7ead7.dir\Debug\\" /Fd"cmTC_7ead7.dir\Debug\vc140.pdb" /Gd /TC /errorReport:queue "C:\Project\PlusB-bin\vtk-bin\CMakeFiles\CheckIncludeFiles\HAVE_SYS_MMAN_H.c"
  HAVE_SYS_MMAN_H.c
  
C:\Project\PlusB-bin\vtk-bin\CMakeFiles\CheckIncludeFiles\HAVE_SYS_MMAN_H.c(21): fatal error C1083: Cannot open include file: 'sys/mman.h': No such file or directory [C:\Project\PlusB-bin\vtk-bin\CMakeFiles\CMakeTmp\cmTC_7ead7.vcxproj]


Source:
/* */
#include <stdio.h>
#include <stddef.h>
#include <sys/types.h>
#include <inttypes.h>
#include <fcntl.h>
#include <malloc.h>
#include <memory.h>
#include <limits.h>
#include <stdint.h>
#include <stdlib.h>
#include <string.h>
#include <sys/stat.h>
#include <time.h>
#include <signal.h>
#include <errno.h>
#include <ctype.h>
#include <float.h>
#include <math.h>
#include <stdarg.h>
#include <sys/mman.h>


int main(void){return 0;}

Determining if the finite exist failed with the following output:
Change Dir: C:/Project/PlusB-bin/vtk-bin/CMakeFiles/CMakeTmp

Run Build Command(s):C:/Program Files (x86)/Microsoft Visual Studio/2019/Community/MSBuild/Current/Bin/MSBuild.exe cmTC_fde0d.vcxproj /p:Configuration=Debug /p:Platform=x64 /p:VisualStudioVersion=16.0 /v:m && Microsoft (R) Build Engine version 16.7.0+b89cb5fde for .NET Framework
Copyright (C) Microsoft Corporation. All rights reserved.

  Microsoft (R) C/C++ Optimizing Compiler Version 19.00.24245 for x64
  Copyright (C) Microsoft Corporation.  All rights reserved.
  
  cl /c /Zi /W0 /WX- /MP /Od /Ob0 /D WIN32 /D _WINDOWS /D _GNU_SOURCE /D "CMAKE_INTDIR=\"Debug\"" /D _MBCS /Gm- /RTC1 /MDd /GS /fp:precise /Zc:wchar_t /Zc:forScope /Zc:inline /Fo"cmTC_fde0d.dir\Debug\\" /Fd"cmTC_fde0d.dir\Debug\vc140.pdb" /Gd /TC /errorReport:queue "C:\Project\PlusB-bin\vtk-bin\CMakeFiles\CMakeTmp\CheckSymbolExists.c"
  CheckSymbolExists.c
  
C:\Project\PlusB-bin\vtk-bin\CMakeFiles\CMakeTmp\CheckSymbolExists.c(27): error C2065: 'finite': undeclared identifier [C:\Project\PlusB-bin\vtk-bin\CMakeFiles\CMakeTmp\cmTC_fde0d.vcxproj]


File C:/Project/PlusB-bin/vtk-bin/CMakeFiles/CMakeTmp/CheckSymbolExists.c:
/* */
#include <stdio.h>
#include <stddef.h>
#include <sys/types.h>
#include <inttypes.h>
#include <fcntl.h>
#include <malloc.h>
#include <memory.h>
#include <limits.h>
#include <stdint.h>
#include <stdlib.h>
#include <string.h>
#include <sys/stat.h>
#include <time.h>
#include <signal.h>
#include <errno.h>
#include <ctype.h>
#include <float.h>
#include <math.h>
#include <stdarg.h>
#include <sys/timeb.h>

int main(int argc, char** argv)
{
  (void)argv;
#ifndef finite
  return ((int*)(&finite))[argc];
#else
  (void)argc;
  return 0;
#endif
}
Determining if the fpclass exist failed with the following output:
Change Dir: C:/Project/PlusB-bin/vtk-bin/CMakeFiles/CMakeTmp

Run Build Command(s):C:/Program Files (x86)/Microsoft Visual Studio/2019/Community/MSBuild/Current/Bin/MSBuild.exe cmTC_7f0ec.vcxproj /p:Configuration=Debug /p:Platform=x64 /p:VisualStudioVersion=16.0 /v:m && Microsoft (R) Build Engine version 16.7.0+b89cb5fde for .NET Framework
Copyright (C) Microsoft Corporation. All rights reserved.

  Microsoft (R) C/C++ Optimizing Compiler Version 19.00.24245 for x64
  Copyright (C) Microsoft Corporation.  All rights reserved.
  
  cl /c /Zi /W0 /WX- /MP /Od /Ob0 /D WIN32 /D _WINDOWS /D _GNU_SOURCE /D "CMAKE_INTDIR=\"Debug\"" /D _MBCS /Gm- /RTC1 /MDd /GS /fp:precise /Zc:wchar_t /Zc:forScope /Zc:inline /Fo"cmTC_7f0ec.dir\Debug\\" /Fd"cmTC_7f0ec.dir\Debug\vc140.pdb" /Gd /TC /errorReport:queue "C:\Project\PlusB-bin\vtk-bin\CMakeFiles\CMakeTmp\CheckSymbolExists.c"
  CheckSymbolExists.c
  
C:\Project\PlusB-bin\vtk-bin\CMakeFiles\CMakeTmp\CheckSymbolExists.c(27): error C2065: 'fpclass': undeclared identifier [C:\Project\PlusB-bin\vtk-bin\CMakeFiles\CMakeTmp\cmTC_7f0ec.vcxproj]


File C:/Project/PlusB-bin/vtk-bin/CMakeFiles/CMakeTmp/CheckSymbolExists.c:
/* */
#include <stdio.h>
#include <stddef.h>
#include <sys/types.h>
#include <inttypes.h>
#include <fcntl.h>
#include <malloc.h>
#include <memory.h>
#include <limits.h>
#include <stdint.h>
#include <stdlib.h>
#include <string.h>
#include <sys/stat.h>
#include <time.h>
#include <signal.h>
#include <errno.h>
#include <ctype.h>
#include <float.h>
#include <math.h>
#include <stdarg.h>
#include <sys/timeb.h>

int main(int argc, char** argv)
{
  (void)argv;
#ifndef fpclass
  return ((int*)(&fpclass))[argc];
#else
  (void)argc;
  return 0;
#endif
}
Determining if the fp_class exist failed with the following output:
Change Dir: C:/Project/PlusB-bin/vtk-bin/CMakeFiles/CMakeTmp

Run Build Command(s):C:/Program Files (x86)/Microsoft Visual Studio/2019/Community/MSBuild/Current/Bin/MSBuild.exe cmTC_1648f.vcxproj /p:Configuration=Debug /p:Platform=x64 /p:VisualStudioVersion=16.0 /v:m && Microsoft (R) Build Engine version 16.7.0+b89cb5fde for .NET Framework
Copyright (C) Microsoft Corporation. All rights reserved.

  Microsoft (R) C/C++ Optimizing Compiler Version 19.00.24245 for x64
  Copyright (C) Microsoft Corporation.  All rights reserved.
  
  cl /c /Zi /W0 /WX- /MP /Od /Ob0 /D WIN32 /D _WINDOWS /D _GNU_SOURCE /D "CMAKE_INTDIR=\"Debug\"" /D _MBCS /Gm- /RTC1 /MDd /GS /fp:precise /Zc:wchar_t /Zc:forScope /Zc:inline /Fo"cmTC_1648f.dir\Debug\\" /Fd"cmTC_1648f.dir\Debug\vc140.pdb" /Gd /TC /errorReport:queue "C:\Project\PlusB-bin\vtk-bin\CMakeFiles\CMakeTmp\CheckSymbolExists.c"
  CheckSymbolExists.c
  
C:\Project\PlusB-bin\vtk-bin\CMakeFiles\CMakeTmp\CheckSymbolExists.c(27): error C2065: 'fp_class': undeclared identifier [C:\Project\PlusB-bin\vtk-bin\CMakeFiles\CMakeTmp\cmTC_1648f.vcxproj]


File C:/Project/PlusB-bin/vtk-bin/CMakeFiles/CMakeTmp/CheckSymbolExists.c:
/* */
#include <stdio.h>
#include <stddef.h>
#include <sys/types.h>
#include <inttypes.h>
#include <fcntl.h>
#include <malloc.h>
#include <memory.h>
#include <limits.h>
#include <stdint.h>
#include <stdlib.h>
#include <string.h>
#include <sys/stat.h>
#include <time.h>
#include <signal.h>
#include <errno.h>
#include <ctype.h>
#include <float.h>
#include <math.h>
#include <stdarg.h>
#include <sys/timeb.h>

int main(int argc, char** argv)
{
  (void)argv;
#ifndef fp_class
  return ((int*)(&fp_class))[argc];
#else
  (void)argc;
  return 0;
#endif
}
Determining if the gettimeofday exist failed with the following output:
Change Dir: C:/Project/PlusB-bin/vtk-bin/CMakeFiles/CMakeTmp

Run Build Command(s):C:/Program Files (x86)/Microsoft Visual Studio/2019/Community/MSBuild/Current/Bin/MSBuild.exe cmTC_3bcce.vcxproj /p:Configuration=Debug /p:Platform=x64 /p:VisualStudioVersion=16.0 /v:m && Microsoft (R) Build Engine version 16.7.0+b89cb5fde for .NET Framework
Copyright (C) Microsoft Corporation. All rights reserved.

  Microsoft (R) C/C++ Optimizing Compiler Version 19.00.24245 for x64
  Copyright (C) Microsoft Corporation.  All rights reserved.
  
  cl /c /Zi /W0 /WX- /MP /Od /Ob0 /D WIN32 /D _WINDOWS /D _GNU_SOURCE /D "CMAKE_INTDIR=\"Debug\"" /D _MBCS /Gm- /RTC1 /MDd /GS /fp:precise /Zc:wchar_t /Zc:forScope /Zc:inline /Fo"cmTC_3bcce.dir\Debug\\" /Fd"cmTC_3bcce.dir\Debug\vc140.pdb" /Gd /TC /errorReport:queue "C:\Project\PlusB-bin\vtk-bin\CMakeFiles\CMakeTmp\CheckSymbolExists.c"
  CheckSymbolExists.c
  
C:\Project\PlusB-bin\vtk-bin\CMakeFiles\CMakeTmp\CheckSymbolExists.c(27): error C2065: 'gettimeofday': undeclared identifier [C:\Project\PlusB-bin\vtk-bin\CMakeFiles\CMakeTmp\cmTC_3bcce.vcxproj]


File C:/Project/PlusB-bin/vtk-bin/CMakeFiles/CMakeTmp/CheckSymbolExists.c:
/* */
#include <stdio.h>
#include <stddef.h>
#include <sys/types.h>
#include <inttypes.h>
#include <fcntl.h>
#include <malloc.h>
#include <memory.h>
#include <limits.h>
#include <stdint.h>
#include <stdlib.h>
#include <string.h>
#include <sys/stat.h>
#include <time.h>
#include <signal.h>
#include <errno.h>
#include <ctype.h>
#include <float.h>
#include <math.h>
#include <stdarg.h>
#include <sys/timeb.h>

int main(int argc, char** argv)
{
  (void)argv;
#ifndef gettimeofday
  return ((int*)(&gettimeofday))[argc];
#else
  (void)argc;
  return 0;
#endif
}
Determining if the strndup exist failed with the following output:
Change Dir: C:/Project/PlusB-bin/vtk-bin/CMakeFiles/CMakeTmp

Run Build Command(s):C:/Program Files (x86)/Microsoft Visual Studio/2019/Community/MSBuild/Current/Bin/MSBuild.exe cmTC_76993.vcxproj /p:Configuration=Debug /p:Platform=x64 /p:VisualStudioVersion=16.0 /v:m && Microsoft (R) Build Engine version 16.7.0+b89cb5fde for .NET Framework
Copyright (C) Microsoft Corporation. All rights reserved.

  Microsoft (R) C/C++ Optimizing Compiler Version 19.00.24245 for x64
  Copyright (C) Microsoft Corporation.  All rights reserved.
  
  cl /c /Zi /W0 /WX- /MP /Od /Ob0 /D WIN32 /D _WINDOWS /D _GNU_SOURCE /D "CMAKE_INTDIR=\"Debug\"" /D _MBCS /Gm- /RTC1 /MDd /GS /fp:precise /Zc:wchar_t /Zc:forScope /Zc:inline /Fo"cmTC_76993.dir\Debug\\" /Fd"cmTC_76993.dir\Debug\vc140.pdb" /Gd /TC /errorReport:queue "C:\Project\PlusB-bin\vtk-bin\CMakeFiles\CMakeTmp\CheckSymbolExists.c"
  CheckSymbolExists.c
  
C:\Project\PlusB-bin\vtk-bin\CMakeFiles\CMakeTmp\CheckSymbolExists.c(27): error C2065: 'strndup': undeclared identifier [C:\Project\PlusB-bin\vtk-bin\CMakeFiles\CMakeTmp\cmTC_76993.vcxproj]


File C:/Project/PlusB-bin/vtk-bin/CMakeFiles/CMakeTmp/CheckSymbolExists.c:
/* */
#include <stdio.h>
#include <stddef.h>
#include <sys/types.h>
#include <inttypes.h>
#include <fcntl.h>
#include <malloc.h>
#include <memory.h>
#include <limits.h>
#include <stdint.h>
#include <stdlib.h>
#include <string.h>
#include <sys/stat.h>
#include <time.h>
#include <signal.h>
#include <errno.h>
#include <ctype.h>
#include <float.h>
#include <math.h>
#include <stdarg.h>
#include <sys/timeb.h>

int main(int argc, char** argv)
{
  (void)argv;
#ifndef strndup
  return ((int*)(&strndup))[argc];
#else
  (void)argc;
  return 0;
#endif
}
Checking for getaddrinfo. failed to compile with the following output:
Change Dir: C:/Project/PlusB-bin/vtk-bin/ThirdParty/libxml2/vtklibxml2/CMakeFiles/CMakeTmp

Run Build Command(s):C:/Program Files (x86)/Microsoft Visual Studio/2019/Community/MSBuild/Current/Bin/MSBuild.exe cmTC_df9eb.vcxproj /p:Configuration=Debug /p:Platform=x64 /p:VisualStudioVersion=16.0 /v:m && Microsoft (R) Build Engine version 16.7.0+b89cb5fde for .NET Framework
Copyright (C) Microsoft Corporation. All rights reserved.

  Microsoft (R) C/C++ Optimizing Compiler Version 19.00.24245 for x64
  Copyright (C) Microsoft Corporation.  All rights reserved.
  
  cl /c /Zi /W0 /WX- /MP /Od /Ob0 /D WIN32 /D _WINDOWS /D TEST_HAVE_GETADDRINFO /D "CMAKE_INTDIR=\"Debug\"" /D _MBCS /Gm- /RTC1 /MDd /GS /fp:precise /Zc:wchar_t /Zc:forScope /Zc:inline /Fo"cmTC_df9eb.dir\Debug\\" /Fd"cmTC_df9eb.dir\Debug\vc140.pdb" /Gd /TC /errorReport:queue "C:\Project\PlusB-bin\vtk\ThirdParty\libxml2\vtklibxml2\platformTestsC.c"
  platformTestsC.c
  
C:\Project\PlusB-bin\vtk\ThirdParty\libxml2\vtklibxml2\platformTestsC.c(44): fatal error C1083: Cannot open include file: 'netdb.h': No such file or directory [C:\Project\PlusB-bin\vtk-bin\ThirdParty\libxml2\vtklibxml2\CMakeFiles\CMakeTmp\cmTC_df9eb.vcxproj]



Checking for socklen_t failed to compile with the following output:
Change Dir: C:/Project/PlusB-bin/vtk-bin/ThirdParty/libxml2/vtklibxml2/CMakeFiles/CMakeTmp

Run Build Command(s):C:/Program Files (x86)/Microsoft Visual Studio/2019/Community/MSBuild/Current/Bin/MSBuild.exe cmTC_73d6f.vcxproj /p:Configuration=Debug /p:Platform=x64 /p:VisualStudioVersion=16.0 /v:m && Microsoft (R) Build Engine version 16.7.0+b89cb5fde for .NET Framework
Copyright (C) Microsoft Corporation. All rights reserved.

  Microsoft (R) C/C++ Optimizing Compiler Version 19.00.24245 for x64
  Copyright (C) Microsoft Corporation.  All rights reserved.
  
  cl /c /Zi /W0 /WX- /MP /Od /Ob0 /D WIN32 /D _WINDOWS /D TEST_HAVE_SOCKLEN_T /D "CMAKE_INTDIR=\"Debug\"" /D _MBCS /Gm- /RTC1 /MDd /GS /fp:precise /Zc:wchar_t /Zc:forScope /Zc:inline /Fo"cmTC_73d6f.dir\Debug\\" /Fd"cmTC_73d6f.dir\Debug\vc140.pdb" /Gd /TC /errorReport:queue "C:\Project\PlusB-bin\vtk\ThirdParty\libxml2\vtklibxml2\platformTestsC.c"
  platformTestsC.c
  
C:\Project\PlusB-bin\vtk\ThirdParty\libxml2\vtklibxml2\platformTestsC.c(115): fatal error C1083: Cannot open include file: 'sys/socket.h': No such file or directory [C:\Project\PlusB-bin\vtk-bin\ThirdParty\libxml2\vtklibxml2\CMakeFiles\CMakeTmp\cmTC_73d6f.vcxproj]



Checking for DIR in sys/dir.h failed to compile with the following output:
Change Dir: C:/Project/PlusB-bin/vtk-bin/ThirdParty/libxml2/vtklibxml2/CMakeFiles/CMakeTmp

Run Build Command(s):C:/Program Files (x86)/Microsoft Visual Studio/2019/Community/MSBuild/Current/Bin/MSBuild.exe cmTC_23e91.vcxproj /p:Configuration=Debug /p:Platform=x64 /p:VisualStudioVersion=16.0 /v:m && Microsoft (R) Build Engine version 16.7.0+b89cb5fde for .NET Framework
Copyright (C) Microsoft Corporation. All rights reserved.

  Microsoft (R) C/C++ Optimizing Compiler Version 19.00.24245 for x64
  Copyright (C) Microsoft Corporation.  All rights reserved.
  
  cl /c /Zi /W0 /WX- /MP /Od /Ob0 /D WIN32 /D _WINDOWS /D TEST_HAVE_SYS_DIR_H /D "CMAKE_INTDIR=\"Debug\"" /D _MBCS /Gm- /RTC1 /MDd /GS /fp:precise /Zc:wchar_t /Zc:forScope /Zc:inline /Fo"cmTC_23e91.dir\Debug\\" /Fd"cmTC_23e91.dir\Debug\vc140.pdb" /Gd /TC /errorReport:queue "C:\Project\PlusB-bin\vtk\ThirdParty\libxml2\vtklibxml2\platformTestsC.c"
  platformTestsC.c
  
C:\Project\PlusB-bin\vtk\ThirdParty\libxml2\vtklibxml2\platformTestsC.c(71): fatal error C1083: Cannot open include file: 'sys/dir.h': No such file or directory [C:\Project\PlusB-bin\vtk-bin\ThirdParty\libxml2\vtklibxml2\CMakeFiles\CMakeTmp\cmTC_23e91.vcxproj]



Checking for DIR in sys/ndir.h failed to compile with the following output:
Change Dir: C:/Project/PlusB-bin/vtk-bin/ThirdParty/libxml2/vtklibxml2/CMakeFiles/CMakeTmp

Run Build Command(s):C:/Program Files (x86)/Microsoft Visual Studio/2019/Community/MSBuild/Current/Bin/MSBuild.exe cmTC_594b8.vcxproj /p:Configuration=Debug /p:Platform=x64 /p:VisualStudioVersion=16.0 /v:m && Microsoft (R) Build Engine version 16.7.0+b89cb5fde for .NET Framework
Copyright (C) Microsoft Corporation. All rights reserved.

  Microsoft (R) C/C++ Optimizing Compiler Version 19.00.24245 for x64
  Copyright (C) Microsoft Corporation.  All rights reserved.
  
  cl /c /Zi /W0 /WX- /MP /Od /Ob0 /D WIN32 /D _WINDOWS /D TEST_HAVE_SYS_NDIR_H /D "CMAKE_INTDIR=\"Debug\"" /D _MBCS /Gm- /RTC1 /MDd /GS /fp:precise /Zc:wchar_t /Zc:forScope /Zc:inline /Fo"cmTC_594b8.dir\Debug\\" /Fd"cmTC_594b8.dir\Debug\vc140.pdb" /Gd /TC /errorReport:queue "C:\Project\PlusB-bin\vtk\ThirdParty\libxml2\vtklibxml2\platformTestsC.c"
  platformTestsC.c
  
C:\Project\PlusB-bin\vtk\ThirdParty\libxml2\vtklibxml2\platformTestsC.c(82): fatal error C1083: Cannot open include file: 'sys/ndir.h': No such file or directory [C:\Project\PlusB-bin\vtk-bin\ThirdParty\libxml2\vtklibxml2\CMakeFiles\CMakeTmp\cmTC_594b8.vcxproj]



Checking for __va_copy failed to compile with the following output:
Change Dir: C:/Project/PlusB-bin/vtk-bin/ThirdParty/libxml2/vtklibxml2/CMakeFiles/CMakeTmp

Run Build Command(s):C:/Program Files (x86)/Microsoft Visual Studio/2019/Community/MSBuild/Current/Bin/MSBuild.exe cmTC_a302f.vcxproj /p:Configuration=Debug /p:Platform=x64 /p:VisualStudioVersion=16.0 /v:m && Microsoft (R) Build Engine version 16.7.0+b89cb5fde for .NET Framework
Copyright (C) Microsoft Corporation. All rights reserved.

  Microsoft (R) C/C++ Optimizing Compiler Version 19.00.24245 for x64
  Copyright (C) Microsoft Corporation.  All rights reserved.
  
  cl /c /Zi /W0 /WX- /MP /Od /Ob0 /D WIN32 /D _WINDOWS /D TEST_HAVE___VA_COPY /D "CMAKE_INTDIR=\"Debug\"" /D _MBCS /Gm- /RTC1 /MDd /GS /fp:precise /Zc:wchar_t /Zc:forScope /Zc:inline /Fo"cmTC_a302f.dir\Debug\\" /Fd"cmTC_a302f.dir\Debug\vc140.pdb" /Gd /TC /errorReport:queue "C:\Project\PlusB-bin\vtk\ThirdParty\libxml2\vtklibxml2\platformTestsC.c"
  platformTestsC.c
  
platformTestsC.obj : error LNK2019: unresolved external symbol __va_copy referenced in function main [C:\Project\PlusB-bin\vtk-bin\ThirdParty\libxml2\vtklibxml2\CMakeFiles\CMakeTmp\cmTC_a302f.vcxproj]
C:\Project\PlusB-bin\vtk-bin\ThirdParty\libxml2\vtklibxml2\CMakeFiles\CMakeTmp\Debug\cmTC_a302f.exe : fatal error LNK1120: 1 unresolved externals [C:\Project\PlusB-bin\vtk-bin\ThirdParty\libxml2\vtklibxml2\CMakeFiles\CMakeTmp\cmTC_a302f.vcxproj]



Checking for ipv6 support. failed to compile with the following output:
Change Dir: C:/Project/PlusB-bin/vtk-bin/ThirdParty/libxml2/vtklibxml2/CMakeFiles/CMakeTmp

Run Build Command(s):C:/Program Files (x86)/Microsoft Visual Studio/2019/Community/MSBuild/Current/Bin/MSBuild.exe cmTC_7cf69.vcxproj /p:Configuration=Debug /p:Platform=x64 /p:VisualStudioVersion=16.0 /v:m && Microsoft (R) Build Engine version 16.7.0+b89cb5fde for .NET Framework
Copyright (C) Microsoft Corporation. All rights reserved.

  Microsoft (R) C/C++ Optimizing Compiler Version 19.00.24245 for x64
  Copyright (C) Microsoft Corporation.  All rights reserved.
  
  cl /c /Zi /W0 /WX- /MP /Od /Ob0 /D WIN32 /D _WINDOWS /D TEST_SUPPORT_IP6 /D "CMAKE_INTDIR=\"Debug\"" /D _MBCS /Gm- /RTC1 /MDd /GS /fp:precise /Zc:wchar_t /Zc:forScope /Zc:inline /Fo"cmTC_7cf69.dir\Debug\\" /Fd"cmTC_7cf69.dir\Debug\vc140.pdb" /Gd /TC /errorReport:queue "C:\Project\PlusB-bin\vtk\ThirdParty\libxml2\vtklibxml2\platformTestsC.c"
  platformTestsC.c
  
C:\Project\PlusB-bin\vtk\ThirdParty\libxml2\vtklibxml2\platformTestsC.c(31): fatal error C1083: Cannot open include file: 'sys/socket.h': No such file or directory [C:\Project\PlusB-bin\vtk-bin\ThirdParty\libxml2\vtklibxml2\CMakeFiles\CMakeTmp\cmTC_7cf69.vcxproj]



Performing C SOURCE FILE Test have_flag_logical-op-parentheses failed with the following output:
Change Dir: C:/Project/PlusB-bin/vtk-bin/CMakeFiles/CMakeTmp

Run Build Command(s):C:/Program Files (x86)/Microsoft Visual Studio/2019/Community/MSBuild/Current/Bin/MSBuild.exe cmTC_a1956.vcxproj /p:Configuration=Debug /p:Platform=x64 /p:VisualStudioVersion=16.0 /v:m && Microsoft (R) Build Engine version 16.7.0+b89cb5fde for .NET Framework
Copyright (C) Microsoft Corporation. All rights reserved.

  Microsoft (R) C/C++ Optimizing Compiler Version 19.00.24245 for x64
  Copyright (C) Microsoft Corporation.  All rights reserved.
  
  cl /c /Zi /W0 /WX- /MP /Od /Ob0 /D WIN32 /D _WINDOWS /D "have_flag_logical-op-parentheses" /D "CMAKE_INTDIR=\"Debug\"" /D _MBCS /Gm- /RTC1 /MDd /GS /fp:precise /Zc:wchar_t /Zc:forScope /Zc:inline /Fo"cmTC_a1956.dir\Debug\\" /Fd"cmTC_a1956.dir\Debug\vc140.pdb" /Gd /TC /errorReport:queue  -Wno-logical-op-parentheses "C:\Project\PlusB-bin\vtk-bin\CMakeFiles\CMakeTmp\src.c"
cl : Command line error D8021: invalid numeric argument '/Wno-logical-op-parentheses' [C:\Project\PlusB-bin\vtk-bin\CMakeFiles\CMakeTmp\cmTC_a1956.vcxproj]


Source file was:
int main(void) { return 0; }
Performing C SOURCE FILE Test have_flag_parentheses failed with the following output:
Change Dir: C:/Project/PlusB-bin/vtk-bin/CMakeFiles/CMakeTmp

Run Build Command(s):C:/Program Files (x86)/Microsoft Visual Studio/2019/Community/MSBuild/Current/Bin/MSBuild.exe cmTC_e3680.vcxproj /p:Configuration=Debug /p:Platform=x64 /p:VisualStudioVersion=16.0 /v:m && Microsoft (R) Build Engine version 16.7.0+b89cb5fde for .NET Framework
Copyright (C) Microsoft Corporation. All rights reserved.

  Microsoft (R) C/C++ Optimizing Compiler Version 19.00.24245 for x64
  Copyright (C) Microsoft Corporation.  All rights reserved.
  
  cl /c /Zi /W0 /WX- /MP /Od /Ob0 /D WIN32 /D _WINDOWS /D have_flag_parentheses /D "CMAKE_INTDIR=\"Debug\"" /D _MBCS /Gm- /RTC1 /MDd /GS /fp:precise /Zc:wchar_t /Zc:forScope /Zc:inline /Fo"cmTC_e3680.dir\Debug\\" /Fd"cmTC_e3680.dir\Debug\vc140.pdb" /Gd /TC /errorReport:queue  -Wno-parentheses "C:\Project\PlusB-bin\vtk-bin\CMakeFiles\CMakeTmp\src.c"
cl : Command line error D8021: invalid numeric argument '/Wno-parentheses' [C:\Project\PlusB-bin\vtk-bin\CMakeFiles\CMakeTmp\cmTC_e3680.vcxproj]


Source file was:
int main(void) { return 0; }
Performing C SOURCE FILE Test have_flag_shift-op-parentheses failed with the following output:
Change Dir: C:/Project/PlusB-bin/vtk-bin/CMakeFiles/CMakeTmp

Run Build Command(s):C:/Program Files (x86)/Microsoft Visual Studio/2019/Community/MSBuild/Current/Bin/MSBuild.exe cmTC_a6749.vcxproj /p:Configuration=Debug /p:Platform=x64 /p:VisualStudioVersion=16.0 /v:m && Microsoft (R) Build Engine version 16.7.0+b89cb5fde for .NET Framework
Copyright (C) Microsoft Corporation. All rights reserved.

  Microsoft (R) C/C++ Optimizing Compiler Version 19.00.24245 for x64
  Copyright (C) Microsoft Corporation.  All rights reserved.
  
  cl /c /Zi /W0 /WX- /MP /Od /Ob0 /D WIN32 /D _WINDOWS /D "have_flag_shift-op-parentheses" /D "CMAKE_INTDIR=\"Debug\"" /D _MBCS /Gm- /RTC1 /MDd /GS /fp:precise /Zc:wchar_t /Zc:forScope /Zc:inline /Fo"cmTC_a6749.dir\Debug\\" /Fd"cmTC_a6749.dir\Debug\vc140.pdb" /Gd /TC /errorReport:queue  -Wno-shift-op-parentheses "C:\Project\PlusB-bin\vtk-bin\CMakeFiles\CMakeTmp\src.c"
cl : Command line error D8021: invalid numeric argument '/Wno-shift-op-parentheses' [C:\Project\PlusB-bin\vtk-bin\CMakeFiles\CMakeTmp\cmTC_a6749.vcxproj]


Source file was:
int main(void) { return 0; }
Performing C SOURCE FILE Test have_flag_tautological-compare failed with the following output:
Change Dir: C:/Project/PlusB-bin/vtk-bin/CMakeFiles/CMakeTmp

Run Build Command(s):C:/Program Files (x86)/Microsoft Visual Studio/2019/Community/MSBuild/Current/Bin/MSBuild.exe cmTC_5966a.vcxproj /p:Configuration=Debug /p:Platform=x64 /p:VisualStudioVersion=16.0 /v:m && Microsoft (R) Build Engine version 16.7.0+b89cb5fde for .NET Framework
Copyright (C) Microsoft Corporation. All rights reserved.

  Microsoft (R) C/C++ Optimizing Compiler Version 19.00.24245 for x64
  Copyright (C) Microsoft Corporation.  All rights reserved.
  
  cl /c /Zi /W0 /WX- /MP /Od /Ob0 /D WIN32 /D _WINDOWS /D "have_flag_tautological-compare" /D "CMAKE_INTDIR=\"Debug\"" /D _MBCS /Gm- /RTC1 /MDd /GS /fp:precise /Zc:wchar_t /Zc:forScope /Zc:inline /Fo"cmTC_5966a.dir\Debug\\" /Fd"cmTC_5966a.dir\Debug\vc140.pdb" /Gd /TC /errorReport:queue  -Wno-tautological-compare "C:\Project\PlusB-bin\vtk-bin\CMakeFiles\CMakeTmp\src.c"
cl : Command line error D8021: invalid numeric argument '/Wno-tautological-compare' [C:\Project\PlusB-bin\vtk-bin\CMakeFiles\CMakeTmp\cmTC_5966a.vcxproj]


Source file was:
int main(void) { return 0; }
