Performing C SOURCE FILE Test C_HAS_WARNING-Wno-uninitialized failed with the following output:
Change Dir: C:/Project/PlusB-bin/itk-bin/CMakeFiles/CMakeTmp

Run Build Command(s):C:/Program Files (x86)/Microsoft Visual Studio/2019/Community/MSBuild/Current/Bin/MSBuild.exe cmTC_73737.vcxproj /p:Configuration=Debug /p:Platform=x64 /p:VisualStudioVersion=16.0 /v:m && Microsoft (R) Build Engine version 16.7.0+b89cb5fde for .NET Framework
Copyright (C) Microsoft Corporation. All rights reserved.

  Microsoft (R) C/C++ Optimizing Compiler Version 19.00.24245 for x64
  Copyright (C) Microsoft Corporation.  All rights reserved.
  
  cl /c /Zi /W1 /WX- /Od /Ob0 /D WIN32 /D _WINDOWS /D "C_HAS_WARNING-Wno-uninitialized" /D "CMAKE_INTDIR=\"Debug\"" /D _MBCS /Gm- /RTC1 /MDd /GS /fp:precise /Zc:wchar_t /Zc:forScope /Zc:inline /Fo"cmTC_73737.dir\Debug\\" /Fd"cmTC_73737.dir\Debug\vc140.pdb" /Gd /TC /errorReport:queue  -Wno-uninitialized "C:\Project\PlusB-bin\itk-bin\CMakeFiles\CMakeTmp\src.c"
cl : Command line error D8021: invalid numeric argument '/Wno-uninitialized' [C:\Project\PlusB-bin\itk-bin\CMakeFiles\CMakeTmp\cmTC_73737.vcxproj]


Source file was:
int main(void) { return 0; }
Performing C SOURCE FILE Test C_HAS_WARNING-Wno-unused-parameter failed with the following output:
Change Dir: C:/Project/PlusB-bin/itk-bin/CMakeFiles/CMakeTmp

Run Build Command(s):C:/Program Files (x86)/Microsoft Visual Studio/2019/Community/MSBuild/Current/Bin/MSBuild.exe cmTC_e5b9e.vcxproj /p:Configuration=Debug /p:Platform=x64 /p:VisualStudioVersion=16.0 /v:m && Microsoft (R) Build Engine version 16.7.0+b89cb5fde for .NET Framework
Copyright (C) Microsoft Corporation. All rights reserved.

  Microsoft (R) C/C++ Optimizing Compiler Version 19.00.24245 for x64
  Copyright (C) Microsoft Corporation.  All rights reserved.
  
  cl /c /Zi /W1 /WX- /Od /Ob0 /D WIN32 /D _WINDOWS /D "C_HAS_WARNING-Wno-unused-parameter" /D "CMAKE_INTDIR=\"Debug\"" /D _MBCS /Gm- /RTC1 /MDd /GS /fp:precise /Zc:wchar_t /Zc:forScope /Zc:inline /Fo"cmTC_e5b9e.dir\Debug\\" /Fd"cmTC_e5b9e.dir\Debug\vc140.pdb" /Gd /TC /errorReport:queue  -Wno-unused-parameter "C:\Project\PlusB-bin\itk-bin\CMakeFiles\CMakeTmp\src.c"
cl : Command line error D8021: invalid numeric argument '/Wno-unused-parameter' [C:\Project\PlusB-bin\itk-bin\CMakeFiles\CMakeTmp\cmTC_e5b9e.vcxproj]


Source file was:
int main(void) { return 0; }
Performing C SOURCE FILE Test C_HAS_WARNING-Wno-long-double failed with the following output:
Change Dir: C:/Project/PlusB-bin/itk-bin/CMakeFiles/CMakeTmp

Run Build Command(s):C:/Program Files (x86)/Microsoft Visual Studio/2019/Community/MSBuild/Current/Bin/MSBuild.exe cmTC_84ba5.vcxproj /p:Configuration=Debug /p:Platform=x64 /p:VisualStudioVersion=16.0 /v:m && Microsoft (R) Build Engine version 16.7.0+b89cb5fde for .NET Framework
Copyright (C) Microsoft Corporation. All rights reserved.

  Microsoft (R) C/C++ Optimizing Compiler Version 19.00.24245 for x64
  Copyright (C) Microsoft Corporation.  All rights reserved.
  
  cl /c /Zi /W1 /WX- /Od /Ob0 /D WIN32 /D _WINDOWS /D "C_HAS_WARNING-Wno-long-double" /D "CMAKE_INTDIR=\"Debug\"" /D _MBCS /Gm- /RTC1 /MDd /GS /fp:precise /Zc:wchar_t /Zc:forScope /Zc:inline /Fo"cmTC_84ba5.dir\Debug\\" /Fd"cmTC_84ba5.dir\Debug\vc140.pdb" /Gd /TC /errorReport:queue  -Wno-long-double "C:\Project\PlusB-bin\itk-bin\CMakeFiles\CMakeTmp\src.c"
cl : Command line error D8021: invalid numeric argument '/Wno-long-double' [C:\Project\PlusB-bin\itk-bin\CMakeFiles\CMakeTmp\cmTC_84ba5.vcxproj]


Source file was:
int main(void) { return 0; }
Performing C SOURCE FILE Test C_HAS_WARNING-Wcast-align failed with the following output:
Change Dir: C:/Project/PlusB-bin/itk-bin/CMakeFiles/CMakeTmp

Run Build Command(s):C:/Program Files (x86)/Microsoft Visual Studio/2019/Community/MSBuild/Current/Bin/MSBuild.exe cmTC_10db7.vcxproj /p:Configuration=Debug /p:Platform=x64 /p:VisualStudioVersion=16.0 /v:m && Microsoft (R) Build Engine version 16.7.0+b89cb5fde for .NET Framework
Copyright (C) Microsoft Corporation. All rights reserved.

  Microsoft (R) C/C++ Optimizing Compiler Version 19.00.24245 for x64
  Copyright (C) Microsoft Corporation.  All rights reserved.
  
  cl /c /Zi /W1 /WX- /Od /Ob0 /D WIN32 /D _WINDOWS /D "C_HAS_WARNING-Wcast-align" /D "CMAKE_INTDIR=\"Debug\"" /D _MBCS /Gm- /RTC1 /MDd /GS /fp:precise /Zc:wchar_t /Zc:forScope /Zc:inline /Fo"cmTC_10db7.dir\Debug\\" /Fd"cmTC_10db7.dir\Debug\vc140.pdb" /Gd /TC /errorReport:queue  -Wcast-align "C:\Project\PlusB-bin\itk-bin\CMakeFiles\CMakeTmp\src.c"
cl : Command line error D8021: invalid numeric argument '/Wcast-align' [C:\Project\PlusB-bin\itk-bin\CMakeFiles\CMakeTmp\cmTC_10db7.vcxproj]


Source file was:
int main(void) { return 0; }
Performing C SOURCE FILE Test C_HAS_WARNING-Wdisabled-optimization failed with the following output:
Change Dir: C:/Project/PlusB-bin/itk-bin/CMakeFiles/CMakeTmp

Run Build Command(s):C:/Program Files (x86)/Microsoft Visual Studio/2019/Community/MSBuild/Current/Bin/MSBuild.exe cmTC_809d6.vcxproj /p:Configuration=Debug /p:Platform=x64 /p:VisualStudioVersion=16.0 /v:m && Microsoft (R) Build Engine version 16.7.0+b89cb5fde for .NET Framework
Copyright (C) Microsoft Corporation. All rights reserved.

  Microsoft (R) C/C++ Optimizing Compiler Version 19.00.24245 for x64
  Copyright (C) Microsoft Corporation.  All rights reserved.
  
  cl /c /Zi /W1 /WX- /Od /Ob0 /D WIN32 /D _WINDOWS /D "C_HAS_WARNING-Wdisabled-optimization" /D "CMAKE_INTDIR=\"Debug\"" /D _MBCS /Gm- /RTC1 /MDd /GS /fp:precise /Zc:wchar_t /Zc:forScope /Zc:inline /Fo"cmTC_809d6.dir\Debug\\" /Fd"cmTC_809d6.dir\Debug\vc140.pdb" /Gd /TC /errorReport:queue  -Wdisabled-optimization "C:\Project\PlusB-bin\itk-bin\CMakeFiles\CMakeTmp\src.c"
cl : Command line error D8021: invalid numeric argument '/Wdisabled-optimization' [C:\Project\PlusB-bin\itk-bin\CMakeFiles\CMakeTmp\cmTC_809d6.vcxproj]


Source file was:
int main(void) { return 0; }
Performing C SOURCE FILE Test C_HAS_WARNING-Wextra failed with the following output:
Change Dir: C:/Project/PlusB-bin/itk-bin/CMakeFiles/CMakeTmp

Run Build Command(s):C:/Program Files (x86)/Microsoft Visual Studio/2019/Community/MSBuild/Current/Bin/MSBuild.exe cmTC_63259.vcxproj /p:Configuration=Debug /p:Platform=x64 /p:VisualStudioVersion=16.0 /v:m && Microsoft (R) Build Engine version 16.7.0+b89cb5fde for .NET Framework
Copyright (C) Microsoft Corporation. All rights reserved.

  Microsoft (R) C/C++ Optimizing Compiler Version 19.00.24245 for x64
  Copyright (C) Microsoft Corporation.  All rights reserved.
  
  cl /c /Zi /W1 /WX- /Od /Ob0 /D WIN32 /D _WINDOWS /D "C_HAS_WARNING-Wextra" /D "CMAKE_INTDIR=\"Debug\"" /D _MBCS /Gm- /RTC1 /MDd /GS /fp:precise /Zc:wchar_t /Zc:forScope /Zc:inline /Fo"cmTC_63259.dir\Debug\\" /Fd"cmTC_63259.dir\Debug\vc140.pdb" /Gd /TC /errorReport:queue  -Wextra "C:\Project\PlusB-bin\itk-bin\CMakeFiles\CMakeTmp\src.c"
cl : Command line error D8021: invalid numeric argument '/Wextra' [C:\Project\PlusB-bin\itk-bin\CMakeFiles\CMakeTmp\cmTC_63259.vcxproj]


Source file was:
int main(void) { return 0; }
Performing C SOURCE FILE Test C_HAS_WARNING-Wformat_2 failed with the following output:
Change Dir: C:/Project/PlusB-bin/itk-bin/CMakeFiles/CMakeTmp

Run Build Command(s):C:/Program Files (x86)/Microsoft Visual Studio/2019/Community/MSBuild/Current/Bin/MSBuild.exe cmTC_1aba1.vcxproj /p:Configuration=Debug /p:Platform=x64 /p:VisualStudioVersion=16.0 /v:m && Microsoft (R) Build Engine version 16.7.0+b89cb5fde for .NET Framework
Copyright (C) Microsoft Corporation. All rights reserved.

  Microsoft (R) C/C++ Optimizing Compiler Version 19.00.24245 for x64
  Copyright (C) Microsoft Corporation.  All rights reserved.
  
  cl /c /Zi /W1 /WX- /Od /Ob0 /D WIN32 /D _WINDOWS /D "C_HAS_WARNING-Wformat_2" /D "CMAKE_INTDIR=\"Debug\"" /D _MBCS /Gm- /RTC1 /MDd /GS /fp:precise /Zc:wchar_t /Zc:forScope /Zc:inline /Fo"cmTC_1aba1.dir\Debug\\" /Fd"cmTC_1aba1.dir\Debug\vc140.pdb" /Gd /TC /errorReport:queue  -Wformat=2 "C:\Project\PlusB-bin\itk-bin\CMakeFiles\CMakeTmp\src.c"
cl : Command line error D8021: invalid numeric argument '/Wformat=2' [C:\Project\PlusB-bin\itk-bin\CMakeFiles\CMakeTmp\cmTC_1aba1.vcxproj]


Source file was:
int main(void) { return 0; }
Performing C SOURCE FILE Test C_HAS_WARNING-Winvalid-pch failed with the following output:
Change Dir: C:/Project/PlusB-bin/itk-bin/CMakeFiles/CMakeTmp

Run Build Command(s):C:/Program Files (x86)/Microsoft Visual Studio/2019/Community/MSBuild/Current/Bin/MSBuild.exe cmTC_414ca.vcxproj /p:Configuration=Debug /p:Platform=x64 /p:VisualStudioVersion=16.0 /v:m && Microsoft (R) Build Engine version 16.7.0+b89cb5fde for .NET Framework
Copyright (C) Microsoft Corporation. All rights reserved.

  Microsoft (R) C/C++ Optimizing Compiler Version 19.00.24245 for x64
  Copyright (C) Microsoft Corporation.  All rights reserved.
  
  cl /c /Zi /W1 /WX- /Od /Ob0 /D WIN32 /D _WINDOWS /D "C_HAS_WARNING-Winvalid-pch" /D "CMAKE_INTDIR=\"Debug\"" /D _MBCS /Gm- /RTC1 /MDd /GS /fp:precise /Zc:wchar_t /Zc:forScope /Zc:inline /Fo"cmTC_414ca.dir\Debug\\" /Fd"cmTC_414ca.dir\Debug\vc140.pdb" /Gd /TC /errorReport:queue  -Winvalid-pch "C:\Project\PlusB-bin\itk-bin\CMakeFiles\CMakeTmp\src.c"
cl : Command line error D8021: invalid numeric argument '/Winvalid-pch' [C:\Project\PlusB-bin\itk-bin\CMakeFiles\CMakeTmp\cmTC_414ca.vcxproj]


Source file was:
int main(void) { return 0; }
Performing C SOURCE FILE Test C_HAS_WARNING-Wno-format-nonliteral failed with the following output:
Change Dir: C:/Project/PlusB-bin/itk-bin/CMakeFiles/CMakeTmp

Run Build Command(s):C:/Program Files (x86)/Microsoft Visual Studio/2019/Community/MSBuild/Current/Bin/MSBuild.exe cmTC_abf5d.vcxproj /p:Configuration=Debug /p:Platform=x64 /p:VisualStudioVersion=16.0 /v:m && Microsoft (R) Build Engine version 16.7.0+b89cb5fde for .NET Framework
Copyright (C) Microsoft Corporation. All rights reserved.

  Microsoft (R) C/C++ Optimizing Compiler Version 19.00.24245 for x64
  Copyright (C) Microsoft Corporation.  All rights reserved.
  
  cl /c /Zi /W1 /WX- /Od /Ob0 /D WIN32 /D _WINDOWS /D "C_HAS_WARNING-Wno-format-nonliteral" /D "CMAKE_INTDIR=\"Debug\"" /D _MBCS /Gm- /RTC1 /MDd /GS /fp:precise /Zc:wchar_t /Zc:forScope /Zc:inline /Fo"cmTC_abf5d.dir\Debug\\" /Fd"cmTC_abf5d.dir\Debug\vc140.pdb" /Gd /TC /errorReport:queue  -Wno-format-nonliteral "C:\Project\PlusB-bin\itk-bin\CMakeFiles\CMakeTmp\src.c"
cl : Command line error D8021: invalid numeric argument '/Wno-format-nonliteral' [C:\Project\PlusB-bin\itk-bin\CMakeFiles\CMakeTmp\cmTC_abf5d.vcxproj]


Source file was:
int main(void) { return 0; }
Performing C SOURCE FILE Test C_HAS_WARNING-Wpointer-arith failed with the following output:
Change Dir: C:/Project/PlusB-bin/itk-bin/CMakeFiles/CMakeTmp

Run Build Command(s):C:/Program Files (x86)/Microsoft Visual Studio/2019/Community/MSBuild/Current/Bin/MSBuild.exe cmTC_c9df7.vcxproj /p:Configuration=Debug /p:Platform=x64 /p:VisualStudioVersion=16.0 /v:m && Microsoft (R) Build Engine version 16.7.0+b89cb5fde for .NET Framework
Copyright (C) Microsoft Corporation. All rights reserved.

  Microsoft (R) C/C++ Optimizing Compiler Version 19.00.24245 for x64
  Copyright (C) Microsoft Corporation.  All rights reserved.
  
  cl /c /Zi /W1 /WX- /Od /Ob0 /D WIN32 /D _WINDOWS /D "C_HAS_WARNING-Wpointer-arith" /D "CMAKE_INTDIR=\"Debug\"" /D _MBCS /Gm- /RTC1 /MDd /GS /fp:precise /Zc:wchar_t /Zc:forScope /Zc:inline /Fo"cmTC_c9df7.dir\Debug\\" /Fd"cmTC_c9df7.dir\Debug\vc140.pdb" /Gd /TC /errorReport:queue  -Wpointer-arith "C:\Project\PlusB-bin\itk-bin\CMakeFiles\CMakeTmp\src.c"
cl : Command line error D8021: invalid numeric argument '/Wpointer-arith' [C:\Project\PlusB-bin\itk-bin\CMakeFiles\CMakeTmp\cmTC_c9df7.vcxproj]


Source file was:
int main(void) { return 0; }
Performing C SOURCE FILE Test C_HAS_WARNING-Wshadow failed with the following output:
Change Dir: C:/Project/PlusB-bin/itk-bin/CMakeFiles/CMakeTmp

Run Build Command(s):C:/Program Files (x86)/Microsoft Visual Studio/2019/Community/MSBuild/Current/Bin/MSBuild.exe cmTC_b4437.vcxproj /p:Configuration=Debug /p:Platform=x64 /p:VisualStudioVersion=16.0 /v:m && Microsoft (R) Build Engine version 16.7.0+b89cb5fde for .NET Framework
Copyright (C) Microsoft Corporation. All rights reserved.

  Microsoft (R) C/C++ Optimizing Compiler Version 19.00.24245 for x64
  Copyright (C) Microsoft Corporation.  All rights reserved.
  
  cl /c /Zi /W1 /WX- /Od /Ob0 /D WIN32 /D _WINDOWS /D "C_HAS_WARNING-Wshadow" /D "CMAKE_INTDIR=\"Debug\"" /D _MBCS /Gm- /RTC1 /MDd /GS /fp:precise /Zc:wchar_t /Zc:forScope /Zc:inline /Fo"cmTC_b4437.dir\Debug\\" /Fd"cmTC_b4437.dir\Debug\vc140.pdb" /Gd /TC /errorReport:queue  -Wshadow "C:\Project\PlusB-bin\itk-bin\CMakeFiles\CMakeTmp\src.c"
cl : Command line error D8021: invalid numeric argument '/Wshadow' [C:\Project\PlusB-bin\itk-bin\CMakeFiles\CMakeTmp\cmTC_b4437.vcxproj]


Source file was:
int main(void) { return 0; }
Performing C SOURCE FILE Test C_HAS_WARNING-Wunused failed with the following output:
Change Dir: C:/Project/PlusB-bin/itk-bin/CMakeFiles/CMakeTmp

Run Build Command(s):C:/Program Files (x86)/Microsoft Visual Studio/2019/Community/MSBuild/Current/Bin/MSBuild.exe cmTC_d20d6.vcxproj /p:Configuration=Debug /p:Platform=x64 /p:VisualStudioVersion=16.0 /v:m && Microsoft (R) Build Engine version 16.7.0+b89cb5fde for .NET Framework
Copyright (C) Microsoft Corporation. All rights reserved.

  Microsoft (R) C/C++ Optimizing Compiler Version 19.00.24245 for x64
  Copyright (C) Microsoft Corporation.  All rights reserved.
  
  cl /c /Zi /W1 /WX- /Od /Ob0 /D WIN32 /D _WINDOWS /D "C_HAS_WARNING-Wunused" /D "CMAKE_INTDIR=\"Debug\"" /D _MBCS /Gm- /RTC1 /MDd /GS /fp:precise /Zc:wchar_t /Zc:forScope /Zc:inline /Fo"cmTC_d20d6.dir\Debug\\" /Fd"cmTC_d20d6.dir\Debug\vc140.pdb" /Gd /TC /errorReport:queue  -Wunused "C:\Project\PlusB-bin\itk-bin\CMakeFiles\CMakeTmp\src.c"
cl : Command line error D8021: invalid numeric argument '/Wunused' [C:\Project\PlusB-bin\itk-bin\CMakeFiles\CMakeTmp\cmTC_d20d6.vcxproj]


Source file was:
int main(void) { return 0; }
Performing C SOURCE FILE Test C_HAS_WARNING-Wwrite-strings failed with the following output:
Change Dir: C:/Project/PlusB-bin/itk-bin/CMakeFiles/CMakeTmp

Run Build Command(s):C:/Program Files (x86)/Microsoft Visual Studio/2019/Community/MSBuild/Current/Bin/MSBuild.exe cmTC_4f804.vcxproj /p:Configuration=Debug /p:Platform=x64 /p:VisualStudioVersion=16.0 /v:m && Microsoft (R) Build Engine version 16.7.0+b89cb5fde for .NET Framework
Copyright (C) Microsoft Corporation. All rights reserved.

  Microsoft (R) C/C++ Optimizing Compiler Version 19.00.24245 for x64
  Copyright (C) Microsoft Corporation.  All rights reserved.
  
  cl /c /Zi /W1 /WX- /Od /Ob0 /D WIN32 /D _WINDOWS /D "C_HAS_WARNING-Wwrite-strings" /D "CMAKE_INTDIR=\"Debug\"" /D _MBCS /Gm- /RTC1 /MDd /GS /fp:precise /Zc:wchar_t /Zc:forScope /Zc:inline /Fo"cmTC_4f804.dir\Debug\\" /Fd"cmTC_4f804.dir\Debug\vc140.pdb" /Gd /TC /errorReport:queue  -Wwrite-strings "C:\Project\PlusB-bin\itk-bin\CMakeFiles\CMakeTmp\src.c"
cl : Command line error D8021: invalid numeric argument '/Wwrite-strings' [C:\Project\PlusB-bin\itk-bin\CMakeFiles\CMakeTmp\cmTC_4f804.vcxproj]


Source file was:
int main(void) { return 0; }
Performing C SOURCE FILE Test C_HAS_WARNING-funit-at-a-time failed with the following output:
Change Dir: C:/Project/PlusB-bin/itk-bin/CMakeFiles/CMakeTmp

Run Build Command(s):C:/Program Files (x86)/Microsoft Visual Studio/2019/Community/MSBuild/Current/Bin/MSBuild.exe cmTC_ca353.vcxproj /p:Configuration=Debug /p:Platform=x64 /p:VisualStudioVersion=16.0 /v:m && Microsoft (R) Build Engine version 16.7.0+b89cb5fde for .NET Framework
Copyright (C) Microsoft Corporation. All rights reserved.

  Microsoft (R) C/C++ Optimizing Compiler Version 19.00.24245 for x64
  Copyright (C) Microsoft Corporation.  All rights reserved.
  
  cl /c /Zi /W1 /WX- /Od /Ob0 /D WIN32 /D _WINDOWS /D "C_HAS_WARNING-funit-at-a-time" /D "CMAKE_INTDIR=\"Debug\"" /D _MBCS /Gm- /RTC1 /MDd /GS /fp:precise /Zc:wchar_t /Zc:forScope /Zc:inline /Fo"cmTC_ca353.dir\Debug\\" /Fd"cmTC_ca353.dir\Debug\vc140.pdb" /Gd /TC /errorReport:queue  -funit-at-a-time "C:\Project\PlusB-bin\itk-bin\CMakeFiles\CMakeTmp\src.c"
  src.c
  
cl : Command line warning D9002: ignoring unknown option '-funit-at-a-time' [C:\Project\PlusB-bin\itk-bin\CMakeFiles\CMakeTmp\cmTC_ca353.vcxproj]
  cmTC_ca353.vcxproj -> C:\Project\PlusB-bin\itk-bin\CMakeFiles\CMakeTmp\Debug\cmTC_ca353.exe
  cmTC_ca353.vcxproj -> C:/Project/PlusB-bin/itk-bin/CMakeFiles/CMakeTmp/Debug/cmTC_ca353.pdb (Full PDB)


Source file was:
int main(void) { return 0; }
Performing C SOURCE FILE Test C_HAS_WARNING-Wno-strict-overflow failed with the following output:
Change Dir: C:/Project/PlusB-bin/itk-bin/CMakeFiles/CMakeTmp

Run Build Command(s):C:/Program Files (x86)/Microsoft Visual Studio/2019/Community/MSBuild/Current/Bin/MSBuild.exe cmTC_25f1a.vcxproj /p:Configuration=Debug /p:Platform=x64 /p:VisualStudioVersion=16.0 /v:m && Microsoft (R) Build Engine version 16.7.0+b89cb5fde for .NET Framework
Copyright (C) Microsoft Corporation. All rights reserved.

  Microsoft (R) C/C++ Optimizing Compiler Version 19.00.24245 for x64
  Copyright (C) Microsoft Corporation.  All rights reserved.
  
  cl /c /Zi /W1 /WX- /Od /Ob0 /D WIN32 /D _WINDOWS /D "C_HAS_WARNING-Wno-strict-overflow" /D "CMAKE_INTDIR=\"Debug\"" /D _MBCS /Gm- /RTC1 /MDd /GS /fp:precise /Zc:wchar_t /Zc:forScope /Zc:inline /Fo"cmTC_25f1a.dir\Debug\\" /Fd"cmTC_25f1a.dir\Debug\vc140.pdb" /Gd /TC /errorReport:queue  -Wno-strict-overflow "C:\Project\PlusB-bin\itk-bin\CMakeFiles\CMakeTmp\src.c"
cl : Command line error D8021: invalid numeric argument '/Wno-strict-overflow' [C:\Project\PlusB-bin\itk-bin\CMakeFiles\CMakeTmp\cmTC_25f1a.vcxproj]


Source file was:
int main(void) { return 0; }
Performing C++ SOURCE FILE Test CXX_HAS_WARNING-Wno-long-double failed with the following output:
Change Dir: C:/Project/PlusB-bin/itk-bin/CMakeFiles/CMakeTmp

Run Build Command(s):C:/Program Files (x86)/Microsoft Visual Studio/2019/Community/MSBuild/Current/Bin/MSBuild.exe cmTC_98bd3.vcxproj /p:Configuration=Debug /p:Platform=x64 /p:VisualStudioVersion=16.0 /v:m && Microsoft (R) Build Engine version 16.7.0+b89cb5fde for .NET Framework
Copyright (C) Microsoft Corporation. All rights reserved.

  Microsoft (R) C/C++ Optimizing Compiler Version 19.00.24245 for x64
  Copyright (C) Microsoft Corporation.  All rights reserved.
  
  cl /c /Zi /W1 /WX- /MP /Od /Ob0 /D "CXX_HAS_WARNING-Wno-long-double" /D "CMAKE_INTDIR=\"Debug\"" /D _MBCS /Gm- /RTC1 /MDd /GS /fp:precise /Zc:wchar_t /Zc:forScope /Zc:inline /Fo"cmTC_98bd3.dir\Debug\\" /Fd"cmTC_98bd3.dir\Debug\vc140.pdb" /Gd /TP /errorReport:queue  -Wno-long-double "C:\Project\PlusB-bin\itk-bin\CMakeFiles\CMakeTmp\src.cxx"
cl : Command line error D8021: invalid numeric argument '/Wno-long-double' [C:\Project\PlusB-bin\itk-bin\CMakeFiles\CMakeTmp\cmTC_98bd3.vcxproj]


Source file was:
int main() { return 0;}
Performing C++ SOURCE FILE Test CXX_HAS_WARNING-Wcast-align failed with the following output:
Change Dir: C:/Project/PlusB-bin/itk-bin/CMakeFiles/CMakeTmp

Run Build Command(s):C:/Program Files (x86)/Microsoft Visual Studio/2019/Community/MSBuild/Current/Bin/MSBuild.exe cmTC_a6dd6.vcxproj /p:Configuration=Debug /p:Platform=x64 /p:VisualStudioVersion=16.0 /v:m && Microsoft (R) Build Engine version 16.7.0+b89cb5fde for .NET Framework
Copyright (C) Microsoft Corporation. All rights reserved.

  Microsoft (R) C/C++ Optimizing Compiler Version 19.00.24245 for x64
  Copyright (C) Microsoft Corporation.  All rights reserved.
  
  cl /c /Zi /W1 /WX- /MP /Od /Ob0 /D "CXX_HAS_WARNING-Wcast-align" /D "CMAKE_INTDIR=\"Debug\"" /D _MBCS /Gm- /RTC1 /MDd /GS /fp:precise /Zc:wchar_t /Zc:forScope /Zc:inline /Fo"cmTC_a6dd6.dir\Debug\\" /Fd"cmTC_a6dd6.dir\Debug\vc140.pdb" /Gd /TP /errorReport:queue  -Wcast-align "C:\Project\PlusB-bin\itk-bin\CMakeFiles\CMakeTmp\src.cxx"
cl : Command line error D8021: invalid numeric argument '/Wcast-align' [C:\Project\PlusB-bin\itk-bin\CMakeFiles\CMakeTmp\cmTC_a6dd6.vcxproj]


Source file was:
int main() { return 0;}
Performing C++ SOURCE FILE Test CXX_HAS_WARNING-Wdisabled-optimization failed with the following output:
Change Dir: C:/Project/PlusB-bin/itk-bin/CMakeFiles/CMakeTmp

Run Build Command(s):C:/Program Files (x86)/Microsoft Visual Studio/2019/Community/MSBuild/Current/Bin/MSBuild.exe cmTC_475eb.vcxproj /p:Configuration=Debug /p:Platform=x64 /p:VisualStudioVersion=16.0 /v:m && Microsoft (R) Build Engine version 16.7.0+b89cb5fde for .NET Framework
Copyright (C) Microsoft Corporation. All rights reserved.

  Microsoft (R) C/C++ Optimizing Compiler Version 19.00.24245 for x64
  Copyright (C) Microsoft Corporation.  All rights reserved.
  
  cl /c /Zi /W1 /WX- /MP /Od /Ob0 /D "CXX_HAS_WARNING-Wdisabled-optimization" /D "CMAKE_INTDIR=\"Debug\"" /D _MBCS /Gm- /RTC1 /MDd /GS /fp:precise /Zc:wchar_t /Zc:forScope /Zc:inline /Fo"cmTC_475eb.dir\Debug\\" /Fd"cmTC_475eb.dir\Debug\vc140.pdb" /Gd /TP /errorReport:queue  -Wdisabled-optimization "C:\Project\PlusB-bin\itk-bin\CMakeFiles\CMakeTmp\src.cxx"
cl : Command line error D8021: invalid numeric argument '/Wdisabled-optimization' [C:\Project\PlusB-bin\itk-bin\CMakeFiles\CMakeTmp\cmTC_475eb.vcxproj]


Source file was:
int main() { return 0;}
Performing C++ SOURCE FILE Test CXX_HAS_WARNING-Wextra failed with the following output:
Change Dir: C:/Project/PlusB-bin/itk-bin/CMakeFiles/CMakeTmp

Run Build Command(s):C:/Program Files (x86)/Microsoft Visual Studio/2019/Community/MSBuild/Current/Bin/MSBuild.exe cmTC_b3db1.vcxproj /p:Configuration=Debug /p:Platform=x64 /p:VisualStudioVersion=16.0 /v:m && Microsoft (R) Build Engine version 16.7.0+b89cb5fde for .NET Framework
Copyright (C) Microsoft Corporation. All rights reserved.

  Microsoft (R) C/C++ Optimizing Compiler Version 19.00.24245 for x64
  Copyright (C) Microsoft Corporation.  All rights reserved.
  
  cl /c /Zi /W1 /WX- /MP /Od /Ob0 /D "CXX_HAS_WARNING-Wextra" /D "CMAKE_INTDIR=\"Debug\"" /D _MBCS /Gm- /RTC1 /MDd /GS /fp:precise /Zc:wchar_t /Zc:forScope /Zc:inline /Fo"cmTC_b3db1.dir\Debug\\" /Fd"cmTC_b3db1.dir\Debug\vc140.pdb" /Gd /TP /errorReport:queue  -Wextra "C:\Project\PlusB-bin\itk-bin\CMakeFiles\CMakeTmp\src.cxx"
cl : Command line error D8021: invalid numeric argument '/Wextra' [C:\Project\PlusB-bin\itk-bin\CMakeFiles\CMakeTmp\cmTC_b3db1.vcxproj]


Source file was:
int main() { return 0;}
Performing C++ SOURCE FILE Test CXX_HAS_WARNING-Wformat_2 failed with the following output:
Change Dir: C:/Project/PlusB-bin/itk-bin/CMakeFiles/CMakeTmp

Run Build Command(s):C:/Program Files (x86)/Microsoft Visual Studio/2019/Community/MSBuild/Current/Bin/MSBuild.exe cmTC_ce94f.vcxproj /p:Configuration=Debug /p:Platform=x64 /p:VisualStudioVersion=16.0 /v:m && Microsoft (R) Build Engine version 16.7.0+b89cb5fde for .NET Framework
Copyright (C) Microsoft Corporation. All rights reserved.

  Microsoft (R) C/C++ Optimizing Compiler Version 19.00.24245 for x64
  Copyright (C) Microsoft Corporation.  All rights reserved.
  
  cl /c /Zi /W1 /WX- /MP /Od /Ob0 /D "CXX_HAS_WARNING-Wformat_2" /D "CMAKE_INTDIR=\"Debug\"" /D _MBCS /Gm- /RTC1 /MDd /GS /fp:precise /Zc:wchar_t /Zc:forScope /Zc:inline /Fo"cmTC_ce94f.dir\Debug\\" /Fd"cmTC_ce94f.dir\Debug\vc140.pdb" /Gd /TP /errorReport:queue  -Wformat=2 "C:\Project\PlusB-bin\itk-bin\CMakeFiles\CMakeTmp\src.cxx"
cl : Command line error D8021: invalid numeric argument '/Wformat=2' [C:\Project\PlusB-bin\itk-bin\CMakeFiles\CMakeTmp\cmTC_ce94f.vcxproj]


Source file was:
int main() { return 0;}
Performing C++ SOURCE FILE Test CXX_HAS_WARNING-Winvalid-pch failed with the following output:
Change Dir: C:/Project/PlusB-bin/itk-bin/CMakeFiles/CMakeTmp

Run Build Command(s):C:/Program Files (x86)/Microsoft Visual Studio/2019/Community/MSBuild/Current/Bin/MSBuild.exe cmTC_9783c.vcxproj /p:Configuration=Debug /p:Platform=x64 /p:VisualStudioVersion=16.0 /v:m && Microsoft (R) Build Engine version 16.7.0+b89cb5fde for .NET Framework
Copyright (C) Microsoft Corporation. All rights reserved.

  Microsoft (R) C/C++ Optimizing Compiler Version 19.00.24245 for x64
  Copyright (C) Microsoft Corporation.  All rights reserved.
  
  cl /c /Zi /W1 /WX- /MP /Od /Ob0 /D "CXX_HAS_WARNING-Winvalid-pch" /D "CMAKE_INTDIR=\"Debug\"" /D _MBCS /Gm- /RTC1 /MDd /GS /fp:precise /Zc:wchar_t /Zc:forScope /Zc:inline /Fo"cmTC_9783c.dir\Debug\\" /Fd"cmTC_9783c.dir\Debug\vc140.pdb" /Gd /TP /errorReport:queue  -Winvalid-pch "C:\Project\PlusB-bin\itk-bin\CMakeFiles\CMakeTmp\src.cxx"
cl : Command line error D8021: invalid numeric argument '/Winvalid-pch' [C:\Project\PlusB-bin\itk-bin\CMakeFiles\CMakeTmp\cmTC_9783c.vcxproj]


Source file was:
int main() { return 0;}
Performing C++ SOURCE FILE Test CXX_HAS_WARNING-Wno-format-nonliteral failed with the following output:
Change Dir: C:/Project/PlusB-bin/itk-bin/CMakeFiles/CMakeTmp

Run Build Command(s):C:/Program Files (x86)/Microsoft Visual Studio/2019/Community/MSBuild/Current/Bin/MSBuild.exe cmTC_deb22.vcxproj /p:Configuration=Debug /p:Platform=x64 /p:VisualStudioVersion=16.0 /v:m && Microsoft (R) Build Engine version 16.7.0+b89cb5fde for .NET Framework
Copyright (C) Microsoft Corporation. All rights reserved.

  Microsoft (R) C/C++ Optimizing Compiler Version 19.00.24245 for x64
  Copyright (C) Microsoft Corporation.  All rights reserved.
  
  cl /c /Zi /W1 /WX- /MP /Od /Ob0 /D "CXX_HAS_WARNING-Wno-format-nonliteral" /D "CMAKE_INTDIR=\"Debug\"" /D _MBCS /Gm- /RTC1 /MDd /GS /fp:precise /Zc:wchar_t /Zc:forScope /Zc:inline /Fo"cmTC_deb22.dir\Debug\\" /Fd"cmTC_deb22.dir\Debug\vc140.pdb" /Gd /TP /errorReport:queue  -Wno-format-nonliteral "C:\Project\PlusB-bin\itk-bin\CMakeFiles\CMakeTmp\src.cxx"
cl : Command line error D8021: invalid numeric argument '/Wno-format-nonliteral' [C:\Project\PlusB-bin\itk-bin\CMakeFiles\CMakeTmp\cmTC_deb22.vcxproj]


Source file was:
int main() { return 0;}
Performing C++ SOURCE FILE Test CXX_HAS_WARNING-Wpointer-arith failed with the following output:
Change Dir: C:/Project/PlusB-bin/itk-bin/CMakeFiles/CMakeTmp

Run Build Command(s):C:/Program Files (x86)/Microsoft Visual Studio/2019/Community/MSBuild/Current/Bin/MSBuild.exe cmTC_22357.vcxproj /p:Configuration=Debug /p:Platform=x64 /p:VisualStudioVersion=16.0 /v:m && Microsoft (R) Build Engine version 16.7.0+b89cb5fde for .NET Framework
Copyright (C) Microsoft Corporation. All rights reserved.

  Microsoft (R) C/C++ Optimizing Compiler Version 19.00.24245 for x64
  Copyright (C) Microsoft Corporation.  All rights reserved.
  
  cl /c /Zi /W1 /WX- /MP /Od /Ob0 /D "CXX_HAS_WARNING-Wpointer-arith" /D "CMAKE_INTDIR=\"Debug\"" /D _MBCS /Gm- /RTC1 /MDd /GS /fp:precise /Zc:wchar_t /Zc:forScope /Zc:inline /Fo"cmTC_22357.dir\Debug\\" /Fd"cmTC_22357.dir\Debug\vc140.pdb" /Gd /TP /errorReport:queue  -Wpointer-arith "C:\Project\PlusB-bin\itk-bin\CMakeFiles\CMakeTmp\src.cxx"
cl : Command line error D8021: invalid numeric argument '/Wpointer-arith' [C:\Project\PlusB-bin\itk-bin\CMakeFiles\CMakeTmp\cmTC_22357.vcxproj]


Source file was:
int main() { return 0;}
Performing C++ SOURCE FILE Test CXX_HAS_WARNING-Wshadow failed with the following output:
Change Dir: C:/Project/PlusB-bin/itk-bin/CMakeFiles/CMakeTmp

Run Build Command(s):C:/Program Files (x86)/Microsoft Visual Studio/2019/Community/MSBuild/Current/Bin/MSBuild.exe cmTC_8d020.vcxproj /p:Configuration=Debug /p:Platform=x64 /p:VisualStudioVersion=16.0 /v:m && Microsoft (R) Build Engine version 16.7.0+b89cb5fde for .NET Framework
Copyright (C) Microsoft Corporation. All rights reserved.

  Microsoft (R) C/C++ Optimizing Compiler Version 19.00.24245 for x64
  Copyright (C) Microsoft Corporation.  All rights reserved.
  
  cl /c /Zi /W1 /WX- /MP /Od /Ob0 /D "CXX_HAS_WARNING-Wshadow" /D "CMAKE_INTDIR=\"Debug\"" /D _MBCS /Gm- /RTC1 /MDd /GS /fp:precise /Zc:wchar_t /Zc:forScope /Zc:inline /Fo"cmTC_8d020.dir\Debug\\" /Fd"cmTC_8d020.dir\Debug\vc140.pdb" /Gd /TP /errorReport:queue  -Wshadow "C:\Project\PlusB-bin\itk-bin\CMakeFiles\CMakeTmp\src.cxx"
cl : Command line error D8021: invalid numeric argument '/Wshadow' [C:\Project\PlusB-bin\itk-bin\CMakeFiles\CMakeTmp\cmTC_8d020.vcxproj]


Source file was:
int main() { return 0;}
Performing C++ SOURCE FILE Test CXX_HAS_WARNING-Wunused failed with the following output:
Change Dir: C:/Project/PlusB-bin/itk-bin/CMakeFiles/CMakeTmp

Run Build Command(s):C:/Program Files (x86)/Microsoft Visual Studio/2019/Community/MSBuild/Current/Bin/MSBuild.exe cmTC_14e98.vcxproj /p:Configuration=Debug /p:Platform=x64 /p:VisualStudioVersion=16.0 /v:m && Microsoft (R) Build Engine version 16.7.0+b89cb5fde for .NET Framework
Copyright (C) Microsoft Corporation. All rights reserved.

  Microsoft (R) C/C++ Optimizing Compiler Version 19.00.24245 for x64
  Copyright (C) Microsoft Corporation.  All rights reserved.
  
  cl /c /Zi /W1 /WX- /MP /Od /Ob0 /D "CXX_HAS_WARNING-Wunused" /D "CMAKE_INTDIR=\"Debug\"" /D _MBCS /Gm- /RTC1 /MDd /GS /fp:precise /Zc:wchar_t /Zc:forScope /Zc:inline /Fo"cmTC_14e98.dir\Debug\\" /Fd"cmTC_14e98.dir\Debug\vc140.pdb" /Gd /TP /errorReport:queue  -Wunused "C:\Project\PlusB-bin\itk-bin\CMakeFiles\CMakeTmp\src.cxx"
cl : Command line error D8021: invalid numeric argument '/Wunused' [C:\Project\PlusB-bin\itk-bin\CMakeFiles\CMakeTmp\cmTC_14e98.vcxproj]


Source file was:
int main() { return 0;}
Performing C++ SOURCE FILE Test CXX_HAS_WARNING-Wwrite-strings failed with the following output:
Change Dir: C:/Project/PlusB-bin/itk-bin/CMakeFiles/CMakeTmp

Run Build Command(s):C:/Program Files (x86)/Microsoft Visual Studio/2019/Community/MSBuild/Current/Bin/MSBuild.exe cmTC_5fd3b.vcxproj /p:Configuration=Debug /p:Platform=x64 /p:VisualStudioVersion=16.0 /v:m && Microsoft (R) Build Engine version 16.7.0+b89cb5fde for .NET Framework
Copyright (C) Microsoft Corporation. All rights reserved.

  Microsoft (R) C/C++ Optimizing Compiler Version 19.00.24245 for x64
  Copyright (C) Microsoft Corporation.  All rights reserved.
  
  cl /c /Zi /W1 /WX- /MP /Od /Ob0 /D "CXX_HAS_WARNING-Wwrite-strings" /D "CMAKE_INTDIR=\"Debug\"" /D _MBCS /Gm- /RTC1 /MDd /GS /fp:precise /Zc:wchar_t /Zc:forScope /Zc:inline /Fo"cmTC_5fd3b.dir\Debug\\" /Fd"cmTC_5fd3b.dir\Debug\vc140.pdb" /Gd /TP /errorReport:queue  -Wwrite-strings "C:\Project\PlusB-bin\itk-bin\CMakeFiles\CMakeTmp\src.cxx"
cl : Command line error D8021: invalid numeric argument '/Wwrite-strings' [C:\Project\PlusB-bin\itk-bin\CMakeFiles\CMakeTmp\cmTC_5fd3b.vcxproj]


Source file was:
int main() { return 0;}
Performing C++ SOURCE FILE Test CXX_HAS_WARNING-funit-at-a-time failed with the following output:
Change Dir: C:/Project/PlusB-bin/itk-bin/CMakeFiles/CMakeTmp

Run Build Command(s):C:/Program Files (x86)/Microsoft Visual Studio/2019/Community/MSBuild/Current/Bin/MSBuild.exe cmTC_deec8.vcxproj /p:Configuration=Debug /p:Platform=x64 /p:VisualStudioVersion=16.0 /v:m && Microsoft (R) Build Engine version 16.7.0+b89cb5fde for .NET Framework
Copyright (C) Microsoft Corporation. All rights reserved.

  Microsoft (R) C/C++ Optimizing Compiler Version 19.00.24245 for x64
  Copyright (C) Microsoft Corporation.  All rights reserved.
  
  cl /c /Zi /W1 /WX- /MP /Od /Ob0 /D "CXX_HAS_WARNING-funit-at-a-time" /D "CMAKE_INTDIR=\"Debug\"" /D _MBCS /Gm- /RTC1 /MDd /GS /fp:precise /Zc:wchar_t /Zc:forScope /Zc:inline /Fo"cmTC_deec8.dir\Debug\\" /Fd"cmTC_deec8.dir\Debug\vc140.pdb" /Gd /TP /errorReport:queue  -funit-at-a-time "C:\Project\PlusB-bin\itk-bin\CMakeFiles\CMakeTmp\src.cxx"
  src.cxx
  
cl : Command line warning D9002: ignoring unknown option '-funit-at-a-time' [C:\Project\PlusB-bin\itk-bin\CMakeFiles\CMakeTmp\cmTC_deec8.vcxproj]
  cmTC_deec8.vcxproj -> C:\Project\PlusB-bin\itk-bin\CMakeFiles\CMakeTmp\Debug\cmTC_deec8.exe
  cmTC_deec8.vcxproj -> C:/Project/PlusB-bin/itk-bin/CMakeFiles/CMakeTmp/Debug/cmTC_deec8.pdb (Full PDB)


Source file was:
int main() { return 0;}
Performing C++ SOURCE FILE Test CXX_HAS_WARNING-Wno-strict-overflow failed with the following output:
Change Dir: C:/Project/PlusB-bin/itk-bin/CMakeFiles/CMakeTmp

Run Build Command(s):C:/Program Files (x86)/Microsoft Visual Studio/2019/Community/MSBuild/Current/Bin/MSBuild.exe cmTC_6715f.vcxproj /p:Configuration=Debug /p:Platform=x64 /p:VisualStudioVersion=16.0 /v:m && Microsoft (R) Build Engine version 16.7.0+b89cb5fde for .NET Framework
Copyright (C) Microsoft Corporation. All rights reserved.

  Microsoft (R) C/C++ Optimizing Compiler Version 19.00.24245 for x64
  Copyright (C) Microsoft Corporation.  All rights reserved.
  
  cl /c /Zi /W1 /WX- /MP /Od /Ob0 /D "CXX_HAS_WARNING-Wno-strict-overflow" /D "CMAKE_INTDIR=\"Debug\"" /D _MBCS /Gm- /RTC1 /MDd /GS /fp:precise /Zc:wchar_t /Zc:forScope /Zc:inline /Fo"cmTC_6715f.dir\Debug\\" /Fd"cmTC_6715f.dir\Debug\vc140.pdb" /Gd /TP /errorReport:queue  -Wno-strict-overflow "C:\Project\PlusB-bin\itk-bin\CMakeFiles\CMakeTmp\src.cxx"
cl : Command line error D8021: invalid numeric argument '/Wno-strict-overflow' [C:\Project\PlusB-bin\itk-bin\CMakeFiles\CMakeTmp\cmTC_6715f.vcxproj]


Source file was:
int main() { return 0;}
Performing C++ SOURCE FILE Test CXX_HAS_WARNING-Wno-deprecated failed with the following output:
Change Dir: C:/Project/PlusB-bin/itk-bin/CMakeFiles/CMakeTmp

Run Build Command(s):C:/Program Files (x86)/Microsoft Visual Studio/2019/Community/MSBuild/Current/Bin/MSBuild.exe cmTC_df841.vcxproj /p:Configuration=Debug /p:Platform=x64 /p:VisualStudioVersion=16.0 /v:m && Microsoft (R) Build Engine version 16.7.0+b89cb5fde for .NET Framework
Copyright (C) Microsoft Corporation. All rights reserved.

  Microsoft (R) C/C++ Optimizing Compiler Version 19.00.24245 for x64
  Copyright (C) Microsoft Corporation.  All rights reserved.
  
  cl /c /Zi /W1 /WX- /MP /Od /Ob0 /D "CXX_HAS_WARNING-Wno-deprecated" /D "CMAKE_INTDIR=\"Debug\"" /D _MBCS /Gm- /RTC1 /MDd /GS /fp:precise /Zc:wchar_t /Zc:forScope /Zc:inline /Fo"cmTC_df841.dir\Debug\\" /Fd"cmTC_df841.dir\Debug\vc140.pdb" /Gd /TP /errorReport:queue  -Wno-deprecated "C:\Project\PlusB-bin\itk-bin\CMakeFiles\CMakeTmp\src.cxx"
cl : Command line error D8021: invalid numeric argument '/Wno-deprecated' [C:\Project\PlusB-bin\itk-bin\CMakeFiles\CMakeTmp\cmTC_df841.vcxproj]


Source file was:
int main() { return 0;}
Performing C++ SOURCE FILE Test CXX_HAS_WARNING-Wno-invalid-offsetof failed with the following output:
Change Dir: C:/Project/PlusB-bin/itk-bin/CMakeFiles/CMakeTmp

Run Build Command(s):C:/Program Files (x86)/Microsoft Visual Studio/2019/Community/MSBuild/Current/Bin/MSBuild.exe cmTC_b2c53.vcxproj /p:Configuration=Debug /p:Platform=x64 /p:VisualStudioVersion=16.0 /v:m && Microsoft (R) Build Engine version 16.7.0+b89cb5fde for .NET Framework
Copyright (C) Microsoft Corporation. All rights reserved.

  Microsoft (R) C/C++ Optimizing Compiler Version 19.00.24245 for x64
  Copyright (C) Microsoft Corporation.  All rights reserved.
  
  cl /c /Zi /W1 /WX- /MP /Od /Ob0 /D "CXX_HAS_WARNING-Wno-invalid-offsetof" /D "CMAKE_INTDIR=\"Debug\"" /D _MBCS /Gm- /RTC1 /MDd /GS /fp:precise /Zc:wchar_t /Zc:forScope /Zc:inline /Fo"cmTC_b2c53.dir\Debug\\" /Fd"cmTC_b2c53.dir\Debug\vc140.pdb" /Gd /TP /errorReport:queue  -Wno-invalid-offsetof "C:\Project\PlusB-bin\itk-bin\CMakeFiles\CMakeTmp\src.cxx"
cl : Command line error D8021: invalid numeric argument '/Wno-invalid-offsetof' [C:\Project\PlusB-bin\itk-bin\CMakeFiles\CMakeTmp\cmTC_b2c53.vcxproj]


Source file was:
int main() { return 0;}
Performing C++ SOURCE FILE Test CXX_HAS_WARNING-Woverloaded-virtual failed with the following output:
Change Dir: C:/Project/PlusB-bin/itk-bin/CMakeFiles/CMakeTmp

Run Build Command(s):C:/Program Files (x86)/Microsoft Visual Studio/2019/Community/MSBuild/Current/Bin/MSBuild.exe cmTC_a89be.vcxproj /p:Configuration=Debug /p:Platform=x64 /p:VisualStudioVersion=16.0 /v:m && Microsoft (R) Build Engine version 16.7.0+b89cb5fde for .NET Framework
Copyright (C) Microsoft Corporation. All rights reserved.

  Microsoft (R) C/C++ Optimizing Compiler Version 19.00.24245 for x64
  Copyright (C) Microsoft Corporation.  All rights reserved.
  
  cl /c /Zi /W1 /WX- /MP /Od /Ob0 /D "CXX_HAS_WARNING-Woverloaded-virtual" /D "CMAKE_INTDIR=\"Debug\"" /D _MBCS /Gm- /RTC1 /MDd /GS /fp:precise /Zc:wchar_t /Zc:forScope /Zc:inline /Fo"cmTC_a89be.dir\Debug\\" /Fd"cmTC_a89be.dir\Debug\vc140.pdb" /Gd /TP /errorReport:queue  -Woverloaded-virtual "C:\Project\PlusB-bin\itk-bin\CMakeFiles\CMakeTmp\src.cxx"
cl : Command line error D8021: invalid numeric argument '/Woverloaded-virtual' [C:\Project\PlusB-bin\itk-bin\CMakeFiles\CMakeTmp\cmTC_a89be.vcxproj]


Source file was:
int main() { return 0;}
Performing C++ SOURCE FILE Test CXX_HAS_WARNING-Wstrict-null-sentinel failed with the following output:
Change Dir: C:/Project/PlusB-bin/itk-bin/CMakeFiles/CMakeTmp

Run Build Command(s):C:/Program Files (x86)/Microsoft Visual Studio/2019/Community/MSBuild/Current/Bin/MSBuild.exe cmTC_94e59.vcxproj /p:Configuration=Debug /p:Platform=x64 /p:VisualStudioVersion=16.0 /v:m && Microsoft (R) Build Engine version 16.7.0+b89cb5fde for .NET Framework
Copyright (C) Microsoft Corporation. All rights reserved.

  Microsoft (R) C/C++ Optimizing Compiler Version 19.00.24245 for x64
  Copyright (C) Microsoft Corporation.  All rights reserved.
  
  cl /c /Zi /W1 /WX- /MP /Od /Ob0 /D "CXX_HAS_WARNING-Wstrict-null-sentinel" /D "CMAKE_INTDIR=\"Debug\"" /D _MBCS /Gm- /RTC1 /MDd /GS /fp:precise /Zc:wchar_t /Zc:forScope /Zc:inline /Fo"cmTC_94e59.dir\Debug\\" /Fd"cmTC_94e59.dir\Debug\vc140.pdb" /Gd /TP /errorReport:queue  -Wstrict-null-sentinel "C:\Project\PlusB-bin\itk-bin\CMakeFiles\CMakeTmp\src.cxx"
cl : Command line error D8021: invalid numeric argument '/Wstrict-null-sentinel' [C:\Project\PlusB-bin\itk-bin\CMakeFiles\CMakeTmp\cmTC_94e59.vcxproj]


Source file was:
int main() { return 0;}
Performing C++ SOURCE FILE Test CXX_HAS_DISABLE_OPTIMIZATION_FLAG failed with the following output:
Change Dir: C:/Project/PlusB-bin/itk-bin/CMakeFiles/CMakeTmp

Run Build Command(s):C:/Program Files (x86)/Microsoft Visual Studio/2019/Community/MSBuild/Current/Bin/MSBuild.exe cmTC_8317a.vcxproj /p:Configuration=Debug /p:Platform=x64 /p:VisualStudioVersion=16.0 /v:m && Microsoft (R) Build Engine version 16.7.0+b89cb5fde for .NET Framework
Copyright (C) Microsoft Corporation. All rights reserved.

  Microsoft (R) C/C++ Optimizing Compiler Version 19.00.24245 for x64
  Copyright (C) Microsoft Corporation.  All rights reserved.
  
  cl /c /Zi /W3 /WX- /MP /Od /Ob0 /D CXX_HAS_DISABLE_OPTIMIZATION_FLAG /D "CMAKE_INTDIR=\"Debug\"" /D _MBCS /Gm- /RTC1 /MDd /GS /fp:precise /Zc:wchar_t /Zc:forScope /Zc:inline /Fo"cmTC_8317a.dir\Debug\\" /Fd"cmTC_8317a.dir\Debug\vc140.pdb" /Gd /TP /errorReport:queue "C:\Project\PlusB-bin\itk-bin\CMakeFiles\CMakeTmp\src.cxx"
  src.cxx
  
C:\Project\PlusB-bin\itk-bin\CMakeFiles\CMakeTmp\src.cxx(1): error C2059: syntax error: '/' [C:\Project\PlusB-bin\itk-bin\CMakeFiles\CMakeTmp\cmTC_8317a.vcxproj]


Source file was:
/Od
Checking for Large File Support failed to compile with the following output:
Change Dir: C:/Project/PlusB-bin/itk-bin/Modules/ThirdParty/KWSys/src/KWSys/CMakeFiles/CMakeTmp

Run Build Command(s):C:/Program Files (x86)/Microsoft Visual Studio/2019/Community/MSBuild/Current/Bin/MSBuild.exe cmTC_46aa2.vcxproj /p:Configuration=Debug /p:Platform=x64 /p:VisualStudioVersion=16.0 /v:m && Microsoft (R) Build Engine version 16.7.0+b89cb5fde for .NET Framework
Copyright (C) Microsoft Corporation. All rights reserved.

  Microsoft (R) C/C++ Optimizing Compiler Version 19.00.24245 for x64
  Copyright (C) Microsoft Corporation.  All rights reserved.
  
  cl /c /Zi /W0 /WX- /MP /Od /Ob0 /D TEST_KWSYS_LFS_WORKS /D KWSYS_CXX_HAS_CSTDIO=1 /D "CMAKE_INTDIR=\"Debug\"" /D _MBCS /Gm- /RTC1 /MDd /GS /fp:precise /Zc:wchar_t /Zc:forScope /Zc:inline /Fo"cmTC_46aa2.dir\Debug\\" /Fd"cmTC_46aa2.dir\Debug\vc140.pdb" /Gd /TP /errorReport:queue  /bigobj "C:\Project\PlusB-bin\itk\Modules\ThirdParty\KWSys\src\KWSys\kwsysPlatformTestsCXX.cxx"
  kwsysPlatformTestsCXX.cxx
  
C:\Project\PlusB-bin\itk\Modules\ThirdParty\KWSys\src\KWSys\kwsysPlatformTestsCXX.cxx(164): error C3861: 'S_ISREG': identifier not found [C:\Project\PlusB-bin\itk-bin\Modules\ThirdParty\KWSys\src\KWSys\CMakeFiles\CMakeTmp\cmTC_46aa2.vcxproj]
C:\Project\PlusB-bin\itk\Modules\ThirdParty\KWSys\src\KWSys\kwsysPlatformTestsCXX.cxx(168): error C3861: 'ftello': identifier not found [C:\Project\PlusB-bin\itk-bin\Modules\ThirdParty\KWSys\src\KWSys\CMakeFiles\CMakeTmp\cmTC_46aa2.vcxproj]



Checking whether long and __int64 are the same type failed to compile with the following output:
Change Dir: C:/Project/PlusB-bin/itk-bin/Modules/ThirdParty/KWSys/src/KWSys/CMakeFiles/CMakeTmp

Run Build Command(s):C:/Program Files (x86)/Microsoft Visual Studio/2019/Community/MSBuild/Current/Bin/MSBuild.exe cmTC_db95e.vcxproj /p:Configuration=Debug /p:Platform=x64 /p:VisualStudioVersion=16.0 /v:m && Microsoft (R) Build Engine version 16.7.0+b89cb5fde for .NET Framework
Copyright (C) Microsoft Corporation. All rights reserved.

  Microsoft (R) C/C++ Optimizing Compiler Version 19.00.24245 for x64
  Copyright (C) Microsoft Corporation.  All rights reserved.
  
  cl /c /Zi /W0 /WX- /MP /Od /Ob0 /D TEST_KWSYS_CXX_SAME_LONG_AND___INT64 /D "CMAKE_INTDIR=\"Debug\"" /D _MBCS /Gm- /RTC1 /MDd /GS /fp:precise /Zc:wchar_t /Zc:forScope /Zc:inline /Fo"cmTC_db95e.dir\Debug\\" /Fd"cmTC_db95e.dir\Debug\vc140.pdb" /Gd /TP /errorReport:queue  /bigobj "C:\Project\PlusB-bin\itk\Modules\ThirdParty\KWSys\src\KWSys\kwsysPlatformTestsCXX.cxx"
  kwsysPlatformTestsCXX.cxx
  
C:\Project\PlusB-bin\itk\Modules\ThirdParty\KWSys\src\KWSys\kwsysPlatformTestsCXX.cxx(70): error C2664: 'void function(long **)': cannot convert argument 1 from '__int64 **' to 'long **' [C:\Project\PlusB-bin\itk-bin\Modules\ThirdParty\KWSys\src\KWSys\CMakeFiles\CMakeTmp\cmTC_db95e.vcxproj]
  C:\Project\PlusB-bin\itk\Modules\ThirdParty\KWSys\src\KWSys\kwsysPlatformTestsCXX.cxx(70): note: Types pointed to are unrelated; conversion requires reinterpret_cast, C-style cast or function-style cast



Checking whether C compiler has ssize_t in unistd.h failed to compile with the following output:
Change Dir: C:/Project/PlusB-bin/itk-bin/Modules/ThirdParty/KWSys/src/KWSys/CMakeFiles/CMakeTmp

Run Build Command(s):C:/Program Files (x86)/Microsoft Visual Studio/2019/Community/MSBuild/Current/Bin/MSBuild.exe cmTC_d5e10.vcxproj /p:Configuration=Debug /p:Platform=x64 /p:VisualStudioVersion=16.0 /v:m && Microsoft (R) Build Engine version 16.7.0+b89cb5fde for .NET Framework
Copyright (C) Microsoft Corporation. All rights reserved.

  Microsoft (R) C/C++ Optimizing Compiler Version 19.00.24245 for x64
  Copyright (C) Microsoft Corporation.  All rights reserved.
  
  cl /c /Zi /W0 /WX- /Od /Ob0 /D WIN32 /D _WINDOWS /D TEST_KWSYS_C_HAS_SSIZE_T /D "CMAKE_INTDIR=\"Debug\"" /D _MBCS /Gm- /RTC1 /MDd /GS /fp:precise /Zc:wchar_t /Zc:forScope /Zc:inline /Fo"cmTC_d5e10.dir\Debug\\" /Fd"cmTC_d5e10.dir\Debug\vc140.pdb" /Gd /TC /errorReport:queue "C:\Project\PlusB-bin\itk\Modules\ThirdParty\KWSys\src\KWSys\kwsysPlatformTestsC.c"
  kwsysPlatformTestsC.c
  
C:\Project\PlusB-bin\itk\Modules\ThirdParty\KWSys\src\KWSys\kwsysPlatformTestsC.c(48): fatal error C1083: Cannot open include file: 'unistd.h': No such file or directory [C:\Project\PlusB-bin\itk-bin\Modules\ThirdParty\KWSys\src\KWSys\CMakeFiles\CMakeTmp\cmTC_d5e10.vcxproj]



Checking whether CXX compiler has setenv failed to compile with the following output:
Change Dir: C:/Project/PlusB-bin/itk-bin/Modules/ThirdParty/KWSys/src/KWSys/CMakeFiles/CMakeTmp

Run Build Command(s):C:/Program Files (x86)/Microsoft Visual Studio/2019/Community/MSBuild/Current/Bin/MSBuild.exe cmTC_55188.vcxproj /p:Configuration=Debug /p:Platform=x64 /p:VisualStudioVersion=16.0 /v:m && Microsoft (R) Build Engine version 16.7.0+b89cb5fde for .NET Framework
Copyright (C) Microsoft Corporation. All rights reserved.

  Microsoft (R) C/C++ Optimizing Compiler Version 19.00.24245 for x64
  Copyright (C) Microsoft Corporation.  All rights reserved.
  
  cl /c /Zi /W0 /WX- /MP /Od /Ob0 /D TEST_KWSYS_CXX_HAS_SETENV /D "CMAKE_INTDIR=\"Debug\"" /D _MBCS /Gm- /RTC1 /MDd /GS /fp:precise /Zc:wchar_t /Zc:forScope /Zc:inline /Fo"cmTC_55188.dir\Debug\\" /Fd"cmTC_55188.dir\Debug\vc140.pdb" /Gd /TP /errorReport:queue  /bigobj "C:\Project\PlusB-bin\itk\Modules\ThirdParty\KWSys\src\KWSys\kwsysPlatformTestsCXX.cxx"
  kwsysPlatformTestsCXX.cxx
  
C:\Project\PlusB-bin\itk\Modules\ThirdParty\KWSys\src\KWSys\kwsysPlatformTestsCXX.cxx(179): error C3861: 'setenv': identifier not found [C:\Project\PlusB-bin\itk-bin\Modules\ThirdParty\KWSys\src\KWSys\CMakeFiles\CMakeTmp\cmTC_55188.vcxproj]



Checking whether CXX compiler has unsetenv failed to compile with the following output:
Change Dir: C:/Project/PlusB-bin/itk-bin/Modules/ThirdParty/KWSys/src/KWSys/CMakeFiles/CMakeTmp

Run Build Command(s):C:/Program Files (x86)/Microsoft Visual Studio/2019/Community/MSBuild/Current/Bin/MSBuild.exe cmTC_125ac.vcxproj /p:Configuration=Debug /p:Platform=x64 /p:VisualStudioVersion=16.0 /v:m && Microsoft (R) Build Engine version 16.7.0+b89cb5fde for .NET Framework
Copyright (C) Microsoft Corporation. All rights reserved.

  Microsoft (R) C/C++ Optimizing Compiler Version 19.00.24245 for x64
  Copyright (C) Microsoft Corporation.  All rights reserved.
  
  cl /c /Zi /W0 /WX- /MP /Od /Ob0 /D TEST_KWSYS_CXX_HAS_UNSETENV /D "CMAKE_INTDIR=\"Debug\"" /D _MBCS /Gm- /RTC1 /MDd /GS /fp:precise /Zc:wchar_t /Zc:forScope /Zc:inline /Fo"cmTC_125ac.dir\Debug\\" /Fd"cmTC_125ac.dir\Debug\vc140.pdb" /Gd /TP /errorReport:queue  /bigobj "C:\Project\PlusB-bin\itk\Modules\ThirdParty\KWSys\src\KWSys\kwsysPlatformTestsCXX.cxx"
  kwsysPlatformTestsCXX.cxx
  
C:\Project\PlusB-bin\itk\Modules\ThirdParty\KWSys\src\KWSys\kwsysPlatformTestsCXX.cxx(187): error C3861: 'unsetenv': identifier not found [C:\Project\PlusB-bin\itk-bin\Modules\ThirdParty\KWSys\src\KWSys\CMakeFiles\CMakeTmp\cmTC_125ac.vcxproj]



Checking whether CXX compiler has utimes failed to compile with the following output:
Change Dir: C:/Project/PlusB-bin/itk-bin/Modules/ThirdParty/KWSys/src/KWSys/CMakeFiles/CMakeTmp

Run Build Command(s):C:/Program Files (x86)/Microsoft Visual Studio/2019/Community/MSBuild/Current/Bin/MSBuild.exe cmTC_ba43e.vcxproj /p:Configuration=Debug /p:Platform=x64 /p:VisualStudioVersion=16.0 /v:m && Microsoft (R) Build Engine version 16.7.0+b89cb5fde for .NET Framework
Copyright (C) Microsoft Corporation. All rights reserved.

  Microsoft (R) C/C++ Optimizing Compiler Version 19.00.24245 for x64
  Copyright (C) Microsoft Corporation.  All rights reserved.
  
  cl /c /Zi /W0 /WX- /MP /Od /Ob0 /D TEST_KWSYS_CXX_HAS_UTIMES /D "CMAKE_INTDIR=\"Debug\"" /D _MBCS /Gm- /RTC1 /MDd /GS /fp:precise /Zc:wchar_t /Zc:forScope /Zc:inline /Fo"cmTC_ba43e.dir\Debug\\" /Fd"cmTC_ba43e.dir\Debug\vc140.pdb" /Gd /TP /errorReport:queue  /bigobj "C:\Project\PlusB-bin\itk\Modules\ThirdParty\KWSys\src\KWSys\kwsysPlatformTestsCXX.cxx"
  kwsysPlatformTestsCXX.cxx
  
C:\Project\PlusB-bin\itk\Modules\ThirdParty\KWSys\src\KWSys\kwsysPlatformTestsCXX.cxx(257): fatal error C1083: Cannot open include file: 'sys/time.h': No such file or directory [C:\Project\PlusB-bin\itk-bin\Modules\ThirdParty\KWSys\src\KWSys\CMakeFiles\CMakeTmp\cmTC_ba43e.vcxproj]



Checking whether CXX compiler has utimensat failed to compile with the following output:
Change Dir: C:/Project/PlusB-bin/itk-bin/Modules/ThirdParty/KWSys/src/KWSys/CMakeFiles/CMakeTmp

Run Build Command(s):C:/Program Files (x86)/Microsoft Visual Studio/2019/Community/MSBuild/Current/Bin/MSBuild.exe cmTC_70ebd.vcxproj /p:Configuration=Debug /p:Platform=x64 /p:VisualStudioVersion=16.0 /v:m && Microsoft (R) Build Engine version 16.7.0+b89cb5fde for .NET Framework
Copyright (C) Microsoft Corporation. All rights reserved.

  Microsoft (R) C/C++ Optimizing Compiler Version 19.00.24245 for x64
  Copyright (C) Microsoft Corporation.  All rights reserved.
  
  cl /c /Zi /W0 /WX- /MP /Od /Ob0 /D TEST_KWSYS_CXX_HAS_UTIMENSAT /D "CMAKE_INTDIR=\"Debug\"" /D _MBCS /Gm- /RTC1 /MDd /GS /fp:precise /Zc:wchar_t /Zc:forScope /Zc:inline /Fo"cmTC_70ebd.dir\Debug\\" /Fd"cmTC_70ebd.dir\Debug\vc140.pdb" /Gd /TP /errorReport:queue  /bigobj "C:\Project\PlusB-bin\itk\Modules\ThirdParty\KWSys\src\KWSys\kwsysPlatformTestsCXX.cxx"
  kwsysPlatformTestsCXX.cxx
  
C:\Project\PlusB-bin\itk\Modules\ThirdParty\KWSys\src\KWSys\kwsysPlatformTestsCXX.cxx(270): error C2065: 'UTIME_OMIT': undeclared identifier [C:\Project\PlusB-bin\itk-bin\Modules\ThirdParty\KWSys\src\KWSys\CMakeFiles\CMakeTmp\cmTC_70ebd.vcxproj]
C:\Project\PlusB-bin\itk\Modules\ThirdParty\KWSys\src\KWSys\kwsysPlatformTestsCXX.cxx(270): error C2065: 'UTIME_NOW': undeclared identifier [C:\Project\PlusB-bin\itk-bin\Modules\ThirdParty\KWSys\src\KWSys\CMakeFiles\CMakeTmp\cmTC_70ebd.vcxproj]
C:\Project\PlusB-bin\itk\Modules\ThirdParty\KWSys\src\KWSys\kwsysPlatformTestsCXX.cxx(270): error C2079: 'times' uses undefined struct 'times' [C:\Project\PlusB-bin\itk-bin\Modules\ThirdParty\KWSys\src\KWSys\CMakeFiles\CMakeTmp\cmTC_70ebd.vcxproj]
C:\Project\PlusB-bin\itk\Modules\ThirdParty\KWSys\src\KWSys\kwsysPlatformTestsCXX.cxx(270): error C2078: too many initializers [C:\Project\PlusB-bin\itk-bin\Modules\ThirdParty\KWSys\src\KWSys\CMakeFiles\CMakeTmp\cmTC_70ebd.vcxproj]
C:\Project\PlusB-bin\itk\Modules\ThirdParty\KWSys\src\KWSys\kwsysPlatformTestsCXX.cxx(271): error C2065: 'AT_FDCWD': undeclared identifier [C:\Project\PlusB-bin\itk-bin\Modules\ThirdParty\KWSys\src\KWSys\CMakeFiles\CMakeTmp\cmTC_70ebd.vcxproj]
C:\Project\PlusB-bin\itk\Modules\ThirdParty\KWSys\src\KWSys\kwsysPlatformTestsCXX.cxx(271): error C2065: 'AT_SYMLINK_NOFOLLOW': undeclared identifier [C:\Project\PlusB-bin\itk-bin\Modules\ThirdParty\KWSys\src\KWSys\CMakeFiles\CMakeTmp\cmTC_70ebd.vcxproj]
C:\Project\PlusB-bin\itk\Modules\ThirdParty\KWSys\src\KWSys\kwsysPlatformTestsCXX.cxx(271): error C3861: 'utimensat': identifier not found [C:\Project\PlusB-bin\itk-bin\Modules\ThirdParty\KWSys\src\KWSys\CMakeFiles\CMakeTmp\cmTC_70ebd.vcxproj]



Checking whether CXX compiler struct stat has st_mtim member failed to compile with the following output:
Change Dir: C:/Project/PlusB-bin/itk-bin/Modules/ThirdParty/KWSys/src/KWSys/CMakeFiles/CMakeTmp

Run Build Command(s):C:/Program Files (x86)/Microsoft Visual Studio/2019/Community/MSBuild/Current/Bin/MSBuild.exe cmTC_5f4bc.vcxproj /p:Configuration=Debug /p:Platform=x64 /p:VisualStudioVersion=16.0 /v:m && Microsoft (R) Build Engine version 16.7.0+b89cb5fde for .NET Framework
Copyright (C) Microsoft Corporation. All rights reserved.

  Microsoft (R) C/C++ Optimizing Compiler Version 19.00.24245 for x64
  Copyright (C) Microsoft Corporation.  All rights reserved.
  
  cl /c /Zi /W0 /WX- /MP /Od /Ob0 /D TEST_KWSYS_CXX_STAT_HAS_ST_MTIM /D "CMAKE_INTDIR=\"Debug\"" /D _MBCS /Gm- /RTC1 /MDd /GS /fp:precise /Zc:wchar_t /Zc:forScope /Zc:inline /Fo"cmTC_5f4bc.dir\Debug\\" /Fd"cmTC_5f4bc.dir\Debug\vc140.pdb" /Gd /TP /errorReport:queue  /bigobj "C:\Project\PlusB-bin\itk\Modules\ThirdParty\KWSys\src\KWSys\kwsysPlatformTestsCXX.cxx"
  kwsysPlatformTestsCXX.cxx
  
C:\Project\PlusB-bin\itk\Modules\ThirdParty\KWSys\src\KWSys\kwsysPlatformTestsCXX.cxx(39): fatal error C1083: Cannot open include file: 'unistd.h': No such file or directory [C:\Project\PlusB-bin\itk-bin\Modules\ThirdParty\KWSys\src\KWSys\CMakeFiles\CMakeTmp\cmTC_5f4bc.vcxproj]



Checking whether CXX compiler struct stat has st_mtimespec member failed to compile with the following output:
Change Dir: C:/Project/PlusB-bin/itk-bin/Modules/ThirdParty/KWSys/src/KWSys/CMakeFiles/CMakeTmp

Run Build Command(s):C:/Program Files (x86)/Microsoft Visual Studio/2019/Community/MSBuild/Current/Bin/MSBuild.exe cmTC_768e4.vcxproj /p:Configuration=Debug /p:Platform=x64 /p:VisualStudioVersion=16.0 /v:m && Microsoft (R) Build Engine version 16.7.0+b89cb5fde for .NET Framework
Copyright (C) Microsoft Corporation. All rights reserved.

  Microsoft (R) C/C++ Optimizing Compiler Version 19.00.24245 for x64
  Copyright (C) Microsoft Corporation.  All rights reserved.
  
  cl /c /Zi /W0 /WX- /MP /Od /Ob0 /D TEST_KWSYS_CXX_STAT_HAS_ST_MTIMESPEC /D "CMAKE_INTDIR=\"Debug\"" /D _MBCS /Gm- /RTC1 /MDd /GS /fp:precise /Zc:wchar_t /Zc:forScope /Zc:inline /Fo"cmTC_768e4.dir\Debug\\" /Fd"cmTC_768e4.dir\Debug\vc140.pdb" /Gd /TP /errorReport:queue  /bigobj "C:\Project\PlusB-bin\itk\Modules\ThirdParty\KWSys\src\KWSys\kwsysPlatformTestsCXX.cxx"
  kwsysPlatformTestsCXX.cxx
  
C:\Project\PlusB-bin\itk\Modules\ThirdParty\KWSys\src\KWSys\kwsysPlatformTestsCXX.cxx(53): fatal error C1083: Cannot open include file: 'unistd.h': No such file or directory [C:\Project\PlusB-bin\itk-bin\Modules\ThirdParty\KWSys\src\KWSys\CMakeFiles\CMakeTmp\cmTC_768e4.vcxproj]



Determining if files sys/types.h;ifaddrs.h exist failed with the following output:
Change Dir: C:/Project/PlusB-bin/itk-bin/CMakeFiles/CMakeTmp

Run Build Command(s):C:/Program Files (x86)/Microsoft Visual Studio/2019/Community/MSBuild/Current/Bin/MSBuild.exe cmTC_80ec5.vcxproj /p:Configuration=Debug /p:Platform=x64 /p:VisualStudioVersion=16.0 /v:m && Microsoft (R) Build Engine version 16.7.0+b89cb5fde for .NET Framework
Copyright (C) Microsoft Corporation. All rights reserved.

  Microsoft (R) C/C++ Optimizing Compiler Version 19.00.24245 for x64
  Copyright (C) Microsoft Corporation.  All rights reserved.
  
  cl /c /Zi /W0 /WX- /Od /Ob0 /D WIN32 /D _WINDOWS /D "CMAKE_INTDIR=\"Debug\"" /D _MBCS /Gm- /RTC1 /MDd /GS /fp:precise /Zc:wchar_t /Zc:forScope /Zc:inline /Fo"cmTC_80ec5.dir\Debug\\" /Fd"cmTC_80ec5.dir\Debug\vc140.pdb" /Gd /TC /errorReport:queue "C:\Project\PlusB-bin\itk-bin\CMakeFiles\CheckIncludeFiles\KWSYS_SYS_HAS_IFADDRS_H.c"
  KWSYS_SYS_HAS_IFADDRS_H.c
  
C:\Project\PlusB-bin\itk-bin\CMakeFiles\CheckIncludeFiles\KWSYS_SYS_HAS_IFADDRS_H.c(3): fatal error C1083: Cannot open include file: 'ifaddrs.h': No such file or directory [C:\Project\PlusB-bin\itk-bin\CMakeFiles\CMakeTmp\cmTC_80ec5.vcxproj]


Source:
/* */
#include <sys/types.h>
#include <ifaddrs.h>


int main(void){return 0;}

Checking whether CXX compiler has rlimit64 failed to compile with the following output:
Change Dir: C:/Project/PlusB-bin/itk-bin/Modules/ThirdParty/KWSys/src/KWSys/CMakeFiles/CMakeTmp

Run Build Command(s):C:/Program Files (x86)/Microsoft Visual Studio/2019/Community/MSBuild/Current/Bin/MSBuild.exe cmTC_73af9.vcxproj /p:Configuration=Debug /p:Platform=x64 /p:VisualStudioVersion=16.0 /v:m && Microsoft (R) Build Engine version 16.7.0+b89cb5fde for .NET Framework
Copyright (C) Microsoft Corporation. All rights reserved.

  Microsoft (R) C/C++ Optimizing Compiler Version 19.00.24245 for x64
  Copyright (C) Microsoft Corporation.  All rights reserved.
  
  cl /c /Zi /W0 /WX- /MP /Od /Ob0 /D TEST_KWSYS_CXX_HAS_RLIMIT64 /D "CMAKE_INTDIR=\"Debug\"" /D _MBCS /Gm- /RTC1 /MDd /GS /fp:precise /Zc:wchar_t /Zc:forScope /Zc:inline /Fo"cmTC_73af9.dir\Debug\\" /Fd"cmTC_73af9.dir\Debug\vc140.pdb" /Gd /TP /errorReport:queue  /bigobj "C:\Project\PlusB-bin\itk\Modules\ThirdParty\KWSys\src\KWSys\kwsysPlatformTestsCXX.cxx"
  kwsysPlatformTestsCXX.cxx
  
C:\Project\PlusB-bin\itk\Modules\ThirdParty\KWSys\src\KWSys\kwsysPlatformTestsCXX.cxx(221): fatal error C1083: Cannot open include file: 'sys/resource.h': No such file or directory [C:\Project\PlusB-bin\itk-bin\Modules\ThirdParty\KWSys\src\KWSys\CMakeFiles\CMakeTmp\cmTC_73af9.vcxproj]



Checking whether <ext/stdio_filebuf.h> is available failed to compile with the following output:
Change Dir: C:/Project/PlusB-bin/itk-bin/Modules/ThirdParty/KWSys/src/KWSys/CMakeFiles/CMakeTmp

Run Build Command(s):C:/Program Files (x86)/Microsoft Visual Studio/2019/Community/MSBuild/Current/Bin/MSBuild.exe cmTC_3b1b0.vcxproj /p:Configuration=Debug /p:Platform=x64 /p:VisualStudioVersion=16.0 /v:m && Microsoft (R) Build Engine version 16.7.0+b89cb5fde for .NET Framework
Copyright (C) Microsoft Corporation. All rights reserved.

  Microsoft (R) C/C++ Optimizing Compiler Version 19.00.24245 for x64
  Copyright (C) Microsoft Corporation.  All rights reserved.
  
  cl /c /Zi /W0 /WX- /MP /Od /Ob0 /D TEST_KWSYS_CXX_HAS_EXT_STDIO_FILEBUF_H /D "CMAKE_INTDIR=\"Debug\"" /D _MBCS /Gm- /RTC1 /MDd /GS /fp:precise /Zc:wchar_t /Zc:forScope /Zc:inline /Fo"cmTC_3b1b0.dir\Debug\\" /Fd"cmTC_3b1b0.dir\Debug\vc140.pdb" /Gd /TP /errorReport:queue  /bigobj "C:\Project\PlusB-bin\itk\Modules\ThirdParty\KWSys\src\KWSys\kwsysPlatformTestsCXX.cxx"
  kwsysPlatformTestsCXX.cxx
  
C:\Project\PlusB-bin\itk\Modules\ThirdParty\KWSys\src\KWSys\kwsysPlatformTestsCXX.cxx(366): fatal error C1083: Cannot open include file: 'ext/stdio_filebuf.h': No such file or directory [C:\Project\PlusB-bin\itk-bin\Modules\ThirdParty\KWSys\src\KWSys\CMakeFiles\CMakeTmp\cmTC_3b1b0.vcxproj]



Performing Test VCL_HAS_EXPORT failed with the following output:
Change Dir: C:/Project/PlusB-bin/itk-bin/CMakeFiles/CMakeTmp

Run Build Command(s):C:/Program Files (x86)/Microsoft Visual Studio/2019/Community/MSBuild/Current/Bin/MSBuild.exe cmTC_adff7.vcxproj /p:Configuration=Debug /p:Platform=x64 /p:VisualStudioVersion=16.0 /v:m && Microsoft (R) Build Engine version 16.7.0+b89cb5fde for .NET Framework
Copyright (C) Microsoft Corporation. All rights reserved.

  Microsoft (R) C/C++ Optimizing Compiler Version 19.00.24245 for x64
  Copyright (C) Microsoft Corporation.  All rights reserved.
  
  cl /c /Zi /W0 /WX- /MP /Od /Ob0 /D VCL_HAS_EXPORT /D "CMAKE_INTDIR=\"Debug\"" /D _MBCS /Gm- /RTC1 /MDd /GS /fp:precise /Zc:wchar_t /Zc:forScope /Zc:inline /Fo"cmTC_adff7.dir\Debug\\" /Fd"cmTC_adff7.dir\Debug\vc140.pdb" /Gd /TP /errorReport:queue  /bigobj "C:\Project\PlusB-bin\itk\Modules\ThirdParty\VNL\src\vxl\config\cmake\config\vxl_platform_tests.cxx"
  vxl_platform_tests.cxx
  
C:\Project\PlusB-bin\itk\Modules\ThirdParty\VNL\src\vxl\config\cmake\config\vxl_platform_tests.cxx(34): error C3348: exported templates are not part of the current C++ standards [C:\Project\PlusB-bin\itk-bin\CMakeFiles\CMakeTmp\cmTC_adff7.vcxproj]


Performing Test VCL_NULL_TMPL_ARGS failed with the following output:
Change Dir: C:/Project/PlusB-bin/itk-bin/CMakeFiles/CMakeTmp

Run Build Command(s):C:/Program Files (x86)/Microsoft Visual Studio/2019/Community/MSBuild/Current/Bin/MSBuild.exe cmTC_151c4.vcxproj /p:Configuration=Debug /p:Platform=x64 /p:VisualStudioVersion=16.0 /v:m && Microsoft (R) Build Engine version 16.7.0+b89cb5fde for .NET Framework
Copyright (C) Microsoft Corporation. All rights reserved.

  Microsoft (R) C/C++ Optimizing Compiler Version 19.00.24245 for x64
  Copyright (C) Microsoft Corporation.  All rights reserved.
  
  cl /c /Zi /W0 /WX- /MP /Od /Ob0 /D VCL_NULL_TMPL_ARGS /D "CMAKE_INTDIR=\"Debug\"" /D _MBCS /Gm- /RTC1 /MDd /GS /fp:precise /Zc:wchar_t /Zc:forScope /Zc:inline /Fo"cmTC_151c4.dir\Debug\\" /Fd"cmTC_151c4.dir\Debug\vc140.pdb" /Gd /TP /errorReport:queue  /bigobj "C:\Project\PlusB-bin\itk\Modules\ThirdParty\VNL\src\vxl\config\cmake\config\vxl_platform_tests.cxx"
  vxl_platform_tests.cxx
  
C:\Project\PlusB-bin\itk\Modules\ThirdParty\VNL\src\vxl\config\cmake\config\vxl_platform_tests.cxx(365): error C2248: 'victor<double>::data': cannot access private member declared in class 'victor<double>' [C:\Project\PlusB-bin\itk-bin\CMakeFiles\CMakeTmp\cmTC_151c4.vcxproj]
  C:\Project\PlusB-bin\itk\Modules\ThirdParty\VNL\src\vxl\config\cmake\config\vxl_platform_tests.cxx(359): note: see declaration of 'victor<double>::data'
  C:\Project\PlusB-bin\itk\Modules\ThirdParty\VNL\src\vxl\config\cmake\config\vxl_platform_tests.cxx(370): note: see declaration of 'victor<double>'
  C:\Project\PlusB-bin\itk\Modules\ThirdParty\VNL\src\vxl\config\cmake\config\vxl_platform_tests.cxx(370): note: see reference to function template instantiation 'double dot<double>(const victor<double> &,const victor<double> &)' being compiled
C:\Project\PlusB-bin\itk\Modules\ThirdParty\VNL\src\vxl\config\cmake\config\vxl_platform_tests.cxx(366): error C2248: 'victor<double>::data': cannot access private member declared in class 'victor<double>' [C:\Project\PlusB-bin\itk-bin\CMakeFiles\CMakeTmp\cmTC_151c4.vcxproj]
  C:\Project\PlusB-bin\itk\Modules\ThirdParty\VNL\src\vxl\config\cmake\config\vxl_platform_tests.cxx(359): note: see declaration of 'victor<double>::data'
  C:\Project\PlusB-bin\itk\Modules\ThirdParty\VNL\src\vxl\config\cmake\config\vxl_platform_tests.cxx(370): note: see declaration of 'victor<double>'
C:\Project\PlusB-bin\itk\Modules\ThirdParty\VNL\src\vxl\config\cmake\config\vxl_platform_tests.cxx(367): error C2248: 'victor<double>::data': cannot access private member declared in class 'victor<double>' [C:\Project\PlusB-bin\itk-bin\CMakeFiles\CMakeTmp\cmTC_151c4.vcxproj]
  C:\Project\PlusB-bin\itk\Modules\ThirdParty\VNL\src\vxl\config\cmake\config\vxl_platform_tests.cxx(359): note: see declaration of 'victor<double>::data'
  C:\Project\PlusB-bin\itk\Modules\ThirdParty\VNL\src\vxl\config\cmake\config\vxl_platform_tests.cxx(370): note: see declaration of 'victor<double>'


Performing Try-Run Test VCL_HAS_TEMPLATE_SYMBOLS failed to compile with the following output:
Change Dir: C:/Project/PlusB-bin/itk-bin/CMakeFiles/CMakeTmp

Run Build Command(s):C:/Program Files (x86)/Microsoft Visual Studio/2019/Community/MSBuild/Current/Bin/MSBuild.exe cmTC_669ab.vcxproj /p:Configuration=Debug /p:Platform=x64 /p:VisualStudioVersion=16.0 /v:m && Microsoft (R) Build Engine version 16.7.0+b89cb5fde for .NET Framework
Copyright (C) Microsoft Corporation. All rights reserved.

  Microsoft (R) C/C++ Optimizing Compiler Version 19.00.24245 for x64
  Copyright (C) Microsoft Corporation.  All rights reserved.
  
  cl /c /Zi /W0 /WX- /MP /Od /Ob0 /D VCL_HAS_TEMPLATE_SYMBOLS /D "CMAKE_INTDIR=\"Debug\"" /D _MBCS /Gm- /RTC1 /MDd /GS /fp:precise /Zc:wchar_t /Zc:forScope /Zc:inline /Fo"cmTC_669ab.dir\Debug\\" /Fd"cmTC_669ab.dir\Debug\vc140.pdb" /Gd /TP /errorReport:queue  /bigobj "C:\Project\PlusB-bin\itk\Modules\ThirdParty\VNL\src\vxl\config\cmake\config\vxl_platform_tests.cxx"
  vxl_platform_tests.cxx
  
vxl_platform_tests.obj : error LNK2019: unresolved external symbol "void __cdecl function<double>(double *,int)" (??$function@N@@YAXPEANH@Z) referenced in function "int __cdecl caller(void)" (?caller@@YAHXZ) [C:\Project\PlusB-bin\itk-bin\CMakeFiles\CMakeTmp\cmTC_669ab.vcxproj]
C:\Project\PlusB-bin\itk-bin\CMakeFiles\CMakeTmp\Debug\cmTC_669ab.exe : fatal error LNK1120: 1 unresolved externals [C:\Project\PlusB-bin\itk-bin\CMakeFiles\CMakeTmp\cmTC_669ab.vcxproj]


Performing Test VCL_HAS_NAMESPACES failed with the following output:
Change Dir: C:/Project/PlusB-bin/itk-bin/CMakeFiles/CMakeTmp

Run Build Command(s):C:/Program Files (x86)/Microsoft Visual Studio/2019/Community/MSBuild/Current/Bin/MSBuild.exe cmTC_f9b0b.vcxproj /p:Configuration=Debug /p:Platform=x64 /p:VisualStudioVersion=16.0 /v:m && Microsoft (R) Build Engine version 16.7.0+b89cb5fde for .NET Framework
Copyright (C) Microsoft Corporation. All rights reserved.

  Microsoft (R) C/C++ Optimizing Compiler Version 19.00.24245 for x64
  Copyright (C) Microsoft Corporation.  All rights reserved.
  
  cl /c /Zi /W0 /WX- /MP /Od /Ob0 /D VCL_HAS_NAMESPACES /D "CMAKE_INTDIR=\"Debug\"" /D _MBCS /Gm- /RTC1 /MDd /GS /fp:precise /Zc:wchar_t /Zc:forScope /Zc:inline /Fo"cmTC_f9b0b.dir\Debug\\" /Fd"cmTC_f9b0b.dir\Debug\vc140.pdb" /Gd /TP /errorReport:queue  /bigobj "C:\Project\PlusB-bin\itk\Modules\ThirdParty\VNL\src\vxl\config\cmake\config\vxl_platform_tests.cxx"
  vxl_platform_tests.cxx
  
vxl_platform_tests.obj : error LNK2019: unresolved external symbol printf referenced in function "void __cdecl flegg(void)" (?flegg@@YAXXZ) [C:\Project\PlusB-bin\itk-bin\CMakeFiles\CMakeTmp\cmTC_f9b0b.vcxproj]
C:\Project\PlusB-bin\itk-bin\CMakeFiles\CMakeTmp\Debug\cmTC_f9b0b.exe : fatal error LNK1120: 1 unresolved externals [C:\Project\PlusB-bin\itk-bin\CMakeFiles\CMakeTmp\cmTC_f9b0b.vcxproj]


Performing Test VCL_NEEDS_NAMESPACE_STD failed with the following output:
Change Dir: C:/Project/PlusB-bin/itk-bin/CMakeFiles/CMakeTmp

Run Build Command(s):C:/Program Files (x86)/Microsoft Visual Studio/2019/Community/MSBuild/Current/Bin/MSBuild.exe cmTC_be4fe.vcxproj /p:Configuration=Debug /p:Platform=x64 /p:VisualStudioVersion=16.0 /v:m && Microsoft (R) Build Engine version 16.7.0+b89cb5fde for .NET Framework
Copyright (C) Microsoft Corporation. All rights reserved.

  Microsoft (R) C/C++ Optimizing Compiler Version 19.00.24245 for x64
  Copyright (C) Microsoft Corporation.  All rights reserved.
  
  cl /c /Zi /W0 /WX- /MP /Od /Ob0 /D VCL_NEEDS_NAMESPACE_STD /D "CMAKE_INTDIR=\"Debug\"" /D _MBCS /Gm- /RTC1 /MDd /GS /fp:precise /Zc:wchar_t /Zc:forScope /Zc:inline /Fo"cmTC_be4fe.dir\Debug\\" /Fd"cmTC_be4fe.dir\Debug\vc140.pdb" /Gd /TP /errorReport:queue  /bigobj "C:\Project\PlusB-bin\itk\Modules\ThirdParty\VNL\src\vxl\config\cmake\config\vxl_platform_tests.cxx"
  vxl_platform_tests.cxx
  
C:\Project\PlusB-bin\itk\Modules\ThirdParty\VNL\src\vxl\config\cmake\config\vxl_platform_tests.cxx(723): error C2065: 'vector': undeclared identifier [C:\Project\PlusB-bin\itk-bin\CMakeFiles\CMakeTmp\cmTC_be4fe.vcxproj]
C:\Project\PlusB-bin\itk\Modules\ThirdParty\VNL\src\vxl\config\cmake\config\vxl_platform_tests.cxx(723): error C2062: type 'double' unexpected [C:\Project\PlusB-bin\itk-bin\CMakeFiles\CMakeTmp\cmTC_be4fe.vcxproj]
C:\Project\PlusB-bin\itk\Modules\ThirdParty\VNL\src\vxl\config\cmake\config\vxl_platform_tests.cxx(724): error C2065: 'flaz': undeclared identifier [C:\Project\PlusB-bin\itk-bin\CMakeFiles\CMakeTmp\cmTC_be4fe.vcxproj]
C:\Project\PlusB-bin\itk\Modules\ThirdParty\VNL\src\vxl\config\cmake\config\vxl_platform_tests.cxx(724): error C2228: left of '.push_back' must have class/struct/union [C:\Project\PlusB-bin\itk-bin\CMakeFiles\CMakeTmp\cmTC_be4fe.vcxproj]
  C:\Project\PlusB-bin\itk\Modules\ThirdParty\VNL\src\vxl\config\cmake\config\vxl_platform_tests.cxx(724): note: type is 'unknown-type'
C:\Project\PlusB-bin\itk\Modules\ThirdParty\VNL\src\vxl\config\cmake\config\vxl_platform_tests.cxx(725): error C2065: 'flaz': undeclared identifier [C:\Project\PlusB-bin\itk-bin\CMakeFiles\CMakeTmp\cmTC_be4fe.vcxproj]
C:\Project\PlusB-bin\itk\Modules\ThirdParty\VNL\src\vxl\config\cmake\config\vxl_platform_tests.cxx(725): error C2228: left of '.push_back' must have class/struct/union [C:\Project\PlusB-bin\itk-bin\CMakeFiles\CMakeTmp\cmTC_be4fe.vcxproj]
  C:\Project\PlusB-bin\itk\Modules\ThirdParty\VNL\src\vxl\config\cmake\config\vxl_platform_tests.cxx(725): note: type is 'unknown-type'


Performing Test VCL_HAS_SLICED_DESTRUCTOR_BUG succeeded with the following output:
Change Dir: C:/Project/PlusB-bin/itk-bin/CMakeFiles/CMakeTmp

Run Build Command(s):C:/Program Files (x86)/Microsoft Visual Studio/2019/Community/MSBuild/Current/Bin/MSBuild.exe cmTC_e5f76.vcxproj /p:Configuration=Debug /p:Platform=x64 /p:VisualStudioVersion=16.0 /v:m && Microsoft (R) Build Engine version 16.7.0+b89cb5fde for .NET Framework
Copyright (C) Microsoft Corporation. All rights reserved.

  Microsoft (R) C/C++ Optimizing Compiler Version 19.00.24245 for x64
  Copyright (C) Microsoft Corporation.  All rights reserved.
  
  cl /c /Zi /W0 /WX- /MP /Od /Ob0 /D VCL_HAS_SLICED_DESTRUCTOR_BUG /D "CMAKE_INTDIR=\"Debug\"" /D _MBCS /Gm- /RTC1 /MDd /GS /fp:precise /Zc:wchar_t /Zc:forScope /Zc:inline /Fo"cmTC_e5f76.dir\Debug\\" /Fd"cmTC_e5f76.dir\Debug\vc140.pdb" /Gd /TP /errorReport:queue  /bigobj "C:\Project\PlusB-bin\itk\Modules\ThirdParty\VNL\src\vxl\config\cmake\config\vxl_platform_tests.cxx"
  vxl_platform_tests.cxx
  
  cmTC_e5f76.vcxproj -> C:\Project\PlusB-bin\itk-bin\CMakeFiles\CMakeTmp\Debug\cmTC_e5f76.exe
  cmTC_e5f76.vcxproj -> C:/Project/PlusB-bin/itk-bin/CMakeFiles/CMakeTmp/Debug/cmTC_e5f76.pdb (Full PDB)


Performing Test VCL_HAS_WORKING_STRINGSTREAM succeeded with the following output:
Change Dir: C:/Project/PlusB-bin/itk-bin/CMakeFiles/CMakeTmp

Run Build Command(s):C:/Program Files (x86)/Microsoft Visual Studio/2019/Community/MSBuild/Current/Bin/MSBuild.exe cmTC_af771.vcxproj /p:Configuration=Debug /p:Platform=x64 /p:VisualStudioVersion=16.0 /v:m && Microsoft (R) Build Engine version 16.7.0+b89cb5fde for .NET Framework
Copyright (C) Microsoft Corporation. All rights reserved.

  Microsoft (R) C/C++ Optimizing Compiler Version 19.00.24245 for x64
  Copyright (C) Microsoft Corporation.  All rights reserved.
  
  cl /c /Zi /W0 /WX- /MP /Od /Ob0 /D VCL_HAS_WORKING_STRINGSTREAM /D "CMAKE_INTDIR=\"Debug\"" /D _MBCS /Gm- /RTC1 /MDd /GS /fp:precise /Zc:wchar_t /Zc:forScope /Zc:inline /Fo"cmTC_af771.dir\Debug\\" /Fd"cmTC_af771.dir\Debug\vc140.pdb" /Gd /TP /errorReport:queue  /bigobj "C:\Project\PlusB-bin\itk\Modules\ThirdParty\VNL\src\vxl\config\cmake\config\vxl_platform_tests.cxx"
  vxl_platform_tests.cxx
  
C:\Program Files (x86)\Microsoft Visual Studio 14.0\VC\include\xlocale(341): warning C4530: C++ exception handler used, but unwind semantics are not enabled. Specify /EHsc [C:\Project\PlusB-bin\itk-bin\CMakeFiles\CMakeTmp\cmTC_af771.vcxproj]
C:\Program Files (x86)\Microsoft Visual Studio 14.0\VC\include\exception(359): warning C4577: 'noexcept' used with no exception handling mode specified; termination on exception is not guaranteed. Specify /EHsc [C:\Project\PlusB-bin\itk-bin\CMakeFiles\CMakeTmp\cmTC_af771.vcxproj]
  cmTC_af771.vcxproj -> C:\Project\PlusB-bin\itk-bin\CMakeFiles\CMakeTmp\Debug\cmTC_af771.exe
  cmTC_af771.vcxproj -> C:/Project/PlusB-bin/itk-bin/CMakeFiles/CMakeTmp/Debug/cmTC_af771.pdb (Full PDB)


Performing Test VXL_UNISTD_USLEEP_IS_VOID failed with the following output:
Change Dir: C:/Project/PlusB-bin/itk-bin/CMakeFiles/CMakeTmp

Run Build Command(s):C:/Program Files (x86)/Microsoft Visual Studio/2019/Community/MSBuild/Current/Bin/MSBuild.exe cmTC_d46fd.vcxproj /p:Configuration=Debug /p:Platform=x64 /p:VisualStudioVersion=16.0 /v:m && Microsoft (R) Build Engine version 16.7.0+b89cb5fde for .NET Framework
Copyright (C) Microsoft Corporation. All rights reserved.

  Microsoft (R) C/C++ Optimizing Compiler Version 19.00.24245 for x64
  Copyright (C) Microsoft Corporation.  All rights reserved.
  
  cl /c /Zi /W0 /WX- /MP /Od /Ob0 /D VXL_UNISTD_USLEEP_IS_VOID /D "CMAKE_INTDIR=\"Debug\"" /D _MBCS /Gm- /RTC1 /MDd /GS /fp:precise /Zc:wchar_t /Zc:forScope /Zc:inline /Fo"cmTC_d46fd.dir\Debug\\" /Fd"cmTC_d46fd.dir\Debug\vc140.pdb" /Gd /TP /errorReport:queue  /bigobj "C:\Project\PlusB-bin\itk\Modules\ThirdParty\VNL\src\vxl\config\cmake\config\vxl_platform_tests.cxx"
  vxl_platform_tests.cxx
  
C:\Project\PlusB-bin\itk\Modules\ThirdParty\VNL\src\vxl\config\cmake\config\vxl_platform_tests.cxx(736): fatal error C1083: Cannot open include file: 'unistd.h': No such file or directory [C:\Project\PlusB-bin\itk-bin\CMakeFiles\CMakeTmp\cmTC_d46fd.vcxproj]


Performing Test VCL_HAS_LFS succeeded with the following output:
Change Dir: C:/Project/PlusB-bin/itk-bin/CMakeFiles/CMakeTmp

Run Build Command(s):C:/Program Files (x86)/Microsoft Visual Studio/2019/Community/MSBuild/Current/Bin/MSBuild.exe cmTC_b4be4.vcxproj /p:Configuration=Debug /p:Platform=x64 /p:VisualStudioVersion=16.0 /v:m && Microsoft (R) Build Engine version 16.7.0+b89cb5fde for .NET Framework
Copyright (C) Microsoft Corporation. All rights reserved.

  Microsoft (R) C/C++ Optimizing Compiler Version 19.00.24245 for x64
  Copyright (C) Microsoft Corporation.  All rights reserved.
  
  cl /c /Zi /W0 /WX- /MP /Od /Ob0 /D VCL_HAS_LFS /D "CMAKE_INTDIR=\"Debug\"" /D _MBCS /Gm- /RTC1 /MDd /GS /fp:precise /Zc:wchar_t /Zc:forScope /Zc:inline /Fo"cmTC_b4be4.dir\Debug\\" /Fd"cmTC_b4be4.dir\Debug\vc140.pdb" /Gd /TP /errorReport:queue  /bigobj "C:\Project\PlusB-bin\itk\Modules\ThirdParty\VNL\src\vxl\config\cmake\config\vxl_platform_tests.cxx"
  vxl_platform_tests.cxx
  
C:\Program Files (x86)\Microsoft Visual Studio 14.0\VC\include\xlocale(341): warning C4530: C++ exception handler used, but unwind semantics are not enabled. Specify /EHsc [C:\Project\PlusB-bin\itk-bin\CMakeFiles\CMakeTmp\cmTC_b4be4.vcxproj]
C:\Program Files (x86)\Microsoft Visual Studio 14.0\VC\include\exception(359): warning C4577: 'noexcept' used with no exception handling mode specified; termination on exception is not guaranteed. Specify /EHsc [C:\Project\PlusB-bin\itk-bin\CMakeFiles\CMakeTmp\cmTC_b4be4.vcxproj]
  cmTC_b4be4.vcxproj -> C:\Project\PlusB-bin\itk-bin\CMakeFiles\CMakeTmp\Debug\cmTC_b4be4.exe
  cmTC_b4be4.vcxproj -> C:/Project/PlusB-bin/itk-bin/CMakeFiles/CMakeTmp/Debug/cmTC_b4be4.pdb (Full PDB)


Determining if files pthread.h exist failed with the following output:
Change Dir: C:/Project/PlusB-bin/itk-bin/CMakeFiles/CMakeTmp

Run Build Command(s):C:/Program Files (x86)/Microsoft Visual Studio/2019/Community/MSBuild/Current/Bin/MSBuild.exe cmTC_386c4.vcxproj /p:Configuration=Debug /p:Platform=x64 /p:VisualStudioVersion=16.0 /v:m && Microsoft (R) Build Engine version 16.7.0+b89cb5fde for .NET Framework
Copyright (C) Microsoft Corporation. All rights reserved.

  Microsoft (R) C/C++ Optimizing Compiler Version 19.00.24245 for x64
  Copyright (C) Microsoft Corporation.  All rights reserved.
  
  cl /c /Zi /W0 /WX- /Od /Ob0 /D WIN32 /D _WINDOWS /D "CMAKE_INTDIR=\"Debug\"" /D _MBCS /Gm- /RTC1 /MDd /GS /fp:precise /Zc:wchar_t /Zc:forScope /Zc:inline /Fo"cmTC_386c4.dir\Debug\\" /Fd"cmTC_386c4.dir\Debug\vc140.pdb" /Gd /TC /errorReport:queue "C:\Project\PlusB-bin\itk-bin\CMakeFiles\CheckIncludeFiles\VXL_HAS_PTHREAD_H.c"
  VXL_HAS_PTHREAD_H.c
  
C:\Project\PlusB-bin\itk-bin\CMakeFiles\CheckIncludeFiles\VXL_HAS_PTHREAD_H.c(2): fatal error C1083: Cannot open include file: 'pthread.h': No such file or directory [C:\Project\PlusB-bin\itk-bin\CMakeFiles\CMakeTmp\cmTC_386c4.vcxproj]


Source:
/* */
#include <pthread.h>


int main(void){return 0;}

Determining if files semaphore.h exist failed with the following output:
Change Dir: C:/Project/PlusB-bin/itk-bin/CMakeFiles/CMakeTmp

Run Build Command(s):C:/Program Files (x86)/Microsoft Visual Studio/2019/Community/MSBuild/Current/Bin/MSBuild.exe cmTC_7c2c3.vcxproj /p:Configuration=Debug /p:Platform=x64 /p:VisualStudioVersion=16.0 /v:m && Microsoft (R) Build Engine version 16.7.0+b89cb5fde for .NET Framework
Copyright (C) Microsoft Corporation. All rights reserved.

  Microsoft (R) C/C++ Optimizing Compiler Version 19.00.24245 for x64
  Copyright (C) Microsoft Corporation.  All rights reserved.
  
  cl /c /Zi /W0 /WX- /Od /Ob0 /D WIN32 /D _WINDOWS /D "CMAKE_INTDIR=\"Debug\"" /D _MBCS /Gm- /RTC1 /MDd /GS /fp:precise /Zc:wchar_t /Zc:forScope /Zc:inline /Fo"cmTC_7c2c3.dir\Debug\\" /Fd"cmTC_7c2c3.dir\Debug\vc140.pdb" /Gd /TC /errorReport:queue "C:\Project\PlusB-bin\itk-bin\CMakeFiles\CheckIncludeFiles\VXL_HAS_SEMAPHORE_H.c"
  VXL_HAS_SEMAPHORE_H.c
  
C:\Project\PlusB-bin\itk-bin\CMakeFiles\CheckIncludeFiles\VXL_HAS_SEMAPHORE_H.c(2): fatal error C1083: Cannot open include file: 'semaphore.h': No such file or directory [C:\Project\PlusB-bin\itk-bin\CMakeFiles\CMakeTmp\cmTC_7c2c3.vcxproj]


Source:
/* */
#include <semaphore.h>


int main(void){return 0;}

Determining if files dlfcn.h exist failed with the following output:
Change Dir: C:/Project/PlusB-bin/itk-bin/CMakeFiles/CMakeTmp

Run Build Command(s):C:/Program Files (x86)/Microsoft Visual Studio/2019/Community/MSBuild/Current/Bin/MSBuild.exe cmTC_89171.vcxproj /p:Configuration=Debug /p:Platform=x64 /p:VisualStudioVersion=16.0 /v:m && Microsoft (R) Build Engine version 16.7.0+b89cb5fde for .NET Framework
Copyright (C) Microsoft Corporation. All rights reserved.

  Microsoft (R) C/C++ Optimizing Compiler Version 19.00.24245 for x64
  Copyright (C) Microsoft Corporation.  All rights reserved.
  
  cl /c /Zi /W0 /WX- /Od /Ob0 /D WIN32 /D _WINDOWS /D "CMAKE_INTDIR=\"Debug\"" /D _MBCS /Gm- /RTC1 /MDd /GS /fp:precise /Zc:wchar_t /Zc:forScope /Zc:inline /Fo"cmTC_89171.dir\Debug\\" /Fd"cmTC_89171.dir\Debug\vc140.pdb" /Gd /TC /errorReport:queue "C:\Project\PlusB-bin\itk-bin\CMakeFiles\CheckIncludeFiles\VCL_HAS_DLFCN_H.c"
  VCL_HAS_DLFCN_H.c
  
C:\Project\PlusB-bin\itk-bin\CMakeFiles\CheckIncludeFiles\VCL_HAS_DLFCN_H.c(2): fatal error C1083: Cannot open include file: 'dlfcn.h': No such file or directory [C:\Project\PlusB-bin\itk-bin\CMakeFiles\CMakeTmp\cmTC_89171.vcxproj]


Source:
/* */
#include <dlfcn.h>


int main(void){return 0;}

Determining if files strings.h exist failed with the following output:
Change Dir: C:/Project/PlusB-bin/itk-bin/CMakeFiles/CMakeTmp

Run Build Command(s):C:/Program Files (x86)/Microsoft Visual Studio/2019/Community/MSBuild/Current/Bin/MSBuild.exe cmTC_b641d.vcxproj /p:Configuration=Debug /p:Platform=x64 /p:VisualStudioVersion=16.0 /v:m && Microsoft (R) Build Engine version 16.7.0+b89cb5fde for .NET Framework
Copyright (C) Microsoft Corporation. All rights reserved.

  Microsoft (R) C/C++ Optimizing Compiler Version 19.00.24245 for x64
  Copyright (C) Microsoft Corporation.  All rights reserved.
  
  cl /c /Zi /W0 /WX- /Od /Ob0 /D WIN32 /D _WINDOWS /D "CMAKE_INTDIR=\"Debug\"" /D _MBCS /Gm- /RTC1 /MDd /GS /fp:precise /Zc:wchar_t /Zc:forScope /Zc:inline /Fo"cmTC_b641d.dir\Debug\\" /Fd"cmTC_b641d.dir\Debug\vc140.pdb" /Gd /TC /errorReport:queue "C:\Project\PlusB-bin\itk-bin\CMakeFiles\CheckIncludeFiles\VCL_HAS_STRINGS_H.c"
  VCL_HAS_STRINGS_H.c
  
C:\Project\PlusB-bin\itk-bin\CMakeFiles\CheckIncludeFiles\VCL_HAS_STRINGS_H.c(2): fatal error C1083: Cannot open include file: 'strings.h': No such file or directory [C:\Project\PlusB-bin\itk-bin\CMakeFiles\CMakeTmp\cmTC_b641d.vcxproj]


Source:
/* */
#include <strings.h>


int main(void){return 0;}

Determining if files sys/times.h exist failed with the following output:
Change Dir: C:/Project/PlusB-bin/itk-bin/CMakeFiles/CMakeTmp

Run Build Command(s):C:/Program Files (x86)/Microsoft Visual Studio/2019/Community/MSBuild/Current/Bin/MSBuild.exe cmTC_e1592.vcxproj /p:Configuration=Debug /p:Platform=x64 /p:VisualStudioVersion=16.0 /v:m && Microsoft (R) Build Engine version 16.7.0+b89cb5fde for .NET Framework
Copyright (C) Microsoft Corporation. All rights reserved.

  Microsoft (R) C/C++ Optimizing Compiler Version 19.00.24245 for x64
  Copyright (C) Microsoft Corporation.  All rights reserved.
  
  cl /c /Zi /W0 /WX- /Od /Ob0 /D WIN32 /D _WINDOWS /D "CMAKE_INTDIR=\"Debug\"" /D _MBCS /Gm- /RTC1 /MDd /GS /fp:precise /Zc:wchar_t /Zc:forScope /Zc:inline /Fo"cmTC_e1592.dir\Debug\\" /Fd"cmTC_e1592.dir\Debug\vc140.pdb" /Gd /TC /errorReport:queue "C:\Project\PlusB-bin\itk-bin\CMakeFiles\CheckIncludeFiles\VCL_HAS_SYS_TIME_H.c"
  VCL_HAS_SYS_TIME_H.c
  
C:\Project\PlusB-bin\itk-bin\CMakeFiles\CheckIncludeFiles\VCL_HAS_SYS_TIME_H.c(2): fatal error C1083: Cannot open include file: 'sys/times.h': No such file or directory [C:\Project\PlusB-bin\itk-bin\CMakeFiles\CMakeTmp\cmTC_e1592.vcxproj]


Source:
/* */
#include <sys/times.h>


int main(void){return 0;}

Determining if files unistd.h exist failed with the following output:
Change Dir: C:/Project/PlusB-bin/itk-bin/CMakeFiles/CMakeTmp

Run Build Command(s):C:/Program Files (x86)/Microsoft Visual Studio/2019/Community/MSBuild/Current/Bin/MSBuild.exe cmTC_18386.vcxproj /p:Configuration=Debug /p:Platform=x64 /p:VisualStudioVersion=16.0 /v:m && Microsoft (R) Build Engine version 16.7.0+b89cb5fde for .NET Framework
Copyright (C) Microsoft Corporation. All rights reserved.

  Microsoft (R) C/C++ Optimizing Compiler Version 19.00.24245 for x64
  Copyright (C) Microsoft Corporation.  All rights reserved.
  
  cl /c /Zi /W0 /WX- /Od /Ob0 /D WIN32 /D _WINDOWS /D "CMAKE_INTDIR=\"Debug\"" /D _MBCS /Gm- /RTC1 /MDd /GS /fp:precise /Zc:wchar_t /Zc:forScope /Zc:inline /Fo"cmTC_18386.dir\Debug\\" /Fd"cmTC_18386.dir\Debug\vc140.pdb" /Gd /TC /errorReport:queue "C:\Project\PlusB-bin\itk-bin\CMakeFiles\CheckIncludeFiles\VCL_HAS_UNISTD_H.c"
  VCL_HAS_UNISTD_H.c
  
C:\Project\PlusB-bin\itk-bin\CMakeFiles\CheckIncludeFiles\VCL_HAS_UNISTD_H.c(2): fatal error C1083: Cannot open include file: 'unistd.h': No such file or directory [C:\Project\PlusB-bin\itk-bin\CMakeFiles\CMakeTmp\cmTC_18386.vcxproj]


Source:
/* */
#include <unistd.h>


int main(void){return 0;}

Determining if the include file tr1/memory exists failed with the following output:
Change Dir: C:/Project/PlusB-bin/itk-bin/CMakeFiles/CMakeTmp

Run Build Command(s):C:/Program Files (x86)/Microsoft Visual Studio/2019/Community/MSBuild/Current/Bin/MSBuild.exe cmTC_42fb4.vcxproj /p:Configuration=Debug /p:Platform=x64 /p:VisualStudioVersion=16.0 /v:m && Microsoft (R) Build Engine version 16.7.0+b89cb5fde for .NET Framework
Copyright (C) Microsoft Corporation. All rights reserved.

  Microsoft (R) C/C++ Optimizing Compiler Version 19.00.24245 for x64
  Copyright (C) Microsoft Corporation.  All rights reserved.
  
  cl /c /Zi /W0 /WX- /MP /Od /Ob0 /D "CMAKE_INTDIR=\"Debug\"" /D _MBCS /Gm- /RTC1 /MDd /GS /fp:precise /Zc:wchar_t /Zc:forScope /Zc:inline /Fo"cmTC_42fb4.dir\Debug\\" /Fd"cmTC_42fb4.dir\Debug\vc140.pdb" /Gd /TP /errorReport:queue  /bigobj "C:\Project\PlusB-bin\itk-bin\CMakeFiles\CMakeTmp\CheckIncludeFile.cxx"
  CheckIncludeFile.cxx
  
C:\Project\PlusB-bin\itk-bin\CMakeFiles\CMakeTmp\CheckIncludeFile.cxx(1): fatal error C1083: Cannot open include file: 'tr1/memory': No such file or directory [C:\Project\PlusB-bin\itk-bin\CMakeFiles\CMakeTmp\cmTC_42fb4.vcxproj]



Determining if the std::tr1::shared_ptr<void> exist failed with the following output:
Change Dir: C:/Project/PlusB-bin/itk-bin/CMakeFiles/CMakeTmp

Run Build Command(s):C:/Program Files (x86)/Microsoft Visual Studio/2019/Community/MSBuild/Current/Bin/MSBuild.exe cmTC_0d871.vcxproj /p:Configuration=Debug /p:Platform=x64 /p:VisualStudioVersion=16.0 /v:m && Microsoft (R) Build Engine version 16.7.0+b89cb5fde for .NET Framework
Copyright (C) Microsoft Corporation. All rights reserved.

  Microsoft (R) C/C++ Optimizing Compiler Version 19.00.24245 for x64
  Copyright (C) Microsoft Corporation.  All rights reserved.
  
  cl /c /Zi /W0 /WX- /MP /Od /Ob0 /D "CMAKE_INTDIR=\"Debug\"" /D _MBCS /Gm- /RTC1 /MDd /GS /fp:precise /Zc:wchar_t /Zc:forScope /Zc:inline /Fo"cmTC_0d871.dir\Debug\\" /Fd"cmTC_0d871.dir\Debug\vc140.pdb" /Gd /TP /errorReport:queue  /bigobj "C:\Project\PlusB-bin\itk-bin\CMakeTmp\CheckTypeExists.cxx"
  CheckTypeExists.cxx
  
C:\Project\PlusB-bin\itk-bin\CMakeTmp\CheckTypeExists.cxx(2): fatal error C1083: Cannot open include file: 'tr1/memory': No such file or directory [C:\Project\PlusB-bin\itk-bin\CMakeFiles\CMakeTmp\cmTC_0d871.vcxproj]


File C:/Project/PlusB-bin/itk-bin/CMakeTmp/CheckTypeExists.c:
/* */
#include <tr1/memory>

void cmakeRequireSymbol(std::tr1::shared_ptr<void> dummy){(void)dummy;}
int main()
{return 0;
}

Performing Test VXL_HAS_SSE2_HARDWARE_SUPPORT succeeded with the following output:
Change Dir: C:/Project/PlusB-bin/itk-bin/CMakeFiles/CMakeTmp

Run Build Command(s):C:/Program Files (x86)/Microsoft Visual Studio/2019/Community/MSBuild/Current/Bin/MSBuild.exe cmTC_a8aa1.vcxproj /p:Configuration=Debug /p:Platform=x64 /p:VisualStudioVersion=16.0 /v:m && Microsoft (R) Build Engine version 16.7.0+b89cb5fde for .NET Framework
Copyright (C) Microsoft Corporation. All rights reserved.

  Microsoft (R) C/C++ Optimizing Compiler Version 19.00.24245 for x64
  Copyright (C) Microsoft Corporation.  All rights reserved.
  
  cl /c /Zi /W0 /WX- /MP /Od /Ob0 /D VXL_HAS_SSE2_HARDWARE_SUPPORT /D "CMAKE_INTDIR=\"Debug\"" /D _MBCS /Gm- /RTC1 /MDd /GS /fp:precise /Zc:wchar_t /Zc:forScope /Zc:inline /Fo"cmTC_a8aa1.dir\Debug\\" /Fd"cmTC_a8aa1.dir\Debug\vc140.pdb" /Gd /TP /errorReport:queue  /bigobj "C:\Project\PlusB-bin\itk\Modules\ThirdParty\VNL\src\vxl\config\cmake\config\vxl_platform_tests.cxx"
  vxl_platform_tests.cxx
  
  cmTC_a8aa1.vcxproj -> C:\Project\PlusB-bin\itk-bin\CMakeFiles\CMakeTmp\Debug\cmTC_a8aa1.exe
  cmTC_a8aa1.vcxproj -> C:/Project/PlusB-bin/itk-bin/CMakeFiles/CMakeTmp/Debug/cmTC_a8aa1.pdb (Full PDB)


Performing Test VXL_HAS_MINGW_ALIGNED_MALLOC failed with the following output:
Change Dir: C:/Project/PlusB-bin/itk-bin/CMakeFiles/CMakeTmp

Run Build Command(s):C:/Program Files (x86)/Microsoft Visual Studio/2019/Community/MSBuild/Current/Bin/MSBuild.exe cmTC_9045c.vcxproj /p:Configuration=Debug /p:Platform=x64 /p:VisualStudioVersion=16.0 /v:m && Microsoft (R) Build Engine version 16.7.0+b89cb5fde for .NET Framework
Copyright (C) Microsoft Corporation. All rights reserved.

  Microsoft (R) C/C++ Optimizing Compiler Version 19.00.24245 for x64
  Copyright (C) Microsoft Corporation.  All rights reserved.
  
  cl /c /Zi /W0 /WX- /MP /Od /Ob0 /D VXL_HAS_MINGW_ALIGNED_MALLOC /D "CMAKE_INTDIR=\"Debug\"" /D _MBCS /Gm- /RTC1 /MDd /GS /fp:precise /Zc:wchar_t /Zc:forScope /Zc:inline /Fo"cmTC_9045c.dir\Debug\\" /Fd"cmTC_9045c.dir\Debug\vc140.pdb" /Gd /TP /errorReport:queue  /bigobj "C:\Project\PlusB-bin\itk\Modules\ThirdParty\VNL\src\vxl\config\cmake\config\vxl_platform_tests.cxx"
  vxl_platform_tests.cxx
  
C:\Project\PlusB-bin\itk\Modules\ThirdParty\VNL\src\vxl\config\cmake\config\vxl_platform_tests.cxx(1072): error C3861: '__mingw_aligned_malloc': identifier not found [C:\Project\PlusB-bin\itk-bin\CMakeFiles\CMakeTmp\cmTC_9045c.vcxproj]
C:\Project\PlusB-bin\itk\Modules\ThirdParty\VNL\src\vxl\config\cmake\config\vxl_platform_tests.cxx(1073): error C3861: '__mingw_aligned_free': identifier not found [C:\Project\PlusB-bin\itk-bin\CMakeFiles\CMakeTmp\cmTC_9045c.vcxproj]


Performing Test VXL_HAS_POSIX_MEMALIGN failed with the following output:
Change Dir: C:/Project/PlusB-bin/itk-bin/CMakeFiles/CMakeTmp

Run Build Command(s):C:/Program Files (x86)/Microsoft Visual Studio/2019/Community/MSBuild/Current/Bin/MSBuild.exe cmTC_75f60.vcxproj /p:Configuration=Debug /p:Platform=x64 /p:VisualStudioVersion=16.0 /v:m && Microsoft (R) Build Engine version 16.7.0+b89cb5fde for .NET Framework
Copyright (C) Microsoft Corporation. All rights reserved.

  Microsoft (R) C/C++ Optimizing Compiler Version 19.00.24245 for x64
  Copyright (C) Microsoft Corporation.  All rights reserved.
  
  cl /c /Zi /W0 /WX- /MP /Od /Ob0 /D VXL_HAS_POSIX_MEMALIGN /D "CMAKE_INTDIR=\"Debug\"" /D _MBCS /Gm- /RTC1 /MDd /GS /fp:precise /Zc:wchar_t /Zc:forScope /Zc:inline /Fo"cmTC_75f60.dir\Debug\\" /Fd"cmTC_75f60.dir\Debug\vc140.pdb" /Gd /TP /errorReport:queue  /bigobj "C:\Project\PlusB-bin\itk\Modules\ThirdParty\VNL\src\vxl\config\cmake\config\vxl_platform_tests.cxx"
  vxl_platform_tests.cxx
  
C:\Project\PlusB-bin\itk\Modules\ThirdParty\VNL\src\vxl\config\cmake\config\vxl_platform_tests.cxx(1084): error C3861: 'memalign': identifier not found [C:\Project\PlusB-bin\itk-bin\CMakeFiles\CMakeTmp\cmTC_75f60.vcxproj]


Performing Test VCL_COMPLEX_POW_WORKS succeeded with the following output:
Change Dir: C:/Project/PlusB-bin/itk-bin/CMakeFiles/CMakeTmp

Run Build Command(s):C:/Program Files (x86)/Microsoft Visual Studio/2019/Community/MSBuild/Current/Bin/MSBuild.exe cmTC_133ee.vcxproj /p:Configuration=Debug /p:Platform=x64 /p:VisualStudioVersion=16.0 /v:m && Microsoft (R) Build Engine version 16.7.0+b89cb5fde for .NET Framework
Copyright (C) Microsoft Corporation. All rights reserved.

  Microsoft (R) C/C++ Optimizing Compiler Version 19.00.24245 for x64
  Copyright (C) Microsoft Corporation.  All rights reserved.
  
  cl /c /Zi /W0 /WX- /MP /Od /Ob0 /D VCL_COMPLEX_POW_WORKS /D "CMAKE_INTDIR=\"Debug\"" /D _MBCS /Gm- /RTC1 /MDd /GS /fp:precise /Zc:wchar_t /Zc:forScope /Zc:inline /Fo"cmTC_133ee.dir\Debug\\" /Fd"cmTC_133ee.dir\Debug\vc140.pdb" /Gd /TP /errorReport:queue  /bigobj "C:\Project\PlusB-bin\itk\Modules\ThirdParty\VNL\src\vxl\config\cmake\config\vxl_platform_tests.cxx"
  vxl_platform_tests.cxx
  
C:\Program Files (x86)\Microsoft Visual Studio 14.0\VC\include\xlocale(341): warning C4530: C++ exception handler used, but unwind semantics are not enabled. Specify /EHsc [C:\Project\PlusB-bin\itk-bin\CMakeFiles\CMakeTmp\cmTC_133ee.vcxproj]
C:\Program Files (x86)\Microsoft Visual Studio 14.0\VC\include\exception(359): warning C4577: 'noexcept' used with no exception handling mode specified; termination on exception is not guaranteed. Specify /EHsc [C:\Project\PlusB-bin\itk-bin\CMakeFiles\CMakeTmp\cmTC_133ee.vcxproj]
  cmTC_133ee.vcxproj -> C:\Project\PlusB-bin\itk-bin\CMakeFiles\CMakeTmp\Debug\cmTC_133ee.exe
  cmTC_133ee.vcxproj -> C:/Project/PlusB-bin/itk-bin/CMakeFiles/CMakeTmp/Debug/cmTC_133ee.pdb (Full PDB)


Determining if the finite exist failed with the following output:
Change Dir: C:/Project/PlusB-bin/itk-bin/CMakeFiles/CMakeTmp

Run Build Command(s):C:/Program Files (x86)/Microsoft Visual Studio/2019/Community/MSBuild/Current/Bin/MSBuild.exe cmTC_094e2.vcxproj /p:Configuration=Debug /p:Platform=x64 /p:VisualStudioVersion=16.0 /v:m && Microsoft (R) Build Engine version 16.7.0+b89cb5fde for .NET Framework
Copyright (C) Microsoft Corporation. All rights reserved.

  Microsoft (R) C/C++ Optimizing Compiler Version 19.00.24245 for x64
  Copyright (C) Microsoft Corporation.  All rights reserved.
  
  cl /c /Zi /W0 /WX- /MP /Od /Ob0 /D "CMAKE_INTDIR=\"Debug\"" /D _MBCS /Gm- /RTC1 /MDd /GS /fp:precise /Zc:wchar_t /Zc:forScope /Zc:inline /Fo"cmTC_094e2.dir\Debug\\" /Fd"cmTC_094e2.dir\Debug\vc140.pdb" /Gd /TP /errorReport:queue  /bigobj "C:\Project\PlusB-bin\itk-bin\CMakeFiles\CMakeTmp\CheckSymbolExists.cxx"
  CheckSymbolExists.cxx
  
C:\Project\PlusB-bin\itk-bin\CMakeFiles\CMakeTmp\CheckSymbolExists.cxx(8): error C2065: 'finite': undeclared identifier [C:\Project\PlusB-bin\itk-bin\CMakeFiles\CMakeTmp\cmTC_094e2.vcxproj]


File C:/Project/PlusB-bin/itk-bin/CMakeFiles/CMakeTmp/CheckSymbolExists.cxx:
/* */
#include <math.h>

int main(int argc, char** argv)
{
  (void)argv;
#ifndef finite
  return ((int*)(&finite))[argc];
#else
  (void)argc;
  return 0;
#endif
}
Determining if the finitef exist failed with the following output:
Change Dir: C:/Project/PlusB-bin/itk-bin/CMakeFiles/CMakeTmp

Run Build Command(s):C:/Program Files (x86)/Microsoft Visual Studio/2019/Community/MSBuild/Current/Bin/MSBuild.exe cmTC_77cfe.vcxproj /p:Configuration=Debug /p:Platform=x64 /p:VisualStudioVersion=16.0 /v:m && Microsoft (R) Build Engine version 16.7.0+b89cb5fde for .NET Framework
Copyright (C) Microsoft Corporation. All rights reserved.

  Microsoft (R) C/C++ Optimizing Compiler Version 19.00.24245 for x64
  Copyright (C) Microsoft Corporation.  All rights reserved.
  
  cl /c /Zi /W0 /WX- /MP /Od /Ob0 /D "CMAKE_INTDIR=\"Debug\"" /D _MBCS /Gm- /RTC1 /MDd /GS /fp:precise /Zc:wchar_t /Zc:forScope /Zc:inline /Fo"cmTC_77cfe.dir\Debug\\" /Fd"cmTC_77cfe.dir\Debug\vc140.pdb" /Gd /TP /errorReport:queue  /bigobj "C:\Project\PlusB-bin\itk-bin\CMakeFiles\CMakeTmp\CheckSymbolExists.cxx"
  CheckSymbolExists.cxx
  
C:\Project\PlusB-bin\itk-bin\CMakeFiles\CMakeTmp\CheckSymbolExists.cxx(8): error C2065: 'finitef': undeclared identifier [C:\Project\PlusB-bin\itk-bin\CMakeFiles\CMakeTmp\cmTC_77cfe.vcxproj]


File C:/Project/PlusB-bin/itk-bin/CMakeFiles/CMakeTmp/CheckSymbolExists.cxx:
/* */
#include <math.h>

int main(int argc, char** argv)
{
  (void)argv;
#ifndef finitef
  return ((int*)(&finitef))[argc];
#else
  (void)argc;
  return 0;
#endif
}
Determining if the finitel exist failed with the following output:
Change Dir: C:/Project/PlusB-bin/itk-bin/CMakeFiles/CMakeTmp

Run Build Command(s):C:/Program Files (x86)/Microsoft Visual Studio/2019/Community/MSBuild/Current/Bin/MSBuild.exe cmTC_a0f92.vcxproj /p:Configuration=Debug /p:Platform=x64 /p:VisualStudioVersion=16.0 /v:m && Microsoft (R) Build Engine version 16.7.0+b89cb5fde for .NET Framework
Copyright (C) Microsoft Corporation. All rights reserved.

  Microsoft (R) C/C++ Optimizing Compiler Version 19.00.24245 for x64
  Copyright (C) Microsoft Corporation.  All rights reserved.
  
  cl /c /Zi /W0 /WX- /MP /Od /Ob0 /D "CMAKE_INTDIR=\"Debug\"" /D _MBCS /Gm- /RTC1 /MDd /GS /fp:precise /Zc:wchar_t /Zc:forScope /Zc:inline /Fo"cmTC_a0f92.dir\Debug\\" /Fd"cmTC_a0f92.dir\Debug\vc140.pdb" /Gd /TP /errorReport:queue  /bigobj "C:\Project\PlusB-bin\itk-bin\CMakeFiles\CMakeTmp\CheckSymbolExists.cxx"
  CheckSymbolExists.cxx
  
C:\Project\PlusB-bin\itk-bin\CMakeFiles\CMakeTmp\CheckSymbolExists.cxx(8): error C2065: 'finitel': undeclared identifier [C:\Project\PlusB-bin\itk-bin\CMakeFiles\CMakeTmp\cmTC_a0f92.vcxproj]


File C:/Project/PlusB-bin/itk-bin/CMakeFiles/CMakeTmp/CheckSymbolExists.cxx:
/* */
#include <math.h>

int main(int argc, char** argv)
{
  (void)argv;
#ifndef finitel
  return ((int*)(&finitel))[argc];
#else
  (void)argc;
  return 0;
#endif
}
Determining if the finite exist failed with the following output:
Change Dir: C:/Project/PlusB-bin/itk-bin/CMakeFiles/CMakeTmp

Run Build Command(s):C:/Program Files (x86)/Microsoft Visual Studio/2019/Community/MSBuild/Current/Bin/MSBuild.exe cmTC_64bb6.vcxproj /p:Configuration=Debug /p:Platform=x64 /p:VisualStudioVersion=16.0 /v:m && Microsoft (R) Build Engine version 16.7.0+b89cb5fde for .NET Framework
Copyright (C) Microsoft Corporation. All rights reserved.

  Microsoft (R) C/C++ Optimizing Compiler Version 19.00.24245 for x64
  Copyright (C) Microsoft Corporation.  All rights reserved.
  
  cl /c /Zi /W0 /WX- /MP /Od /Ob0 /D "CMAKE_INTDIR=\"Debug\"" /D _MBCS /Gm- /RTC1 /MDd /GS /fp:precise /Zc:wchar_t /Zc:forScope /Zc:inline /Fo"cmTC_64bb6.dir\Debug\\" /Fd"cmTC_64bb6.dir\Debug\vc140.pdb" /Gd /TP /errorReport:queue  /bigobj "C:\Project\PlusB-bin\itk-bin\CMakeFiles\CMakeTmp\CheckSymbolExists.cxx"
  CheckSymbolExists.cxx
  
C:\Project\PlusB-bin\itk-bin\CMakeFiles\CMakeTmp\CheckSymbolExists.cxx(2): fatal error C1083: Cannot open include file: 'ieeefp.h': No such file or directory [C:\Project\PlusB-bin\itk-bin\CMakeFiles\CMakeTmp\cmTC_64bb6.vcxproj]


File C:/Project/PlusB-bin/itk-bin/CMakeFiles/CMakeTmp/CheckSymbolExists.cxx:
/* */
#include <ieeefp.h>

int main(int argc, char** argv)
{
  (void)argv;
#ifndef finite
  return ((int*)(&finite))[argc];
#else
  (void)argc;
  return 0;
#endif
}
Determining if the lrand48 exist failed with the following output:
Change Dir: C:/Project/PlusB-bin/itk-bin/CMakeFiles/CMakeTmp

Run Build Command(s):C:/Program Files (x86)/Microsoft Visual Studio/2019/Community/MSBuild/Current/Bin/MSBuild.exe cmTC_a0e06.vcxproj /p:Configuration=Debug /p:Platform=x64 /p:VisualStudioVersion=16.0 /v:m && Microsoft (R) Build Engine version 16.7.0+b89cb5fde for .NET Framework
Copyright (C) Microsoft Corporation. All rights reserved.

  Microsoft (R) C/C++ Optimizing Compiler Version 19.00.24245 for x64
  Copyright (C) Microsoft Corporation.  All rights reserved.
  
  cl /c /Zi /W0 /WX- /MP /Od /Ob0 /D "CMAKE_INTDIR=\"Debug\"" /D _MBCS /Gm- /RTC1 /MDd /GS /fp:precise /Zc:wchar_t /Zc:forScope /Zc:inline /Fo"cmTC_a0e06.dir\Debug\\" /Fd"cmTC_a0e06.dir\Debug\vc140.pdb" /Gd /TP /errorReport:queue  /bigobj "C:\Project\PlusB-bin\itk-bin\CMakeFiles\CMakeTmp\CheckSymbolExists.cxx"
  CheckSymbolExists.cxx
  
C:\Project\PlusB-bin\itk-bin\CMakeFiles\CMakeTmp\CheckSymbolExists.cxx(8): error C2065: 'lrand48': undeclared identifier [C:\Project\PlusB-bin\itk-bin\CMakeFiles\CMakeTmp\cmTC_a0e06.vcxproj]


File C:/Project/PlusB-bin/itk-bin/CMakeFiles/CMakeTmp/CheckSymbolExists.cxx:
/* */
#include <stdlib.h>

int main(int argc, char** argv)
{
  (void)argv;
#ifndef lrand48
  return ((int*)(&lrand48))[argc];
#else
  (void)argc;
  return 0;
#endif
}
Determining if the drand48 exist failed with the following output:
Change Dir: C:/Project/PlusB-bin/itk-bin/CMakeFiles/CMakeTmp

Run Build Command(s):C:/Program Files (x86)/Microsoft Visual Studio/2019/Community/MSBuild/Current/Bin/MSBuild.exe cmTC_0f130.vcxproj /p:Configuration=Debug /p:Platform=x64 /p:VisualStudioVersion=16.0 /v:m && Microsoft (R) Build Engine version 16.7.0+b89cb5fde for .NET Framework
Copyright (C) Microsoft Corporation. All rights reserved.

  Microsoft (R) C/C++ Optimizing Compiler Version 19.00.24245 for x64
  Copyright (C) Microsoft Corporation.  All rights reserved.
  
  cl /c /Zi /W0 /WX- /MP /Od /Ob0 /D "CMAKE_INTDIR=\"Debug\"" /D _MBCS /Gm- /RTC1 /MDd /GS /fp:precise /Zc:wchar_t /Zc:forScope /Zc:inline /Fo"cmTC_0f130.dir\Debug\\" /Fd"cmTC_0f130.dir\Debug\vc140.pdb" /Gd /TP /errorReport:queue  /bigobj "C:\Project\PlusB-bin\itk-bin\CMakeFiles\CMakeTmp\CheckSymbolExists.cxx"
  CheckSymbolExists.cxx
  
C:\Project\PlusB-bin\itk-bin\CMakeFiles\CMakeTmp\CheckSymbolExists.cxx(8): error C2065: 'drand48': undeclared identifier [C:\Project\PlusB-bin\itk-bin\CMakeFiles\CMakeTmp\cmTC_0f130.vcxproj]


File C:/Project/PlusB-bin/itk-bin/CMakeFiles/CMakeTmp/CheckSymbolExists.cxx:
/* */
#include <stdlib.h>

int main(int argc, char** argv)
{
  (void)argv;
#ifndef drand48
  return ((int*)(&drand48))[argc];
#else
  (void)argc;
  return 0;
#endif
}
Determining if the srand48 exist failed with the following output:
Change Dir: C:/Project/PlusB-bin/itk-bin/CMakeFiles/CMakeTmp

Run Build Command(s):C:/Program Files (x86)/Microsoft Visual Studio/2019/Community/MSBuild/Current/Bin/MSBuild.exe cmTC_abb22.vcxproj /p:Configuration=Debug /p:Platform=x64 /p:VisualStudioVersion=16.0 /v:m && Microsoft (R) Build Engine version 16.7.0+b89cb5fde for .NET Framework
Copyright (C) Microsoft Corporation. All rights reserved.

  Microsoft (R) C/C++ Optimizing Compiler Version 19.00.24245 for x64
  Copyright (C) Microsoft Corporation.  All rights reserved.
  
  cl /c /Zi /W0 /WX- /MP /Od /Ob0 /D "CMAKE_INTDIR=\"Debug\"" /D _MBCS /Gm- /RTC1 /MDd /GS /fp:precise /Zc:wchar_t /Zc:forScope /Zc:inline /Fo"cmTC_abb22.dir\Debug\\" /Fd"cmTC_abb22.dir\Debug\vc140.pdb" /Gd /TP /errorReport:queue  /bigobj "C:\Project\PlusB-bin\itk-bin\CMakeFiles\CMakeTmp\CheckSymbolExists.cxx"
  CheckSymbolExists.cxx
  
C:\Project\PlusB-bin\itk-bin\CMakeFiles\CMakeTmp\CheckSymbolExists.cxx(8): error C2065: 'srand48': undeclared identifier [C:\Project\PlusB-bin\itk-bin\CMakeFiles\CMakeTmp\cmTC_abb22.vcxproj]


File C:/Project/PlusB-bin/itk-bin/CMakeFiles/CMakeTmp/CheckSymbolExists.cxx:
/* */
#include <stdlib.h>

int main(int argc, char** argv)
{
  (void)argv;
#ifndef srand48
  return ((int*)(&srand48))[argc];
#else
  (void)argc;
  return 0;
#endif
}
Performing Test VCL_CHAR_IS_SIGNED succeeded with the following output:
Change Dir: C:/Project/PlusB-bin/itk-bin/CMakeFiles/CMakeTmp

Run Build Command(s):C:/Program Files (x86)/Microsoft Visual Studio/2019/Community/MSBuild/Current/Bin/MSBuild.exe cmTC_57d14.vcxproj /p:Configuration=Debug /p:Platform=x64 /p:VisualStudioVersion=16.0 /v:m && Microsoft (R) Build Engine version 16.7.0+b89cb5fde for .NET Framework
Copyright (C) Microsoft Corporation. All rights reserved.

  Microsoft (R) C/C++ Optimizing Compiler Version 19.00.24245 for x64
  Copyright (C) Microsoft Corporation.  All rights reserved.
  
  cl /c /Zi /W0 /WX- /MP /Od /Ob0 /D VCL_CHAR_IS_SIGNED /D "CMAKE_INTDIR=\"Debug\"" /D _MBCS /Gm- /RTC1 /MDd /GS /fp:precise /Zc:wchar_t /Zc:forScope /Zc:inline /Fo"cmTC_57d14.dir\Debug\\" /Fd"cmTC_57d14.dir\Debug\vc140.pdb" /Gd /TP /errorReport:queue  /bigobj "C:\Project\PlusB-bin\itk\Modules\ThirdParty\VNL\src\vxl\config\cmake\config\vxl_platform_tests.cxx"
  vxl_platform_tests.cxx
  
  cmTC_57d14.vcxproj -> C:\Project\PlusB-bin\itk-bin\CMakeFiles\CMakeTmp\Debug\cmTC_57d14.exe
  cmTC_57d14.vcxproj -> C:/Project/PlusB-bin/itk-bin/CMakeFiles/CMakeTmp/Debug/cmTC_57d14.pdb (Full PDB)


Looking for 8-bit int. Failed to compile with the following output:
(FLAGS=-DVXL_HAS_TYPE_OF_SIZE)
Change Dir: C:/Project/PlusB-bin/itk-bin/CMakeFiles/CMakeTmp

Run Build Command(s):C:/Program Files (x86)/Microsoft Visual Studio/2019/Community/MSBuild/Current/Bin/MSBuild.exe cmTC_e5c28.vcxproj /p:Configuration=Debug /p:Platform=x64 /p:VisualStudioVersion=16.0 /v:m && Microsoft (R) Build Engine version 16.7.0+b89cb5fde for .NET Framework
Copyright (C) Microsoft Corporation. All rights reserved.

  Microsoft (R) C/C++ Optimizing Compiler Version 19.00.24245 for x64
  Copyright (C) Microsoft Corporation.  All rights reserved.
  
  cl /c /I"C:\Project\PlusB-bin\itk-bin\CMakeTmp" /Zi /W0 /WX- /MP /Od /Ob0 /D VXL_HAS_TYPE_OF_SIZE /D "CMAKE_INTDIR=\"Debug\"" /D _MBCS /Gm- /RTC1 /MDd /GS /fp:precise /Zc:wchar_t /Zc:forScope /Zc:inline /Fo"cmTC_e5c28.dir\Debug\\" /Fd"cmTC_e5c28.dir\Debug\vc140.pdb" /Gd /TP /errorReport:queue  /bigobj "C:\Project\PlusB-bin\itk\Modules\ThirdParty\VNL\src\vxl\config\cmake\config\vxl_platform_tests.cxx"
  vxl_platform_tests.cxx
  
C:\Project\PlusB-bin\itk\Modules\ThirdParty\VNL\src\vxl\config\cmake\config\vxl_platform_tests.cxx(957): error C2369: 'verify_size': redefinition; different subscripts [C:\Project\PlusB-bin\itk-bin\CMakeFiles\CMakeTmp\cmTC_e5c28.vcxproj]
  C:\Project\PlusB-bin\itk\Modules\ThirdParty\VNL\src\vxl\config\cmake\config\vxl_platform_tests.cxx(956): note: see declaration of 'verify_size'


Looking for 16-bit int. Failed to compile with the following output:
(FLAGS=-DVXL_HAS_TYPE_OF_SIZE)
Change Dir: C:/Project/PlusB-bin/itk-bin/CMakeFiles/CMakeTmp

Run Build Command(s):C:/Program Files (x86)/Microsoft Visual Studio/2019/Community/MSBuild/Current/Bin/MSBuild.exe cmTC_863e3.vcxproj /p:Configuration=Debug /p:Platform=x64 /p:VisualStudioVersion=16.0 /v:m && Microsoft (R) Build Engine version 16.7.0+b89cb5fde for .NET Framework
Copyright (C) Microsoft Corporation. All rights reserved.

  Microsoft (R) C/C++ Optimizing Compiler Version 19.00.24245 for x64
  Copyright (C) Microsoft Corporation.  All rights reserved.
  
  cl /c /I"C:\Project\PlusB-bin\itk-bin\CMakeTmp" /Zi /W0 /WX- /MP /Od /Ob0 /D VXL_HAS_TYPE_OF_SIZE /D "CMAKE_INTDIR=\"Debug\"" /D _MBCS /Gm- /RTC1 /MDd /GS /fp:precise /Zc:wchar_t /Zc:forScope /Zc:inline /Fo"cmTC_863e3.dir\Debug\\" /Fd"cmTC_863e3.dir\Debug\vc140.pdb" /Gd /TP /errorReport:queue  /bigobj "C:\Project\PlusB-bin\itk\Modules\ThirdParty\VNL\src\vxl\config\cmake\config\vxl_platform_tests.cxx"
  vxl_platform_tests.cxx
  
C:\Project\PlusB-bin\itk\Modules\ThirdParty\VNL\src\vxl\config\cmake\config\vxl_platform_tests.cxx(957): error C2369: 'verify_size': redefinition; different subscripts [C:\Project\PlusB-bin\itk-bin\CMakeFiles\CMakeTmp\cmTC_863e3.vcxproj]
  C:\Project\PlusB-bin\itk\Modules\ThirdParty\VNL\src\vxl\config\cmake\config\vxl_platform_tests.cxx(956): note: see declaration of 'verify_size'


Looking for 16-bit int. Failed to compile with the following output:
(FLAGS=-DVXL_HAS_TYPE_OF_SIZE)
Change Dir: C:/Project/PlusB-bin/itk-bin/CMakeFiles/CMakeTmp

Run Build Command(s):C:/Program Files (x86)/Microsoft Visual Studio/2019/Community/MSBuild/Current/Bin/MSBuild.exe cmTC_d4805.vcxproj /p:Configuration=Debug /p:Platform=x64 /p:VisualStudioVersion=16.0 /v:m && Microsoft (R) Build Engine version 16.7.0+b89cb5fde for .NET Framework
Copyright (C) Microsoft Corporation. All rights reserved.

  Microsoft (R) C/C++ Optimizing Compiler Version 19.00.24245 for x64
  Copyright (C) Microsoft Corporation.  All rights reserved.
  
  cl /c /I"C:\Project\PlusB-bin\itk-bin\CMakeTmp" /Zi /W0 /WX- /MP /Od /Ob0 /D VXL_HAS_TYPE_OF_SIZE /D "CMAKE_INTDIR=\"Debug\"" /D _MBCS /Gm- /RTC1 /MDd /GS /fp:precise /Zc:wchar_t /Zc:forScope /Zc:inline /Fo"cmTC_d4805.dir\Debug\\" /Fd"cmTC_d4805.dir\Debug\vc140.pdb" /Gd /TP /errorReport:queue  /bigobj "C:\Project\PlusB-bin\itk\Modules\ThirdParty\VNL\src\vxl\config\cmake\config\vxl_platform_tests.cxx"
  vxl_platform_tests.cxx
  
C:\Project\PlusB-bin\itk\Modules\ThirdParty\VNL\src\vxl\config\cmake\config\vxl_platform_tests.cxx(957): error C2369: 'verify_size': redefinition; different subscripts [C:\Project\PlusB-bin\itk-bin\CMakeFiles\CMakeTmp\cmTC_d4805.vcxproj]
  C:\Project\PlusB-bin\itk\Modules\ThirdParty\VNL\src\vxl\config\cmake\config\vxl_platform_tests.cxx(956): note: see declaration of 'verify_size'


Looking for 32-bit int. Failed to compile with the following output:
(FLAGS=-DVXL_HAS_TYPE_OF_SIZE)
Change Dir: C:/Project/PlusB-bin/itk-bin/CMakeFiles/CMakeTmp

Run Build Command(s):C:/Program Files (x86)/Microsoft Visual Studio/2019/Community/MSBuild/Current/Bin/MSBuild.exe cmTC_a890e.vcxproj /p:Configuration=Debug /p:Platform=x64 /p:VisualStudioVersion=16.0 /v:m && Microsoft (R) Build Engine version 16.7.0+b89cb5fde for .NET Framework
Copyright (C) Microsoft Corporation. All rights reserved.

  Microsoft (R) C/C++ Optimizing Compiler Version 19.00.24245 for x64
  Copyright (C) Microsoft Corporation.  All rights reserved.
  
  cl /c /I"C:\Project\PlusB-bin\itk-bin\CMakeTmp" /Zi /W0 /WX- /MP /Od /Ob0 /D VXL_HAS_TYPE_OF_SIZE /D "CMAKE_INTDIR=\"Debug\"" /D _MBCS /Gm- /RTC1 /MDd /GS /fp:precise /Zc:wchar_t /Zc:forScope /Zc:inline /Fo"cmTC_a890e.dir\Debug\\" /Fd"cmTC_a890e.dir\Debug\vc140.pdb" /Gd /TP /errorReport:queue  /bigobj "C:\Project\PlusB-bin\itk\Modules\ThirdParty\VNL\src\vxl\config\cmake\config\vxl_platform_tests.cxx"
  vxl_platform_tests.cxx
  
C:\Project\PlusB-bin\itk\Modules\ThirdParty\VNL\src\vxl\config\cmake\config\vxl_platform_tests.cxx(957): error C2369: 'verify_size': redefinition; different subscripts [C:\Project\PlusB-bin\itk-bin\CMakeFiles\CMakeTmp\cmTC_a890e.vcxproj]
  C:\Project\PlusB-bin\itk\Modules\ThirdParty\VNL\src\vxl\config\cmake\config\vxl_platform_tests.cxx(956): note: see declaration of 'verify_size'


Looking for 64-bit int. Failed to compile with the following output:
(FLAGS=-DVXL_HAS_TYPE_OF_SIZE)
Change Dir: C:/Project/PlusB-bin/itk-bin/CMakeFiles/CMakeTmp

Run Build Command(s):C:/Program Files (x86)/Microsoft Visual Studio/2019/Community/MSBuild/Current/Bin/MSBuild.exe cmTC_e5943.vcxproj /p:Configuration=Debug /p:Platform=x64 /p:VisualStudioVersion=16.0 /v:m && Microsoft (R) Build Engine version 16.7.0+b89cb5fde for .NET Framework
Copyright (C) Microsoft Corporation. All rights reserved.

  Microsoft (R) C/C++ Optimizing Compiler Version 19.00.24245 for x64
  Copyright (C) Microsoft Corporation.  All rights reserved.
  
  cl /c /I"C:\Project\PlusB-bin\itk-bin\CMakeTmp" /Zi /W0 /WX- /MP /Od /Ob0 /D VXL_HAS_TYPE_OF_SIZE /D "CMAKE_INTDIR=\"Debug\"" /D _MBCS /Gm- /RTC1 /MDd /GS /fp:precise /Zc:wchar_t /Zc:forScope /Zc:inline /Fo"cmTC_e5943.dir\Debug\\" /Fd"cmTC_e5943.dir\Debug\vc140.pdb" /Gd /TP /errorReport:queue  /bigobj "C:\Project\PlusB-bin\itk\Modules\ThirdParty\VNL\src\vxl\config\cmake\config\vxl_platform_tests.cxx"
  vxl_platform_tests.cxx
  
C:\Project\PlusB-bin\itk\Modules\ThirdParty\VNL\src\vxl\config\cmake\config\vxl_platform_tests.cxx(957): error C2369: 'verify_size': redefinition; different subscripts [C:\Project\PlusB-bin\itk-bin\CMakeFiles\CMakeTmp\cmTC_e5943.vcxproj]
  C:\Project\PlusB-bin\itk\Modules\ThirdParty\VNL\src\vxl\config\cmake\config\vxl_platform_tests.cxx(956): note: see declaration of 'verify_size'


Looking for 32-bit float. Failed to compile with the following output:
(FLAGS=-DVXL_HAS_TYPE_OF_SIZE)
Change Dir: C:/Project/PlusB-bin/itk-bin/CMakeFiles/CMakeTmp

Run Build Command(s):C:/Program Files (x86)/Microsoft Visual Studio/2019/Community/MSBuild/Current/Bin/MSBuild.exe cmTC_ba9a6.vcxproj /p:Configuration=Debug /p:Platform=x64 /p:VisualStudioVersion=16.0 /v:m && Microsoft (R) Build Engine version 16.7.0+b89cb5fde for .NET Framework
Copyright (C) Microsoft Corporation. All rights reserved.

  Microsoft (R) C/C++ Optimizing Compiler Version 19.00.24245 for x64
  Copyright (C) Microsoft Corporation.  All rights reserved.
  
  cl /c /I"C:\Project\PlusB-bin\itk-bin\CMakeTmp" /Zi /W0 /WX- /MP /Od /Ob0 /D VXL_HAS_TYPE_OF_SIZE /D "CMAKE_INTDIR=\"Debug\"" /D _MBCS /Gm- /RTC1 /MDd /GS /fp:precise /Zc:wchar_t /Zc:forScope /Zc:inline /Fo"cmTC_ba9a6.dir\Debug\\" /Fd"cmTC_ba9a6.dir\Debug\vc140.pdb" /Gd /TP /errorReport:queue  /bigobj "C:\Project\PlusB-bin\itk\Modules\ThirdParty\VNL\src\vxl\config\cmake\config\vxl_platform_tests.cxx"
  vxl_platform_tests.cxx
  
C:\Project\PlusB-bin\itk\Modules\ThirdParty\VNL\src\vxl\config\cmake\config\vxl_platform_tests.cxx(957): error C2369: 'verify_size': redefinition; different subscripts [C:\Project\PlusB-bin\itk-bin\CMakeFiles\CMakeTmp\cmTC_ba9a6.vcxproj]
  C:\Project\PlusB-bin\itk\Modules\ThirdParty\VNL\src\vxl\config\cmake\config\vxl_platform_tests.cxx(956): note: see declaration of 'verify_size'


Looking for 32-bit float. Failed to compile with the following output:
(FLAGS=-DVXL_HAS_TYPE_OF_SIZE)
Change Dir: C:/Project/PlusB-bin/itk-bin/CMakeFiles/CMakeTmp

Run Build Command(s):C:/Program Files (x86)/Microsoft Visual Studio/2019/Community/MSBuild/Current/Bin/MSBuild.exe cmTC_9d242.vcxproj /p:Configuration=Debug /p:Platform=x64 /p:VisualStudioVersion=16.0 /v:m && Microsoft (R) Build Engine version 16.7.0+b89cb5fde for .NET Framework
Copyright (C) Microsoft Corporation. All rights reserved.

  Microsoft (R) C/C++ Optimizing Compiler Version 19.00.24245 for x64
  Copyright (C) Microsoft Corporation.  All rights reserved.
  
  cl /c /I"C:\Project\PlusB-bin\itk-bin\CMakeTmp" /Zi /W0 /WX- /MP /Od /Ob0 /D VXL_HAS_TYPE_OF_SIZE /D "CMAKE_INTDIR=\"Debug\"" /D _MBCS /Gm- /RTC1 /MDd /GS /fp:precise /Zc:wchar_t /Zc:forScope /Zc:inline /Fo"cmTC_9d242.dir\Debug\\" /Fd"cmTC_9d242.dir\Debug\vc140.pdb" /Gd /TP /errorReport:queue  /bigobj "C:\Project\PlusB-bin\itk\Modules\ThirdParty\VNL\src\vxl\config\cmake\config\vxl_platform_tests.cxx"
  vxl_platform_tests.cxx
  
C:\Project\PlusB-bin\itk\Modules\ThirdParty\VNL\src\vxl\config\cmake\config\vxl_platform_tests.cxx(957): error C2369: 'verify_size': redefinition; different subscripts [C:\Project\PlusB-bin\itk-bin\CMakeFiles\CMakeTmp\cmTC_9d242.vcxproj]
  C:\Project\PlusB-bin\itk\Modules\ThirdParty\VNL\src\vxl\config\cmake\config\vxl_platform_tests.cxx(956): note: see declaration of 'verify_size'


Looking for 64-bit float. Failed to compile with the following output:
(FLAGS=-DVXL_HAS_TYPE_OF_SIZE)
Change Dir: C:/Project/PlusB-bin/itk-bin/CMakeFiles/CMakeTmp

Run Build Command(s):C:/Program Files (x86)/Microsoft Visual Studio/2019/Community/MSBuild/Current/Bin/MSBuild.exe cmTC_00c74.vcxproj /p:Configuration=Debug /p:Platform=x64 /p:VisualStudioVersion=16.0 /v:m && Microsoft (R) Build Engine version 16.7.0+b89cb5fde for .NET Framework
Copyright (C) Microsoft Corporation. All rights reserved.

  Microsoft (R) C/C++ Optimizing Compiler Version 19.00.24245 for x64
  Copyright (C) Microsoft Corporation.  All rights reserved.
  
  cl /c /I"C:\Project\PlusB-bin\itk-bin\CMakeTmp" /Zi /W0 /WX- /MP /Od /Ob0 /D VXL_HAS_TYPE_OF_SIZE /D "CMAKE_INTDIR=\"Debug\"" /D _MBCS /Gm- /RTC1 /MDd /GS /fp:precise /Zc:wchar_t /Zc:forScope /Zc:inline /Fo"cmTC_00c74.dir\Debug\\" /Fd"cmTC_00c74.dir\Debug\vc140.pdb" /Gd /TP /errorReport:queue  /bigobj "C:\Project\PlusB-bin\itk\Modules\ThirdParty\VNL\src\vxl\config\cmake\config\vxl_platform_tests.cxx"
  vxl_platform_tests.cxx
  
C:\Project\PlusB-bin\itk\Modules\ThirdParty\VNL\src\vxl\config\cmake\config\vxl_platform_tests.cxx(957): error C2369: 'verify_size': redefinition; different subscripts [C:\Project\PlusB-bin\itk-bin\CMakeFiles\CMakeTmp\cmTC_00c74.vcxproj]
  C:\Project\PlusB-bin\itk\Modules\ThirdParty\VNL\src\vxl\config\cmake\config\vxl_platform_tests.cxx(956): note: see declaration of 'verify_size'


Looking for 96-bit float. Failed to compile with the following output:
(FLAGS=-DVXL_HAS_TYPE_OF_SIZE)
Change Dir: C:/Project/PlusB-bin/itk-bin/CMakeFiles/CMakeTmp

Run Build Command(s):C:/Program Files (x86)/Microsoft Visual Studio/2019/Community/MSBuild/Current/Bin/MSBuild.exe cmTC_f813c.vcxproj /p:Configuration=Debug /p:Platform=x64 /p:VisualStudioVersion=16.0 /v:m && Microsoft (R) Build Engine version 16.7.0+b89cb5fde for .NET Framework
Copyright (C) Microsoft Corporation. All rights reserved.

  Microsoft (R) C/C++ Optimizing Compiler Version 19.00.24245 for x64
  Copyright (C) Microsoft Corporation.  All rights reserved.
  
  cl /c /I"C:\Project\PlusB-bin\itk-bin\CMakeTmp" /Zi /W0 /WX- /MP /Od /Ob0 /D VXL_HAS_TYPE_OF_SIZE /D "CMAKE_INTDIR=\"Debug\"" /D _MBCS /Gm- /RTC1 /MDd /GS /fp:precise /Zc:wchar_t /Zc:forScope /Zc:inline /Fo"cmTC_f813c.dir\Debug\\" /Fd"cmTC_f813c.dir\Debug\vc140.pdb" /Gd /TP /errorReport:queue  /bigobj "C:\Project\PlusB-bin\itk\Modules\ThirdParty\VNL\src\vxl\config\cmake\config\vxl_platform_tests.cxx"
  vxl_platform_tests.cxx
  
C:\Project\PlusB-bin\itk\Modules\ThirdParty\VNL\src\vxl\config\cmake\config\vxl_platform_tests.cxx(957): error C2369: 'verify_size': redefinition; different subscripts [C:\Project\PlusB-bin\itk-bin\CMakeFiles\CMakeTmp\cmTC_f813c.vcxproj]
  C:\Project\PlusB-bin\itk\Modules\ThirdParty\VNL\src\vxl\config\cmake\config\vxl_platform_tests.cxx(956): note: see declaration of 'verify_size'


Looking for 96-bit float. Failed to compile with the following output:
(FLAGS=-DVXL_HAS_TYPE_OF_SIZE)
Change Dir: C:/Project/PlusB-bin/itk-bin/CMakeFiles/CMakeTmp

Run Build Command(s):C:/Program Files (x86)/Microsoft Visual Studio/2019/Community/MSBuild/Current/Bin/MSBuild.exe cmTC_901f9.vcxproj /p:Configuration=Debug /p:Platform=x64 /p:VisualStudioVersion=16.0 /v:m && Microsoft (R) Build Engine version 16.7.0+b89cb5fde for .NET Framework
Copyright (C) Microsoft Corporation. All rights reserved.

  Microsoft (R) C/C++ Optimizing Compiler Version 19.00.24245 for x64
  Copyright (C) Microsoft Corporation.  All rights reserved.
  
  cl /c /I"C:\Project\PlusB-bin\itk-bin\CMakeTmp" /Zi /W0 /WX- /MP /Od /Ob0 /D VXL_HAS_TYPE_OF_SIZE /D "CMAKE_INTDIR=\"Debug\"" /D _MBCS /Gm- /RTC1 /MDd /GS /fp:precise /Zc:wchar_t /Zc:forScope /Zc:inline /Fo"cmTC_901f9.dir\Debug\\" /Fd"cmTC_901f9.dir\Debug\vc140.pdb" /Gd /TP /errorReport:queue  /bigobj "C:\Project\PlusB-bin\itk\Modules\ThirdParty\VNL\src\vxl\config\cmake\config\vxl_platform_tests.cxx"
  vxl_platform_tests.cxx
  
C:\Project\PlusB-bin\itk\Modules\ThirdParty\VNL\src\vxl\config\cmake\config\vxl_platform_tests.cxx(957): error C2369: 'verify_size': redefinition; different subscripts [C:\Project\PlusB-bin\itk-bin\CMakeFiles\CMakeTmp\cmTC_901f9.vcxproj]
  C:\Project\PlusB-bin\itk\Modules\ThirdParty\VNL\src\vxl\config\cmake\config\vxl_platform_tests.cxx(956): note: see declaration of 'verify_size'


Looking for 96-bit float. Failed to compile with the following output:
(FLAGS=-DVXL_HAS_TYPE_OF_SIZE)
Change Dir: C:/Project/PlusB-bin/itk-bin/CMakeFiles/CMakeTmp

Run Build Command(s):C:/Program Files (x86)/Microsoft Visual Studio/2019/Community/MSBuild/Current/Bin/MSBuild.exe cmTC_8b065.vcxproj /p:Configuration=Debug /p:Platform=x64 /p:VisualStudioVersion=16.0 /v:m && Microsoft (R) Build Engine version 16.7.0+b89cb5fde for .NET Framework
Copyright (C) Microsoft Corporation. All rights reserved.

  Microsoft (R) C/C++ Optimizing Compiler Version 19.00.24245 for x64
  Copyright (C) Microsoft Corporation.  All rights reserved.
  
  cl /c /I"C:\Project\PlusB-bin\itk-bin\CMakeTmp" /Zi /W0 /WX- /MP /Od /Ob0 /D VXL_HAS_TYPE_OF_SIZE /D "CMAKE_INTDIR=\"Debug\"" /D _MBCS /Gm- /RTC1 /MDd /GS /fp:precise /Zc:wchar_t /Zc:forScope /Zc:inline /Fo"cmTC_8b065.dir\Debug\\" /Fd"cmTC_8b065.dir\Debug\vc140.pdb" /Gd /TP /errorReport:queue  /bigobj "C:\Project\PlusB-bin\itk\Modules\ThirdParty\VNL\src\vxl\config\cmake\config\vxl_platform_tests.cxx"
  vxl_platform_tests.cxx
  
C:\Project\PlusB-bin\itk\Modules\ThirdParty\VNL\src\vxl\config\cmake\config\vxl_platform_tests.cxx(957): error C2369: 'verify_size': redefinition; different subscripts [C:\Project\PlusB-bin\itk-bin\CMakeFiles\CMakeTmp\cmTC_8b065.vcxproj]
  C:\Project\PlusB-bin\itk\Modules\ThirdParty\VNL\src\vxl\config\cmake\config\vxl_platform_tests.cxx(956): note: see declaration of 'verify_size'


Looking for 128-bit float. Failed to compile with the following output:
(FLAGS=-DVXL_HAS_TYPE_OF_SIZE)
Change Dir: C:/Project/PlusB-bin/itk-bin/CMakeFiles/CMakeTmp

Run Build Command(s):C:/Program Files (x86)/Microsoft Visual Studio/2019/Community/MSBuild/Current/Bin/MSBuild.exe cmTC_be83a.vcxproj /p:Configuration=Debug /p:Platform=x64 /p:VisualStudioVersion=16.0 /v:m && Microsoft (R) Build Engine version 16.7.0+b89cb5fde for .NET Framework
Copyright (C) Microsoft Corporation. All rights reserved.

  Microsoft (R) C/C++ Optimizing Compiler Version 19.00.24245 for x64
  Copyright (C) Microsoft Corporation.  All rights reserved.
  
  cl /c /I"C:\Project\PlusB-bin\itk-bin\CMakeTmp" /Zi /W0 /WX- /MP /Od /Ob0 /D VXL_HAS_TYPE_OF_SIZE /D "CMAKE_INTDIR=\"Debug\"" /D _MBCS /Gm- /RTC1 /MDd /GS /fp:precise /Zc:wchar_t /Zc:forScope /Zc:inline /Fo"cmTC_be83a.dir\Debug\\" /Fd"cmTC_be83a.dir\Debug\vc140.pdb" /Gd /TP /errorReport:queue  /bigobj "C:\Project\PlusB-bin\itk\Modules\ThirdParty\VNL\src\vxl\config\cmake\config\vxl_platform_tests.cxx"
  vxl_platform_tests.cxx
  
C:\Project\PlusB-bin\itk\Modules\ThirdParty\VNL\src\vxl\config\cmake\config\vxl_platform_tests.cxx(957): error C2369: 'verify_size': redefinition; different subscripts [C:\Project\PlusB-bin\itk-bin\CMakeFiles\CMakeTmp\cmTC_be83a.vcxproj]
  C:\Project\PlusB-bin\itk\Modules\ThirdParty\VNL\src\vxl\config\cmake\config\vxl_platform_tests.cxx(956): note: see declaration of 'verify_size'


Looking for 128-bit float. Failed to compile with the following output:
(FLAGS=-DVXL_HAS_TYPE_OF_SIZE)
Change Dir: C:/Project/PlusB-bin/itk-bin/CMakeFiles/CMakeTmp

Run Build Command(s):C:/Program Files (x86)/Microsoft Visual Studio/2019/Community/MSBuild/Current/Bin/MSBuild.exe cmTC_3977f.vcxproj /p:Configuration=Debug /p:Platform=x64 /p:VisualStudioVersion=16.0 /v:m && Microsoft (R) Build Engine version 16.7.0+b89cb5fde for .NET Framework
Copyright (C) Microsoft Corporation. All rights reserved.

  Microsoft (R) C/C++ Optimizing Compiler Version 19.00.24245 for x64
  Copyright (C) Microsoft Corporation.  All rights reserved.
  
  cl /c /I"C:\Project\PlusB-bin\itk-bin\CMakeTmp" /Zi /W0 /WX- /MP /Od /Ob0 /D VXL_HAS_TYPE_OF_SIZE /D "CMAKE_INTDIR=\"Debug\"" /D _MBCS /Gm- /RTC1 /MDd /GS /fp:precise /Zc:wchar_t /Zc:forScope /Zc:inline /Fo"cmTC_3977f.dir\Debug\\" /Fd"cmTC_3977f.dir\Debug\vc140.pdb" /Gd /TP /errorReport:queue  /bigobj "C:\Project\PlusB-bin\itk\Modules\ThirdParty\VNL\src\vxl\config\cmake\config\vxl_platform_tests.cxx"
  vxl_platform_tests.cxx
  
C:\Project\PlusB-bin\itk\Modules\ThirdParty\VNL\src\vxl\config\cmake\config\vxl_platform_tests.cxx(957): error C2369: 'verify_size': redefinition; different subscripts [C:\Project\PlusB-bin\itk-bin\CMakeFiles\CMakeTmp\cmTC_3977f.vcxproj]
  C:\Project\PlusB-bin\itk\Modules\ThirdParty\VNL\src\vxl\config\cmake\config\vxl_platform_tests.cxx(956): note: see declaration of 'verify_size'


Looking for 128-bit float. Failed to compile with the following output:
(FLAGS=-DVXL_HAS_TYPE_OF_SIZE)
Change Dir: C:/Project/PlusB-bin/itk-bin/CMakeFiles/CMakeTmp

Run Build Command(s):C:/Program Files (x86)/Microsoft Visual Studio/2019/Community/MSBuild/Current/Bin/MSBuild.exe cmTC_b36c4.vcxproj /p:Configuration=Debug /p:Platform=x64 /p:VisualStudioVersion=16.0 /v:m && Microsoft (R) Build Engine version 16.7.0+b89cb5fde for .NET Framework
Copyright (C) Microsoft Corporation. All rights reserved.

  Microsoft (R) C/C++ Optimizing Compiler Version 19.00.24245 for x64
  Copyright (C) Microsoft Corporation.  All rights reserved.
  
  cl /c /I"C:\Project\PlusB-bin\itk-bin\CMakeTmp" /Zi /W0 /WX- /MP /Od /Ob0 /D VXL_HAS_TYPE_OF_SIZE /D "CMAKE_INTDIR=\"Debug\"" /D _MBCS /Gm- /RTC1 /MDd /GS /fp:precise /Zc:wchar_t /Zc:forScope /Zc:inline /Fo"cmTC_b36c4.dir\Debug\\" /Fd"cmTC_b36c4.dir\Debug\vc140.pdb" /Gd /TP /errorReport:queue  /bigobj "C:\Project\PlusB-bin\itk\Modules\ThirdParty\VNL\src\vxl\config\cmake\config\vxl_platform_tests.cxx"
  vxl_platform_tests.cxx
  
C:\Project\PlusB-bin\itk\Modules\ThirdParty\VNL\src\vxl\config\cmake\config\vxl_platform_tests.cxx(957): error C2369: 'verify_size': redefinition; different subscripts [C:\Project\PlusB-bin\itk-bin\CMakeFiles\CMakeTmp\cmTC_b36c4.vcxproj]
  C:\Project\PlusB-bin\itk\Modules\ThirdParty\VNL\src\vxl\config\cmake\config\vxl_platform_tests.cxx(956): note: see declaration of 'verify_size'


Determining if the include file unistd.h exists failed with the following output:
Change Dir: C:/Project/PlusB-bin/itk-bin/CMakeFiles/CMakeTmp

Run Build Command(s):C:/Program Files (x86)/Microsoft Visual Studio/2019/Community/MSBuild/Current/Bin/MSBuild.exe cmTC_92421.vcxproj /p:Configuration=Debug /p:Platform=x64 /p:VisualStudioVersion=16.0 /v:m && Microsoft (R) Build Engine version 16.7.0+b89cb5fde for .NET Framework
Copyright (C) Microsoft Corporation. All rights reserved.

  Microsoft (R) C/C++ Optimizing Compiler Version 19.00.24245 for x64
  Copyright (C) Microsoft Corporation.  All rights reserved.
  
  cl /c /Zi /W0 /WX- /MP /Od /Ob0 /D "CMAKE_INTDIR=\"Debug\"" /D _MBCS /Gm- /RTC1 /MDd /GS /fp:precise /Zc:wchar_t /Zc:forScope /Zc:inline /Fo"cmTC_92421.dir\Debug\\" /Fd"cmTC_92421.dir\Debug\vc140.pdb" /Gd /TP /errorReport:queue  /bigobj "C:\Project\PlusB-bin\itk-bin\CMakeFiles\CMakeTmp\CheckIncludeFile.cxx"
  CheckIncludeFile.cxx
  
C:\Project\PlusB-bin\itk-bin\CMakeFiles\CMakeTmp\CheckIncludeFile.cxx(1): fatal error C1083: Cannot open include file: 'unistd.h': No such file or directory [C:\Project\PlusB-bin\itk-bin\CMakeFiles\CMakeTmp\cmTC_92421.vcxproj]



Performing Test VCL_NUMERIC_LIMITS_HAS_INFINITY succeeded with the following output:
Change Dir: C:/Project/PlusB-bin/itk-bin/CMakeFiles/CMakeTmp

Run Build Command(s):C:/Program Files (x86)/Microsoft Visual Studio/2019/Community/MSBuild/Current/Bin/MSBuild.exe cmTC_233fc.vcxproj /p:Configuration=Debug /p:Platform=x64 /p:VisualStudioVersion=16.0 /v:m && Microsoft (R) Build Engine version 16.7.0+b89cb5fde for .NET Framework
Copyright (C) Microsoft Corporation. All rights reserved.

  Microsoft (R) C/C++ Optimizing Compiler Version 19.00.24245 for x64
  Copyright (C) Microsoft Corporation.  All rights reserved.
  
  cl /c /Zi /W0 /WX- /MP /Od /Ob0 /D VCL_NUMERIC_LIMITS_HAS_INFINITY /D "CMAKE_INTDIR=\"Debug\"" /D _MBCS /Gm- /RTC1 /MDd /GS /fp:precise /Zc:wchar_t /Zc:forScope /Zc:inline /Fo"cmTC_233fc.dir\Debug\\" /Fd"cmTC_233fc.dir\Debug\vc140.pdb" /Gd /TP /errorReport:queue  /bigobj "C:\Project\PlusB-bin\itk\Modules\ThirdParty\VNL\src\vxl\config\cmake\config\vxl_platform_tests.cxx"
  vxl_platform_tests.cxx
  
C:\Program Files (x86)\Microsoft Visual Studio 14.0\VC\include\limits(210): warning C4577: 'noexcept' used with no exception handling mode specified; termination on exception is not guaranteed. Specify /EHsc [C:\Project\PlusB-bin\itk-bin\CMakeFiles\CMakeTmp\cmTC_233fc.vcxproj]
  cmTC_233fc.vcxproj -> C:\Project\PlusB-bin\itk-bin\CMakeFiles\CMakeTmp\Debug\cmTC_233fc.exe
  cmTC_233fc.vcxproj -> C:/Project/PlusB-bin/itk-bin/CMakeFiles/CMakeTmp/Debug/cmTC_233fc.pdb (Full PDB)


Performing C++ SOURCE FILE Test COMPILER_HAS_DEPRECATED_ATTR failed with the following output:
Change Dir: C:/Project/PlusB-bin/itk-bin/CMakeFiles/CMakeTmp

Run Build Command(s):C:/Program Files (x86)/Microsoft Visual Studio/2019/Community/MSBuild/Current/Bin/MSBuild.exe cmTC_47281.vcxproj /p:Configuration=Debug /p:Platform=x64 /p:VisualStudioVersion=16.0 /v:m && Microsoft (R) Build Engine version 16.7.0+b89cb5fde for .NET Framework
Copyright (C) Microsoft Corporation. All rights reserved.

  Microsoft (R) C/C++ Optimizing Compiler Version 19.00.24245 for x64
  Copyright (C) Microsoft Corporation.  All rights reserved.
  
  cl /c /Zi /W0 /WX- /MP /Od /Ob0 /D COMPILER_HAS_DEPRECATED_ATTR /D "CMAKE_INTDIR=\"Debug\"" /D _MBCS /Gm- /RTC1 /MDd /GS /fp:precise /Zc:wchar_t /Zc:forScope /Zc:inline /Fo"cmTC_47281.dir\Debug\\" /Fd"cmTC_47281.dir\Debug\vc140.pdb" /Gd /TP /errorReport:queue  /bigobj "C:\Project\PlusB-bin\itk-bin\CMakeFiles\CMakeTmp\src.cxx"
  src.cxx
  
C:\Project\PlusB-bin\itk-bin\CMakeFiles\CMakeTmp\src.cxx(1): error C2065: '__deprecated__': undeclared identifier [C:\Project\PlusB-bin\itk-bin\CMakeFiles\CMakeTmp\cmTC_47281.vcxproj]
C:\Project\PlusB-bin\itk-bin\CMakeFiles\CMakeTmp\src.cxx(1): error C4430: missing type specifier - int assumed. Note: C++ does not support default-int [C:\Project\PlusB-bin\itk-bin\CMakeFiles\CMakeTmp\cmTC_47281.vcxproj]
C:\Project\PlusB-bin\itk-bin\CMakeFiles\CMakeTmp\src.cxx(1): error C2448: '__attribute__': function-style initializer appears to be a function definition [C:\Project\PlusB-bin\itk-bin\CMakeFiles\CMakeTmp\cmTC_47281.vcxproj]


Source file was:
__attribute__((__deprecated__)) int somefunc() { return 0; }
    int main() { return somefunc();}
Determining if the include file pthread.h exists failed with the following output:
Change Dir: C:/Project/PlusB-bin/itk-bin/CMakeFiles/CMakeTmp

Run Build Command(s):C:/Program Files (x86)/Microsoft Visual Studio/2019/Community/MSBuild/Current/Bin/MSBuild.exe cmTC_3d783.vcxproj /p:Configuration=Debug /p:Platform=x64 /p:VisualStudioVersion=16.0 /v:m && Microsoft (R) Build Engine version 16.7.0+b89cb5fde for .NET Framework
Copyright (C) Microsoft Corporation. All rights reserved.

  Microsoft (R) C/C++ Optimizing Compiler Version 19.00.24245 for x64
  Copyright (C) Microsoft Corporation.  All rights reserved.
  
  cl /c /Zi /W3 /WX- /Od /Ob0 /D WIN32 /D _WINDOWS /D "CMAKE_INTDIR=\"Debug\"" /D _MBCS /Gm- /RTC1 /MDd /GS /fp:precise /Zc:wchar_t /Zc:forScope /Zc:inline /Fo"cmTC_3d783.dir\Debug\\" /Fd"cmTC_3d783.dir\Debug\vc140.pdb" /Gd /TC /errorReport:queue "C:\Project\PlusB-bin\itk-bin\CMakeFiles\CMakeTmp\CheckIncludeFile.c"
  CheckIncludeFile.c
  
C:\Project\PlusB-bin\itk-bin\CMakeFiles\CMakeTmp\CheckIncludeFile.c(1): fatal error C1083: Cannot open include file: 'pthread.h': No such file or directory [C:\Project\PlusB-bin\itk-bin\CMakeFiles\CMakeTmp\cmTC_3d783.vcxproj]



Performing C++ SOURCE FILE Test ITK_COMPILER_DOES_NOT_NEED_MSSE2_FLAG failed with the following output:
Change Dir: C:/Project/PlusB-bin/itk-bin/CMakeFiles/CMakeTmp

Run Build Command(s):C:/Program Files (x86)/Microsoft Visual Studio/2019/Community/MSBuild/Current/Bin/MSBuild.exe cmTC_1bb3d.vcxproj /p:Configuration=Debug /p:Platform=x64 /p:VisualStudioVersion=16.0 /v:m && Microsoft (R) Build Engine version 16.7.0+b89cb5fde for .NET Framework
Copyright (C) Microsoft Corporation. All rights reserved.

  Microsoft (R) C/C++ Optimizing Compiler Version 19.00.24245 for x64
  Copyright (C) Microsoft Corporation.  All rights reserved.
  
  cl /c /Zi /W3 /WX- /MP /Od /Ob0 /D ITK_COMPILER_DOES_NOT_NEED_MSSE2_FLAG /D "CMAKE_INTDIR=\"Debug\"" /D _MBCS /Gm- /RTC1 /MDd /GS /fp:precise /Zc:wchar_t /Zc:forScope /Zc:inline /Fo"cmTC_1bb3d.dir\Debug\\" /Fd"cmTC_1bb3d.dir\Debug\vc140.pdb" /Gd /TP /errorReport:queue  /bigobj "C:\Project\PlusB-bin\itk-bin\CMakeFiles\CMakeTmp\src.cxx"
  src.cxx
  
C:\Project\PlusB-bin\itk-bin\CMakeFiles\CMakeTmp\src.cxx(6): fatal error C1189: #error: [C:\Project\PlusB-bin\itk-bin\CMakeFiles\CMakeTmp\cmTC_1bb3d.vcxproj]


Source file was:

#include <emmintrin.h> // sse 2 intrinsics
int main()
{
#if !defined( __SSE__ )
#  error
#endif

#if !defined( __SSE2__ )
#  error
#endif

#if !defined( __SSE_MATH__ )
#  error
#endif

#if !defined( __SSE2_MATH__ )
#  error
#endif

  return 0;
}

Determining if the include file tr1/type_traits exists failed with the following output:
Change Dir: C:/Project/PlusB-bin/itk-bin/CMakeFiles/CMakeTmp

Run Build Command(s):C:/Program Files (x86)/Microsoft Visual Studio/2019/Community/MSBuild/Current/Bin/MSBuild.exe cmTC_58195.vcxproj /p:Configuration=Debug /p:Platform=x64 /p:VisualStudioVersion=16.0 /v:m && Microsoft (R) Build Engine version 16.7.0+b89cb5fde for .NET Framework
Copyright (C) Microsoft Corporation. All rights reserved.

  Microsoft (R) C/C++ Optimizing Compiler Version 19.00.24245 for x64
  Copyright (C) Microsoft Corporation.  All rights reserved.
  
  cl /c /Zi /W3 /WX- /MP /Od /Ob0 /D "CMAKE_INTDIR=\"Debug\"" /D _MBCS /Gm- /RTC1 /MDd /GS /fp:precise /Zc:wchar_t /Zc:forScope /Zc:inline /Fo"cmTC_58195.dir\Debug\\" /Fd"cmTC_58195.dir\Debug\vc140.pdb" /Gd /TP /errorReport:queue  /bigobj "C:\Project\PlusB-bin\itk-bin\CMakeFiles\CMakeTmp\CheckIncludeFile.cxx"
  CheckIncludeFile.cxx
  
C:\Project\PlusB-bin\itk-bin\CMakeFiles\CMakeTmp\CheckIncludeFile.cxx(1): fatal error C1083: Cannot open include file: 'tr1/type_traits': No such file or directory [C:\Project\PlusB-bin\itk-bin\CMakeFiles\CMakeTmp\cmTC_58195.vcxproj]



Determining if files ;sys/time.h exist failed with the following output:
Change Dir: C:/Project/PlusB-bin/itk-bin/CMakeFiles/CMakeTmp

Run Build Command(s):C:/Program Files (x86)/Microsoft Visual Studio/2019/Community/MSBuild/Current/Bin/MSBuild.exe cmTC_88028.vcxproj /p:Configuration=Debug /p:Platform=x64 /p:VisualStudioVersion=16.0 /v:m && Microsoft (R) Build Engine version 16.7.0+b89cb5fde for .NET Framework
Copyright (C) Microsoft Corporation. All rights reserved.

  Microsoft (R) C/C++ Optimizing Compiler Version 19.00.24245 for x64
  Copyright (C) Microsoft Corporation.  All rights reserved.
  
  cl /c /Zi /W0 /WX- /Od /Ob0 /D WIN32 /D _WINDOWS /D "CMAKE_INTDIR=\"Debug\"" /D _MBCS /Gm- /RTC1 /MDd /GS /fp:precise /Zc:wchar_t /Zc:forScope /Zc:inline /Fo"cmTC_88028.dir\Debug\\" /Fd"cmTC_88028.dir\Debug\vc140.pdb" /Gd /TC /errorReport:queue "C:\Project\PlusB-bin\itk-bin\CMakeFiles\CheckIncludeFiles\GDCM_HAVE_SYS_TIME_H.c"
  GDCM_HAVE_SYS_TIME_H.c
  
C:\Project\PlusB-bin\itk-bin\CMakeFiles\CheckIncludeFiles\GDCM_HAVE_SYS_TIME_H.c(2): fatal error C1083: Cannot open include file: 'sys/time.h': No such file or directory [C:\Project\PlusB-bin\itk-bin\CMakeFiles\CMakeTmp\cmTC_88028.vcxproj]


Source:
/* */
#include <sys/time.h>


int main(void){return 0;}

Determining if files winsock.h;byteswap.h exist failed with the following output:
Change Dir: C:/Project/PlusB-bin/itk-bin/CMakeFiles/CMakeTmp

Run Build Command(s):C:/Program Files (x86)/Microsoft Visual Studio/2019/Community/MSBuild/Current/Bin/MSBuild.exe cmTC_31ece.vcxproj /p:Configuration=Debug /p:Platform=x64 /p:VisualStudioVersion=16.0 /v:m && Microsoft (R) Build Engine version 16.7.0+b89cb5fde for .NET Framework
Copyright (C) Microsoft Corporation. All rights reserved.

  Microsoft (R) C/C++ Optimizing Compiler Version 19.00.24245 for x64
  Copyright (C) Microsoft Corporation.  All rights reserved.
  
  cl /c /Zi /W0 /WX- /Od /Ob0 /D WIN32 /D _WINDOWS /D "CMAKE_INTDIR=\"Debug\"" /D _MBCS /Gm- /RTC1 /MDd /GS /fp:precise /Zc:wchar_t /Zc:forScope /Zc:inline /Fo"cmTC_31ece.dir\Debug\\" /Fd"cmTC_31ece.dir\Debug\vc140.pdb" /Gd /TC /errorReport:queue "C:\Project\PlusB-bin\itk-bin\CMakeFiles\CheckIncludeFiles\GDCM_HAVE_BYTESWAP_FILE_H.c"
  GDCM_HAVE_BYTESWAP_FILE_H.c
  
C:\Project\PlusB-bin\itk-bin\CMakeFiles\CheckIncludeFiles\GDCM_HAVE_BYTESWAP_FILE_H.c(3): fatal error C1083: Cannot open include file: 'byteswap.h': No such file or directory [C:\Project\PlusB-bin\itk-bin\CMakeFiles\CMakeTmp\cmTC_31ece.vcxproj]


Source:
/* */
#include <winsock.h>
#include <byteswap.h>


int main(void){return 0;}

Determining if the include file langinfo.h exists failed with the following output:
Change Dir: C:/Project/PlusB-bin/itk-bin/CMakeFiles/CMakeTmp

Run Build Command(s):C:/Program Files (x86)/Microsoft Visual Studio/2019/Community/MSBuild/Current/Bin/MSBuild.exe cmTC_dd136.vcxproj /p:Configuration=Debug /p:Platform=x64 /p:VisualStudioVersion=16.0 /v:m && Microsoft (R) Build Engine version 16.7.0+b89cb5fde for .NET Framework
Copyright (C) Microsoft Corporation. All rights reserved.

  Microsoft (R) C/C++ Optimizing Compiler Version 19.00.24245 for x64
  Copyright (C) Microsoft Corporation.  All rights reserved.
  
  cl /c /Zi /W0 /WX- /Od /Ob0 /D WIN32 /D _WINDOWS /D "CMAKE_INTDIR=\"Debug\"" /D _MBCS /Gm- /RTC1 /MDd /GS /fp:precise /Zc:wchar_t /Zc:forScope /Zc:inline /Fo"cmTC_dd136.dir\Debug\\" /Fd"cmTC_dd136.dir\Debug\vc140.pdb" /Gd /TC /errorReport:queue "C:\Project\PlusB-bin\itk-bin\CMakeFiles\CMakeTmp\CheckIncludeFile.c"
  CheckIncludeFile.c
  
C:\Project\PlusB-bin\itk-bin\CMakeFiles\CMakeTmp\CheckIncludeFile.c(1): fatal error C1083: Cannot open include file: 'langinfo.h': No such file or directory [C:\Project\PlusB-bin\itk-bin\CMakeFiles\CMakeTmp\cmTC_dd136.vcxproj]



Determining if the nl_langinfo exist failed with the following output:
Change Dir: C:/Project/PlusB-bin/itk-bin/CMakeFiles/CMakeTmp

Run Build Command(s):C:/Program Files (x86)/Microsoft Visual Studio/2019/Community/MSBuild/Current/Bin/MSBuild.exe cmTC_b8377.vcxproj /p:Configuration=Debug /p:Platform=x64 /p:VisualStudioVersion=16.0 /v:m && Microsoft (R) Build Engine version 16.7.0+b89cb5fde for .NET Framework
Copyright (C) Microsoft Corporation. All rights reserved.

  Microsoft (R) C/C++ Optimizing Compiler Version 19.00.24245 for x64
  Copyright (C) Microsoft Corporation.  All rights reserved.
  
  cl /c /Zi /W0 /WX- /Od /Ob0 /D WIN32 /D _WINDOWS /D "CMAKE_INTDIR=\"Debug\"" /D _MBCS /Gm- /RTC1 /MDd /GS /fp:precise /Zc:wchar_t /Zc:forScope /Zc:inline /Fo"cmTC_b8377.dir\Debug\\" /Fd"cmTC_b8377.dir\Debug\vc140.pdb" /Gd /TC /errorReport:queue "C:\Project\PlusB-bin\itk-bin\CMakeFiles\CMakeTmp\CheckSymbolExists.c"
  CheckSymbolExists.c
  
C:\Project\PlusB-bin\itk-bin\CMakeFiles\CMakeTmp\CheckSymbolExists.c(2): fatal error C1083: Cannot open include file: 'langinfo.h': No such file or directory [C:\Project\PlusB-bin\itk-bin\CMakeFiles\CMakeTmp\cmTC_b8377.vcxproj]


File C:/Project/PlusB-bin/itk-bin/CMakeFiles/CMakeTmp/CheckSymbolExists.c:
/* */
#include <langinfo.h>

int main(int argc, char** argv)
{
  (void)argv;
#ifndef nl_langinfo
  return ((int*)(&nl_langinfo))[argc];
#else
  (void)argc;
  return 0;
#endif
}
Determining if the strcasecmp exist failed with the following output:
Change Dir: C:/Project/PlusB-bin/itk-bin/CMakeFiles/CMakeTmp

Run Build Command(s):C:/Program Files (x86)/Microsoft Visual Studio/2019/Community/MSBuild/Current/Bin/MSBuild.exe cmTC_cf9d8.vcxproj /p:Configuration=Debug /p:Platform=x64 /p:VisualStudioVersion=16.0 /v:m && Microsoft (R) Build Engine version 16.7.0+b89cb5fde for .NET Framework
Copyright (C) Microsoft Corporation. All rights reserved.

  Microsoft (R) C/C++ Optimizing Compiler Version 19.00.24245 for x64
  Copyright (C) Microsoft Corporation.  All rights reserved.
  
  cl /c /Zi /W0 /WX- /Od /Ob0 /D WIN32 /D _WINDOWS /D "CMAKE_INTDIR=\"Debug\"" /D _MBCS /Gm- /RTC1 /MDd /GS /fp:precise /Zc:wchar_t /Zc:forScope /Zc:inline /Fo"cmTC_cf9d8.dir\Debug\\" /Fd"cmTC_cf9d8.dir\Debug\vc140.pdb" /Gd /TC /errorReport:queue "C:\Project\PlusB-bin\itk-bin\CMakeFiles\CMakeTmp\CheckSymbolExists.c"
  CheckSymbolExists.c
  
C:\Project\PlusB-bin\itk-bin\CMakeFiles\CMakeTmp\CheckSymbolExists.c(2): fatal error C1083: Cannot open include file: 'strings.h': No such file or directory [C:\Project\PlusB-bin\itk-bin\CMakeFiles\CMakeTmp\cmTC_cf9d8.vcxproj]


File C:/Project/PlusB-bin/itk-bin/CMakeFiles/CMakeTmp/CheckSymbolExists.c:
/* */
#include <strings.h>

int main(int argc, char** argv)
{
  (void)argv;
#ifndef strcasecmp
  return ((int*)(&strcasecmp))[argc];
#else
  (void)argc;
  return 0;
#endif
}
Determining if the strncasecmp exist failed with the following output:
Change Dir: C:/Project/PlusB-bin/itk-bin/CMakeFiles/CMakeTmp

Run Build Command(s):C:/Program Files (x86)/Microsoft Visual Studio/2019/Community/MSBuild/Current/Bin/MSBuild.exe cmTC_95308.vcxproj /p:Configuration=Debug /p:Platform=x64 /p:VisualStudioVersion=16.0 /v:m && Microsoft (R) Build Engine version 16.7.0+b89cb5fde for .NET Framework
Copyright (C) Microsoft Corporation. All rights reserved.

  Microsoft (R) C/C++ Optimizing Compiler Version 19.00.24245 for x64
  Copyright (C) Microsoft Corporation.  All rights reserved.
  
  cl /c /Zi /W0 /WX- /Od /Ob0 /D WIN32 /D _WINDOWS /D "CMAKE_INTDIR=\"Debug\"" /D _MBCS /Gm- /RTC1 /MDd /GS /fp:precise /Zc:wchar_t /Zc:forScope /Zc:inline /Fo"cmTC_95308.dir\Debug\\" /Fd"cmTC_95308.dir\Debug\vc140.pdb" /Gd /TC /errorReport:queue "C:\Project\PlusB-bin\itk-bin\CMakeFiles\CMakeTmp\CheckSymbolExists.c"
  CheckSymbolExists.c
  
C:\Project\PlusB-bin\itk-bin\CMakeFiles\CMakeTmp\CheckSymbolExists.c(2): fatal error C1083: Cannot open include file: 'strings.h': No such file or directory [C:\Project\PlusB-bin\itk-bin\CMakeFiles\CMakeTmp\cmTC_95308.vcxproj]


File C:/Project/PlusB-bin/itk-bin/CMakeFiles/CMakeTmp/CheckSymbolExists.c:
/* */
#include <strings.h>

int main(int argc, char** argv)
{
  (void)argv;
#ifndef strncasecmp
  return ((int*)(&strncasecmp))[argc];
#else
  (void)argc;
  return 0;
#endif
}
Determining if the function strptime exists failed with the following output:
Change Dir: C:/Project/PlusB-bin/itk-bin/CMakeFiles/CMakeTmp

Run Build Command(s):C:/Program Files (x86)/Microsoft Visual Studio/2019/Community/MSBuild/Current/Bin/MSBuild.exe cmTC_4f60e.vcxproj /p:Configuration=Debug /p:Platform=x64 /p:VisualStudioVersion=16.0 /v:m && Microsoft (R) Build Engine version 16.7.0+b89cb5fde for .NET Framework
Copyright (C) Microsoft Corporation. All rights reserved.

  Microsoft (R) C/C++ Optimizing Compiler Version 19.00.24245 for x64
  Copyright (C) Microsoft Corporation.  All rights reserved.
  
  cl /c /Zi /W0 /WX- /Od /Ob0 /D WIN32 /D _WINDOWS /D CHECK_FUNCTION_EXISTS=strptime /D "CMAKE_INTDIR=\"Debug\"" /D _MBCS /Gm- /RTC1 /MDd /GS /fp:precise /Zc:wchar_t /Zc:forScope /Zc:inline /Fo"cmTC_4f60e.dir\Debug\\" /Fd"cmTC_4f60e.dir\Debug\vc140.pdb" /Gd /TC /errorReport:queue "C:\Program Files\CMake\share\cmake-3.19\Modules\CheckFunctionExists.c"
  CheckFunctionExists.c
  
CheckFunctionExists.obj : error LNK2019: unresolved external symbol strptime referenced in function main [C:\Project\PlusB-bin\itk-bin\CMakeFiles\CMakeTmp\cmTC_4f60e.vcxproj]
C:\Project\PlusB-bin\itk-bin\CMakeFiles\CMakeTmp\Debug\cmTC_4f60e.exe : fatal error LNK1120: 1 unresolved externals [C:\Project\PlusB-bin\itk-bin\CMakeFiles\CMakeTmp\cmTC_4f60e.vcxproj]



Determining if the function _snprintf exists failed with the following output:
Change Dir: C:/Project/PlusB-bin/itk-bin/CMakeFiles/CMakeTmp

Run Build Command(s):C:/Program Files (x86)/Microsoft Visual Studio/2019/Community/MSBuild/Current/Bin/MSBuild.exe cmTC_fb306.vcxproj /p:Configuration=Debug /p:Platform=x64 /p:VisualStudioVersion=16.0 /v:m && Microsoft (R) Build Engine version 16.7.0+b89cb5fde for .NET Framework
Copyright (C) Microsoft Corporation. All rights reserved.

  Microsoft (R) C/C++ Optimizing Compiler Version 19.00.24245 for x64
  Copyright (C) Microsoft Corporation.  All rights reserved.
  
  cl /c /Zi /W0 /WX- /Od /Ob0 /D WIN32 /D _WINDOWS /D CHECK_FUNCTION_EXISTS=_snprintf /D "CMAKE_INTDIR=\"Debug\"" /D _MBCS /Gm- /RTC1 /MDd /GS /fp:precise /Zc:wchar_t /Zc:forScope /Zc:inline /Fo"cmTC_fb306.dir\Debug\\" /Fd"cmTC_fb306.dir\Debug\vc140.pdb" /Gd /TC /errorReport:queue "C:\Program Files\CMake\share\cmake-3.19\Modules\CheckFunctionExists.c"
  CheckFunctionExists.c
  
CheckFunctionExists.obj : error LNK2019: unresolved external symbol _snprintf referenced in function main [C:\Project\PlusB-bin\itk-bin\CMakeFiles\CMakeTmp\cmTC_fb306.vcxproj]
C:\Project\PlusB-bin\itk-bin\CMakeFiles\CMakeTmp\Debug\cmTC_fb306.exe : fatal error LNK1120: 1 unresolved externals [C:\Project\PlusB-bin\itk-bin\CMakeFiles\CMakeTmp\cmTC_fb306.vcxproj]



Determining if the function lround exists failed with the following output:
Change Dir: C:/Project/PlusB-bin/itk-bin/CMakeFiles/CMakeTmp

Run Build Command(s):C:/Program Files (x86)/Microsoft Visual Studio/2019/Community/MSBuild/Current/Bin/MSBuild.exe cmTC_1eeae.vcxproj /p:Configuration=Debug /p:Platform=x64 /p:VisualStudioVersion=16.0 /v:m && Microsoft (R) Build Engine version 16.7.0+b89cb5fde for .NET Framework
Copyright (C) Microsoft Corporation. All rights reserved.

  Microsoft (R) C/C++ Optimizing Compiler Version 19.00.24245 for x64
  Copyright (C) Microsoft Corporation.  All rights reserved.
  
  cl /c /I"C:\Project\PlusB-bin\itk-bin\CMakeFiles\CMakeTmp\math.h" /Zi /W0 /WX- /Od /Ob0 /D WIN32 /D _WINDOWS /D CHECK_FUNCTION_EXISTS=lround /D "CMAKE_INTDIR=\"Debug\"" /D _MBCS /Gm- /RTC1 /MDd /GS /fp:precise /Zc:wchar_t /Zc:forScope /Zc:inline /Fo"cmTC_1eeae.dir\Debug\\" /Fd"cmTC_1eeae.dir\Debug\vc140.pdb" /Gd /TC /errorReport:queue "C:\Program Files\CMake\share\cmake-3.19\Modules\CheckFunctionExists.c"
  CheckFunctionExists.c
  
LINK : fatal error LNK1104: cannot open file 'm.lib' [C:\Project\PlusB-bin\itk-bin\CMakeFiles\CMakeTmp\cmTC_1eeae.vcxproj]



Determining if the function gettimeofday exists failed with the following output:
Change Dir: C:/Project/PlusB-bin/itk-bin/CMakeFiles/CMakeTmp

Run Build Command(s):C:/Program Files (x86)/Microsoft Visual Studio/2019/Community/MSBuild/Current/Bin/MSBuild.exe cmTC_2165e.vcxproj /p:Configuration=Debug /p:Platform=x64 /p:VisualStudioVersion=16.0 /v:m && Microsoft (R) Build Engine version 16.7.0+b89cb5fde for .NET Framework
Copyright (C) Microsoft Corporation. All rights reserved.

  Microsoft (R) C/C++ Optimizing Compiler Version 19.00.24245 for x64
  Copyright (C) Microsoft Corporation.  All rights reserved.
  
  cl /c /I"C:\Project\PlusB-bin\itk-bin\CMakeFiles\CMakeTmp\math.h" /Zi /W0 /WX- /Od /Ob0 /D WIN32 /D _WINDOWS /D CHECK_FUNCTION_EXISTS=gettimeofday /D "CMAKE_INTDIR=\"Debug\"" /D _MBCS /Gm- /RTC1 /MDd /GS /fp:precise /Zc:wchar_t /Zc:forScope /Zc:inline /Fo"cmTC_2165e.dir\Debug\\" /Fd"cmTC_2165e.dir\Debug\vc140.pdb" /Gd /TC /errorReport:queue "C:\Program Files\CMake\share\cmake-3.19\Modules\CheckFunctionExists.c"
  CheckFunctionExists.c
  
LINK : fatal error LNK1104: cannot open file 'm.lib' [C:\Project\PlusB-bin\itk-bin\CMakeFiles\CMakeTmp\cmTC_2165e.vcxproj]



Performing C++ SOURCE FILE Test GDCM_CXX_HAS_FUNCTION failed with the following output:
Change Dir: C:/Project/PlusB-bin/itk-bin/CMakeFiles/CMakeTmp

Run Build Command(s):C:/Program Files (x86)/Microsoft Visual Studio/2019/Community/MSBuild/Current/Bin/MSBuild.exe cmTC_7aa61.vcxproj /p:Configuration=Debug /p:Platform=x64 /p:VisualStudioVersion=16.0 /v:m && Microsoft (R) Build Engine version 16.7.0+b89cb5fde for .NET Framework
Copyright (C) Microsoft Corporation. All rights reserved.

  Microsoft (R) C/C++ Optimizing Compiler Version 19.00.24245 for x64
  Copyright (C) Microsoft Corporation.  All rights reserved.
  
  cl /c /I"C:\Project\PlusB-bin\itk-bin\CMakeFiles\CMakeTmp\math.h" /Zi /W0 /WX- /MP /Od /Ob0 /D NDEBUG /D GDCM_CXX_HAS_FUNCTION /D "CMAKE_INTDIR=\"Debug\"" /D _MBCS /Gm- /RTC1 /MDd /GS /fp:precise /Zc:wchar_t /Zc:forScope /Zc:inline /Fo"cmTC_7aa61.dir\Debug\\" /Fd"cmTC_7aa61.dir\Debug\vc140.pdb" /Gd /TP /errorReport:queue  /bigobj "C:\Project\PlusB-bin\itk-bin\CMakeFiles\CMakeTmp\src.cxx"
  src.cxx
  
LINK : fatal error LNK1104: cannot open file 'm.lib' [C:\Project\PlusB-bin\itk-bin\CMakeFiles\CMakeTmp\cmTC_7aa61.vcxproj]


Source file was:
int main() { const char *f = __FUNCTION__; return 0;}
Performing C++ SOURCE FILE Test GDCM_HAVE_WCHAR_IFSTREAM failed with the following output:
Change Dir: C:/Project/PlusB-bin/itk-bin/CMakeFiles/CMakeTmp

Run Build Command(s):C:/Program Files (x86)/Microsoft Visual Studio/2019/Community/MSBuild/Current/Bin/MSBuild.exe cmTC_c3d9b.vcxproj /p:Configuration=Debug /p:Platform=x64 /p:VisualStudioVersion=16.0 /v:m && Microsoft (R) Build Engine version 16.7.0+b89cb5fde for .NET Framework
Copyright (C) Microsoft Corporation. All rights reserved.

  Microsoft (R) C/C++ Optimizing Compiler Version 19.00.24245 for x64
  Copyright (C) Microsoft Corporation.  All rights reserved.
  
  cl /c /I"C:\Project\PlusB-bin\itk-bin\CMakeFiles\CMakeTmp\math.h" /Zi /W0 /WX- /MP /Od /Ob0 /D NDEBUG /D GDCM_HAVE_WCHAR_IFSTREAM /D "CMAKE_INTDIR=\"Debug\"" /D _MBCS /Gm- /RTC1 /MDd /GS /fp:precise /Zc:wchar_t /Zc:forScope /Zc:inline /Fo"cmTC_c3d9b.dir\Debug\\" /Fd"cmTC_c3d9b.dir\Debug\vc140.pdb" /Gd /TP /errorReport:queue  /bigobj "C:\Project\PlusB-bin\itk-bin\CMakeFiles\CMakeTmp\src.cxx"
  src.cxx
  
C:\Program Files (x86)\Microsoft Visual Studio 14.0\VC\include\xlocale(341): warning C4530: C++ exception handler used, but unwind semantics are not enabled. Specify /EHsc [C:\Project\PlusB-bin\itk-bin\CMakeFiles\CMakeTmp\cmTC_c3d9b.vcxproj]
C:\Program Files (x86)\Microsoft Visual Studio 14.0\VC\include\exception(359): warning C4577: 'noexcept' used with no exception handling mode specified; termination on exception is not guaranteed. Specify /EHsc [C:\Project\PlusB-bin\itk-bin\CMakeFiles\CMakeTmp\cmTC_c3d9b.vcxproj]
LINK : fatal error LNK1104: cannot open file 'm.lib' [C:\Project\PlusB-bin\itk-bin\CMakeFiles\CMakeTmp\cmTC_c3d9b.vcxproj]


Source file was:
#include <fstream>
int main() { const wchar_t fn[10] = {}; std::ifstream is( fn ); return 0;}
Determining if the include file pthread.h exists failed with the following output:
Change Dir: C:/Project/PlusB-bin/itk-bin/CMakeFiles/CMakeTmp

Run Build Command(s):C:/Program Files (x86)/Microsoft Visual Studio/2019/Community/MSBuild/Current/Bin/MSBuild.exe cmTC_b863a.vcxproj /p:Configuration=Debug /p:Platform=x64 /p:VisualStudioVersion=16.0 /v:m && Microsoft (R) Build Engine version 16.7.0+b89cb5fde for .NET Framework
Copyright (C) Microsoft Corporation. All rights reserved.

  Microsoft (R) C/C++ Optimizing Compiler Version 19.00.24245 for x64
  Copyright (C) Microsoft Corporation.  All rights reserved.
  
  cl /c /Zi /W0 /WX- /Od /Ob0 /D WIN32 /D _WINDOWS /D "CMAKE_INTDIR=\"Debug\"" /D _MBCS /Gm- /RTC1 /MDd /GS /fp:precise /Zc:wchar_t /Zc:forScope /Zc:inline /Fo"cmTC_b863a.dir\Debug\\" /Fd"cmTC_b863a.dir\Debug\vc140.pdb" /Gd /TC /errorReport:queue "C:\Project\PlusB-bin\itk-bin\CMakeFiles\CMakeTmp\CheckIncludeFile.c"
  CheckIncludeFile.c
  
C:\Project\PlusB-bin\itk-bin\CMakeFiles\CMakeTmp\CheckIncludeFile.c(1): fatal error C1083: Cannot open include file: 'pthread.h': No such file or directory [C:\Project\PlusB-bin\itk-bin\CMakeFiles\CMakeTmp\cmTC_b863a.vcxproj]



Determining if the include file unistd.h exists failed with the following output:
Change Dir: C:/Project/PlusB-bin/itk-bin/CMakeFiles/CMakeTmp

Run Build Command(s):C:/Program Files (x86)/Microsoft Visual Studio/2019/Community/MSBuild/Current/Bin/MSBuild.exe cmTC_4354c.vcxproj /p:Configuration=Debug /p:Platform=x64 /p:VisualStudioVersion=16.0 /v:m && Microsoft (R) Build Engine version 16.7.0+b89cb5fde for .NET Framework
Copyright (C) Microsoft Corporation. All rights reserved.

  Microsoft (R) C/C++ Optimizing Compiler Version 19.00.24245 for x64
  Copyright (C) Microsoft Corporation.  All rights reserved.
  
  cl /c /Zi /W0 /WX- /Od /Ob0 /D WIN32 /D _WINDOWS /D "CMAKE_INTDIR=\"Debug\"" /D _MBCS /Gm- /RTC1 /MDd /GS /fp:precise /Zc:wchar_t /Zc:forScope /Zc:inline /Fo"cmTC_4354c.dir\Debug\\" /Fd"cmTC_4354c.dir\Debug\vc140.pdb" /Gd /TC /errorReport:queue "C:\Project\PlusB-bin\itk-bin\CMakeFiles\CMakeTmp\CheckIncludeFile.c"
  CheckIncludeFile.c
  
C:\Project\PlusB-bin\itk-bin\CMakeFiles\CMakeTmp\CheckIncludeFile.c(1): fatal error C1083: Cannot open include file: 'unistd.h': No such file or directory [C:\Project\PlusB-bin\itk-bin\CMakeFiles\CMakeTmp\cmTC_4354c.vcxproj]



Determining if files sys/types.h;sys/prctl.h exist failed with the following output:
Change Dir: C:/Project/PlusB-bin/itk-bin/CMakeFiles/CMakeTmp

Run Build Command(s):C:/Program Files (x86)/Microsoft Visual Studio/2019/Community/MSBuild/Current/Bin/MSBuild.exe cmTC_634fc.vcxproj /p:Configuration=Debug /p:Platform=x64 /p:VisualStudioVersion=16.0 /v:m && Microsoft (R) Build Engine version 16.7.0+b89cb5fde for .NET Framework
Copyright (C) Microsoft Corporation. All rights reserved.

  Microsoft (R) C/C++ Optimizing Compiler Version 19.00.24245 for x64
  Copyright (C) Microsoft Corporation.  All rights reserved.
  
  cl /c /Zi /W0 /WX- /Od /Ob0 /D WIN32 /D _WINDOWS /D "CMAKE_INTDIR=\"Debug\"" /D _MBCS /Gm- /RTC1 /MDd /GS /fp:precise /Zc:wchar_t /Zc:forScope /Zc:inline /Fo"cmTC_634fc.dir\Debug\\" /Fd"cmTC_634fc.dir\Debug\vc140.pdb" /Gd /TC /errorReport:queue "C:\Project\PlusB-bin\itk-bin\CMakeFiles\CheckIncludeFiles\CMAKE_HAVE_SYS_PRCTL_H.c"
  CMAKE_HAVE_SYS_PRCTL_H.c
  
C:\Project\PlusB-bin\itk-bin\CMakeFiles\CheckIncludeFiles\CMAKE_HAVE_SYS_PRCTL_H.c(3): fatal error C1083: Cannot open include file: 'sys/prctl.h': No such file or directory [C:\Project\PlusB-bin\itk-bin\CMakeFiles\CMakeTmp\cmTC_634fc.vcxproj]


Source:
/* */
#include <sys/types.h>
#include <sys/prctl.h>


int main(void){return 0;}

Determining if the function strsignal exists failed with the following output:
Change Dir: C:/Project/PlusB-bin/itk-bin/CMakeFiles/CMakeTmp

Run Build Command(s):C:/Program Files (x86)/Microsoft Visual Studio/2019/Community/MSBuild/Current/Bin/MSBuild.exe cmTC_b079c.vcxproj /p:Configuration=Debug /p:Platform=x64 /p:VisualStudioVersion=16.0 /v:m && Microsoft (R) Build Engine version 16.7.0+b89cb5fde for .NET Framework
Copyright (C) Microsoft Corporation. All rights reserved.

  Microsoft (R) C/C++ Optimizing Compiler Version 19.00.24245 for x64
  Copyright (C) Microsoft Corporation.  All rights reserved.
  
  cl /c /Zi /W0 /WX- /Od /Ob0 /D WIN32 /D _WINDOWS /D CHECK_FUNCTION_EXISTS=strsignal /D "CMAKE_INTDIR=\"Debug\"" /D _MBCS /Gm- /RTC1 /MDd /GS /fp:precise /Zc:wchar_t /Zc:forScope /Zc:inline /Fo"cmTC_b079c.dir\Debug\\" /Fd"cmTC_b079c.dir\Debug\vc140.pdb" /Gd /TC /errorReport:queue "C:\Program Files\CMake\share\cmake-3.19\Modules\CheckFunctionExists.c"
  CheckFunctionExists.c
  
CheckFunctionExists.obj : error LNK2019: unresolved external symbol strsignal referenced in function main [C:\Project\PlusB-bin\itk-bin\CMakeFiles\CMakeTmp\cmTC_b079c.vcxproj]
C:\Project\PlusB-bin\itk-bin\CMakeFiles\CMakeTmp\Debug\cmTC_b079c.exe : fatal error LNK1120: 1 unresolved externals [C:\Project\PlusB-bin\itk-bin\CMakeFiles\CMakeTmp\cmTC_b079c.vcxproj]



Determining if the function gethostname exists in the ucb; failed with the following output:
Change Dir: C:/Project/PlusB-bin/itk-bin/CMakeFiles/CMakeTmp

Run Build Command(s):C:/Program Files (x86)/Microsoft Visual Studio/2019/Community/MSBuild/Current/Bin/MSBuild.exe cmTC_84d3f.vcxproj /p:Configuration=Debug /p:Platform=x64 /p:VisualStudioVersion=16.0 /v:m && Microsoft (R) Build Engine version 16.7.0+b89cb5fde for .NET Framework
Copyright (C) Microsoft Corporation. All rights reserved.

  Microsoft (R) C/C++ Optimizing Compiler Version 19.00.24245 for x64
  Copyright (C) Microsoft Corporation.  All rights reserved.
  
  cl /c /Zi /W0 /WX- /Od /Ob0 /D WIN32 /D _WINDOWS /D CHECK_FUNCTION_EXISTS=gethostname /D WIN32_LEAN_AND_MEAN=1 /D NOGDI=1 /D "CMAKE_INTDIR=\"Debug\"" /D _MBCS /Gm- /RTC1 /MDd /GS /fp:precise /Zc:wchar_t /Zc:forScope /Zc:inline /Fo"cmTC_84d3f.dir\Debug\\" /Fd"cmTC_84d3f.dir\Debug\vc140.pdb" /Gd /TC /errorReport:queue "C:\Program Files\CMake\share\cmake-3.19\Modules\CheckFunctionExists.c"
  CheckFunctionExists.c
  
LINK : fatal error LNK1104: cannot open file 'ucb.lib' [C:\Project\PlusB-bin\itk-bin\CMakeFiles\CMakeTmp\cmTC_84d3f.vcxproj]



Determining if files windows.h;sys/resource.h exist failed with the following output:
Change Dir: C:/Project/PlusB-bin/itk-bin/CMakeFiles/CMakeTmp

Run Build Command(s):C:/Program Files (x86)/Microsoft Visual Studio/2019/Community/MSBuild/Current/Bin/MSBuild.exe cmTC_80469.vcxproj /p:Configuration=Debug /p:Platform=x64 /p:VisualStudioVersion=16.0 /v:m && Microsoft (R) Build Engine version 16.7.0+b89cb5fde for .NET Framework
Copyright (C) Microsoft Corporation. All rights reserved.

  Microsoft (R) C/C++ Optimizing Compiler Version 19.00.24245 for x64
  Copyright (C) Microsoft Corporation.  All rights reserved.
  
  cl /c /Zi /W0 /WX- /Od /Ob0 /D WIN32 /D _WINDOWS /D WIN32_LEAN_AND_MEAN=1 /D NOGDI=1 /D "CMAKE_INTDIR=\"Debug\"" /D _MBCS /Gm- /RTC1 /MDd /GS /fp:precise /Zc:wchar_t /Zc:forScope /Zc:inline /Fo"cmTC_80469.dir\Debug\\" /Fd"cmTC_80469.dir\Debug\vc140.pdb" /Gd /TC /errorReport:queue "C:\Project\PlusB-bin\itk-bin\CMakeFiles\CheckIncludeFiles\H5_HAVE_SYS_RESOURCE_H.c"
  H5_HAVE_SYS_RESOURCE_H.c
  
C:\Project\PlusB-bin\itk-bin\CMakeFiles\CheckIncludeFiles\H5_HAVE_SYS_RESOURCE_H.c(3): fatal error C1083: Cannot open include file: 'sys/resource.h': No such file or directory [C:\Project\PlusB-bin\itk-bin\CMakeFiles\CMakeTmp\cmTC_80469.vcxproj]


Source:
/* */
#include <windows.h>
#include <sys/resource.h>


int main(void){return 0;}

Determining if files windows.h;sys/time.h exist failed with the following output:
Change Dir: C:/Project/PlusB-bin/itk-bin/CMakeFiles/CMakeTmp

Run Build Command(s):C:/Program Files (x86)/Microsoft Visual Studio/2019/Community/MSBuild/Current/Bin/MSBuild.exe cmTC_c2be8.vcxproj /p:Configuration=Debug /p:Platform=x64 /p:VisualStudioVersion=16.0 /v:m && Microsoft (R) Build Engine version 16.7.0+b89cb5fde for .NET Framework
Copyright (C) Microsoft Corporation. All rights reserved.

  Microsoft (R) C/C++ Optimizing Compiler Version 19.00.24245 for x64
  Copyright (C) Microsoft Corporation.  All rights reserved.
  
  cl /c /Zi /W0 /WX- /Od /Ob0 /D WIN32 /D _WINDOWS /D WIN32_LEAN_AND_MEAN=1 /D NOGDI=1 /D "CMAKE_INTDIR=\"Debug\"" /D _MBCS /Gm- /RTC1 /MDd /GS /fp:precise /Zc:wchar_t /Zc:forScope /Zc:inline /Fo"cmTC_c2be8.dir\Debug\\" /Fd"cmTC_c2be8.dir\Debug\vc140.pdb" /Gd /TC /errorReport:queue "C:\Project\PlusB-bin\itk-bin\CMakeFiles\CheckIncludeFiles\H5_HAVE_SYS_TIME_H.c"
  H5_HAVE_SYS_TIME_H.c
  
C:\Project\PlusB-bin\itk-bin\CMakeFiles\CheckIncludeFiles\H5_HAVE_SYS_TIME_H.c(3): fatal error C1083: Cannot open include file: 'sys/time.h': No such file or directory [C:\Project\PlusB-bin\itk-bin\CMakeFiles\CMakeTmp\cmTC_c2be8.vcxproj]


Source:
/* */
#include <windows.h>
#include <sys/time.h>


int main(void){return 0;}

Determining if files windows.h;unistd.h exist failed with the following output:
Change Dir: C:/Project/PlusB-bin/itk-bin/CMakeFiles/CMakeTmp

Run Build Command(s):C:/Program Files (x86)/Microsoft Visual Studio/2019/Community/MSBuild/Current/Bin/MSBuild.exe cmTC_c6178.vcxproj /p:Configuration=Debug /p:Platform=x64 /p:VisualStudioVersion=16.0 /v:m && Microsoft (R) Build Engine version 16.7.0+b89cb5fde for .NET Framework
Copyright (C) Microsoft Corporation. All rights reserved.

  Microsoft (R) C/C++ Optimizing Compiler Version 19.00.24245 for x64
  Copyright (C) Microsoft Corporation.  All rights reserved.
  
  cl /c /Zi /W0 /WX- /Od /Ob0 /D WIN32 /D _WINDOWS /D WIN32_LEAN_AND_MEAN=1 /D NOGDI=1 /D "CMAKE_INTDIR=\"Debug\"" /D _MBCS /Gm- /RTC1 /MDd /GS /fp:precise /Zc:wchar_t /Zc:forScope /Zc:inline /Fo"cmTC_c6178.dir\Debug\\" /Fd"cmTC_c6178.dir\Debug\vc140.pdb" /Gd /TC /errorReport:queue "C:\Project\PlusB-bin\itk-bin\CMakeFiles\CheckIncludeFiles\H5_HAVE_UNISTD_H.c"
  H5_HAVE_UNISTD_H.c
  
C:\Project\PlusB-bin\itk-bin\CMakeFiles\CheckIncludeFiles\H5_HAVE_UNISTD_H.c(3): fatal error C1083: Cannot open include file: 'unistd.h': No such file or directory [C:\Project\PlusB-bin\itk-bin\CMakeFiles\CMakeTmp\cmTC_c6178.vcxproj]


Source:
/* */
#include <windows.h>
#include <unistd.h>


int main(void){return 0;}

Determining if files windows.h;sys/ioctl.h exist failed with the following output:
Change Dir: C:/Project/PlusB-bin/itk-bin/CMakeFiles/CMakeTmp

Run Build Command(s):C:/Program Files (x86)/Microsoft Visual Studio/2019/Community/MSBuild/Current/Bin/MSBuild.exe cmTC_fa433.vcxproj /p:Configuration=Debug /p:Platform=x64 /p:VisualStudioVersion=16.0 /v:m && Microsoft (R) Build Engine version 16.7.0+b89cb5fde for .NET Framework
Copyright (C) Microsoft Corporation. All rights reserved.

  Microsoft (R) C/C++ Optimizing Compiler Version 19.00.24245 for x64
  Copyright (C) Microsoft Corporation.  All rights reserved.
  
  cl /c /Zi /W0 /WX- /Od /Ob0 /D WIN32 /D _WINDOWS /D WIN32_LEAN_AND_MEAN=1 /D NOGDI=1 /D "CMAKE_INTDIR=\"Debug\"" /D _MBCS /Gm- /RTC1 /MDd /GS /fp:precise /Zc:wchar_t /Zc:forScope /Zc:inline /Fo"cmTC_fa433.dir\Debug\\" /Fd"cmTC_fa433.dir\Debug\vc140.pdb" /Gd /TC /errorReport:queue "C:\Project\PlusB-bin\itk-bin\CMakeFiles\CheckIncludeFiles\H5_HAVE_SYS_IOCTL_H.c"
  H5_HAVE_SYS_IOCTL_H.c
  
C:\Project\PlusB-bin\itk-bin\CMakeFiles\CheckIncludeFiles\H5_HAVE_SYS_IOCTL_H.c(3): fatal error C1083: Cannot open include file: 'sys/ioctl.h': No such file or directory [C:\Project\PlusB-bin\itk-bin\CMakeFiles\CMakeTmp\cmTC_fa433.vcxproj]


Source:
/* */
#include <windows.h>
#include <sys/ioctl.h>


int main(void){return 0;}

Determining if files windows.h;sys/stat.h;sys/socket.h exist failed with the following output:
Change Dir: C:/Project/PlusB-bin/itk-bin/CMakeFiles/CMakeTmp

Run Build Command(s):C:/Program Files (x86)/Microsoft Visual Studio/2019/Community/MSBuild/Current/Bin/MSBuild.exe cmTC_147bb.vcxproj /p:Configuration=Debug /p:Platform=x64 /p:VisualStudioVersion=16.0 /v:m && Microsoft (R) Build Engine version 16.7.0+b89cb5fde for .NET Framework
Copyright (C) Microsoft Corporation. All rights reserved.

  Microsoft (R) C/C++ Optimizing Compiler Version 19.00.24245 for x64
  Copyright (C) Microsoft Corporation.  All rights reserved.
  
  cl /c /Zi /W0 /WX- /Od /Ob0 /D WIN32 /D _WINDOWS /D WIN32_LEAN_AND_MEAN=1 /D NOGDI=1 /D "CMAKE_INTDIR=\"Debug\"" /D _MBCS /Gm- /RTC1 /MDd /GS /fp:precise /Zc:wchar_t /Zc:forScope /Zc:inline /Fo"cmTC_147bb.dir\Debug\\" /Fd"cmTC_147bb.dir\Debug\vc140.pdb" /Gd /TC /errorReport:queue "C:\Project\PlusB-bin\itk-bin\CMakeFiles\CheckIncludeFiles\H5_HAVE_SYS_SOCKET_H.c"
  H5_HAVE_SYS_SOCKET_H.c
  
C:\Project\PlusB-bin\itk-bin\CMakeFiles\CheckIncludeFiles\H5_HAVE_SYS_SOCKET_H.c(4): fatal error C1083: Cannot open include file: 'sys/socket.h': No such file or directory [C:\Project\PlusB-bin\itk-bin\CMakeFiles\CMakeTmp\cmTC_147bb.vcxproj]


Source:
/* */
#include <windows.h>
#include <sys/stat.h>
#include <sys/socket.h>


int main(void){return 0;}

Determining if files windows.h;sys/stat.h;sys/types.h;stddef.h;setjmp.h;features.h exist failed with the following output:
Change Dir: C:/Project/PlusB-bin/itk-bin/CMakeFiles/CMakeTmp

Run Build Command(s):C:/Program Files (x86)/Microsoft Visual Studio/2019/Community/MSBuild/Current/Bin/MSBuild.exe cmTC_cba00.vcxproj /p:Configuration=Debug /p:Platform=x64 /p:VisualStudioVersion=16.0 /v:m && Microsoft (R) Build Engine version 16.7.0+b89cb5fde for .NET Framework
Copyright (C) Microsoft Corporation. All rights reserved.

  Microsoft (R) C/C++ Optimizing Compiler Version 19.00.24245 for x64
  Copyright (C) Microsoft Corporation.  All rights reserved.
  
  cl /c /Zi /W0 /WX- /Od /Ob0 /D WIN32 /D _WINDOWS /D WIN32_LEAN_AND_MEAN=1 /D NOGDI=1 /D "CMAKE_INTDIR=\"Debug\"" /D _MBCS /Gm- /RTC1 /MDd /GS /fp:precise /Zc:wchar_t /Zc:forScope /Zc:inline /Fo"cmTC_cba00.dir\Debug\\" /Fd"cmTC_cba00.dir\Debug\vc140.pdb" /Gd /TC /errorReport:queue "C:\Project\PlusB-bin\itk-bin\CMakeFiles\CheckIncludeFiles\H5_HAVE_FEATURES_H.c"
  H5_HAVE_FEATURES_H.c
  
C:\Project\PlusB-bin\itk-bin\CMakeFiles\CheckIncludeFiles\H5_HAVE_FEATURES_H.c(7): fatal error C1083: Cannot open include file: 'features.h': No such file or directory [C:\Project\PlusB-bin\itk-bin\CMakeFiles\CMakeTmp\cmTC_cba00.vcxproj]


Source:
/* */
#include <windows.h>
#include <sys/stat.h>
#include <sys/types.h>
#include <stddef.h>
#include <setjmp.h>
#include <features.h>


int main(void){return 0;}

Determining if files windows.h;sys/stat.h;sys/types.h;stddef.h;setjmp.h;dirent.h exist failed with the following output:
Change Dir: C:/Project/PlusB-bin/itk-bin/CMakeFiles/CMakeTmp

Run Build Command(s):C:/Program Files (x86)/Microsoft Visual Studio/2019/Community/MSBuild/Current/Bin/MSBuild.exe cmTC_a213e.vcxproj /p:Configuration=Debug /p:Platform=x64 /p:VisualStudioVersion=16.0 /v:m && Microsoft (R) Build Engine version 16.7.0+b89cb5fde for .NET Framework
Copyright (C) Microsoft Corporation. All rights reserved.

  Microsoft (R) C/C++ Optimizing Compiler Version 19.00.24245 for x64
  Copyright (C) Microsoft Corporation.  All rights reserved.
  
  cl /c /Zi /W0 /WX- /Od /Ob0 /D WIN32 /D _WINDOWS /D WIN32_LEAN_AND_MEAN=1 /D NOGDI=1 /D "CMAKE_INTDIR=\"Debug\"" /D _MBCS /Gm- /RTC1 /MDd /GS /fp:precise /Zc:wchar_t /Zc:forScope /Zc:inline /Fo"cmTC_a213e.dir\Debug\\" /Fd"cmTC_a213e.dir\Debug\vc140.pdb" /Gd /TC /errorReport:queue "C:\Project\PlusB-bin\itk-bin\CMakeFiles\CheckIncludeFiles\H5_HAVE_DIRENT_H.c"
  H5_HAVE_DIRENT_H.c
  
C:\Project\PlusB-bin\itk-bin\CMakeFiles\CheckIncludeFiles\H5_HAVE_DIRENT_H.c(7): fatal error C1083: Cannot open include file: 'dirent.h': No such file or directory [C:\Project\PlusB-bin\itk-bin\CMakeFiles\CMakeTmp\cmTC_a213e.vcxproj]


Source:
/* */
#include <windows.h>
#include <sys/stat.h>
#include <sys/types.h>
#include <stddef.h>
#include <setjmp.h>
#include <dirent.h>


int main(void){return 0;}

Determining if files windows.h;sys/stat.h;sys/types.h;stddef.h;setjmp.h;stdint.h;mach/mach_time.h exist failed with the following output:
Change Dir: C:/Project/PlusB-bin/itk-bin/CMakeFiles/CMakeTmp

Run Build Command(s):C:/Program Files (x86)/Microsoft Visual Studio/2019/Community/MSBuild/Current/Bin/MSBuild.exe cmTC_c9a0a.vcxproj /p:Configuration=Debug /p:Platform=x64 /p:VisualStudioVersion=16.0 /v:m && Microsoft (R) Build Engine version 16.7.0+b89cb5fde for .NET Framework
Copyright (C) Microsoft Corporation. All rights reserved.

  Microsoft (R) C/C++ Optimizing Compiler Version 19.00.24245 for x64
  Copyright (C) Microsoft Corporation.  All rights reserved.
  
  cl /c /Zi /W0 /WX- /Od /Ob0 /D WIN32 /D _WINDOWS /D WIN32_LEAN_AND_MEAN=1 /D NOGDI=1 /D "CMAKE_INTDIR=\"Debug\"" /D _MBCS /Gm- /RTC1 /MDd /GS /fp:precise /Zc:wchar_t /Zc:forScope /Zc:inline /Fo"cmTC_c9a0a.dir\Debug\\" /Fd"cmTC_c9a0a.dir\Debug\vc140.pdb" /Gd /TC /errorReport:queue "C:\Project\PlusB-bin\itk-bin\CMakeFiles\CheckIncludeFiles\H5_HAVE_MACH_MACH_TIME_H.c"
  H5_HAVE_MACH_MACH_TIME_H.c
  
C:\Project\PlusB-bin\itk-bin\CMakeFiles\CheckIncludeFiles\H5_HAVE_MACH_MACH_TIME_H.c(8): fatal error C1083: Cannot open include file: 'mach/mach_time.h': No such file or directory [C:\Project\PlusB-bin\itk-bin\CMakeFiles\CMakeTmp\cmTC_c9a0a.vcxproj]


Source:
/* */
#include <windows.h>
#include <sys/stat.h>
#include <sys/types.h>
#include <stddef.h>
#include <setjmp.h>
#include <stdint.h>
#include <mach/mach_time.h>


int main(void){return 0;}

Determining if files windows.h;sys/stat.h;sys/types.h;stddef.h;setjmp.h;stdint.h;io.h;winsock2.h;sys/timeb.h;globus/common.h exist failed with the following output:
Change Dir: C:/Project/PlusB-bin/itk-bin/CMakeFiles/CMakeTmp

Run Build Command(s):C:/Program Files (x86)/Microsoft Visual Studio/2019/Community/MSBuild/Current/Bin/MSBuild.exe cmTC_54083.vcxproj /p:Configuration=Debug /p:Platform=x64 /p:VisualStudioVersion=16.0 /v:m && Microsoft (R) Build Engine version 16.7.0+b89cb5fde for .NET Framework
Copyright (C) Microsoft Corporation. All rights reserved.

  Microsoft (R) C/C++ Optimizing Compiler Version 19.00.24245 for x64
  Copyright (C) Microsoft Corporation.  All rights reserved.
  
  cl /c /Zi /W0 /WX- /Od /Ob0 /D WIN32 /D _WINDOWS /D WIN32_LEAN_AND_MEAN=1 /D NOGDI=1 /D "CMAKE_INTDIR=\"Debug\"" /D _MBCS /Gm- /RTC1 /MDd /GS /fp:precise /Zc:wchar_t /Zc:forScope /Zc:inline /Fo"cmTC_54083.dir\Debug\\" /Fd"cmTC_54083.dir\Debug\vc140.pdb" /Gd /TC /errorReport:queue "C:\Project\PlusB-bin\itk-bin\CMakeFiles\CheckIncludeFiles\H5_HAVE_GLOBUS_COMMON_H.c"
  H5_HAVE_GLOBUS_COMMON_H.c
  
C:\Project\PlusB-bin\itk-bin\CMakeFiles\CheckIncludeFiles\H5_HAVE_GLOBUS_COMMON_H.c(11): fatal error C1083: Cannot open include file: 'globus/common.h': No such file or directory [C:\Project\PlusB-bin\itk-bin\CMakeFiles\CMakeTmp\cmTC_54083.vcxproj]


Source:
/* */
#include <windows.h>
#include <sys/stat.h>
#include <sys/types.h>
#include <stddef.h>
#include <setjmp.h>
#include <stdint.h>
#include <io.h>
#include <winsock2.h>
#include <sys/timeb.h>
#include <globus/common.h>


int main(void){return 0;}

Determining if files windows.h;sys/stat.h;sys/types.h;stddef.h;setjmp.h;stdint.h;io.h;winsock2.h;sys/timeb.h;pdb.h exist failed with the following output:
Change Dir: C:/Project/PlusB-bin/itk-bin/CMakeFiles/CMakeTmp

Run Build Command(s):C:/Program Files (x86)/Microsoft Visual Studio/2019/Community/MSBuild/Current/Bin/MSBuild.exe cmTC_69ecd.vcxproj /p:Configuration=Debug /p:Platform=x64 /p:VisualStudioVersion=16.0 /v:m && Microsoft (R) Build Engine version 16.7.0+b89cb5fde for .NET Framework
Copyright (C) Microsoft Corporation. All rights reserved.

  Microsoft (R) C/C++ Optimizing Compiler Version 19.00.24245 for x64
  Copyright (C) Microsoft Corporation.  All rights reserved.
  
  cl /c /Zi /W0 /WX- /Od /Ob0 /D WIN32 /D _WINDOWS /D WIN32_LEAN_AND_MEAN=1 /D NOGDI=1 /D "CMAKE_INTDIR=\"Debug\"" /D _MBCS /Gm- /RTC1 /MDd /GS /fp:precise /Zc:wchar_t /Zc:forScope /Zc:inline /Fo"cmTC_69ecd.dir\Debug\\" /Fd"cmTC_69ecd.dir\Debug\vc140.pdb" /Gd /TC /errorReport:queue "C:\Project\PlusB-bin\itk-bin\CMakeFiles\CheckIncludeFiles\H5_HAVE_PDB_H.c"
  H5_HAVE_PDB_H.c
  
C:\Project\PlusB-bin\itk-bin\CMakeFiles\CheckIncludeFiles\H5_HAVE_PDB_H.c(11): fatal error C1083: Cannot open include file: 'pdb.h': No such file or directory [C:\Project\PlusB-bin\itk-bin\CMakeFiles\CMakeTmp\cmTC_69ecd.vcxproj]


Source:
/* */
#include <windows.h>
#include <sys/stat.h>
#include <sys/types.h>
#include <stddef.h>
#include <setjmp.h>
#include <stdint.h>
#include <io.h>
#include <winsock2.h>
#include <sys/timeb.h>
#include <pdb.h>


int main(void){return 0;}

Determining if files windows.h;sys/stat.h;sys/types.h;stddef.h;setjmp.h;stdint.h;io.h;winsock2.h;sys/timeb.h;pthread.h exist failed with the following output:
Change Dir: C:/Project/PlusB-bin/itk-bin/CMakeFiles/CMakeTmp

Run Build Command(s):C:/Program Files (x86)/Microsoft Visual Studio/2019/Community/MSBuild/Current/Bin/MSBuild.exe cmTC_69aa2.vcxproj /p:Configuration=Debug /p:Platform=x64 /p:VisualStudioVersion=16.0 /v:m && Microsoft (R) Build Engine version 16.7.0+b89cb5fde for .NET Framework
Copyright (C) Microsoft Corporation. All rights reserved.

  Microsoft (R) C/C++ Optimizing Compiler Version 19.00.24245 for x64
  Copyright (C) Microsoft Corporation.  All rights reserved.
  
  cl /c /Zi /W0 /WX- /Od /Ob0 /D WIN32 /D _WINDOWS /D WIN32_LEAN_AND_MEAN=1 /D NOGDI=1 /D "CMAKE_INTDIR=\"Debug\"" /D _MBCS /Gm- /RTC1 /MDd /GS /fp:precise /Zc:wchar_t /Zc:forScope /Zc:inline /Fo"cmTC_69aa2.dir\Debug\\" /Fd"cmTC_69aa2.dir\Debug\vc140.pdb" /Gd /TC /errorReport:queue "C:\Project\PlusB-bin\itk-bin\CMakeFiles\CheckIncludeFiles\H5_HAVE_PTHREAD_H.c"
  H5_HAVE_PTHREAD_H.c
  
C:\Project\PlusB-bin\itk-bin\CMakeFiles\CheckIncludeFiles\H5_HAVE_PTHREAD_H.c(11): fatal error C1083: Cannot open include file: 'pthread.h': No such file or directory [C:\Project\PlusB-bin\itk-bin\CMakeFiles\CMakeTmp\cmTC_69aa2.vcxproj]


Source:
/* */
#include <windows.h>
#include <sys/stat.h>
#include <sys/types.h>
#include <stddef.h>
#include <setjmp.h>
#include <stdint.h>
#include <io.h>
#include <winsock2.h>
#include <sys/timeb.h>
#include <pthread.h>


int main(void){return 0;}

Determining if files windows.h;sys/stat.h;sys/types.h;stddef.h;setjmp.h;stdint.h;io.h;winsock2.h;sys/timeb.h;srbclient.h exist failed with the following output:
Change Dir: C:/Project/PlusB-bin/itk-bin/CMakeFiles/CMakeTmp

Run Build Command(s):C:/Program Files (x86)/Microsoft Visual Studio/2019/Community/MSBuild/Current/Bin/MSBuild.exe cmTC_1de42.vcxproj /p:Configuration=Debug /p:Platform=x64 /p:VisualStudioVersion=16.0 /v:m && Microsoft (R) Build Engine version 16.7.0+b89cb5fde for .NET Framework
Copyright (C) Microsoft Corporation. All rights reserved.

  Microsoft (R) C/C++ Optimizing Compiler Version 19.00.24245 for x64
  Copyright (C) Microsoft Corporation.  All rights reserved.
  
  cl /c /Zi /W0 /WX- /Od /Ob0 /D WIN32 /D _WINDOWS /D WIN32_LEAN_AND_MEAN=1 /D NOGDI=1 /D "CMAKE_INTDIR=\"Debug\"" /D _MBCS /Gm- /RTC1 /MDd /GS /fp:precise /Zc:wchar_t /Zc:forScope /Zc:inline /Fo"cmTC_1de42.dir\Debug\\" /Fd"cmTC_1de42.dir\Debug\vc140.pdb" /Gd /TC /errorReport:queue "C:\Project\PlusB-bin\itk-bin\CMakeFiles\CheckIncludeFiles\H5_HAVE_SRBCLIENT_H.c"
  H5_HAVE_SRBCLIENT_H.c
  
C:\Project\PlusB-bin\itk-bin\CMakeFiles\CheckIncludeFiles\H5_HAVE_SRBCLIENT_H.c(11): fatal error C1083: Cannot open include file: 'srbclient.h': No such file or directory [C:\Project\PlusB-bin\itk-bin\CMakeFiles\CMakeTmp\cmTC_1de42.vcxproj]


Source:
/* */
#include <windows.h>
#include <sys/stat.h>
#include <sys/types.h>
#include <stddef.h>
#include <setjmp.h>
#include <stdint.h>
#include <io.h>
#include <winsock2.h>
#include <sys/timeb.h>
#include <srbclient.h>


int main(void){return 0;}

Determining if files windows.h;sys/stat.h;sys/types.h;stddef.h;setjmp.h;stdint.h;io.h;winsock2.h;sys/timeb.h;string.h;strings.h exist failed with the following output:
Change Dir: C:/Project/PlusB-bin/itk-bin/CMakeFiles/CMakeTmp

Run Build Command(s):C:/Program Files (x86)/Microsoft Visual Studio/2019/Community/MSBuild/Current/Bin/MSBuild.exe cmTC_334cb.vcxproj /p:Configuration=Debug /p:Platform=x64 /p:VisualStudioVersion=16.0 /v:m && Microsoft (R) Build Engine version 16.7.0+b89cb5fde for .NET Framework
Copyright (C) Microsoft Corporation. All rights reserved.

  Microsoft (R) C/C++ Optimizing Compiler Version 19.00.24245 for x64
  Copyright (C) Microsoft Corporation.  All rights reserved.
  
  cl /c /Zi /W0 /WX- /Od /Ob0 /D WIN32 /D _WINDOWS /D WIN32_LEAN_AND_MEAN=1 /D NOGDI=1 /D "CMAKE_INTDIR=\"Debug\"" /D _MBCS /Gm- /RTC1 /MDd /GS /fp:precise /Zc:wchar_t /Zc:forScope /Zc:inline /Fo"cmTC_334cb.dir\Debug\\" /Fd"cmTC_334cb.dir\Debug\vc140.pdb" /Gd /TC /errorReport:queue "C:\Project\PlusB-bin\itk-bin\CMakeFiles\CheckIncludeFiles\H5_HAVE_STRINGS_H.c"
  H5_HAVE_STRINGS_H.c
  
C:\Project\PlusB-bin\itk-bin\CMakeFiles\CheckIncludeFiles\H5_HAVE_STRINGS_H.c(12): fatal error C1083: Cannot open include file: 'strings.h': No such file or directory [C:\Project\PlusB-bin\itk-bin\CMakeFiles\CMakeTmp\cmTC_334cb.vcxproj]


Source:
/* */
#include <windows.h>
#include <sys/stat.h>
#include <sys/types.h>
#include <stddef.h>
#include <setjmp.h>
#include <stdint.h>
#include <io.h>
#include <winsock2.h>
#include <sys/timeb.h>
#include <string.h>
#include <strings.h>


int main(void){return 0;}

Determining if files windows.h;sys/stat.h;sys/types.h;stddef.h;setjmp.h;stdint.h;io.h;winsock2.h;sys/timeb.h;string.h;stdlib.h;memory.h;dlfcn.h exist failed with the following output:
Change Dir: C:/Project/PlusB-bin/itk-bin/CMakeFiles/CMakeTmp

Run Build Command(s):C:/Program Files (x86)/Microsoft Visual Studio/2019/Community/MSBuild/Current/Bin/MSBuild.exe cmTC_73291.vcxproj /p:Configuration=Debug /p:Platform=x64 /p:VisualStudioVersion=16.0 /v:m && Microsoft (R) Build Engine version 16.7.0+b89cb5fde for .NET Framework
Copyright (C) Microsoft Corporation. All rights reserved.

  Microsoft (R) C/C++ Optimizing Compiler Version 19.00.24245 for x64
  Copyright (C) Microsoft Corporation.  All rights reserved.
  
  cl /c /Zi /W0 /WX- /Od /Ob0 /D WIN32 /D _WINDOWS /D WIN32_LEAN_AND_MEAN=1 /D NOGDI=1 /D "CMAKE_INTDIR=\"Debug\"" /D _MBCS /Gm- /RTC1 /MDd /GS /fp:precise /Zc:wchar_t /Zc:forScope /Zc:inline /Fo"cmTC_73291.dir\Debug\\" /Fd"cmTC_73291.dir\Debug\vc140.pdb" /Gd /TC /errorReport:queue "C:\Project\PlusB-bin\itk-bin\CMakeFiles\CheckIncludeFiles\H5_HAVE_DLFCN_H.c"
  H5_HAVE_DLFCN_H.c
  
C:\Project\PlusB-bin\itk-bin\CMakeFiles\CheckIncludeFiles\H5_HAVE_DLFCN_H.c(14): fatal error C1083: Cannot open include file: 'dlfcn.h': No such file or directory [C:\Project\PlusB-bin\itk-bin\CMakeFiles\CMakeTmp\cmTC_73291.vcxproj]


Source:
/* */
#include <windows.h>
#include <sys/stat.h>
#include <sys/types.h>
#include <stddef.h>
#include <setjmp.h>
#include <stdint.h>
#include <io.h>
#include <winsock2.h>
#include <sys/timeb.h>
#include <string.h>
#include <stdlib.h>
#include <memory.h>
#include <dlfcn.h>


int main(void){return 0;}

Determining if files windows.h;sys/stat.h;sys/types.h;stddef.h;setjmp.h;stdint.h;io.h;winsock2.h;sys/timeb.h;string.h;stdlib.h;memory.h;inttypes.h;netinet/in.h exist failed with the following output:
Change Dir: C:/Project/PlusB-bin/itk-bin/CMakeFiles/CMakeTmp

Run Build Command(s):C:/Program Files (x86)/Microsoft Visual Studio/2019/Community/MSBuild/Current/Bin/MSBuild.exe cmTC_327b6.vcxproj /p:Configuration=Debug /p:Platform=x64 /p:VisualStudioVersion=16.0 /v:m && Microsoft (R) Build Engine version 16.7.0+b89cb5fde for .NET Framework
Copyright (C) Microsoft Corporation. All rights reserved.

  Microsoft (R) C/C++ Optimizing Compiler Version 19.00.24245 for x64
  Copyright (C) Microsoft Corporation.  All rights reserved.
  
  cl /c /Zi /W0 /WX- /Od /Ob0 /D WIN32 /D _WINDOWS /D WIN32_LEAN_AND_MEAN=1 /D NOGDI=1 /D "CMAKE_INTDIR=\"Debug\"" /D _MBCS /Gm- /RTC1 /MDd /GS /fp:precise /Zc:wchar_t /Zc:forScope /Zc:inline /Fo"cmTC_327b6.dir\Debug\\" /Fd"cmTC_327b6.dir\Debug\vc140.pdb" /Gd /TC /errorReport:queue "C:\Project\PlusB-bin\itk-bin\CMakeFiles\CheckIncludeFiles\H5_HAVE_NETINET_IN_H.c"
  H5_HAVE_NETINET_IN_H.c
  
C:\Project\PlusB-bin\itk-bin\CMakeFiles\CheckIncludeFiles\H5_HAVE_NETINET_IN_H.c(15): fatal error C1083: Cannot open include file: 'netinet/in.h': No such file or directory [C:\Project\PlusB-bin\itk-bin\CMakeFiles\CMakeTmp\cmTC_327b6.vcxproj]


Source:
/* */
#include <windows.h>
#include <sys/stat.h>
#include <sys/types.h>
#include <stddef.h>
#include <setjmp.h>
#include <stdint.h>
#include <io.h>
#include <winsock2.h>
#include <sys/timeb.h>
#include <string.h>
#include <stdlib.h>
#include <memory.h>
#include <inttypes.h>
#include <netinet/in.h>


int main(void){return 0;}

Determining size of ssize_t failed with the following output:
Change Dir: C:/Project/PlusB-bin/itk-bin/CMakeFiles/CMakeTmp

Run Build Command(s):C:/Program Files (x86)/Microsoft Visual Studio/2019/Community/MSBuild/Current/Bin/MSBuild.exe cmTC_a8e95.vcxproj /p:Configuration=Debug /p:Platform=x64 /p:VisualStudioVersion=16.0 /v:m && Microsoft (R) Build Engine version 16.7.0+b89cb5fde for .NET Framework
Copyright (C) Microsoft Corporation. All rights reserved.

  Microsoft (R) C/C++ Optimizing Compiler Version 19.00.24245 for x64
  Copyright (C) Microsoft Corporation.  All rights reserved.
  
  cl /c /Zi /W0 /WX- /Od /Ob0 /D WIN32 /D _WINDOWS /D WIN32_LEAN_AND_MEAN=1 /D NOGDI=1 /D "CMAKE_INTDIR=\"Debug\"" /D _MBCS /Gm- /RTC1 /MDd /GS /fp:precise /Zc:wchar_t /Zc:forScope /Zc:inline /Fo"cmTC_a8e95.dir\Debug\\" /Fd"cmTC_a8e95.dir\Debug\vc140.pdb" /Gd /TC /errorReport:queue "C:\Project\PlusB-bin\itk-bin\CMakeFiles\CheckTypeSize\H5_SIZEOF_SSIZE_T.c"
  H5_SIZEOF_SSIZE_T.c
  
C:\Project\PlusB-bin\itk-bin\CMakeFiles\CheckTypeSize\H5_SIZEOF_SSIZE_T.c(29): error C2065: 'ssize_t': undeclared identifier [C:\Project\PlusB-bin\itk-bin\CMakeFiles\CMakeTmp\cmTC_a8e95.vcxproj]
C:\Project\PlusB-bin\itk-bin\CMakeFiles\CheckTypeSize\H5_SIZEOF_SSIZE_T.c(30): error C2065: 'ssize_t': undeclared identifier [C:\Project\PlusB-bin\itk-bin\CMakeFiles\CMakeTmp\cmTC_a8e95.vcxproj]
C:\Project\PlusB-bin\itk-bin\CMakeFiles\CheckTypeSize\H5_SIZEOF_SSIZE_T.c(31): error C2065: 'ssize_t': undeclared identifier [C:\Project\PlusB-bin\itk-bin\CMakeFiles\CMakeTmp\cmTC_a8e95.vcxproj]
C:\Project\PlusB-bin\itk-bin\CMakeFiles\CheckTypeSize\H5_SIZEOF_SSIZE_T.c(32): error C2065: 'ssize_t': undeclared identifier [C:\Project\PlusB-bin\itk-bin\CMakeFiles\CMakeTmp\cmTC_a8e95.vcxproj]
C:\Project\PlusB-bin\itk-bin\CMakeFiles\CheckTypeSize\H5_SIZEOF_SSIZE_T.c(33): error C2065: 'ssize_t': undeclared identifier [C:\Project\PlusB-bin\itk-bin\CMakeFiles\CMakeTmp\cmTC_a8e95.vcxproj]


C:/Project/PlusB-bin/itk-bin/CMakeFiles/CheckTypeSize/H5_SIZEOF_SSIZE_T.c:
#include <sys/types.h>
#include <stdint.h>
#include <stddef.h>


#undef KEY
#if defined(__i386)
# define KEY '_','_','i','3','8','6'
#elif defined(__x86_64)
# define KEY '_','_','x','8','6','_','6','4'
#elif defined(__PPC64__)
# define KEY '_','_','P','P','C','6','4','_','_'
#elif defined(__ppc64__)
# define KEY '_','_','p','p','c','6','4','_','_'
#elif defined(__PPC__)
# define KEY '_','_','P','P','C','_','_'
#elif defined(__ppc__)
# define KEY '_','_','p','p','c','_','_'
#elif defined(__aarch64__)
# define KEY '_','_','a','a','r','c','h','6','4','_','_'
#elif defined(__ARM_ARCH_7A__)
# define KEY '_','_','A','R','M','_','A','R','C','H','_','7','A','_','_'
#elif defined(__ARM_ARCH_7S__)
# define KEY '_','_','A','R','M','_','A','R','C','H','_','7','S','_','_'
#endif

#define SIZE (sizeof(ssize_t))
static char info_size[] =  {'I', 'N', 'F', 'O', ':', 's','i','z','e','[',
  ('0' + ((SIZE / 10000)%10)),
  ('0' + ((SIZE / 1000)%10)),
  ('0' + ((SIZE / 100)%10)),
  ('0' + ((SIZE / 10)%10)),
  ('0' +  (SIZE    % 10)),
  ']',
#ifdef KEY
  ' ','k','e','y','[', KEY, ']',
#endif
  '\0'};

#ifdef __CLASSIC_C__
int main(argc, argv) int argc; char *argv[];
#else
int main(int argc, char *argv[])
#endif
{
  int require = 0;
  require += info_size[argc];
  (void)argv;
  return require;
}


Determining size of off64_t failed with the following output:
Change Dir: C:/Project/PlusB-bin/itk-bin/CMakeFiles/CMakeTmp

Run Build Command(s):C:/Program Files (x86)/Microsoft Visual Studio/2019/Community/MSBuild/Current/Bin/MSBuild.exe cmTC_0cc99.vcxproj /p:Configuration=Debug /p:Platform=x64 /p:VisualStudioVersion=16.0 /v:m && Microsoft (R) Build Engine version 16.7.0+b89cb5fde for .NET Framework
Copyright (C) Microsoft Corporation. All rights reserved.

  Microsoft (R) C/C++ Optimizing Compiler Version 19.00.24245 for x64
  Copyright (C) Microsoft Corporation.  All rights reserved.
  
  cl /c /Zi /W0 /WX- /Od /Ob0 /D WIN32 /D _WINDOWS /D WIN32_LEAN_AND_MEAN=1 /D NOGDI=1 /D "CMAKE_INTDIR=\"Debug\"" /D _MBCS /Gm- /RTC1 /MDd /GS /fp:precise /Zc:wchar_t /Zc:forScope /Zc:inline /Fo"cmTC_0cc99.dir\Debug\\" /Fd"cmTC_0cc99.dir\Debug\vc140.pdb" /Gd /TC /errorReport:queue "C:\Project\PlusB-bin\itk-bin\CMakeFiles\CheckTypeSize\H5_SIZEOF_OFF64_T.c"
  H5_SIZEOF_OFF64_T.c
  
C:\Project\PlusB-bin\itk-bin\CMakeFiles\CheckTypeSize\H5_SIZEOF_OFF64_T.c(29): error C2065: 'off64_t': undeclared identifier [C:\Project\PlusB-bin\itk-bin\CMakeFiles\CMakeTmp\cmTC_0cc99.vcxproj]
C:\Project\PlusB-bin\itk-bin\CMakeFiles\CheckTypeSize\H5_SIZEOF_OFF64_T.c(30): error C2065: 'off64_t': undeclared identifier [C:\Project\PlusB-bin\itk-bin\CMakeFiles\CMakeTmp\cmTC_0cc99.vcxproj]
C:\Project\PlusB-bin\itk-bin\CMakeFiles\CheckTypeSize\H5_SIZEOF_OFF64_T.c(31): error C2065: 'off64_t': undeclared identifier [C:\Project\PlusB-bin\itk-bin\CMakeFiles\CMakeTmp\cmTC_0cc99.vcxproj]
C:\Project\PlusB-bin\itk-bin\CMakeFiles\CheckTypeSize\H5_SIZEOF_OFF64_T.c(32): error C2065: 'off64_t': undeclared identifier [C:\Project\PlusB-bin\itk-bin\CMakeFiles\CMakeTmp\cmTC_0cc99.vcxproj]
C:\Project\PlusB-bin\itk-bin\CMakeFiles\CheckTypeSize\H5_SIZEOF_OFF64_T.c(33): error C2065: 'off64_t': undeclared identifier [C:\Project\PlusB-bin\itk-bin\CMakeFiles\CMakeTmp\cmTC_0cc99.vcxproj]


C:/Project/PlusB-bin/itk-bin/CMakeFiles/CheckTypeSize/H5_SIZEOF_OFF64_T.c:
#include <sys/types.h>
#include <stdint.h>
#include <stddef.h>


#undef KEY
#if defined(__i386)
# define KEY '_','_','i','3','8','6'
#elif defined(__x86_64)
# define KEY '_','_','x','8','6','_','6','4'
#elif defined(__PPC64__)
# define KEY '_','_','P','P','C','6','4','_','_'
#elif defined(__ppc64__)
# define KEY '_','_','p','p','c','6','4','_','_'
#elif defined(__PPC__)
# define KEY '_','_','P','P','C','_','_'
#elif defined(__ppc__)
# define KEY '_','_','p','p','c','_','_'
#elif defined(__aarch64__)
# define KEY '_','_','a','a','r','c','h','6','4','_','_'
#elif defined(__ARM_ARCH_7A__)
# define KEY '_','_','A','R','M','_','A','R','C','H','_','7','A','_','_'
#elif defined(__ARM_ARCH_7S__)
# define KEY '_','_','A','R','M','_','A','R','C','H','_','7','S','_','_'
#endif

#define SIZE (sizeof(off64_t))
static char info_size[] =  {'I', 'N', 'F', 'O', ':', 's','i','z','e','[',
  ('0' + ((SIZE / 10000)%10)),
  ('0' + ((SIZE / 1000)%10)),
  ('0' + ((SIZE / 100)%10)),
  ('0' + ((SIZE / 10)%10)),
  ('0' +  (SIZE    % 10)),
  ']',
#ifdef KEY
  ' ','k','e','y','[', KEY, ']',
#endif
  '\0'};

#ifdef __CLASSIC_C__
int main(argc, argv) int argc; char *argv[];
#else
int main(int argc, char *argv[])
#endif
{
  int require = 0;
  require += info_size[argc];
  (void)argv;
  return require;
}


Determining if the function alarm exists failed with the following output:
Change Dir: C:/Project/PlusB-bin/itk-bin/CMakeFiles/CMakeTmp

Run Build Command(s):C:/Program Files (x86)/Microsoft Visual Studio/2019/Community/MSBuild/Current/Bin/MSBuild.exe cmTC_90131.vcxproj /p:Configuration=Debug /p:Platform=x64 /p:VisualStudioVersion=16.0 /v:m && Microsoft (R) Build Engine version 16.7.0+b89cb5fde for .NET Framework
Copyright (C) Microsoft Corporation. All rights reserved.

  Microsoft (R) C/C++ Optimizing Compiler Version 19.00.24245 for x64
  Copyright (C) Microsoft Corporation.  All rights reserved.
  
  cl /c /Zi /W0 /WX- /Od /Ob0 /D WIN32 /D _WINDOWS /D CHECK_FUNCTION_EXISTS=alarm /D WIN32_LEAN_AND_MEAN=1 /D NOGDI=1 /D "CMAKE_INTDIR=\"Debug\"" /D _MBCS /Gm- /RTC1 /MDd /GS /fp:precise /Zc:wchar_t /Zc:forScope /Zc:inline /Fo"cmTC_90131.dir\Debug\\" /Fd"cmTC_90131.dir\Debug\vc140.pdb" /Gd /TC /errorReport:queue "C:\Program Files\CMake\share\cmake-3.19\Modules\CheckFunctionExists.c"
  CheckFunctionExists.c
  
CheckFunctionExists.obj : error LNK2019: unresolved external symbol alarm referenced in function main [C:\Project\PlusB-bin\itk-bin\CMakeFiles\CMakeTmp\cmTC_90131.vcxproj]
C:\Project\PlusB-bin\itk-bin\CMakeFiles\CMakeTmp\Debug\cmTC_90131.exe : fatal error LNK1120: 1 unresolved externals [C:\Project\PlusB-bin\itk-bin\CMakeFiles\CMakeTmp\cmTC_90131.vcxproj]



Determining if the function fork exists failed with the following output:
Change Dir: C:/Project/PlusB-bin/itk-bin/CMakeFiles/CMakeTmp

Run Build Command(s):C:/Program Files (x86)/Microsoft Visual Studio/2019/Community/MSBuild/Current/Bin/MSBuild.exe cmTC_3ee96.vcxproj /p:Configuration=Debug /p:Platform=x64 /p:VisualStudioVersion=16.0 /v:m && Microsoft (R) Build Engine version 16.7.0+b89cb5fde for .NET Framework
Copyright (C) Microsoft Corporation. All rights reserved.

  Microsoft (R) C/C++ Optimizing Compiler Version 19.00.24245 for x64
  Copyright (C) Microsoft Corporation.  All rights reserved.
  
  cl /c /Zi /W0 /WX- /Od /Ob0 /D WIN32 /D _WINDOWS /D CHECK_FUNCTION_EXISTS=fork /D WIN32_LEAN_AND_MEAN=1 /D NOGDI=1 /D "CMAKE_INTDIR=\"Debug\"" /D _MBCS /Gm- /RTC1 /MDd /GS /fp:precise /Zc:wchar_t /Zc:forScope /Zc:inline /Fo"cmTC_3ee96.dir\Debug\\" /Fd"cmTC_3ee96.dir\Debug\vc140.pdb" /Gd /TC /errorReport:queue "C:\Program Files\CMake\share\cmake-3.19\Modules\CheckFunctionExists.c"
  CheckFunctionExists.c
  
CheckFunctionExists.obj : error LNK2019: unresolved external symbol fork referenced in function main [C:\Project\PlusB-bin\itk-bin\CMakeFiles\CMakeTmp\cmTC_3ee96.vcxproj]
C:\Project\PlusB-bin\itk-bin\CMakeFiles\CMakeTmp\Debug\cmTC_3ee96.exe : fatal error LNK1120: 1 unresolved externals [C:\Project\PlusB-bin\itk-bin\CMakeFiles\CMakeTmp\cmTC_3ee96.vcxproj]



Determining if the function frexpf exists failed with the following output:
Change Dir: C:/Project/PlusB-bin/itk-bin/CMakeFiles/CMakeTmp

Run Build Command(s):C:/Program Files (x86)/Microsoft Visual Studio/2019/Community/MSBuild/Current/Bin/MSBuild.exe cmTC_d4fa0.vcxproj /p:Configuration=Debug /p:Platform=x64 /p:VisualStudioVersion=16.0 /v:m && Microsoft (R) Build Engine version 16.7.0+b89cb5fde for .NET Framework
Copyright (C) Microsoft Corporation. All rights reserved.

  Microsoft (R) C/C++ Optimizing Compiler Version 19.00.24245 for x64
  Copyright (C) Microsoft Corporation.  All rights reserved.
  
  cl /c /Zi /W0 /WX- /Od /Ob0 /D WIN32 /D _WINDOWS /D CHECK_FUNCTION_EXISTS=frexpf /D WIN32_LEAN_AND_MEAN=1 /D NOGDI=1 /D "CMAKE_INTDIR=\"Debug\"" /D _MBCS /Gm- /RTC1 /MDd /GS /fp:precise /Zc:wchar_t /Zc:forScope /Zc:inline /Fo"cmTC_d4fa0.dir\Debug\\" /Fd"cmTC_d4fa0.dir\Debug\vc140.pdb" /Gd /TC /errorReport:queue "C:\Program Files\CMake\share\cmake-3.19\Modules\CheckFunctionExists.c"
  CheckFunctionExists.c
  
CheckFunctionExists.obj : error LNK2019: unresolved external symbol frexpf referenced in function main [C:\Project\PlusB-bin\itk-bin\CMakeFiles\CMakeTmp\cmTC_d4fa0.vcxproj]
C:\Project\PlusB-bin\itk-bin\CMakeFiles\CMakeTmp\Debug\cmTC_d4fa0.exe : fatal error LNK1120: 1 unresolved externals [C:\Project\PlusB-bin\itk-bin\CMakeFiles\CMakeTmp\cmTC_d4fa0.vcxproj]



Determining if the function frexpl exists failed with the following output:
Change Dir: C:/Project/PlusB-bin/itk-bin/CMakeFiles/CMakeTmp

Run Build Command(s):C:/Program Files (x86)/Microsoft Visual Studio/2019/Community/MSBuild/Current/Bin/MSBuild.exe cmTC_c3b5a.vcxproj /p:Configuration=Debug /p:Platform=x64 /p:VisualStudioVersion=16.0 /v:m && Microsoft (R) Build Engine version 16.7.0+b89cb5fde for .NET Framework
Copyright (C) Microsoft Corporation. All rights reserved.

  Microsoft (R) C/C++ Optimizing Compiler Version 19.00.24245 for x64
  Copyright (C) Microsoft Corporation.  All rights reserved.
  
  cl /c /Zi /W0 /WX- /Od /Ob0 /D WIN32 /D _WINDOWS /D CHECK_FUNCTION_EXISTS=frexpl /D WIN32_LEAN_AND_MEAN=1 /D NOGDI=1 /D "CMAKE_INTDIR=\"Debug\"" /D _MBCS /Gm- /RTC1 /MDd /GS /fp:precise /Zc:wchar_t /Zc:forScope /Zc:inline /Fo"cmTC_c3b5a.dir\Debug\\" /Fd"cmTC_c3b5a.dir\Debug\vc140.pdb" /Gd /TC /errorReport:queue "C:\Program Files\CMake\share\cmake-3.19\Modules\CheckFunctionExists.c"
  CheckFunctionExists.c
  
CheckFunctionExists.obj : error LNK2019: unresolved external symbol frexpl referenced in function main [C:\Project\PlusB-bin\itk-bin\CMakeFiles\CMakeTmp\cmTC_c3b5a.vcxproj]
C:\Project\PlusB-bin\itk-bin\CMakeFiles\CMakeTmp\Debug\cmTC_c3b5a.exe : fatal error LNK1120: 1 unresolved externals [C:\Project\PlusB-bin\itk-bin\CMakeFiles\CMakeTmp\cmTC_c3b5a.vcxproj]



Determining if the function getpwuid exists failed with the following output:
Change Dir: C:/Project/PlusB-bin/itk-bin/CMakeFiles/CMakeTmp

Run Build Command(s):C:/Program Files (x86)/Microsoft Visual Studio/2019/Community/MSBuild/Current/Bin/MSBuild.exe cmTC_a619a.vcxproj /p:Configuration=Debug /p:Platform=x64 /p:VisualStudioVersion=16.0 /v:m && Microsoft (R) Build Engine version 16.7.0+b89cb5fde for .NET Framework
Copyright (C) Microsoft Corporation. All rights reserved.

  Microsoft (R) C/C++ Optimizing Compiler Version 19.00.24245 for x64
  Copyright (C) Microsoft Corporation.  All rights reserved.
  
  cl /c /Zi /W0 /WX- /Od /Ob0 /D WIN32 /D _WINDOWS /D CHECK_FUNCTION_EXISTS=getpwuid /D WIN32_LEAN_AND_MEAN=1 /D NOGDI=1 /D "CMAKE_INTDIR=\"Debug\"" /D _MBCS /Gm- /RTC1 /MDd /GS /fp:precise /Zc:wchar_t /Zc:forScope /Zc:inline /Fo"cmTC_a619a.dir\Debug\\" /Fd"cmTC_a619a.dir\Debug\vc140.pdb" /Gd /TC /errorReport:queue "C:\Program Files\CMake\share\cmake-3.19\Modules\CheckFunctionExists.c"
  CheckFunctionExists.c
  
CheckFunctionExists.obj : error LNK2019: unresolved external symbol getpwuid referenced in function main [C:\Project\PlusB-bin\itk-bin\CMakeFiles\CMakeTmp\cmTC_a619a.vcxproj]
C:\Project\PlusB-bin\itk-bin\CMakeFiles\CMakeTmp\Debug\cmTC_a619a.exe : fatal error LNK1120: 1 unresolved externals [C:\Project\PlusB-bin\itk-bin\CMakeFiles\CMakeTmp\cmTC_a619a.vcxproj]



Determining if the function getrusage exists failed with the following output:
Change Dir: C:/Project/PlusB-bin/itk-bin/CMakeFiles/CMakeTmp

Run Build Command(s):C:/Program Files (x86)/Microsoft Visual Studio/2019/Community/MSBuild/Current/Bin/MSBuild.exe cmTC_486bd.vcxproj /p:Configuration=Debug /p:Platform=x64 /p:VisualStudioVersion=16.0 /v:m && Microsoft (R) Build Engine version 16.7.0+b89cb5fde for .NET Framework
Copyright (C) Microsoft Corporation. All rights reserved.

  Microsoft (R) C/C++ Optimizing Compiler Version 19.00.24245 for x64
  Copyright (C) Microsoft Corporation.  All rights reserved.
  
  cl /c /Zi /W0 /WX- /Od /Ob0 /D WIN32 /D _WINDOWS /D CHECK_FUNCTION_EXISTS=getrusage /D WIN32_LEAN_AND_MEAN=1 /D NOGDI=1 /D "CMAKE_INTDIR=\"Debug\"" /D _MBCS /Gm- /RTC1 /MDd /GS /fp:precise /Zc:wchar_t /Zc:forScope /Zc:inline /Fo"cmTC_486bd.dir\Debug\\" /Fd"cmTC_486bd.dir\Debug\vc140.pdb" /Gd /TC /errorReport:queue "C:\Program Files\CMake\share\cmake-3.19\Modules\CheckFunctionExists.c"
  CheckFunctionExists.c
  
CheckFunctionExists.obj : error LNK2019: unresolved external symbol getrusage referenced in function main [C:\Project\PlusB-bin\itk-bin\CMakeFiles\CMakeTmp\cmTC_486bd.vcxproj]
C:\Project\PlusB-bin\itk-bin\CMakeFiles\CMakeTmp\Debug\cmTC_486bd.exe : fatal error LNK1120: 1 unresolved externals [C:\Project\PlusB-bin\itk-bin\CMakeFiles\CMakeTmp\cmTC_486bd.vcxproj]



Determining if the function lstat exists failed with the following output:
Change Dir: C:/Project/PlusB-bin/itk-bin/CMakeFiles/CMakeTmp

Run Build Command(s):C:/Program Files (x86)/Microsoft Visual Studio/2019/Community/MSBuild/Current/Bin/MSBuild.exe cmTC_d79e3.vcxproj /p:Configuration=Debug /p:Platform=x64 /p:VisualStudioVersion=16.0 /v:m && Microsoft (R) Build Engine version 16.7.0+b89cb5fde for .NET Framework
Copyright (C) Microsoft Corporation. All rights reserved.

  Microsoft (R) C/C++ Optimizing Compiler Version 19.00.24245 for x64
  Copyright (C) Microsoft Corporation.  All rights reserved.
  
  cl /c /Zi /W0 /WX- /Od /Ob0 /D WIN32 /D _WINDOWS /D CHECK_FUNCTION_EXISTS=lstat /D WIN32_LEAN_AND_MEAN=1 /D NOGDI=1 /D "CMAKE_INTDIR=\"Debug\"" /D _MBCS /Gm- /RTC1 /MDd /GS /fp:precise /Zc:wchar_t /Zc:forScope /Zc:inline /Fo"cmTC_d79e3.dir\Debug\\" /Fd"cmTC_d79e3.dir\Debug\vc140.pdb" /Gd /TC /errorReport:queue "C:\Program Files\CMake\share\cmake-3.19\Modules\CheckFunctionExists.c"
  CheckFunctionExists.c
  
CheckFunctionExists.obj : error LNK2019: unresolved external symbol lstat referenced in function main [C:\Project\PlusB-bin\itk-bin\CMakeFiles\CMakeTmp\cmTC_d79e3.vcxproj]
C:\Project\PlusB-bin\itk-bin\CMakeFiles\CMakeTmp\Debug\cmTC_d79e3.exe : fatal error LNK1120: 1 unresolved externals [C:\Project\PlusB-bin\itk-bin\CMakeFiles\CMakeTmp\cmTC_d79e3.vcxproj]



Determining if the function rand_r exists failed with the following output:
Change Dir: C:/Project/PlusB-bin/itk-bin/CMakeFiles/CMakeTmp

Run Build Command(s):C:/Program Files (x86)/Microsoft Visual Studio/2019/Community/MSBuild/Current/Bin/MSBuild.exe cmTC_8340f.vcxproj /p:Configuration=Debug /p:Platform=x64 /p:VisualStudioVersion=16.0 /v:m && Microsoft (R) Build Engine version 16.7.0+b89cb5fde for .NET Framework
Copyright (C) Microsoft Corporation. All rights reserved.

  Microsoft (R) C/C++ Optimizing Compiler Version 19.00.24245 for x64
  Copyright (C) Microsoft Corporation.  All rights reserved.
  
  cl /c /Zi /W0 /WX- /Od /Ob0 /D WIN32 /D _WINDOWS /D CHECK_FUNCTION_EXISTS=rand_r /D WIN32_LEAN_AND_MEAN=1 /D NOGDI=1 /D "CMAKE_INTDIR=\"Debug\"" /D _MBCS /Gm- /RTC1 /MDd /GS /fp:precise /Zc:wchar_t /Zc:forScope /Zc:inline /Fo"cmTC_8340f.dir\Debug\\" /Fd"cmTC_8340f.dir\Debug\vc140.pdb" /Gd /TC /errorReport:queue "C:\Program Files\CMake\share\cmake-3.19\Modules\CheckFunctionExists.c"
  CheckFunctionExists.c
  
CheckFunctionExists.obj : error LNK2019: unresolved external symbol rand_r referenced in function main [C:\Project\PlusB-bin\itk-bin\CMakeFiles\CMakeTmp\cmTC_8340f.vcxproj]
C:\Project\PlusB-bin\itk-bin\CMakeFiles\CMakeTmp\Debug\cmTC_8340f.exe : fatal error LNK1120: 1 unresolved externals [C:\Project\PlusB-bin\itk-bin\CMakeFiles\CMakeTmp\cmTC_8340f.vcxproj]



Determining if the function random exists failed with the following output:
Change Dir: C:/Project/PlusB-bin/itk-bin/CMakeFiles/CMakeTmp

Run Build Command(s):C:/Program Files (x86)/Microsoft Visual Studio/2019/Community/MSBuild/Current/Bin/MSBuild.exe cmTC_2b533.vcxproj /p:Configuration=Debug /p:Platform=x64 /p:VisualStudioVersion=16.0 /v:m && Microsoft (R) Build Engine version 16.7.0+b89cb5fde for .NET Framework
Copyright (C) Microsoft Corporation. All rights reserved.

  Microsoft (R) C/C++ Optimizing Compiler Version 19.00.24245 for x64
  Copyright (C) Microsoft Corporation.  All rights reserved.
  
  cl /c /Zi /W0 /WX- /Od /Ob0 /D WIN32 /D _WINDOWS /D CHECK_FUNCTION_EXISTS=random /D WIN32_LEAN_AND_MEAN=1 /D NOGDI=1 /D "CMAKE_INTDIR=\"Debug\"" /D _MBCS /Gm- /RTC1 /MDd /GS /fp:precise /Zc:wchar_t /Zc:forScope /Zc:inline /Fo"cmTC_2b533.dir\Debug\\" /Fd"cmTC_2b533.dir\Debug\vc140.pdb" /Gd /TC /errorReport:queue "C:\Program Files\CMake\share\cmake-3.19\Modules\CheckFunctionExists.c"
  CheckFunctionExists.c
  
CheckFunctionExists.obj : error LNK2019: unresolved external symbol random referenced in function main [C:\Project\PlusB-bin\itk-bin\CMakeFiles\CMakeTmp\cmTC_2b533.vcxproj]
C:\Project\PlusB-bin\itk-bin\CMakeFiles\CMakeTmp\Debug\cmTC_2b533.exe : fatal error LNK1120: 1 unresolved externals [C:\Project\PlusB-bin\itk-bin\CMakeFiles\CMakeTmp\cmTC_2b533.vcxproj]



Determining if the function setsysinfo exists failed with the following output:
Change Dir: C:/Project/PlusB-bin/itk-bin/CMakeFiles/CMakeTmp

Run Build Command(s):C:/Program Files (x86)/Microsoft Visual Studio/2019/Community/MSBuild/Current/Bin/MSBuild.exe cmTC_850ea.vcxproj /p:Configuration=Debug /p:Platform=x64 /p:VisualStudioVersion=16.0 /v:m && Microsoft (R) Build Engine version 16.7.0+b89cb5fde for .NET Framework
Copyright (C) Microsoft Corporation. All rights reserved.

  Microsoft (R) C/C++ Optimizing Compiler Version 19.00.24245 for x64
  Copyright (C) Microsoft Corporation.  All rights reserved.
  
  cl /c /Zi /W0 /WX- /Od /Ob0 /D WIN32 /D _WINDOWS /D CHECK_FUNCTION_EXISTS=setsysinfo /D WIN32_LEAN_AND_MEAN=1 /D NOGDI=1 /D "CMAKE_INTDIR=\"Debug\"" /D _MBCS /Gm- /RTC1 /MDd /GS /fp:precise /Zc:wchar_t /Zc:forScope /Zc:inline /Fo"cmTC_850ea.dir\Debug\\" /Fd"cmTC_850ea.dir\Debug\vc140.pdb" /Gd /TC /errorReport:queue "C:\Program Files\CMake\share\cmake-3.19\Modules\CheckFunctionExists.c"
  CheckFunctionExists.c
  
CheckFunctionExists.obj : error LNK2019: unresolved external symbol setsysinfo referenced in function main [C:\Project\PlusB-bin\itk-bin\CMakeFiles\CMakeTmp\cmTC_850ea.vcxproj]
C:\Project\PlusB-bin\itk-bin\CMakeFiles\CMakeTmp\Debug\cmTC_850ea.exe : fatal error LNK1120: 1 unresolved externals [C:\Project\PlusB-bin\itk-bin\CMakeFiles\CMakeTmp\cmTC_850ea.vcxproj]



Determining if the function siglongjmp exists failed with the following output:
Change Dir: C:/Project/PlusB-bin/itk-bin/CMakeFiles/CMakeTmp

Run Build Command(s):C:/Program Files (x86)/Microsoft Visual Studio/2019/Community/MSBuild/Current/Bin/MSBuild.exe cmTC_07c67.vcxproj /p:Configuration=Debug /p:Platform=x64 /p:VisualStudioVersion=16.0 /v:m && Microsoft (R) Build Engine version 16.7.0+b89cb5fde for .NET Framework
Copyright (C) Microsoft Corporation. All rights reserved.

  Microsoft (R) C/C++ Optimizing Compiler Version 19.00.24245 for x64
  Copyright (C) Microsoft Corporation.  All rights reserved.
  
  cl /c /Zi /W0 /WX- /Od /Ob0 /D WIN32 /D _WINDOWS /D CHECK_FUNCTION_EXISTS=siglongjmp /D WIN32_LEAN_AND_MEAN=1 /D NOGDI=1 /D "CMAKE_INTDIR=\"Debug\"" /D _MBCS /Gm- /RTC1 /MDd /GS /fp:precise /Zc:wchar_t /Zc:forScope /Zc:inline /Fo"cmTC_07c67.dir\Debug\\" /Fd"cmTC_07c67.dir\Debug\vc140.pdb" /Gd /TC /errorReport:queue "C:\Program Files\CMake\share\cmake-3.19\Modules\CheckFunctionExists.c"
  CheckFunctionExists.c
  
CheckFunctionExists.obj : error LNK2019: unresolved external symbol siglongjmp referenced in function main [C:\Project\PlusB-bin\itk-bin\CMakeFiles\CMakeTmp\cmTC_07c67.vcxproj]
C:\Project\PlusB-bin\itk-bin\CMakeFiles\CMakeTmp\Debug\cmTC_07c67.exe : fatal error LNK1120: 1 unresolved externals [C:\Project\PlusB-bin\itk-bin\CMakeFiles\CMakeTmp\cmTC_07c67.vcxproj]



Determining if the function sigsetjmp exists failed with the following output:
Change Dir: C:/Project/PlusB-bin/itk-bin/CMakeFiles/CMakeTmp

Run Build Command(s):C:/Program Files (x86)/Microsoft Visual Studio/2019/Community/MSBuild/Current/Bin/MSBuild.exe cmTC_6f86f.vcxproj /p:Configuration=Debug /p:Platform=x64 /p:VisualStudioVersion=16.0 /v:m && Microsoft (R) Build Engine version 16.7.0+b89cb5fde for .NET Framework
Copyright (C) Microsoft Corporation. All rights reserved.

  Microsoft (R) C/C++ Optimizing Compiler Version 19.00.24245 for x64
  Copyright (C) Microsoft Corporation.  All rights reserved.
  
  cl /c /Zi /W0 /WX- /Od /Ob0 /D WIN32 /D _WINDOWS /D CHECK_FUNCTION_EXISTS=sigsetjmp /D WIN32_LEAN_AND_MEAN=1 /D NOGDI=1 /D "CMAKE_INTDIR=\"Debug\"" /D _MBCS /Gm- /RTC1 /MDd /GS /fp:precise /Zc:wchar_t /Zc:forScope /Zc:inline /Fo"cmTC_6f86f.dir\Debug\\" /Fd"cmTC_6f86f.dir\Debug\vc140.pdb" /Gd /TC /errorReport:queue "C:\Program Files\CMake\share\cmake-3.19\Modules\CheckFunctionExists.c"
  CheckFunctionExists.c
  
CheckFunctionExists.obj : error LNK2019: unresolved external symbol sigsetjmp referenced in function main [C:\Project\PlusB-bin\itk-bin\CMakeFiles\CMakeTmp\cmTC_6f86f.vcxproj]
C:\Project\PlusB-bin\itk-bin\CMakeFiles\CMakeTmp\Debug\cmTC_6f86f.exe : fatal error LNK1120: 1 unresolved externals [C:\Project\PlusB-bin\itk-bin\CMakeFiles\CMakeTmp\cmTC_6f86f.vcxproj]



Determining if the function sigprocmask exists failed with the following output:
Change Dir: C:/Project/PlusB-bin/itk-bin/CMakeFiles/CMakeTmp

Run Build Command(s):C:/Program Files (x86)/Microsoft Visual Studio/2019/Community/MSBuild/Current/Bin/MSBuild.exe cmTC_532e6.vcxproj /p:Configuration=Debug /p:Platform=x64 /p:VisualStudioVersion=16.0 /v:m && Microsoft (R) Build Engine version 16.7.0+b89cb5fde for .NET Framework
Copyright (C) Microsoft Corporation. All rights reserved.

  Microsoft (R) C/C++ Optimizing Compiler Version 19.00.24245 for x64
  Copyright (C) Microsoft Corporation.  All rights reserved.
  
  cl /c /Zi /W0 /WX- /Od /Ob0 /D WIN32 /D _WINDOWS /D CHECK_FUNCTION_EXISTS=sigprocmask /D WIN32_LEAN_AND_MEAN=1 /D NOGDI=1 /D "CMAKE_INTDIR=\"Debug\"" /D _MBCS /Gm- /RTC1 /MDd /GS /fp:precise /Zc:wchar_t /Zc:forScope /Zc:inline /Fo"cmTC_532e6.dir\Debug\\" /Fd"cmTC_532e6.dir\Debug\vc140.pdb" /Gd /TC /errorReport:queue "C:\Program Files\CMake\share\cmake-3.19\Modules\CheckFunctionExists.c"
  CheckFunctionExists.c
  
CheckFunctionExists.obj : error LNK2019: unresolved external symbol sigprocmask referenced in function main [C:\Project\PlusB-bin\itk-bin\CMakeFiles\CMakeTmp\cmTC_532e6.vcxproj]
C:\Project\PlusB-bin\itk-bin\CMakeFiles\CMakeTmp\Debug\cmTC_532e6.exe : fatal error LNK1120: 1 unresolved externals [C:\Project\PlusB-bin\itk-bin\CMakeFiles\CMakeTmp\cmTC_532e6.vcxproj]



Determining if the function snprintf exists failed with the following output:
Change Dir: C:/Project/PlusB-bin/itk-bin/CMakeFiles/CMakeTmp

Run Build Command(s):C:/Program Files (x86)/Microsoft Visual Studio/2019/Community/MSBuild/Current/Bin/MSBuild.exe cmTC_be54b.vcxproj /p:Configuration=Debug /p:Platform=x64 /p:VisualStudioVersion=16.0 /v:m && Microsoft (R) Build Engine version 16.7.0+b89cb5fde for .NET Framework
Copyright (C) Microsoft Corporation. All rights reserved.

  Microsoft (R) C/C++ Optimizing Compiler Version 19.00.24245 for x64
  Copyright (C) Microsoft Corporation.  All rights reserved.
  
  cl /c /Zi /W0 /WX- /Od /Ob0 /D WIN32 /D _WINDOWS /D CHECK_FUNCTION_EXISTS=snprintf /D WIN32_LEAN_AND_MEAN=1 /D NOGDI=1 /D "CMAKE_INTDIR=\"Debug\"" /D _MBCS /Gm- /RTC1 /MDd /GS /fp:precise /Zc:wchar_t /Zc:forScope /Zc:inline /Fo"cmTC_be54b.dir\Debug\\" /Fd"cmTC_be54b.dir\Debug\vc140.pdb" /Gd /TC /errorReport:queue "C:\Program Files\CMake\share\cmake-3.19\Modules\CheckFunctionExists.c"
  CheckFunctionExists.c
  
CheckFunctionExists.obj : error LNK2019: unresolved external symbol snprintf referenced in function main [C:\Project\PlusB-bin\itk-bin\CMakeFiles\CMakeTmp\cmTC_be54b.vcxproj]
C:\Project\PlusB-bin\itk-bin\CMakeFiles\CMakeTmp\Debug\cmTC_be54b.exe : fatal error LNK1120: 1 unresolved externals [C:\Project\PlusB-bin\itk-bin\CMakeFiles\CMakeTmp\cmTC_be54b.vcxproj]



Determining if the function srandom exists failed with the following output:
Change Dir: C:/Project/PlusB-bin/itk-bin/CMakeFiles/CMakeTmp

Run Build Command(s):C:/Program Files (x86)/Microsoft Visual Studio/2019/Community/MSBuild/Current/Bin/MSBuild.exe cmTC_5a619.vcxproj /p:Configuration=Debug /p:Platform=x64 /p:VisualStudioVersion=16.0 /v:m && Microsoft (R) Build Engine version 16.7.0+b89cb5fde for .NET Framework
Copyright (C) Microsoft Corporation. All rights reserved.

  Microsoft (R) C/C++ Optimizing Compiler Version 19.00.24245 for x64
  Copyright (C) Microsoft Corporation.  All rights reserved.
  
  cl /c /Zi /W0 /WX- /Od /Ob0 /D WIN32 /D _WINDOWS /D CHECK_FUNCTION_EXISTS=srandom /D WIN32_LEAN_AND_MEAN=1 /D NOGDI=1 /D "CMAKE_INTDIR=\"Debug\"" /D _MBCS /Gm- /RTC1 /MDd /GS /fp:precise /Zc:wchar_t /Zc:forScope /Zc:inline /Fo"cmTC_5a619.dir\Debug\\" /Fd"cmTC_5a619.dir\Debug\vc140.pdb" /Gd /TC /errorReport:queue "C:\Program Files\CMake\share\cmake-3.19\Modules\CheckFunctionExists.c"
  CheckFunctionExists.c
  
CheckFunctionExists.obj : error LNK2019: unresolved external symbol srandom referenced in function main [C:\Project\PlusB-bin\itk-bin\CMakeFiles\CMakeTmp\cmTC_5a619.vcxproj]
C:\Project\PlusB-bin\itk-bin\CMakeFiles\CMakeTmp\Debug\cmTC_5a619.exe : fatal error LNK1120: 1 unresolved externals [C:\Project\PlusB-bin\itk-bin\CMakeFiles\CMakeTmp\cmTC_5a619.vcxproj]



Determining if the function symlink exists failed with the following output:
Change Dir: C:/Project/PlusB-bin/itk-bin/CMakeFiles/CMakeTmp

Run Build Command(s):C:/Program Files (x86)/Microsoft Visual Studio/2019/Community/MSBuild/Current/Bin/MSBuild.exe cmTC_38772.vcxproj /p:Configuration=Debug /p:Platform=x64 /p:VisualStudioVersion=16.0 /v:m && Microsoft (R) Build Engine version 16.7.0+b89cb5fde for .NET Framework
Copyright (C) Microsoft Corporation. All rights reserved.

  Microsoft (R) C/C++ Optimizing Compiler Version 19.00.24245 for x64
  Copyright (C) Microsoft Corporation.  All rights reserved.
  
  cl /c /Zi /W0 /WX- /Od /Ob0 /D WIN32 /D _WINDOWS /D CHECK_FUNCTION_EXISTS=symlink /D WIN32_LEAN_AND_MEAN=1 /D NOGDI=1 /D "CMAKE_INTDIR=\"Debug\"" /D _MBCS /Gm- /RTC1 /MDd /GS /fp:precise /Zc:wchar_t /Zc:forScope /Zc:inline /Fo"cmTC_38772.dir\Debug\\" /Fd"cmTC_38772.dir\Debug\vc140.pdb" /Gd /TC /errorReport:queue "C:\Program Files\CMake\share\cmake-3.19\Modules\CheckFunctionExists.c"
  CheckFunctionExists.c
  
CheckFunctionExists.obj : error LNK2019: unresolved external symbol symlink referenced in function main [C:\Project\PlusB-bin\itk-bin\CMakeFiles\CMakeTmp\cmTC_38772.vcxproj]
C:\Project\PlusB-bin\itk-bin\CMakeFiles\CMakeTmp\Debug\cmTC_38772.exe : fatal error LNK1120: 1 unresolved externals [C:\Project\PlusB-bin\itk-bin\CMakeFiles\CMakeTmp\cmTC_38772.vcxproj]



Determining if the function asprintf exists failed with the following output:
Change Dir: C:/Project/PlusB-bin/itk-bin/CMakeFiles/CMakeTmp

Run Build Command(s):C:/Program Files (x86)/Microsoft Visual Studio/2019/Community/MSBuild/Current/Bin/MSBuild.exe cmTC_e9758.vcxproj /p:Configuration=Debug /p:Platform=x64 /p:VisualStudioVersion=16.0 /v:m && Microsoft (R) Build Engine version 16.7.0+b89cb5fde for .NET Framework
Copyright (C) Microsoft Corporation. All rights reserved.

  Microsoft (R) C/C++ Optimizing Compiler Version 19.00.24245 for x64
  Copyright (C) Microsoft Corporation.  All rights reserved.
  
  cl /c /Zi /W0 /WX- /Od /Ob0 /D WIN32 /D _WINDOWS /D CHECK_FUNCTION_EXISTS=asprintf /D WIN32_LEAN_AND_MEAN=1 /D NOGDI=1 /D "CMAKE_INTDIR=\"Debug\"" /D _MBCS /Gm- /RTC1 /MDd /GS /fp:precise /Zc:wchar_t /Zc:forScope /Zc:inline /Fo"cmTC_e9758.dir\Debug\\" /Fd"cmTC_e9758.dir\Debug\vc140.pdb" /Gd /TC /errorReport:queue "C:\Program Files\CMake\share\cmake-3.19\Modules\CheckFunctionExists.c"
  CheckFunctionExists.c
  
CheckFunctionExists.obj : error LNK2019: unresolved external symbol asprintf referenced in function main [C:\Project\PlusB-bin\itk-bin\CMakeFiles\CMakeTmp\cmTC_e9758.vcxproj]
C:\Project\PlusB-bin\itk-bin\CMakeFiles\CMakeTmp\Debug\cmTC_e9758.exe : fatal error LNK1120: 1 unresolved externals [C:\Project\PlusB-bin\itk-bin\CMakeFiles\CMakeTmp\cmTC_e9758.vcxproj]



Determining if the function vasprintf exists failed with the following output:
Change Dir: C:/Project/PlusB-bin/itk-bin/CMakeFiles/CMakeTmp

Run Build Command(s):C:/Program Files (x86)/Microsoft Visual Studio/2019/Community/MSBuild/Current/Bin/MSBuild.exe cmTC_001f0.vcxproj /p:Configuration=Debug /p:Platform=x64 /p:VisualStudioVersion=16.0 /v:m && Microsoft (R) Build Engine version 16.7.0+b89cb5fde for .NET Framework
Copyright (C) Microsoft Corporation. All rights reserved.

  Microsoft (R) C/C++ Optimizing Compiler Version 19.00.24245 for x64
  Copyright (C) Microsoft Corporation.  All rights reserved.
  
  cl /c /Zi /W0 /WX- /Od /Ob0 /D WIN32 /D _WINDOWS /D CHECK_FUNCTION_EXISTS=vasprintf /D WIN32_LEAN_AND_MEAN=1 /D NOGDI=1 /D "CMAKE_INTDIR=\"Debug\"" /D _MBCS /Gm- /RTC1 /MDd /GS /fp:precise /Zc:wchar_t /Zc:forScope /Zc:inline /Fo"cmTC_001f0.dir\Debug\\" /Fd"cmTC_001f0.dir\Debug\vc140.pdb" /Gd /TC /errorReport:queue "C:\Program Files\CMake\share\cmake-3.19\Modules\CheckFunctionExists.c"
  CheckFunctionExists.c
  
CheckFunctionExists.obj : error LNK2019: unresolved external symbol vasprintf referenced in function main [C:\Project\PlusB-bin\itk-bin\CMakeFiles\CMakeTmp\cmTC_001f0.vcxproj]
C:\Project\PlusB-bin\itk-bin\CMakeFiles\CMakeTmp\Debug\cmTC_001f0.exe : fatal error LNK1120: 1 unresolved externals [C:\Project\PlusB-bin\itk-bin\CMakeFiles\CMakeTmp\cmTC_001f0.vcxproj]



Determining if the function waitpid exists failed with the following output:
Change Dir: C:/Project/PlusB-bin/itk-bin/CMakeFiles/CMakeTmp

Run Build Command(s):C:/Program Files (x86)/Microsoft Visual Studio/2019/Community/MSBuild/Current/Bin/MSBuild.exe cmTC_6f81e.vcxproj /p:Configuration=Debug /p:Platform=x64 /p:VisualStudioVersion=16.0 /v:m && Microsoft (R) Build Engine version 16.7.0+b89cb5fde for .NET Framework
Copyright (C) Microsoft Corporation. All rights reserved.

  Microsoft (R) C/C++ Optimizing Compiler Version 19.00.24245 for x64
  Copyright (C) Microsoft Corporation.  All rights reserved.
  
  cl /c /Zi /W0 /WX- /Od /Ob0 /D WIN32 /D _WINDOWS /D CHECK_FUNCTION_EXISTS=waitpid /D WIN32_LEAN_AND_MEAN=1 /D NOGDI=1 /D "CMAKE_INTDIR=\"Debug\"" /D _MBCS /Gm- /RTC1 /MDd /GS /fp:precise /Zc:wchar_t /Zc:forScope /Zc:inline /Fo"cmTC_6f81e.dir\Debug\\" /Fd"cmTC_6f81e.dir\Debug\vc140.pdb" /Gd /TC /errorReport:queue "C:\Program Files\CMake\share\cmake-3.19\Modules\CheckFunctionExists.c"
  CheckFunctionExists.c
  
CheckFunctionExists.obj : error LNK2019: unresolved external symbol waitpid referenced in function main [C:\Project\PlusB-bin\itk-bin\CMakeFiles\CMakeTmp\cmTC_6f81e.vcxproj]
C:\Project\PlusB-bin\itk-bin\CMakeFiles\CMakeTmp\Debug\cmTC_6f81e.exe : fatal error LNK1120: 1 unresolved externals [C:\Project\PlusB-bin\itk-bin\CMakeFiles\CMakeTmp\cmTC_6f81e.vcxproj]



Determining if the function vsnprintf exists failed with the following output:
Change Dir: C:/Project/PlusB-bin/itk-bin/CMakeFiles/CMakeTmp

Run Build Command(s):C:/Program Files (x86)/Microsoft Visual Studio/2019/Community/MSBuild/Current/Bin/MSBuild.exe cmTC_d2f1b.vcxproj /p:Configuration=Debug /p:Platform=x64 /p:VisualStudioVersion=16.0 /v:m && Microsoft (R) Build Engine version 16.7.0+b89cb5fde for .NET Framework
Copyright (C) Microsoft Corporation. All rights reserved.

  Microsoft (R) C/C++ Optimizing Compiler Version 19.00.24245 for x64
  Copyright (C) Microsoft Corporation.  All rights reserved.
  
  cl /c /Zi /W0 /WX- /Od /Ob0 /D WIN32 /D _WINDOWS /D CHECK_FUNCTION_EXISTS=vsnprintf /D WIN32_LEAN_AND_MEAN=1 /D NOGDI=1 /D "CMAKE_INTDIR=\"Debug\"" /D _MBCS /Gm- /RTC1 /MDd /GS /fp:precise /Zc:wchar_t /Zc:forScope /Zc:inline /Fo"cmTC_d2f1b.dir\Debug\\" /Fd"cmTC_d2f1b.dir\Debug\vc140.pdb" /Gd /TC /errorReport:queue "C:\Program Files\CMake\share\cmake-3.19\Modules\CheckFunctionExists.c"
  CheckFunctionExists.c
  
CheckFunctionExists.obj : error LNK2019: unresolved external symbol vsnprintf referenced in function main [C:\Project\PlusB-bin\itk-bin\CMakeFiles\CMakeTmp\cmTC_d2f1b.vcxproj]
MSVCRTD.lib(vsnprintf.obj) : error LNK2001: unresolved external symbol vsnprintf [C:\Project\PlusB-bin\itk-bin\CMakeFiles\CMakeTmp\cmTC_d2f1b.vcxproj]
MSVCRTD.lib(vsnprintf.obj) : error LNK2001: unresolved external symbol _vsnprintf [C:\Project\PlusB-bin\itk-bin\CMakeFiles\CMakeTmp\cmTC_d2f1b.vcxproj]
C:\Project\PlusB-bin\itk-bin\CMakeFiles\CMakeTmp\Debug\cmTC_d2f1b.exe : fatal error LNK1120: 2 unresolved externals [C:\Project\PlusB-bin\itk-bin\CMakeFiles\CMakeTmp\cmTC_d2f1b.vcxproj]



Determining if the sigsetjmp exist failed with the following output:
Change Dir: C:/Project/PlusB-bin/itk-bin/CMakeFiles/CMakeTmp

Run Build Command(s):C:/Program Files (x86)/Microsoft Visual Studio/2019/Community/MSBuild/Current/Bin/MSBuild.exe cmTC_12e38.vcxproj /p:Configuration=Debug /p:Platform=x64 /p:VisualStudioVersion=16.0 /v:m && Microsoft (R) Build Engine version 16.7.0+b89cb5fde for .NET Framework
Copyright (C) Microsoft Corporation. All rights reserved.

  Microsoft (R) C/C++ Optimizing Compiler Version 19.00.24245 for x64
  Copyright (C) Microsoft Corporation.  All rights reserved.
  
  cl /c /Zi /W0 /WX- /Od /Ob0 /D WIN32 /D _WINDOWS /D WIN32_LEAN_AND_MEAN=1 /D NOGDI=1 /D "CMAKE_INTDIR=\"Debug\"" /D _MBCS /Gm- /RTC1 /MDd /GS /fp:precise /Zc:wchar_t /Zc:forScope /Zc:inline /Fo"cmTC_12e38.dir\Debug\\" /Fd"cmTC_12e38.dir\Debug\vc140.pdb" /Gd /TC /errorReport:queue "C:\Project\PlusB-bin\itk-bin\CMakeFiles\CMakeTmp\CheckSymbolExists.c"
  CheckSymbolExists.c
  
C:\Project\PlusB-bin\itk-bin\CMakeFiles\CMakeTmp\CheckSymbolExists.c(8): error C2065: 'sigsetjmp': undeclared identifier [C:\Project\PlusB-bin\itk-bin\CMakeFiles\CMakeTmp\cmTC_12e38.vcxproj]


File C:/Project/PlusB-bin/itk-bin/CMakeFiles/CMakeTmp/CheckSymbolExists.c:
/* */
#include <setjmp.h>

int main(int argc, char** argv)
{
  (void)argv;
#ifndef sigsetjmp
  return ((int*)(&sigsetjmp))[argc];
#else
  (void)argc;
  return 0;
#endif
}
Performing CXX Test OLD_HEADER_FILENAME failed with the following output:
Change Dir: C:/Project/PlusB-bin/itk-bin/CMakeFiles/CMakeTmp

Run Build Command(s):C:/Program Files (x86)/Microsoft Visual Studio/2019/Community/MSBuild/Current/Bin/MSBuild.exe cmTC_8dffe.vcxproj /p:Configuration=Debug /p:Platform=x64 /p:VisualStudioVersion=16.0 /v:m && Microsoft (R) Build Engine version 16.7.0+b89cb5fde for .NET Framework
Copyright (C) Microsoft Corporation. All rights reserved.

  Microsoft (R) C/C++ Optimizing Compiler Version 19.00.24245 for x64
  Copyright (C) Microsoft Corporation.  All rights reserved.
  
  cl /c /Zi /W0 /WX- /MP /Od /Ob0 /D OLD_HEADER_FILENAME /D WIN32_LEAN_AND_MEAN=1 /D NOGDI=1 /D HAVE_SYS_TYPES_H /D "CMAKE_INTDIR=\"Debug\"" /D _MBCS /Gm- /RTC1 /MDd /GS /fp:precise /Zc:wchar_t /Zc:forScope /Zc:inline /Fo"cmTC_8dffe.dir\Debug\\" /Fd"cmTC_8dffe.dir\Debug\vc140.pdb" /Gd /TP /errorReport:queue  /bigobj "C:\Project\PlusB-bin\itk\Modules\ThirdParty\HDF5\src\itkhdf5\config\cmake_ext_mod\HDFCXXTests.cpp"
  HDFCXXTests.cpp
  
C:\Program Files (x86)\Microsoft Visual Studio 14.0\VC\include\xlocale(341): warning C4530: C++ exception handler used, but unwind semantics are not enabled. Specify /EHsc [C:\Project\PlusB-bin\itk-bin\CMakeFiles\CMakeTmp\cmTC_8dffe.vcxproj]
C:\Program Files (x86)\Microsoft Visual Studio 14.0\VC\include\exception(359): warning C4577: 'noexcept' used with no exception handling mode specified; termination on exception is not guaranteed. Specify /EHsc [C:\Project\PlusB-bin\itk-bin\CMakeFiles\CMakeTmp\cmTC_8dffe.vcxproj]
  cmTC_8dffe.vcxproj -> C:\Project\PlusB-bin\itk-bin\CMakeFiles\CMakeTmp\Debug\cmTC_8dffe.exe
  cmTC_8dffe.vcxproj -> C:/Project/PlusB-bin/itk-bin/CMakeFiles/CMakeTmp/Debug/cmTC_8dffe.pdb (Full PDB)


Performing CXX Test H5_NO_NAMESPACE failed with the following output:
Change Dir: C:/Project/PlusB-bin/itk-bin/CMakeFiles/CMakeTmp

Run Build Command(s):C:/Program Files (x86)/Microsoft Visual Studio/2019/Community/MSBuild/Current/Bin/MSBuild.exe cmTC_26aa9.vcxproj /p:Configuration=Debug /p:Platform=x64 /p:VisualStudioVersion=16.0 /v:m && Microsoft (R) Build Engine version 16.7.0+b89cb5fde for .NET Framework
Copyright (C) Microsoft Corporation. All rights reserved.

  Microsoft (R) C/C++ Optimizing Compiler Version 19.00.24245 for x64
  Copyright (C) Microsoft Corporation.  All rights reserved.
  
  cl /c /Zi /W0 /WX- /MP /Od /Ob0 /D H5_NO_NAMESPACE /D WIN32_LEAN_AND_MEAN=1 /D NOGDI=1 /D HAVE_SYS_TYPES_H /D "CMAKE_INTDIR=\"Debug\"" /D _MBCS /Gm- /RTC1 /MDd /GS /fp:precise /Zc:wchar_t /Zc:forScope /Zc:inline /Fo"cmTC_26aa9.dir\Debug\\" /Fd"cmTC_26aa9.dir\Debug\vc140.pdb" /Gd /TP /errorReport:queue  /bigobj "C:\Project\PlusB-bin\itk\Modules\ThirdParty\HDF5\src\itkhdf5\config\cmake_ext_mod\HDFCXXTests.cpp"
  HDFCXXTests.cpp
  
MSVCRTD.lib(exe_main.obj) : error LNK2019: unresolved external symbol main referenced in function "int __cdecl invoke_main(void)" (?invoke_main@@YAHXZ) [C:\Project\PlusB-bin\itk-bin\CMakeFiles\CMakeTmp\cmTC_26aa9.vcxproj]
C:\Project\PlusB-bin\itk-bin\CMakeFiles\CMakeTmp\Debug\cmTC_26aa9.exe : fatal error LNK1120: 1 unresolved externals [C:\Project\PlusB-bin\itk-bin\CMakeFiles\CMakeTmp\cmTC_26aa9.vcxproj]


Performing CXX Test H5_NO_STD failed with the following output:
Change Dir: C:/Project/PlusB-bin/itk-bin/CMakeFiles/CMakeTmp

Run Build Command(s):C:/Program Files (x86)/Microsoft Visual Studio/2019/Community/MSBuild/Current/Bin/MSBuild.exe cmTC_bdb05.vcxproj /p:Configuration=Debug /p:Platform=x64 /p:VisualStudioVersion=16.0 /v:m && Microsoft (R) Build Engine version 16.7.0+b89cb5fde for .NET Framework
Copyright (C) Microsoft Corporation. All rights reserved.

  Microsoft (R) C/C++ Optimizing Compiler Version 19.00.24245 for x64
  Copyright (C) Microsoft Corporation.  All rights reserved.
  
  cl /c /Zi /W0 /WX- /MP /Od /Ob0 /D H5_NO_STD /D WIN32_LEAN_AND_MEAN=1 /D NOGDI=1 /D HAVE_SYS_TYPES_H /D "CMAKE_INTDIR=\"Debug\"" /D _MBCS /Gm- /RTC1 /MDd /GS /fp:precise /Zc:wchar_t /Zc:forScope /Zc:inline /Fo"cmTC_bdb05.dir\Debug\\" /Fd"cmTC_bdb05.dir\Debug\vc140.pdb" /Gd /TP /errorReport:queue  /bigobj "C:\Project\PlusB-bin\itk\Modules\ThirdParty\HDF5\src\itkhdf5\config\cmake_ext_mod\HDFCXXTests.cpp"
  HDFCXXTests.cpp
  
MSVCRTD.lib(exe_main.obj) : error LNK2019: unresolved external symbol main referenced in function "int __cdecl invoke_main(void)" (?invoke_main@@YAHXZ) [C:\Project\PlusB-bin\itk-bin\CMakeFiles\CMakeTmp\cmTC_bdb05.vcxproj]
C:\Project\PlusB-bin\itk-bin\CMakeFiles\CMakeTmp\Debug\cmTC_bdb05.exe : fatal error LNK1120: 1 unresolved externals [C:\Project\PlusB-bin\itk-bin\CMakeFiles\CMakeTmp\cmTC_bdb05.vcxproj]


Performing CXX Test BOOL_NOTDEFINED failed with the following output:
Change Dir: C:/Project/PlusB-bin/itk-bin/CMakeFiles/CMakeTmp

Run Build Command(s):C:/Program Files (x86)/Microsoft Visual Studio/2019/Community/MSBuild/Current/Bin/MSBuild.exe cmTC_71d10.vcxproj /p:Configuration=Debug /p:Platform=x64 /p:VisualStudioVersion=16.0 /v:m && Microsoft (R) Build Engine version 16.7.0+b89cb5fde for .NET Framework
Copyright (C) Microsoft Corporation. All rights reserved.

  Microsoft (R) C/C++ Optimizing Compiler Version 19.00.24245 for x64
  Copyright (C) Microsoft Corporation.  All rights reserved.
  
  cl /c /Zi /W0 /WX- /MP /Od /Ob0 /D BOOL_NOTDEFINED /D WIN32_LEAN_AND_MEAN=1 /D NOGDI=1 /D HAVE_SYS_TYPES_H /D "CMAKE_INTDIR=\"Debug\"" /D _MBCS /Gm- /RTC1 /MDd /GS /fp:precise /Zc:wchar_t /Zc:forScope /Zc:inline /Fo"cmTC_71d10.dir\Debug\\" /Fd"cmTC_71d10.dir\Debug\vc140.pdb" /Gd /TP /errorReport:queue  /bigobj "C:\Project\PlusB-bin\itk\Modules\ThirdParty\HDF5\src\itkhdf5\config\cmake_ext_mod\HDFCXXTests.cpp"
  HDFCXXTests.cpp
  
  cmTC_71d10.vcxproj -> C:\Project\PlusB-bin\itk-bin\CMakeFiles\CMakeTmp\Debug\cmTC_71d10.exe
  cmTC_71d10.vcxproj -> C:/Project/PlusB-bin/itk-bin/CMakeFiles/CMakeTmp/Debug/cmTC_71d10.pdb (Full PDB)


Performing CXX Test NO_STATIC_CAST failed with the following output:
Change Dir: C:/Project/PlusB-bin/itk-bin/CMakeFiles/CMakeTmp

Run Build Command(s):C:/Program Files (x86)/Microsoft Visual Studio/2019/Community/MSBuild/Current/Bin/MSBuild.exe cmTC_878fa.vcxproj /p:Configuration=Debug /p:Platform=x64 /p:VisualStudioVersion=16.0 /v:m && Microsoft (R) Build Engine version 16.7.0+b89cb5fde for .NET Framework
Copyright (C) Microsoft Corporation. All rights reserved.

  Microsoft (R) C/C++ Optimizing Compiler Version 19.00.24245 for x64
  Copyright (C) Microsoft Corporation.  All rights reserved.
  
  cl /c /Zi /W0 /WX- /MP /Od /Ob0 /D NO_STATIC_CAST /D WIN32_LEAN_AND_MEAN=1 /D NOGDI=1 /D HAVE_SYS_TYPES_H /D "CMAKE_INTDIR=\"Debug\"" /D _MBCS /Gm- /RTC1 /MDd /GS /fp:precise /Zc:wchar_t /Zc:forScope /Zc:inline /Fo"cmTC_878fa.dir\Debug\\" /Fd"cmTC_878fa.dir\Debug\vc140.pdb" /Gd /TP /errorReport:queue  /bigobj "C:\Project\PlusB-bin\itk\Modules\ThirdParty\HDF5\src\itkhdf5\config\cmake_ext_mod\HDFCXXTests.cpp"
  HDFCXXTests.cpp
  
  cmTC_878fa.vcxproj -> C:\Project\PlusB-bin\itk-bin\CMakeFiles\CMakeTmp\Debug\cmTC_878fa.exe
  cmTC_878fa.vcxproj -> C:/Project/PlusB-bin/itk-bin/CMakeFiles/CMakeTmp/Debug/cmTC_878fa.pdb (Full PDB)


Performing Other Test HAVE___INLINE__ failed with the following output:
Change Dir: C:/Project/PlusB-bin/itk-bin/CMakeFiles/CMakeTmp

Run Build Command(s):C:/Program Files (x86)/Microsoft Visual Studio/2019/Community/MSBuild/Current/Bin/MSBuild.exe cmTC_824a0.vcxproj /p:Configuration=Debug /p:Platform=x64 /p:VisualStudioVersion=16.0 /v:m && Microsoft (R) Build Engine version 16.7.0+b89cb5fde for .NET Framework
Copyright (C) Microsoft Corporation. All rights reserved.

  Microsoft (R) C/C++ Optimizing Compiler Version 19.00.24245 for x64
  Copyright (C) Microsoft Corporation.  All rights reserved.
  
  cl /c /Zi /W0 /WX- /Od /Ob0 /D WIN32 /D _WINDOWS /D HAVE___INLINE__ /D WIN32_LEAN_AND_MEAN=1 /D NOGDI=1 /D HAVE_SYS_TYPES_H /D "CMAKE_INTDIR=\"Debug\"" /D _MBCS /Gm- /RTC1 /MDd /GS /fp:precise /Zc:wchar_t /Zc:forScope /Zc:inline /Fo"cmTC_824a0.dir\Debug\\" /Fd"cmTC_824a0.dir\Debug\vc140.pdb" /Gd /TC /errorReport:queue "C:\Project\PlusB-bin\itk\Modules\ThirdParty\HDF5\src\itkhdf5\config\cmake_ext_mod\HDFTests.c"
  HDFTests.c
  
C:\Project\PlusB-bin\itk\Modules\ThirdParty\HDF5\src\itkhdf5\config\cmake_ext_mod\HDFTests.c(467): error C2054: expected '(' to follow '__inline__' [C:\Project\PlusB-bin\itk-bin\CMakeFiles\CMakeTmp\cmTC_824a0.vcxproj]
C:\Project\PlusB-bin\itk\Modules\ThirdParty\HDF5\src\itkhdf5\config\cmake_ext_mod\HDFTests.c(467): error C2085: 'static_foo': not in formal parameter list [C:\Project\PlusB-bin\itk-bin\CMakeFiles\CMakeTmp\cmTC_824a0.vcxproj]
C:\Project\PlusB-bin\itk\Modules\ThirdParty\HDF5\src\itkhdf5\config\cmake_ext_mod\HDFTests.c(467): error C2143: syntax error: missing ';' before '{' [C:\Project\PlusB-bin\itk-bin\CMakeFiles\CMakeTmp\cmTC_824a0.vcxproj]
C:\Project\PlusB-bin\itk\Modules\ThirdParty\HDF5\src\itkhdf5\config\cmake_ext_mod\HDFTests.c(468): error C2054: expected '(' to follow '__inline__' [C:\Project\PlusB-bin\itk-bin\CMakeFiles\CMakeTmp\cmTC_824a0.vcxproj]
C:\Project\PlusB-bin\itk\Modules\ThirdParty\HDF5\src\itkhdf5\config\cmake_ext_mod\HDFTests.c(468): error C2085: 'foo': not in formal parameter list [C:\Project\PlusB-bin\itk-bin\CMakeFiles\CMakeTmp\cmTC_824a0.vcxproj]
C:\Project\PlusB-bin\itk\Modules\ThirdParty\HDF5\src\itkhdf5\config\cmake_ext_mod\HDFTests.c(468): error C2143: syntax error: missing ';' before '{' [C:\Project\PlusB-bin\itk-bin\CMakeFiles\CMakeTmp\cmTC_824a0.vcxproj]


Test H5_LDOUBLE_TO_LONG_SPECIAL Run failed with the following output and exit code:
 Change Dir: C:/Project/PlusB-bin/itk-bin/CMakeFiles/CMakeTmp

Run Build Command(s):C:/Program Files (x86)/Microsoft Visual Studio/2019/Community/MSBuild/Current/Bin/MSBuild.exe cmTC_8b961.vcxproj /p:Configuration=Debug /p:Platform=x64 /p:VisualStudioVersion=16.0 /v:m && Microsoft (R) Build Engine version 16.7.0+b89cb5fde for .NET Framework
Copyright (C) Microsoft Corporation. All rights reserved.

  Microsoft (R) C/C++ Optimizing Compiler Version 19.00.24245 for x64
  Copyright (C) Microsoft Corporation.  All rights reserved.
  
  cl /c /Zi /W0 /WX- /Od /Ob0 /D WIN32 /D _WINDOWS /D H5_LDOUBLE_TO_LONG_SPECIAL_TEST /D "CMAKE_INTDIR=\"Debug\"" /D _MBCS /Gm- /RTC1 /MDd /GS /fp:precise /Zc:wchar_t /Zc:forScope /Zc:inline /Fo"cmTC_8b961.dir\Debug\\" /Fd"cmTC_8b961.dir\Debug\vc140.pdb" /Gd /TC /errorReport:queue "C:\Project\PlusB-bin\itk\Modules\ThirdParty\HDF5\src\itkhdf5\config\cmake\ConversionTests.c"
  ConversionTests.c
  
  cmTC_8b961.vcxproj -> C:\Project\PlusB-bin\itk-bin\CMakeFiles\CMakeTmp\Debug\cmTC_8b961.exe
  cmTC_8b961.vcxproj -> C:/Project/PlusB-bin/itk-bin/CMakeFiles/CMakeTmp/Debug/cmTC_8b961.pdb (Full PDB)


Test H5_LONG_TO_LDOUBLE_SPECIAL Run failed with the following output and exit code:
 Change Dir: C:/Project/PlusB-bin/itk-bin/CMakeFiles/CMakeTmp

Run Build Command(s):C:/Program Files (x86)/Microsoft Visual Studio/2019/Community/MSBuild/Current/Bin/MSBuild.exe cmTC_521b1.vcxproj /p:Configuration=Debug /p:Platform=x64 /p:VisualStudioVersion=16.0 /v:m && Microsoft (R) Build Engine version 16.7.0+b89cb5fde for .NET Framework
Copyright (C) Microsoft Corporation. All rights reserved.

  Microsoft (R) C/C++ Optimizing Compiler Version 19.00.24245 for x64
  Copyright (C) Microsoft Corporation.  All rights reserved.
  
  cl /c /Zi /W0 /WX- /Od /Ob0 /D WIN32 /D _WINDOWS /D H5_LONG_TO_LDOUBLE_SPECIAL_TEST /D "CMAKE_INTDIR=\"Debug\"" /D _MBCS /Gm- /RTC1 /MDd /GS /fp:precise /Zc:wchar_t /Zc:forScope /Zc:inline /Fo"cmTC_521b1.dir\Debug\\" /Fd"cmTC_521b1.dir\Debug\vc140.pdb" /Gd /TC /errorReport:queue "C:\Project\PlusB-bin\itk\Modules\ThirdParty\HDF5\src\itkhdf5\config\cmake\ConversionTests.c"
  ConversionTests.c
  
  cmTC_521b1.vcxproj -> C:\Project\PlusB-bin\itk-bin\CMakeFiles\CMakeTmp\Debug\cmTC_521b1.exe
  cmTC_521b1.vcxproj -> C:/Project/PlusB-bin/itk-bin/CMakeFiles/CMakeTmp/Debug/cmTC_521b1.pdb (Full PDB)


Determining if files dlfcn.h exist failed with the following output:
Change Dir: C:/Project/PlusB-bin/itk-bin/CMakeFiles/CMakeTmp

Run Build Command(s):C:/Program Files (x86)/Microsoft Visual Studio/2019/Community/MSBuild/Current/Bin/MSBuild.exe cmTC_ca184.vcxproj /p:Configuration=Debug /p:Platform=x64 /p:VisualStudioVersion=16.0 /v:m && Microsoft (R) Build Engine version 16.7.0+b89cb5fde for .NET Framework
Copyright (C) Microsoft Corporation. All rights reserved.

  Microsoft (R) C/C++ Optimizing Compiler Version 19.00.24245 for x64
  Copyright (C) Microsoft Corporation.  All rights reserved.
  
  cl /c /Zi /W0 /WX- /Od /Ob0 /D WIN32 /D _WINDOWS /D "CMAKE_INTDIR=\"Debug\"" /D _MBCS /Gm- /RTC1 /MDd /GS /fp:precise /Zc:wchar_t /Zc:forScope /Zc:inline /Fo"cmTC_ca184.dir\Debug\\" /Fd"cmTC_ca184.dir\Debug\vc140.pdb" /Gd /TC /errorReport:queue "C:\Project\PlusB-bin\itk-bin\CMakeFiles\CheckIncludeFiles\HAVE_DLFCN_H.c"
  HAVE_DLFCN_H.c
  
C:\Project\PlusB-bin\itk-bin\CMakeFiles\CheckIncludeFiles\HAVE_DLFCN_H.c(2): fatal error C1083: Cannot open include file: 'dlfcn.h': No such file or directory [C:\Project\PlusB-bin\itk-bin\CMakeFiles\CMakeTmp\cmTC_ca184.vcxproj]


Source:
/* */
#include <dlfcn.h>


int main(void){return 0;}

Determining if files strings.h exist failed with the following output:
Change Dir: C:/Project/PlusB-bin/itk-bin/CMakeFiles/CMakeTmp

Run Build Command(s):C:/Program Files (x86)/Microsoft Visual Studio/2019/Community/MSBuild/Current/Bin/MSBuild.exe cmTC_39922.vcxproj /p:Configuration=Debug /p:Platform=x64 /p:VisualStudioVersion=16.0 /v:m && Microsoft (R) Build Engine version 16.7.0+b89cb5fde for .NET Framework
Copyright (C) Microsoft Corporation. All rights reserved.

  Microsoft (R) C/C++ Optimizing Compiler Version 19.00.24245 for x64
  Copyright (C) Microsoft Corporation.  All rights reserved.
  
  cl /c /Zi /W0 /WX- /Od /Ob0 /D WIN32 /D _WINDOWS /D "CMAKE_INTDIR=\"Debug\"" /D _MBCS /Gm- /RTC1 /MDd /GS /fp:precise /Zc:wchar_t /Zc:forScope /Zc:inline /Fo"cmTC_39922.dir\Debug\\" /Fd"cmTC_39922.dir\Debug\vc140.pdb" /Gd /TC /errorReport:queue "C:\Project\PlusB-bin\itk-bin\CMakeFiles\CheckIncludeFiles\HAVE_STRINGS_H.c"
  HAVE_STRINGS_H.c
  
C:\Project\PlusB-bin\itk-bin\CMakeFiles\CheckIncludeFiles\HAVE_STRINGS_H.c(2): fatal error C1083: Cannot open include file: 'strings.h': No such file or directory [C:\Project\PlusB-bin\itk-bin\CMakeFiles\CMakeTmp\cmTC_39922.vcxproj]


Source:
/* */
#include <strings.h>


int main(void){return 0;}

Determining if files sys/time.h exist failed with the following output:
Change Dir: C:/Project/PlusB-bin/itk-bin/CMakeFiles/CMakeTmp

Run Build Command(s):C:/Program Files (x86)/Microsoft Visual Studio/2019/Community/MSBuild/Current/Bin/MSBuild.exe cmTC_c5675.vcxproj /p:Configuration=Debug /p:Platform=x64 /p:VisualStudioVersion=16.0 /v:m && Microsoft (R) Build Engine version 16.7.0+b89cb5fde for .NET Framework
Copyright (C) Microsoft Corporation. All rights reserved.

  Microsoft (R) C/C++ Optimizing Compiler Version 19.00.24245 for x64
  Copyright (C) Microsoft Corporation.  All rights reserved.
  
  cl /c /Zi /W0 /WX- /Od /Ob0 /D WIN32 /D _WINDOWS /D "CMAKE_INTDIR=\"Debug\"" /D _MBCS /Gm- /RTC1 /MDd /GS /fp:precise /Zc:wchar_t /Zc:forScope /Zc:inline /Fo"cmTC_c5675.dir\Debug\\" /Fd"cmTC_c5675.dir\Debug\vc140.pdb" /Gd /TC /errorReport:queue "C:\Project\PlusB-bin\itk-bin\CMakeFiles\CheckIncludeFiles\HAVE_SYS_TIME_H.c"
  HAVE_SYS_TIME_H.c
  
C:\Project\PlusB-bin\itk-bin\CMakeFiles\CheckIncludeFiles\HAVE_SYS_TIME_H.c(2): fatal error C1083: Cannot open include file: 'sys/time.h': No such file or directory [C:\Project\PlusB-bin\itk-bin\CMakeFiles\CMakeTmp\cmTC_c5675.vcxproj]


Source:
/* */
#include <sys/time.h>


int main(void){return 0;}

Determining if files ieeefp.h exist failed with the following output:
Change Dir: C:/Project/PlusB-bin/itk-bin/CMakeFiles/CMakeTmp

Run Build Command(s):C:/Program Files (x86)/Microsoft Visual Studio/2019/Community/MSBuild/Current/Bin/MSBuild.exe cmTC_8eb27.vcxproj /p:Configuration=Debug /p:Platform=x64 /p:VisualStudioVersion=16.0 /v:m && Microsoft (R) Build Engine version 16.7.0+b89cb5fde for .NET Framework
Copyright (C) Microsoft Corporation. All rights reserved.

  Microsoft (R) C/C++ Optimizing Compiler Version 19.00.24245 for x64
  Copyright (C) Microsoft Corporation.  All rights reserved.
  
  cl /c /Zi /W0 /WX- /Od /Ob0 /D WIN32 /D _WINDOWS /D "CMAKE_INTDIR=\"Debug\"" /D _MBCS /Gm- /RTC1 /MDd /GS /fp:precise /Zc:wchar_t /Zc:forScope /Zc:inline /Fo"cmTC_8eb27.dir\Debug\\" /Fd"cmTC_8eb27.dir\Debug\vc140.pdb" /Gd /TC /errorReport:queue "C:\Project\PlusB-bin\itk-bin\CMakeFiles\CheckIncludeFiles\HAVE_IEEEFP_H.c"
  HAVE_IEEEFP_H.c
  
C:\Project\PlusB-bin\itk-bin\CMakeFiles\CheckIncludeFiles\HAVE_IEEEFP_H.c(2): fatal error C1083: Cannot open include file: 'ieeefp.h': No such file or directory [C:\Project\PlusB-bin\itk-bin\CMakeFiles\CMakeTmp\cmTC_8eb27.vcxproj]


Source:
/* */
#include <ieeefp.h>


int main(void){return 0;}

Determining if the function getopt exists failed with the following output:
Change Dir: C:/Project/PlusB-bin/itk-bin/CMakeFiles/CMakeTmp

Run Build Command(s):C:/Program Files (x86)/Microsoft Visual Studio/2019/Community/MSBuild/Current/Bin/MSBuild.exe cmTC_c72df.vcxproj /p:Configuration=Debug /p:Platform=x64 /p:VisualStudioVersion=16.0 /v:m && Microsoft (R) Build Engine version 16.7.0+b89cb5fde for .NET Framework
Copyright (C) Microsoft Corporation. All rights reserved.

  Microsoft (R) C/C++ Optimizing Compiler Version 19.00.24245 for x64
  Copyright (C) Microsoft Corporation.  All rights reserved.
  
  cl /c /Zi /W0 /WX- /Od /Ob0 /D WIN32 /D _WINDOWS /D CHECK_FUNCTION_EXISTS=getopt /D "CMAKE_INTDIR=\"Debug\"" /D _MBCS /Gm- /RTC1 /MDd /GS /fp:precise /Zc:wchar_t /Zc:forScope /Zc:inline /Fo"cmTC_c72df.dir\Debug\\" /Fd"cmTC_c72df.dir\Debug\vc140.pdb" /Gd /TC /errorReport:queue "C:\Program Files\CMake\share\cmake-3.19\Modules\CheckFunctionExists.c"
  CheckFunctionExists.c
  
CheckFunctionExists.obj : error LNK2019: unresolved external symbol getopt referenced in function main [C:\Project\PlusB-bin\itk-bin\CMakeFiles\CMakeTmp\cmTC_c72df.vcxproj]
C:\Project\PlusB-bin\itk-bin\CMakeFiles\CMakeTmp\Debug\cmTC_c72df.exe : fatal error LNK1120: 1 unresolved externals [C:\Project\PlusB-bin\itk-bin\CMakeFiles\CMakeTmp\cmTC_c72df.vcxproj]



Determining if the function isascii exists failed with the following output:
Change Dir: C:/Project/PlusB-bin/itk-bin/CMakeFiles/CMakeTmp

Run Build Command(s):C:/Program Files (x86)/Microsoft Visual Studio/2019/Community/MSBuild/Current/Bin/MSBuild.exe cmTC_0bf9b.vcxproj /p:Configuration=Debug /p:Platform=x64 /p:VisualStudioVersion=16.0 /v:m && Microsoft (R) Build Engine version 16.7.0+b89cb5fde for .NET Framework
Copyright (C) Microsoft Corporation. All rights reserved.

  Microsoft (R) C/C++ Optimizing Compiler Version 19.00.24245 for x64
  Copyright (C) Microsoft Corporation.  All rights reserved.
  
  cl /c /Zi /W0 /WX- /Od /Ob0 /D WIN32 /D _WINDOWS /D CHECK_FUNCTION_EXISTS=isascii /D "CMAKE_INTDIR=\"Debug\"" /D _MBCS /Gm- /RTC1 /MDd /GS /fp:precise /Zc:wchar_t /Zc:forScope /Zc:inline /Fo"cmTC_0bf9b.dir\Debug\\" /Fd"cmTC_0bf9b.dir\Debug\vc140.pdb" /Gd /TC /errorReport:queue "C:\Program Files\CMake\share\cmake-3.19\Modules\CheckFunctionExists.c"
  CheckFunctionExists.c
  
CheckFunctionExists.obj : error LNK2019: unresolved external symbol isascii referenced in function main [C:\Project\PlusB-bin\itk-bin\CMakeFiles\CMakeTmp\cmTC_0bf9b.vcxproj]
C:\Project\PlusB-bin\itk-bin\CMakeFiles\CMakeTmp\Debug\cmTC_0bf9b.exe : fatal error LNK1120: 1 unresolved externals [C:\Project\PlusB-bin\itk-bin\CMakeFiles\CMakeTmp\cmTC_0bf9b.vcxproj]



Determining if the function mmap exists failed with the following output:
Change Dir: C:/Project/PlusB-bin/itk-bin/CMakeFiles/CMakeTmp

Run Build Command(s):C:/Program Files (x86)/Microsoft Visual Studio/2019/Community/MSBuild/Current/Bin/MSBuild.exe cmTC_5ad2b.vcxproj /p:Configuration=Debug /p:Platform=x64 /p:VisualStudioVersion=16.0 /v:m && Microsoft (R) Build Engine version 16.7.0+b89cb5fde for .NET Framework
Copyright (C) Microsoft Corporation. All rights reserved.

  Microsoft (R) C/C++ Optimizing Compiler Version 19.00.24245 for x64
  Copyright (C) Microsoft Corporation.  All rights reserved.
  
  cl /c /Zi /W0 /WX- /Od /Ob0 /D WIN32 /D _WINDOWS /D CHECK_FUNCTION_EXISTS=mmap /D "CMAKE_INTDIR=\"Debug\"" /D _MBCS /Gm- /RTC1 /MDd /GS /fp:precise /Zc:wchar_t /Zc:forScope /Zc:inline /Fo"cmTC_5ad2b.dir\Debug\\" /Fd"cmTC_5ad2b.dir\Debug\vc140.pdb" /Gd /TC /errorReport:queue "C:\Program Files\CMake\share\cmake-3.19\Modules\CheckFunctionExists.c"
  CheckFunctionExists.c
  
CheckFunctionExists.obj : error LNK2019: unresolved external symbol mmap referenced in function main [C:\Project\PlusB-bin\itk-bin\CMakeFiles\CMakeTmp\cmTC_5ad2b.vcxproj]
C:\Project\PlusB-bin\itk-bin\CMakeFiles\CMakeTmp\Debug\cmTC_5ad2b.exe : fatal error LNK1120: 1 unresolved externals [C:\Project\PlusB-bin\itk-bin\CMakeFiles\CMakeTmp\cmTC_5ad2b.vcxproj]



Determining if the function strcasecmp exists failed with the following output:
Change Dir: C:/Project/PlusB-bin/itk-bin/CMakeFiles/CMakeTmp

Run Build Command(s):C:/Program Files (x86)/Microsoft Visual Studio/2019/Community/MSBuild/Current/Bin/MSBuild.exe cmTC_6f238.vcxproj /p:Configuration=Debug /p:Platform=x64 /p:VisualStudioVersion=16.0 /v:m && Microsoft (R) Build Engine version 16.7.0+b89cb5fde for .NET Framework
Copyright (C) Microsoft Corporation. All rights reserved.

  Microsoft (R) C/C++ Optimizing Compiler Version 19.00.24245 for x64
  Copyright (C) Microsoft Corporation.  All rights reserved.
  
  cl /c /Zi /W0 /WX- /Od /Ob0 /D WIN32 /D _WINDOWS /D CHECK_FUNCTION_EXISTS=strcasecmp /D "CMAKE_INTDIR=\"Debug\"" /D _MBCS /Gm- /RTC1 /MDd /GS /fp:precise /Zc:wchar_t /Zc:forScope /Zc:inline /Fo"cmTC_6f238.dir\Debug\\" /Fd"cmTC_6f238.dir\Debug\vc140.pdb" /Gd /TC /errorReport:queue "C:\Program Files\CMake\share\cmake-3.19\Modules\CheckFunctionExists.c"
  CheckFunctionExists.c
  
CheckFunctionExists.obj : error LNK2019: unresolved external symbol strcasecmp referenced in function main [C:\Project\PlusB-bin\itk-bin\CMakeFiles\CMakeTmp\cmTC_6f238.vcxproj]
C:\Project\PlusB-bin\itk-bin\CMakeFiles\CMakeTmp\Debug\cmTC_6f238.exe : fatal error LNK1120: 1 unresolved externals [C:\Project\PlusB-bin\itk-bin\CMakeFiles\CMakeTmp\cmTC_6f238.vcxproj]



Value of the 22nd bit of a 32-bit quiet-NaN is 1TestQnanhibit.c produced following output:
Change Dir: C:/Project/PlusB-bin/itk-bin/CMakeFiles/CMakeTmp

Run Build Command(s):C:/Program Files (x86)/Microsoft Visual Studio/2019/Community/MSBuild/Current/Bin/MSBuild.exe cmTC_5981a.vcxproj /p:Configuration=Debug /p:Platform=x64 /p:VisualStudioVersion=16.0 /v:m && Microsoft (R) Build Engine version 16.7.0+b89cb5fde for .NET Framework
Copyright (C) Microsoft Corporation. All rights reserved.

  Microsoft (R) C/C++ Optimizing Compiler Version 19.00.24245 for x64
  Copyright (C) Microsoft Corporation.  All rights reserved.
  
  cl /c /Zi /W0 /WX- /Od /Ob0 /D WIN32 /D _WINDOWS /D "CMAKE_INTDIR=\"Debug\"" /D _MBCS /Gm- /RTC1 /MDd /GS /fp:precise /Zc:wchar_t /Zc:forScope /Zc:inline /Fo"cmTC_5981a.dir\Debug\\" /Fd"cmTC_5981a.dir\Debug\vc140.pdb" /Gd /TC /errorReport:queue "C:\Project\PlusB-bin\itk\Modules\ThirdParty\NrrdIO\src\NrrdIO\CMake\TestQnanhibit.c"
  TestQnanhibit.c
  
  cmTC_5981a.vcxproj -> C:\Project\PlusB-bin\itk-bin\CMakeFiles\CMakeTmp\Debug\cmTC_5981a.exe
  cmTC_5981a.vcxproj -> C:/Project/PlusB-bin/itk-bin/CMakeFiles/CMakeTmp/Debug/cmTC_5981a.pdb (Full PDB)

-DTEEM_QNANHIBIT=1


